[ 2017-12-30T04:37:20+08:00 ] 127.0.0.1 /
INFO: [ app_init ] --START--
INFO: Run Behavior\BuildLiteBehavior [ RunTime:0.000040s ]
INFO: Run Common\Behavior\InitHookBehavior [ RunTime:0.003916s ]
INFO: [ app_init ] --END-- [ RunTime:0.004988s ]
INFO: [ app_begin ] --START--
INFO: Run Behavior\ReadHtmlCacheBehavior [ RunTime:0.001064s ]
INFO: [ app_begin ] --END-- [ RunTime:0.001160s ]
SQL: SHOW COLUMNS FROM `hr_config` [ RunTime:0.0048s ]
SQL: SELECT `type`,`name`,`value` FROM `hr_config` WHERE `status` = 1  [ RunTime:0.0006s ]
SQL: SHOW COLUMNS FROM `hr_category` [ RunTime:0.0061s ]
SQL: SELECT `id`,`name`,`title`,`pid`,`sort`,`list_row`,`meta_title`,`keywords`,`description`,`template_index`,`template_lists`,`template_detail`,`template_edit`,`model`,`model_sub`,`type`,`link_id`,`allow_publish`,`display`,`reply`,`check`,`reply_model`,`extend`,`create_time`,`update_time`,`status`,`icon`,`groups` FROM `hr_category` WHERE `status` = 1 ORDER BY sort  [ RunTime:0.0008s ]
SQL: SHOW COLUMNS FROM `hr_document` [ RunTime:0.0051s ]
SQL: SELECT `id`,`uid`,`name`,`title`,`category_id`,`group_id`,`description`,`root`,`pid`,`model_id`,`type`,`position`,`link_id`,`cover_id`,`display`,`deadline`,`attach`,`view`,`comment`,`extend`,`level`,`create_time`,`update_time`,`status` FROM `hr_document` WHERE `status` = 1 AND `pid` = 0 AND `create_time` < 1514579840 AND ( deadline = 0 OR deadline > 1514579840 ) ORDER BY `id` DESC  [ RunTime:0.0050s ]
INFO: [ view_parse ] --START--
INFO: [ template_filter ] --START--
INFO: Run Behavior\ContentReplaceBehavior [ RunTime:0.000377s ]
INFO: [ template_filter ] --END-- [ RunTime:0.000536s ]
INFO: [ Silder ] --START--
SQL: SHOW COLUMNS FROM `hr_addons` [ RunTime:0.0049s ]
SQL: SELECT `config` FROM `hr_addons` WHERE `name` = 'Silder' AND `status` = 1 LIMIT 1   [ RunTime:0.0007s ]
SQL: SHOW COLUMNS FROM `hr_silder` [ RunTime:0.0049s ]
SQL: SELECT * FROM `hr_silder` WHERE `status` = 1 ORDER BY priorityr asc  [ RunTime:0.0006s ]
SQL: SHOW COLUMNS FROM `hr_picture` [ RunTime:0.0043s ]
SQL: SELECT `path` FROM `hr_picture` WHERE `id` = 18 LIMIT 1   [ RunTime:0.0007s ]
INFO: [ view_parse ] --START--
INFO: [ template_filter ] --START--
INFO: Run Behavior\ContentReplaceBehavior [ RunTime:0.000064s ]
INFO: [ template_filter ] --END-- [ RunTime:-0.032959s ]
INFO: Run Behavior\ParseTemplateBehavior [ RunTime:0.006513s ]
INFO: [ view_parse ] --END-- [ RunTime:0.006677s ]
INFO: [ view_filter ] --START--
INFO: Run Behavior\WriteHtmlCacheBehavior [ RunTime:0.000946s ]
INFO: [ view_filter ] --END-- [ RunTime:0.001050s ]
INFO: Run Addons\Silder\SilderAddon [ RunTime:0.032667s ]
INFO: [ Silder ] --END-- [ RunTime:0.032793s ]
SQL: SELECT `id`,`name`,`title`,`pid`,`sort`,`list_row`,`meta_title`,`keywords`,`description`,`template_index`,`template_lists`,`template_detail`,`template_edit`,`model`,`model_sub`,`type`,`link_id`,`allow_publish`,`display`,`reply`,`check`,`reply_model`,`extend`,`create_time`,`update_time`,`status`,`icon`,`groups` FROM `hr_category` WHERE `id` = 39 LIMIT 1   [ RunTime:0.0008s ]
SQL: SELECT `id`,`name`,`pid`,`title`,`link_id` FROM `hr_category` WHERE `status` = 1 ORDER BY sort  [ RunTime:0.0006s ]
SQL: SELECT `id`,`uid`,`name`,`title`,`category_id`,`group_id`,`description`,`root`,`pid`,`model_id`,`type`,`position`,`link_id`,`cover_id`,`display`,`deadline`,`attach`,`view`,`comment`,`extend`,`level`,`create_time`,`update_time`,`status` FROM `hr_document` WHERE `status` = 1 AND `pid` = 0 AND `category_id` = 39 AND `create_time` < 1514579840 AND ( deadline = 0 OR deadline > 1514579840 ) ORDER BY `level` DESC,`id` DESC LIMIT 0,6   [ RunTime:0.0009s ]
SQL: SHOW COLUMNS FROM `hr_picture` [ RunTime:0.0032s ]
SQL: SELECT * FROM `hr_picture` WHERE `status` = 1 AND `id` = 111 LIMIT 1   [ RunTime:0.0006s ]
SQL: SELECT * FROM `hr_picture` WHERE `status` = 1 AND `id` = 110 LIMIT 1   [ RunTime:0.0004s ]
NOTIC: [8] Constant UPLOAD_URL already defined D:\wwwroot\heavyrain\wwwroot\Application\Common\Common\function.php 第 1029 行.
NOTIC: [8] Constant UPLOAD_PATH already defined D:\wwwroot\heavyrain\wwwroot\Application\Common\Common\function.php 第 1030 行.
SQL: SELECT * FROM `hr_picture` WHERE `status` = 1 AND `id` = 109 LIMIT 1   [ RunTime:0.0004s ]
NOTIC: [8] Constant UPLOAD_URL already defined D:\wwwroot\heavyrain\wwwroot\Application\Common\Common\function.php 第 1029 行.
NOTIC: [8] Constant UPLOAD_PATH already defined D:\wwwroot\heavyrain\wwwroot\Application\Common\Common\function.php 第 1030 行.
SQL: SELECT * FROM `hr_picture` WHERE `status` = 1 AND `id` = 108 LIMIT 1   [ RunTime:0.0006s ]
NOTIC: [8] Constant UPLOAD_URL already defined D:\wwwroot\heavyrain\wwwroot\Application\Common\Common\function.php 第 1029 行.
NOTIC: [8] Constant UPLOAD_PATH already defined D:\wwwroot\heavyrain\wwwroot\Application\Common\Common\function.php 第 1030 行.
SQL: SELECT * FROM `hr_picture` WHERE `status` = 1 AND `id` = 107 LIMIT 1   [ RunTime:0.0005s ]
NOTIC: [8] Constant UPLOAD_URL already defined D:\wwwroot\heavyrain\wwwroot\Application\Common\Common\function.php 第 1029 行.
NOTIC: [8] Constant UPLOAD_PATH already defined D:\wwwroot\heavyrain\wwwroot\Application\Common\Common\function.php 第 1030 行.
SQL: SELECT * FROM `hr_picture` WHERE `status` = 1 AND `id` = 106 LIMIT 1   [ RunTime:0.0006s ]
NOTIC: [8] Constant UPLOAD_URL already defined D:\wwwroot\heavyrain\wwwroot\Application\Common\Common\function.php 第 1029 行.
NOTIC: [8] Constant UPLOAD_PATH already defined D:\wwwroot\heavyrain\wwwroot\Application\Common\Common\function.php 第 1030 行.
SQL: SELECT `id`,`name`,`title`,`pid`,`sort`,`list_row`,`meta_title`,`keywords`,`description`,`template_index`,`template_lists`,`template_detail`,`template_edit`,`model`,`model_sub`,`type`,`link_id`,`allow_publish`,`display`,`reply`,`check`,`reply_model`,`extend`,`create_time`,`update_time`,`status`,`icon`,`groups` FROM `hr_category` WHERE `id` = 41 LIMIT 1   [ RunTime:0.0005s ]
SQL: SELECT `id`,`name`,`pid`,`title`,`link_id` FROM `hr_category` WHERE `status` = 1 ORDER BY sort  [ RunTime:0.0005s ]
SQL: SELECT `id`,`uid`,`name`,`title`,`category_id`,`group_id`,`description`,`root`,`pid`,`model_id`,`type`,`position`,`link_id`,`cover_id`,`display`,`deadline`,`attach`,`view`,`comment`,`extend`,`level`,`create_time`,`update_time`,`status` FROM `hr_document` WHERE `status` = 1 AND `pid` = 0 AND `category_id` = 41 AND `create_time` < 1514579840 AND ( deadline = 0 OR deadline > 1514579840 ) ORDER BY `level` DESC,`id` DESC LIMIT 0,5   [ RunTime:0.0005s ]
SQL: SELECT * FROM `hr_picture` WHERE `status` = 1 AND `id` = 48 LIMIT 1   [ RunTime:0.0003s ]
SQL: SELECT * FROM `hr_picture` WHERE `status` = 1 AND `id` = 49 LIMIT 1   [ RunTime:0.0004s ]
SQL: SELECT * FROM `hr_picture` WHERE `status` = 1 AND `id` = 50 LIMIT 1   [ RunTime:0.0007s ]
SQL: SELECT * FROM `hr_picture` WHERE `status` = 1 AND `id` = 51 LIMIT 1   [ RunTime:0.0005s ]
SQL: SELECT * FROM `hr_picture` WHERE `status` = 1 AND `id` = 52 LIMIT 1   [ RunTime:0.0004s ]
SQL: SELECT `id`,`name`,`title`,`pid`,`sort`,`list_row`,`meta_title`,`keywords`,`description`,`template_index`,`template_lists`,`template_detail`,`template_edit`,`model`,`model_sub`,`type`,`link_id`,`allow_publish`,`display`,`reply`,`check`,`reply_model`,`extend`,`create_time`,`update_time`,`status`,`icon`,`groups` FROM `hr_category` WHERE `id` = 43 LIMIT 1   [ RunTime:0.0005s ]
SQL: SELECT `id`,`name`,`pid`,`title`,`link_id` FROM `hr_category` WHERE `status` = 1 ORDER BY sort  [ RunTime:0.0006s ]
SQL: SELECT `id`,`uid`,`name`,`title`,`category_id`,`group_id`,`description`,`root`,`pid`,`model_id`,`type`,`position`,`link_id`,`cover_id`,`display`,`deadline`,`attach`,`view`,`comment`,`extend`,`level`,`create_time`,`update_time`,`status` FROM `hr_document` WHERE `status` = 1 AND `pid` = 0 AND `category_id` = 43 AND `create_time` < 1514579840 AND ( deadline = 0 OR deadline > 1514579840 ) ORDER BY `level` DESC,`id` DESC LIMIT 0,8   [ RunTime:0.0006s ]
INFO: Run Behavior\ParseTemplateBehavior [ RunTime:0.037921s ]
INFO: [ view_parse ] --END-- [ RunTime:0.006677s ]
INFO: [ view_filter ] --START--
INFO: Run Behavior\WriteHtmlCacheBehavior [ RunTime:0.000044s ]
INFO: [ view_filter ] --END-- [ RunTime:-0.030286s ]
INFO: [ app_end ] --START--
INFO: Run Behavior\ShowPageTraceBehavior [ RunTime:0.002014s ]
INFO: [ app_end ] --END-- [ RunTime:0.002145s ]

[ 2017-12-30T10:13:07+08:00 ] 127.0.0.1 /
INFO: [ app_init ] --START--
INFO: Run Behavior\BuildLiteBehavior [ RunTime:0.000051s ]
INFO: Run Common\Behavior\InitHookBehavior [ RunTime:0.005719s ]
INFO: [ app_init ] --END-- [ RunTime:0.007107s ]
INFO: [ app_begin ] --START--
INFO: Run Behavior\ReadHtmlCacheBehavior [ RunTime:0.001131s ]
INFO: [ app_begin ] --END-- [ RunTime:0.001241s ]
SQL: SHOW COLUMNS FROM `hr_config` [ RunTime:0.0160s ]
SQL: SELECT `type`,`name`,`value` FROM `hr_config` WHERE `status` = 1  [ RunTime:0.0044s ]
SQL: SHOW COLUMNS FROM `hr_category` [ RunTime:0.0057s ]
SQL: SELECT `id`,`name`,`title`,`pid`,`sort`,`list_row`,`meta_title`,`keywords`,`description`,`template_index`,`template_lists`,`template_detail`,`template_edit`,`model`,`model_sub`,`type`,`link_id`,`allow_publish`,`display`,`reply`,`check`,`reply_model`,`extend`,`create_time`,`update_time`,`status`,`icon`,`groups` FROM `hr_category` WHERE `status` = 1 ORDER BY sort  [ RunTime:0.0012s ]
SQL: SHOW COLUMNS FROM `hr_document` [ RunTime:0.0041s ]
SQL: SELECT `id`,`uid`,`name`,`title`,`category_id`,`group_id`,`description`,`root`,`pid`,`model_id`,`type`,`position`,`link_id`,`cover_id`,`display`,`deadline`,`attach`,`view`,`comment`,`extend`,`level`,`create_time`,`update_time`,`status` FROM `hr_document` WHERE `status` = 1 AND `pid` = 0 AND `create_time` < 1514599986 AND ( deadline = 0 OR deadline > 1514599986 ) ORDER BY `id` DESC  [ RunTime:0.0022s ]
INFO: [ view_parse ] --START--
INFO: [ template_filter ] --START--
INFO: Run Behavior\ContentReplaceBehavior [ RunTime:0.000249s ]
INFO: [ template_filter ] --END-- [ RunTime:0.000377s ]
INFO: [ Silder ] --START--
SQL: SHOW COLUMNS FROM `hr_addons` [ RunTime:0.0039s ]
SQL: SELECT `config` FROM `hr_addons` WHERE `name` = 'Silder' AND `status` = 1 LIMIT 1   [ RunTime:0.0011s ]
SQL: SHOW COLUMNS FROM `hr_silder` [ RunTime:0.0044s ]
SQL: SELECT * FROM `hr_silder` WHERE `status` = 1 ORDER BY priorityr asc  [ RunTime:0.0008s ]
SQL: SHOW COLUMNS FROM `hr_picture` [ RunTime:0.0103s ]
SQL: SELECT `path` FROM `hr_picture` WHERE `id` = 18 LIMIT 1   [ RunTime:0.0009s ]
INFO: [ view_parse ] --START--
INFO: [ template_filter ] --START--
INFO: Run Behavior\ContentReplaceBehavior [ RunTime:0.000119s ]
INFO: [ template_filter ] --END-- [ RunTime:-0.039077s ]
INFO: Run Behavior\ParseTemplateBehavior [ RunTime:0.008135s ]
INFO: [ view_parse ] --END-- [ RunTime:0.008293s ]
INFO: [ view_filter ] --START--
INFO: Run Behavior\WriteHtmlCacheBehavior [ RunTime:0.001133s ]
INFO: [ view_filter ] --END-- [ RunTime:0.001549s ]
INFO: Run Addons\Silder\SilderAddon [ RunTime:0.039759s ]
INFO: [ Silder ] --END-- [ RunTime:0.039928s ]
SQL: SELECT `id`,`name`,`title`,`pid`,`sort`,`list_row`,`meta_title`,`keywords`,`description`,`template_index`,`template_lists`,`template_detail`,`template_edit`,`model`,`model_sub`,`type`,`link_id`,`allow_publish`,`display`,`reply`,`check`,`reply_model`,`extend`,`create_time`,`update_time`,`status`,`icon`,`groups` FROM `hr_category` WHERE `id` = 39 LIMIT 1   [ RunTime:0.0020s ]
SQL: SELECT `id`,`name`,`pid`,`title`,`link_id` FROM `hr_category` WHERE `status` = 1 ORDER BY sort  [ RunTime:0.0006s ]
SQL: SELECT `id`,`uid`,`name`,`title`,`category_id`,`group_id`,`description`,`root`,`pid`,`model_id`,`type`,`position`,`link_id`,`cover_id`,`display`,`deadline`,`attach`,`view`,`comment`,`extend`,`level`,`create_time`,`update_time`,`status` FROM `hr_document` WHERE `status` = 1 AND `pid` = 0 AND `category_id` = 39 AND `create_time` < 1514599986 AND ( deadline = 0 OR deadline > 1514599986 ) ORDER BY `level` DESC,`id` DESC LIMIT 0,6   [ RunTime:0.0026s ]
SQL: SHOW COLUMNS FROM `hr_picture` [ RunTime:0.0030s ]
SQL: SELECT * FROM `hr_picture` WHERE `status` = 1 AND `id` = 111 LIMIT 1   [ RunTime:0.0010s ]
SQL: SELECT * FROM `hr_picture` WHERE `status` = 1 AND `id` = 110 LIMIT 1   [ RunTime:0.0008s ]
NOTIC: [8] Constant UPLOAD_URL already defined D:\wwwroot\heavyrain\wwwroot\Application\Common\Common\function.php 第 1029 行.
NOTIC: [8] Constant UPLOAD_PATH already defined D:\wwwroot\heavyrain\wwwroot\Application\Common\Common\function.php 第 1030 行.
SQL: SELECT * FROM `hr_picture` WHERE `status` = 1 AND `id` = 109 LIMIT 1   [ RunTime:0.0007s ]
NOTIC: [8] Constant UPLOAD_URL already defined D:\wwwroot\heavyrain\wwwroot\Application\Common\Common\function.php 第 1029 行.
NOTIC: [8] Constant UPLOAD_PATH already defined D:\wwwroot\heavyrain\wwwroot\Application\Common\Common\function.php 第 1030 行.
SQL: SELECT * FROM `hr_picture` WHERE `status` = 1 AND `id` = 108 LIMIT 1   [ RunTime:0.0005s ]
NOTIC: [8] Constant UPLOAD_URL already defined D:\wwwroot\heavyrain\wwwroot\Application\Common\Common\function.php 第 1029 行.
NOTIC: [8] Constant UPLOAD_PATH already defined D:\wwwroot\heavyrain\wwwroot\Application\Common\Common\function.php 第 1030 行.
SQL: SELECT * FROM `hr_picture` WHERE `status` = 1 AND `id` = 107 LIMIT 1   [ RunTime:0.0007s ]
NOTIC: [8] Constant UPLOAD_URL already defined D:\wwwroot\heavyrain\wwwroot\Application\Common\Common\function.php 第 1029 行.
NOTIC: [8] Constant UPLOAD_PATH already defined D:\wwwroot\heavyrain\wwwroot\Application\Common\Common\function.php 第 1030 行.
SQL: SELECT * FROM `hr_picture` WHERE `status` = 1 AND `id` = 106 LIMIT 1   [ RunTime:0.0008s ]
NOTIC: [8] Constant UPLOAD_URL already defined D:\wwwroot\heavyrain\wwwroot\Application\Common\Common\function.php 第 1029 行.
NOTIC: [8] Constant UPLOAD_PATH already defined D:\wwwroot\heavyrain\wwwroot\Application\Common\Common\function.php 第 1030 行.
SQL: SELECT `id`,`name`,`title`,`pid`,`sort`,`list_row`,`meta_title`,`keywords`,`description`,`template_index`,`template_lists`,`template_detail`,`template_edit`,`model`,`model_sub`,`type`,`link_id`,`allow_publish`,`display`,`reply`,`check`,`reply_model`,`extend`,`create_time`,`update_time`,`status`,`icon`,`groups` FROM `hr_category` WHERE `id` = 41 LIMIT 1   [ RunTime:0.0008s ]
SQL: SELECT `id`,`name`,`pid`,`title`,`link_id` FROM `hr_category` WHERE `status` = 1 ORDER BY sort  [ RunTime:0.0007s ]
SQL: SELECT `id`,`uid`,`name`,`title`,`category_id`,`group_id`,`description`,`root`,`pid`,`model_id`,`type`,`position`,`link_id`,`cover_id`,`display`,`deadline`,`attach`,`view`,`comment`,`extend`,`level`,`create_time`,`update_time`,`status` FROM `hr_document` WHERE `status` = 1 AND `pid` = 0 AND `category_id` = 41 AND `create_time` < 1514599986 AND ( deadline = 0 OR deadline > 1514599986 ) ORDER BY `level` DESC,`id` DESC LIMIT 0,5   [ RunTime:0.0009s ]
SQL: SELECT * FROM `hr_picture` WHERE `status` = 1 AND `id` = 48 LIMIT 1   [ RunTime:0.0006s ]
SQL: SELECT * FROM `hr_picture` WHERE `status` = 1 AND `id` = 49 LIMIT 1   [ RunTime:0.0004s ]
SQL: SELECT * FROM `hr_picture` WHERE `status` = 1 AND `id` = 50 LIMIT 1   [ RunTime:0.0004s ]
SQL: SELECT * FROM `hr_picture` WHERE `status` = 1 AND `id` = 51 LIMIT 1   [ RunTime:0.0005s ]
SQL: SELECT * FROM `hr_picture` WHERE `status` = 1 AND `id` = 52 LIMIT 1   [ RunTime:0.0008s ]
SQL: SELECT `id`,`name`,`title`,`pid`,`sort`,`list_row`,`meta_title`,`keywords`,`description`,`template_index`,`template_lists`,`template_detail`,`template_edit`,`model`,`model_sub`,`type`,`link_id`,`allow_publish`,`display`,`reply`,`check`,`reply_model`,`extend`,`create_time`,`update_time`,`status`,`icon`,`groups` FROM `hr_category` WHERE `id` = 43 LIMIT 1   [ RunTime:0.0006s ]
SQL: SELECT `id`,`name`,`pid`,`title`,`link_id` FROM `hr_category` WHERE `status` = 1 ORDER BY sort  [ RunTime:0.0006s ]
SQL: SELECT `id`,`uid`,`name`,`title`,`category_id`,`group_id`,`description`,`root`,`pid`,`model_id`,`type`,`position`,`link_id`,`cover_id`,`display`,`deadline`,`attach`,`view`,`comment`,`extend`,`level`,`create_time`,`update_time`,`status` FROM `hr_document` WHERE `status` = 1 AND `pid` = 0 AND `category_id` = 43 AND `create_time` < 1514599986 AND ( deadline = 0 OR deadline > 1514599986 ) ORDER BY `level` DESC,`id` DESC LIMIT 0,8   [ RunTime:0.0010s ]
INFO: Run Behavior\ParseTemplateBehavior [ RunTime:0.049800s ]
INFO: [ view_parse ] --END-- [ RunTime:0.008293s ]
INFO: [ view_filter ] --START--
INFO: Run Behavior\WriteHtmlCacheBehavior [ RunTime:0.000039s ]
INFO: [ view_filter ] --END-- [ RunTime:-0.040041s ]
INFO: [ app_end ] --START--
INFO: Run Behavior\ShowPageTraceBehavior [ RunTime:0.001658s ]
INFO: [ app_end ] --END-- [ RunTime:0.001750s ]

[ 2017-12-30T11:22:19+08:00 ] 127.0.0.1 /
INFO: [ app_init ] --START--
INFO: Run Behavior\BuildLiteBehavior [ RunTime:0.000040s ]
INFO: Run Common\Behavior\InitHookBehavior [ RunTime:0.003759s ]
INFO: [ app_init ] --END-- [ RunTime:0.004907s ]
INFO: [ app_begin ] --START--
INFO: Run Behavior\ReadHtmlCacheBehavior [ RunTime:0.001040s ]
INFO: [ app_begin ] --END-- [ RunTime:0.001158s ]
SQL: SHOW COLUMNS FROM `hr_config` [ RunTime:0.0054s ]
SQL: SELECT `type`,`name`,`value` FROM `hr_config` WHERE `status` = 1  [ RunTime:0.0006s ]
SQL: SHOW COLUMNS FROM `hr_category` [ RunTime:0.0060s ]
SQL: SELECT `id`,`name`,`title`,`pid`,`sort`,`list_row`,`meta_title`,`keywords`,`description`,`template_index`,`template_lists`,`template_detail`,`template_edit`,`model`,`model_sub`,`type`,`link_id`,`allow_publish`,`display`,`reply`,`check`,`reply_model`,`extend`,`create_time`,`update_time`,`status`,`icon`,`groups` FROM `hr_category` WHERE `status` = 1 ORDER BY sort  [ RunTime:0.0034s ]
SQL: SHOW COLUMNS FROM `hr_document` [ RunTime:0.0038s ]
SQL: SELECT `id`,`uid`,`name`,`title`,`category_id`,`group_id`,`description`,`root`,`pid`,`model_id`,`type`,`position`,`link_id`,`cover_id`,`display`,`deadline`,`attach`,`view`,`comment`,`extend`,`level`,`create_time`,`update_time`,`status` FROM `hr_document` WHERE `status` = 1 AND `pid` = 0 AND `create_time` < 1514604139 AND ( deadline = 0 OR deadline > 1514604139 ) ORDER BY `id` DESC  [ RunTime:0.0017s ]
INFO: [ view_parse ] --START--
INFO: [ template_filter ] --START--
INFO: Run Behavior\ContentReplaceBehavior [ RunTime:0.000225s ]
INFO: [ template_filter ] --END-- [ RunTime:0.000332s ]
INFO: [ Silder ] --START--
SQL: SHOW COLUMNS FROM `hr_addons` [ RunTime:0.0035s ]
SQL: SELECT `config` FROM `hr_addons` WHERE `name` = 'Silder' AND `status` = 1 LIMIT 1   [ RunTime:0.0006s ]
SQL: SHOW COLUMNS FROM `hr_silder` [ RunTime:0.0041s ]
SQL: SELECT * FROM `hr_silder` WHERE `status` = 1 ORDER BY priorityr asc  [ RunTime:0.0011s ]
SQL: SHOW COLUMNS FROM `hr_picture` [ RunTime:0.0036s ]
SQL: SELECT `path` FROM `hr_picture` WHERE `id` = 18 LIMIT 1   [ RunTime:0.0011s ]
INFO: [ view_parse ] --START--
INFO: [ template_filter ] --START--
INFO: Run Behavior\ContentReplaceBehavior [ RunTime:0.000061s ]
INFO: [ template_filter ] --END-- [ RunTime:-0.027138s ]
INFO: Run Behavior\ParseTemplateBehavior [ RunTime:0.006351s ]
INFO: [ view_parse ] --END-- [ RunTime:0.006509s ]
INFO: [ view_filter ] --START--
INFO: Run Behavior\WriteHtmlCacheBehavior [ RunTime:0.000729s ]
INFO: [ view_filter ] --END-- [ RunTime:0.000860s ]
INFO: Run Addons\Silder\SilderAddon [ RunTime:0.028017s ]
INFO: [ Silder ] --END-- [ RunTime:0.028125s ]
SQL: SELECT `id`,`name`,`title`,`pid`,`sort`,`list_row`,`meta_title`,`keywords`,`description`,`template_index`,`template_lists`,`template_detail`,`template_edit`,`model`,`model_sub`,`type`,`link_id`,`allow_publish`,`display`,`reply`,`check`,`reply_model`,`extend`,`create_time`,`update_time`,`status`,`icon`,`groups` FROM `hr_category` WHERE `id` = 39 LIMIT 1   [ RunTime:0.0008s ]
SQL: SELECT `id`,`name`,`pid`,`title`,`link_id` FROM `hr_category` WHERE `status` = 1 ORDER BY sort  [ RunTime:0.0007s ]
SQL: SELECT `id`,`uid`,`name`,`title`,`category_id`,`group_id`,`description`,`root`,`pid`,`model_id`,`type`,`position`,`link_id`,`cover_id`,`display`,`deadline`,`attach`,`view`,`comment`,`extend`,`level`,`create_time`,`update_time`,`status` FROM `hr_document` WHERE `status` = 1 AND `pid` = 0 AND `category_id` = 39 AND `create_time` < 1514604139 AND ( deadline = 0 OR deadline > 1514604139 ) ORDER BY `level` DESC,`id` DESC LIMIT 0,6   [ RunTime:0.0013s ]
SQL: SHOW COLUMNS FROM `hr_picture` [ RunTime:0.0037s ]
SQL: SELECT * FROM `hr_picture` WHERE `status` = 1 AND `id` = 111 LIMIT 1   [ RunTime:0.0008s ]
SQL: SELECT * FROM `hr_picture` WHERE `status` = 1 AND `id` = 110 LIMIT 1   [ RunTime:0.0005s ]
NOTIC: [8] Constant UPLOAD_URL already defined D:\wwwroot\heavyrain\wwwroot\Application\Common\Common\function.php 第 1029 行.
NOTIC: [8] Constant UPLOAD_PATH already defined D:\wwwroot\heavyrain\wwwroot\Application\Common\Common\function.php 第 1030 行.
SQL: SELECT * FROM `hr_picture` WHERE `status` = 1 AND `id` = 109 LIMIT 1   [ RunTime:0.0005s ]
NOTIC: [8] Constant UPLOAD_URL already defined D:\wwwroot\heavyrain\wwwroot\Application\Common\Common\function.php 第 1029 行.
NOTIC: [8] Constant UPLOAD_PATH already defined D:\wwwroot\heavyrain\wwwroot\Application\Common\Common\function.php 第 1030 行.
SQL: SELECT * FROM `hr_picture` WHERE `status` = 1 AND `id` = 108 LIMIT 1   [ RunTime:0.0004s ]
NOTIC: [8] Constant UPLOAD_URL already defined D:\wwwroot\heavyrain\wwwroot\Application\Common\Common\function.php 第 1029 行.
NOTIC: [8] Constant UPLOAD_PATH already defined D:\wwwroot\heavyrain\wwwroot\Application\Common\Common\function.php 第 1030 行.
SQL: SELECT * FROM `hr_picture` WHERE `status` = 1 AND `id` = 107 LIMIT 1   [ RunTime:0.0005s ]
NOTIC: [8] Constant UPLOAD_URL already defined D:\wwwroot\heavyrain\wwwroot\Application\Common\Common\function.php 第 1029 行.
NOTIC: [8] Constant UPLOAD_PATH already defined D:\wwwroot\heavyrain\wwwroot\Application\Common\Common\function.php 第 1030 行.
SQL: SELECT * FROM `hr_picture` WHERE `status` = 1 AND `id` = 106 LIMIT 1   [ RunTime:0.0006s ]
NOTIC: [8] Constant UPLOAD_URL already defined D:\wwwroot\heavyrain\wwwroot\Application\Common\Common\function.php 第 1029 行.
NOTIC: [8] Constant UPLOAD_PATH already defined D:\wwwroot\heavyrain\wwwroot\Application\Common\Common\function.php 第 1030 行.
SQL: SELECT `id`,`name`,`title`,`pid`,`sort`,`list_row`,`meta_title`,`keywords`,`description`,`template_index`,`template_lists`,`template_detail`,`template_edit`,`model`,`model_sub`,`type`,`link_id`,`allow_publish`,`display`,`reply`,`check`,`reply_model`,`extend`,`create_time`,`update_time`,`status`,`icon`,`groups` FROM `hr_category` WHERE `id` = 41 LIMIT 1   [ RunTime:0.0007s ]
SQL: SELECT `id`,`name`,`pid`,`title`,`link_id` FROM `hr_category` WHERE `status` = 1 ORDER BY sort  [ RunTime:0.0005s ]
SQL: SELECT `id`,`uid`,`name`,`title`,`category_id`,`group_id`,`description`,`root`,`pid`,`model_id`,`type`,`position`,`link_id`,`cover_id`,`display`,`deadline`,`attach`,`view`,`comment`,`extend`,`level`,`create_time`,`update_time`,`status` FROM `hr_document` WHERE `status` = 1 AND `pid` = 0 AND `category_id` = 41 AND `create_time` < 1514604139 AND ( deadline = 0 OR deadline > 1514604139 ) ORDER BY `level` DESC,`id` DESC LIMIT 0,5   [ RunTime:0.0012s ]
SQL: SELECT * FROM `hr_picture` WHERE `status` = 1 AND `id` = 48 LIMIT 1   [ RunTime:0.0005s ]
SQL: SELECT * FROM `hr_picture` WHERE `status` = 1 AND `id` = 49 LIMIT 1   [ RunTime:0.0004s ]
SQL: SELECT * FROM `hr_picture` WHERE `status` = 1 AND `id` = 50 LIMIT 1   [ RunTime:0.0004s ]
SQL: SELECT * FROM `hr_picture` WHERE `status` = 1 AND `id` = 51 LIMIT 1   [ RunTime:0.0004s ]
SQL: SELECT * FROM `hr_picture` WHERE `status` = 1 AND `id` = 52 LIMIT 1   [ RunTime:0.0004s ]
SQL: SELECT `id`,`name`,`title`,`pid`,`sort`,`list_row`,`meta_title`,`keywords`,`description`,`template_index`,`template_lists`,`template_detail`,`template_edit`,`model`,`model_sub`,`type`,`link_id`,`allow_publish`,`display`,`reply`,`check`,`reply_model`,`extend`,`create_time`,`update_time`,`status`,`icon`,`groups` FROM `hr_category` WHERE `id` = 43 LIMIT 1   [ RunTime:0.0006s ]
SQL: SELECT `id`,`name`,`pid`,`title`,`link_id` FROM `hr_category` WHERE `status` = 1 ORDER BY sort  [ RunTime:0.0013s ]
SQL: SELECT `id`,`uid`,`name`,`title`,`category_id`,`group_id`,`description`,`root`,`pid`,`model_id`,`type`,`position`,`link_id`,`cover_id`,`display`,`deadline`,`attach`,`view`,`comment`,`extend`,`level`,`create_time`,`update_time`,`status` FROM `hr_document` WHERE `status` = 1 AND `pid` = 0 AND `category_id` = 43 AND `create_time` < 1514604139 AND ( deadline = 0 OR deadline > 1514604139 ) ORDER BY `level` DESC,`id` DESC LIMIT 0,8   [ RunTime:0.0008s ]
INFO: Run Behavior\ParseTemplateBehavior [ RunTime:0.041717s ]
INFO: [ view_parse ] --END-- [ RunTime:0.006509s ]
INFO: [ view_filter ] --START--
INFO: Run Behavior\WriteHtmlCacheBehavior [ RunTime:0.000054s ]
INFO: [ view_filter ] --END-- [ RunTime:-0.034474s ]
INFO: [ app_end ] --START--
INFO: Run Behavior\ShowPageTraceBehavior [ RunTime:0.002610s ]
INFO: [ app_end ] --END-- [ RunTime:0.002788s ]

[ 2017-12-30T15:07:18+08:00 ] 127.0.0.1 /
INFO: [ app_init ] --START--
INFO: Run Behavior\BuildLiteBehavior [ RunTime:0.000036s ]
INFO: Run Common\Behavior\InitHookBehavior [ RunTime:0.003970s ]
INFO: [ app_init ] --END-- [ RunTime:0.004976s ]
INFO: [ app_begin ] --START--
INFO: Run Behavior\ReadHtmlCacheBehavior [ RunTime:0.001040s ]
INFO: [ app_begin ] --END-- [ RunTime:0.001151s ]
SQL: SHOW COLUMNS FROM `hr_config` [ RunTime:0.0035s ]
SQL: SELECT `type`,`name`,`value` FROM `hr_config` WHERE `status` = 1  [ RunTime:0.0004s ]
SQL: SHOW COLUMNS FROM `hr_category` [ RunTime:0.0036s ]
SQL: SELECT `id`,`name`,`title`,`pid`,`sort`,`list_row`,`meta_title`,`keywords`,`description`,`template_index`,`template_lists`,`template_detail`,`template_edit`,`model`,`model_sub`,`type`,`link_id`,`allow_publish`,`display`,`reply`,`check`,`reply_model`,`extend`,`create_time`,`update_time`,`status`,`icon`,`groups` FROM `hr_category` WHERE `status` = 1 ORDER BY sort  [ RunTime:0.0013s ]
SQL: SHOW COLUMNS FROM `hr_document` [ RunTime:0.0044s ]
SQL: SELECT `id`,`uid`,`name`,`title`,`category_id`,`group_id`,`description`,`root`,`pid`,`model_id`,`type`,`position`,`link_id`,`cover_id`,`display`,`deadline`,`attach`,`view`,`comment`,`extend`,`level`,`create_time`,`update_time`,`status` FROM `hr_document` WHERE `status` = 1 AND `pid` = 0 AND `create_time` < 1514617638 AND ( deadline = 0 OR deadline > 1514617638 ) ORDER BY `id` DESC  [ RunTime:0.0022s ]
INFO: [ view_parse ] --START--
INFO: [ template_filter ] --START--
INFO: Run Behavior\ContentReplaceBehavior [ RunTime:0.000302s ]
INFO: [ template_filter ] --END-- [ RunTime:0.000454s ]
INFO: [ Silder ] --START--
SQL: SHOW COLUMNS FROM `hr_addons` [ RunTime:0.0037s ]
SQL: SELECT `config` FROM `hr_addons` WHERE `name` = 'Silder' AND `status` = 1 LIMIT 1   [ RunTime:0.0007s ]
SQL: SHOW COLUMNS FROM `hr_silder` [ RunTime:0.0051s ]
SQL: SELECT * FROM `hr_silder` WHERE `status` = 1 ORDER BY priorityr asc  [ RunTime:0.0007s ]
SQL: SHOW COLUMNS FROM `hr_picture` [ RunTime:0.0035s ]
SQL: SELECT `path` FROM `hr_picture` WHERE `id` = 18 LIMIT 1   [ RunTime:0.0016s ]
INFO: [ view_parse ] --START--
INFO: [ template_filter ] --START--
INFO: Run Behavior\ContentReplaceBehavior [ RunTime:0.000067s ]
INFO: [ template_filter ] --END-- [ RunTime:-0.027634s ]
INFO: Run Behavior\ParseTemplateBehavior [ RunTime:0.005417s ]
INFO: [ view_parse ] --END-- [ RunTime:0.005518s ]
INFO: [ view_filter ] --START--
INFO: Run Behavior\WriteHtmlCacheBehavior [ RunTime:0.000735s ]
INFO: [ view_filter ] --END-- [ RunTime:0.000823s ]
INFO: Run Addons\Silder\SilderAddon [ RunTime:0.027962s ]
INFO: [ Silder ] --END-- [ RunTime:0.028053s ]
SQL: SELECT `id`,`name`,`title`,`pid`,`sort`,`list_row`,`meta_title`,`keywords`,`description`,`template_index`,`template_lists`,`template_detail`,`template_edit`,`model`,`model_sub`,`type`,`link_id`,`allow_publish`,`display`,`reply`,`check`,`reply_model`,`extend`,`create_time`,`update_time`,`status`,`icon`,`groups` FROM `hr_category` WHERE `id` = 39 LIMIT 1   [ RunTime:0.0007s ]
SQL: SELECT `id`,`name`,`pid`,`title`,`link_id` FROM `hr_category` WHERE `status` = 1 ORDER BY sort  [ RunTime:0.0005s ]
SQL: SELECT `id`,`uid`,`name`,`title`,`category_id`,`group_id`,`description`,`root`,`pid`,`model_id`,`type`,`position`,`link_id`,`cover_id`,`display`,`deadline`,`attach`,`view`,`comment`,`extend`,`level`,`create_time`,`update_time`,`status` FROM `hr_document` WHERE `status` = 1 AND `pid` = 0 AND `category_id` = 39 AND `create_time` < 1514617638 AND ( deadline = 0 OR deadline > 1514617638 ) ORDER BY `level` DESC,`id` DESC LIMIT 0,6   [ RunTime:0.0009s ]
SQL: SHOW COLUMNS FROM `hr_picture` [ RunTime:0.0031s ]
SQL: SELECT * FROM `hr_picture` WHERE `status` = 1 AND `id` = 111 LIMIT 1   [ RunTime:0.0015s ]
SQL: SELECT * FROM `hr_picture` WHERE `status` = 1 AND `id` = 110 LIMIT 1   [ RunTime:0.0005s ]
NOTIC: [8] Constant UPLOAD_URL already defined D:\wwwroot\heavyrain\wwwroot\Application\Common\Common\function.php 第 1029 行.
NOTIC: [8] Constant UPLOAD_PATH already defined D:\wwwroot\heavyrain\wwwroot\Application\Common\Common\function.php 第 1030 行.
SQL: SELECT * FROM `hr_picture` WHERE `status` = 1 AND `id` = 109 LIMIT 1   [ RunTime:0.0004s ]
NOTIC: [8] Constant UPLOAD_URL already defined D:\wwwroot\heavyrain\wwwroot\Application\Common\Common\function.php 第 1029 行.
NOTIC: [8] Constant UPLOAD_PATH already defined D:\wwwroot\heavyrain\wwwroot\Application\Common\Common\function.php 第 1030 行.
SQL: SELECT * FROM `hr_picture` WHERE `status` = 1 AND `id` = 108 LIMIT 1   [ RunTime:0.0004s ]
NOTIC: [8] Constant UPLOAD_URL already defined D:\wwwroot\heavyrain\wwwroot\Application\Common\Common\function.php 第 1029 行.
NOTIC: [8] Constant UPLOAD_PATH already defined D:\wwwroot\heavyrain\wwwroot\Application\Common\Common\function.php 第 1030 行.
SQL: SELECT * FROM `hr_picture` WHERE `status` = 1 AND `id` = 107 LIMIT 1   [ RunTime:0.0005s ]
NOTIC: [8] Constant UPLOAD_URL already defined D:\wwwroot\heavyrain\wwwroot\Application\Common\Common\function.php 第 1029 行.
NOTIC: [8] Constant UPLOAD_PATH already defined D:\wwwroot\heavyrain\wwwroot\Application\Common\Common\function.php 第 1030 行.
SQL: SELECT * FROM `hr_picture` WHERE `status` = 1 AND `id` = 106 LIMIT 1   [ RunTime:0.0005s ]
NOTIC: [8] Constant UPLOAD_URL already defined D:\wwwroot\heavyrain\wwwroot\Application\Common\Common\function.php 第 1029 行.
NOTIC: [8] Constant UPLOAD_PATH already defined D:\wwwroot\heavyrain\wwwroot\Application\Common\Common\function.php 第 1030 行.
SQL: SELECT `id`,`name`,`title`,`pid`,`sort`,`list_row`,`meta_title`,`keywords`,`description`,`template_index`,`template_lists`,`template_detail`,`template_edit`,`model`,`model_sub`,`type`,`link_id`,`allow_publish`,`display`,`reply`,`check`,`reply_model`,`extend`,`create_time`,`update_time`,`status`,`icon`,`groups` FROM `hr_category` WHERE `id` = 41 LIMIT 1   [ RunTime:0.0006s ]
SQL: SELECT `id`,`name`,`pid`,`title`,`link_id` FROM `hr_category` WHERE `status` = 1 ORDER BY sort  [ RunTime:0.0005s ]
SQL: SELECT `id`,`uid`,`name`,`title`,`category_id`,`group_id`,`description`,`root`,`pid`,`model_id`,`type`,`position`,`link_id`,`cover_id`,`display`,`deadline`,`attach`,`view`,`comment`,`extend`,`level`,`create_time`,`update_time`,`status` FROM `hr_document` WHERE `status` = 1 AND `pid` = 0 AND `category_id` = 41 AND `create_time` < 1514617638 AND ( deadline = 0 OR deadline > 1514617638 ) ORDER BY `level` DESC,`id` DESC LIMIT 0,5   [ RunTime:0.0006s ]
SQL: SELECT * FROM `hr_picture` WHERE `status` = 1 AND `id` = 48 LIMIT 1   [ RunTime:0.0005s ]
SQL: SELECT * FROM `hr_picture` WHERE `status` = 1 AND `id` = 49 LIMIT 1   [ RunTime:0.0006s ]
SQL: SELECT * FROM `hr_picture` WHERE `status` = 1 AND `id` = 50 LIMIT 1   [ RunTime:0.0008s ]
SQL: SELECT * FROM `hr_picture` WHERE `status` = 1 AND `id` = 51 LIMIT 1   [ RunTime:0.0004s ]
SQL: SELECT * FROM `hr_picture` WHERE `status` = 1 AND `id` = 52 LIMIT 1   [ RunTime:0.0030s ]
SQL: SELECT `id`,`name`,`title`,`pid`,`sort`,`list_row`,`meta_title`,`keywords`,`description`,`template_index`,`template_lists`,`template_detail`,`template_edit`,`model`,`model_sub`,`type`,`link_id`,`allow_publish`,`display`,`reply`,`check`,`reply_model`,`extend`,`create_time`,`update_time`,`status`,`icon`,`groups` FROM `hr_category` WHERE `id` = 43 LIMIT 1   [ RunTime:0.0006s ]
SQL: SELECT `id`,`name`,`pid`,`title`,`link_id` FROM `hr_category` WHERE `status` = 1 ORDER BY sort  [ RunTime:0.0005s ]
SQL: SELECT `id`,`uid`,`name`,`title`,`category_id`,`group_id`,`description`,`root`,`pid`,`model_id`,`type`,`position`,`link_id`,`cover_id`,`display`,`deadline`,`attach`,`view`,`comment`,`extend`,`level`,`create_time`,`update_time`,`status` FROM `hr_document` WHERE `status` = 1 AND `pid` = 0 AND `category_id` = 43 AND `create_time` < 1514617638 AND ( deadline = 0 OR deadline > 1514617638 ) ORDER BY `level` DESC,`id` DESC LIMIT 0,8   [ RunTime:0.0007s ]
INFO: Run Behavior\ParseTemplateBehavior [ RunTime:0.038463s ]
INFO: [ view_parse ] --END-- [ RunTime:0.005518s ]
INFO: [ view_filter ] --START--
INFO: Run Behavior\WriteHtmlCacheBehavior [ RunTime:0.000046s ]
INFO: [ view_filter ] --END-- [ RunTime:-0.032238s ]
INFO: [ app_end ] --START--
INFO: Run Behavior\ShowPageTraceBehavior [ RunTime:0.001668s ]
INFO: [ app_end ] --END-- [ RunTime:0.001823s ]

[ 2017-12-30T15:15:18+08:00 ] 127.0.0.1 /
INFO: [ app_init ] --START--
INFO: Run Behavior\BuildLiteBehavior [ RunTime:0.000042s ]
INFO: Run Common\Behavior\InitHookBehavior [ RunTime:0.004952s ]
INFO: [ app_init ] --END-- [ RunTime:0.006127s ]
INFO: [ app_begin ] --START--
INFO: Run Behavior\ReadHtmlCacheBehavior [ RunTime:0.001405s ]
INFO: [ app_begin ] --END-- [ RunTime:0.001557s ]
SQL: SHOW COLUMNS FROM `hr_config` [ RunTime:0.0041s ]
SQL: SELECT `type`,`name`,`value` FROM `hr_config` WHERE `status` = 1  [ RunTime:0.0006s ]
SQL: SHOW COLUMNS FROM `hr_category` [ RunTime:0.0052s ]
SQL: SELECT `id`,`name`,`title`,`pid`,`sort`,`list_row`,`meta_title`,`keywords`,`description`,`template_index`,`template_lists`,`template_detail`,`template_edit`,`model`,`model_sub`,`type`,`link_id`,`allow_publish`,`display`,`reply`,`check`,`reply_model`,`extend`,`create_time`,`update_time`,`status`,`icon`,`groups` FROM `hr_category` WHERE `status` = 1 ORDER BY sort  [ RunTime:0.0011s ]
SQL: SHOW COLUMNS FROM `hr_document` [ RunTime:0.0043s ]
SQL: SELECT `id`,`uid`,`name`,`title`,`category_id`,`group_id`,`description`,`root`,`pid`,`model_id`,`type`,`position`,`link_id`,`cover_id`,`display`,`deadline`,`attach`,`view`,`comment`,`extend`,`level`,`create_time`,`update_time`,`status` FROM `hr_document` WHERE `status` = 1 AND `pid` = 0 AND `create_time` < 1514618118 AND ( deadline = 0 OR deadline > 1514618118 ) ORDER BY `id` DESC  [ RunTime:0.0018s ]
INFO: [ view_parse ] --START--
INFO: [ template_filter ] --START--
INFO: Run Behavior\ContentReplaceBehavior [ RunTime:0.000275s ]
INFO: [ template_filter ] --END-- [ RunTime:0.000405s ]
INFO: [ Silder ] --START--
SQL: SHOW COLUMNS FROM `hr_addons` [ RunTime:0.0042s ]
SQL: SELECT `config` FROM `hr_addons` WHERE `name` = 'Silder' AND `status` = 1 LIMIT 1   [ RunTime:0.0008s ]
SQL: SHOW COLUMNS FROM `hr_silder` [ RunTime:0.0038s ]
SQL: SELECT * FROM `hr_silder` WHERE `status` = 1 ORDER BY priorityr asc  [ RunTime:0.0007s ]
SQL: SHOW COLUMNS FROM `hr_picture` [ RunTime:0.0037s ]
SQL: SELECT `path` FROM `hr_picture` WHERE `id` = 18 LIMIT 1   [ RunTime:0.0005s ]
INFO: [ view_parse ] --START--
INFO: [ template_filter ] --START--
INFO: Run Behavior\ContentReplaceBehavior [ RunTime:0.000099s ]
INFO: [ template_filter ] --END-- [ RunTime:-0.028270s ]
INFO: Run Behavior\ParseTemplateBehavior [ RunTime:0.007555s ]
INFO: [ view_parse ] --END-- [ RunTime:0.007696s ]
INFO: [ view_filter ] --START--
INFO: Run Behavior\WriteHtmlCacheBehavior [ RunTime:0.000987s ]
INFO: [ view_filter ] --END-- [ RunTime:0.001121s ]
INFO: Run Addons\Silder\SilderAddon [ RunTime:0.029863s ]
INFO: [ Silder ] --END-- [ RunTime:0.029988s ]
SQL: SELECT `id`,`name`,`title`,`pid`,`sort`,`list_row`,`meta_title`,`keywords`,`description`,`template_index`,`template_lists`,`template_detail`,`template_edit`,`model`,`model_sub`,`type`,`link_id`,`allow_publish`,`display`,`reply`,`check`,`reply_model`,`extend`,`create_time`,`update_time`,`status`,`icon`,`groups` FROM `hr_category` WHERE `id` = 39 LIMIT 1   [ RunTime:0.0007s ]
SQL: SELECT `id`,`name`,`pid`,`title`,`link_id` FROM `hr_category` WHERE `status` = 1 ORDER BY sort  [ RunTime:0.0005s ]
SQL: SELECT `id`,`uid`,`name`,`title`,`category_id`,`group_id`,`description`,`root`,`pid`,`model_id`,`type`,`position`,`link_id`,`cover_id`,`display`,`deadline`,`attach`,`view`,`comment`,`extend`,`level`,`create_time`,`update_time`,`status` FROM `hr_document` WHERE `status` = 1 AND `pid` = 0 AND `category_id` = 39 AND `create_time` < 1514618118 AND ( deadline = 0 OR deadline > 1514618118 ) ORDER BY `level` DESC,`id` DESC LIMIT 0,6   [ RunTime:0.0010s ]
SQL: SHOW COLUMNS FROM `hr_picture` [ RunTime:0.0030s ]
SQL: SELECT * FROM `hr_picture` WHERE `status` = 1 AND `id` = 111 LIMIT 1   [ RunTime:0.0006s ]
SQL: SELECT * FROM `hr_picture` WHERE `status` = 1 AND `id` = 110 LIMIT 1   [ RunTime:0.0005s ]
NOTIC: [8] Constant UPLOAD_URL already defined D:\wwwroot\heavyrain\wwwroot\Application\Common\Common\function.php 第 1029 行.
NOTIC: [8] Constant UPLOAD_PATH already defined D:\wwwroot\heavyrain\wwwroot\Application\Common\Common\function.php 第 1030 行.
SQL: SELECT * FROM `hr_picture` WHERE `status` = 1 AND `id` = 109 LIMIT 1   [ RunTime:0.0006s ]
NOTIC: [8] Constant UPLOAD_URL already defined D:\wwwroot\heavyrain\wwwroot\Application\Common\Common\function.php 第 1029 行.
NOTIC: [8] Constant UPLOAD_PATH already defined D:\wwwroot\heavyrain\wwwroot\Application\Common\Common\function.php 第 1030 行.
SQL: SELECT * FROM `hr_picture` WHERE `status` = 1 AND `id` = 108 LIMIT 1   [ RunTime:0.0008s ]
NOTIC: [8] Constant UPLOAD_URL already defined D:\wwwroot\heavyrain\wwwroot\Application\Common\Common\function.php 第 1029 行.
NOTIC: [8] Constant UPLOAD_PATH already defined D:\wwwroot\heavyrain\wwwroot\Application\Common\Common\function.php 第 1030 行.
SQL: SELECT * FROM `hr_picture` WHERE `status` = 1 AND `id` = 107 LIMIT 1   [ RunTime:0.0006s ]
NOTIC: [8] Constant UPLOAD_URL already defined D:\wwwroot\heavyrain\wwwroot\Application\Common\Common\function.php 第 1029 行.
NOTIC: [8] Constant UPLOAD_PATH already defined D:\wwwroot\heavyrain\wwwroot\Application\Common\Common\function.php 第 1030 行.
SQL: SELECT * FROM `hr_picture` WHERE `status` = 1 AND `id` = 106 LIMIT 1   [ RunTime:0.0006s ]
NOTIC: [8] Constant UPLOAD_URL already defined D:\wwwroot\heavyrain\wwwroot\Application\Common\Common\function.php 第 1029 行.
NOTIC: [8] Constant UPLOAD_PATH already defined D:\wwwroot\heavyrain\wwwroot\Application\Common\Common\function.php 第 1030 行.
SQL: SELECT `id`,`name`,`title`,`pid`,`sort`,`list_row`,`meta_title`,`keywords`,`description`,`template_index`,`template_lists`,`template_detail`,`template_edit`,`model`,`model_sub`,`type`,`link_id`,`allow_publish`,`display`,`reply`,`check`,`reply_model`,`extend`,`create_time`,`update_time`,`status`,`icon`,`groups` FROM `hr_category` WHERE `id` = 41 LIMIT 1   [ RunTime:0.0009s ]
SQL: SELECT `id`,`name`,`pid`,`title`,`link_id` FROM `hr_category` WHERE `status` = 1 ORDER BY sort  [ RunTime:0.0007s ]
SQL: SELECT `id`,`uid`,`name`,`title`,`category_id`,`group_id`,`description`,`root`,`pid`,`model_id`,`type`,`position`,`link_id`,`cover_id`,`display`,`deadline`,`attach`,`view`,`comment`,`extend`,`level`,`create_time`,`update_time`,`status` FROM `hr_document` WHERE `status` = 1 AND `pid` = 0 AND `category_id` = 41 AND `create_time` < 1514618118 AND ( deadline = 0 OR deadline > 1514618118 ) ORDER BY `level` DESC,`id` DESC LIMIT 0,5   [ RunTime:0.0007s ]
SQL: SELECT * FROM `hr_picture` WHERE `status` = 1 AND `id` = 48 LIMIT 1   [ RunTime:0.0005s ]
SQL: SELECT * FROM `hr_picture` WHERE `status` = 1 AND `id` = 49 LIMIT 1   [ RunTime:0.0006s ]
SQL: SELECT * FROM `hr_picture` WHERE `status` = 1 AND `id` = 50 LIMIT 1   [ RunTime:0.0009s ]
SQL: SELECT * FROM `hr_picture` WHERE `status` = 1 AND `id` = 51 LIMIT 1   [ RunTime:0.0004s ]
SQL: SELECT * FROM `hr_picture` WHERE `status` = 1 AND `id` = 52 LIMIT 1   [ RunTime:0.0006s ]
SQL: SELECT `id`,`name`,`title`,`pid`,`sort`,`list_row`,`meta_title`,`keywords`,`description`,`template_index`,`template_lists`,`template_detail`,`template_edit`,`model`,`model_sub`,`type`,`link_id`,`allow_publish`,`display`,`reply`,`check`,`reply_model`,`extend`,`create_time`,`update_time`,`status`,`icon`,`groups` FROM `hr_category` WHERE `id` = 43 LIMIT 1   [ RunTime:0.0007s ]
SQL: SELECT `id`,`name`,`pid`,`title`,`link_id` FROM `hr_category` WHERE `status` = 1 ORDER BY sort  [ RunTime:0.0010s ]
SQL: SELECT `id`,`uid`,`name`,`title`,`category_id`,`group_id`,`description`,`root`,`pid`,`model_id`,`type`,`position`,`link_id`,`cover_id`,`display`,`deadline`,`attach`,`view`,`comment`,`extend`,`level`,`create_time`,`update_time`,`status` FROM `hr_document` WHERE `status` = 1 AND `pid` = 0 AND `category_id` = 43 AND `create_time` < 1514618118 AND ( deadline = 0 OR deadline > 1514618118 ) ORDER BY `level` DESC,`id` DESC LIMIT 0,8   [ RunTime:0.0007s ]
INFO: Run Behavior\ParseTemplateBehavior [ RunTime:0.063796s ]
INFO: [ view_parse ] --END-- [ RunTime:0.007696s ]
INFO: [ view_filter ] --START--
INFO: Run Behavior\WriteHtmlCacheBehavior [ RunTime:0.000044s ]
INFO: [ view_filter ] --END-- [ RunTime:-0.055053s ]
INFO: [ app_end ] --START--
INFO: Run Behavior\ShowPageTraceBehavior [ RunTime:0.002049s ]
INFO: [ app_end ] --END-- [ RunTime:0.002336s ]

[ 2017-12-30T21:57:40+08:00 ] 127.0.0.1 /
INFO: [ app_init ] --START--
INFO: Run Behavior\BuildLiteBehavior [ RunTime:0.000037s ]
INFO: Run Common\Behavior\InitHookBehavior [ RunTime:0.003911s ]
INFO: [ app_init ] --END-- [ RunTime:0.004869s ]
INFO: [ app_begin ] --START--
INFO: Run Behavior\ReadHtmlCacheBehavior [ RunTime:0.001070s ]
INFO: [ app_begin ] --END-- [ RunTime:0.001165s ]
SQL: SHOW COLUMNS FROM `hr_config` [ RunTime:0.0049s ]
SQL: SELECT `type`,`name`,`value` FROM `hr_config` WHERE `status` = 1  [ RunTime:0.0006s ]
SQL: SHOW COLUMNS FROM `hr_category` [ RunTime:0.0042s ]
SQL: SELECT `id`,`name`,`title`,`pid`,`sort`,`list_row`,`meta_title`,`keywords`,`description`,`template_index`,`template_lists`,`template_detail`,`template_edit`,`model`,`model_sub`,`type`,`link_id`,`allow_publish`,`display`,`reply`,`check`,`reply_model`,`extend`,`create_time`,`update_time`,`status`,`icon`,`groups` FROM `hr_category` WHERE `status` = 1 ORDER BY sort  [ RunTime:0.0007s ]
SQL: SHOW COLUMNS FROM `hr_document` [ RunTime:0.0035s ]
SQL: SELECT `id`,`uid`,`name`,`title`,`category_id`,`group_id`,`description`,`root`,`pid`,`model_id`,`type`,`position`,`link_id`,`cover_id`,`display`,`deadline`,`attach`,`view`,`comment`,`extend`,`level`,`create_time`,`update_time`,`status` FROM `hr_document` WHERE `status` = 1 AND `pid` = 0 AND `create_time` < 1514642260 AND ( deadline = 0 OR deadline > 1514642260 ) ORDER BY `id` DESC  [ RunTime:0.0014s ]
INFO: [ view_parse ] --START--
INFO: [ template_filter ] --START--
INFO: Run Behavior\ContentReplaceBehavior [ RunTime:0.000250s ]
INFO: [ template_filter ] --END-- [ RunTime:0.000376s ]
INFO: [ Silder ] --START--
SQL: SHOW COLUMNS FROM `hr_addons` [ RunTime:0.0048s ]
SQL: SELECT `config` FROM `hr_addons` WHERE `name` = 'Silder' AND `status` = 1 LIMIT 1   [ RunTime:0.0006s ]
SQL: SHOW COLUMNS FROM `hr_silder` [ RunTime:0.0033s ]
SQL: SELECT * FROM `hr_silder` WHERE `status` = 1 ORDER BY priorityr asc  [ RunTime:0.0007s ]
SQL: SHOW COLUMNS FROM `hr_picture` [ RunTime:0.0041s ]
SQL: SELECT `path` FROM `hr_picture` WHERE `id` = 18 LIMIT 1   [ RunTime:0.0008s ]
INFO: [ view_parse ] --START--
INFO: [ template_filter ] --START--
INFO: Run Behavior\ContentReplaceBehavior [ RunTime:0.000065s ]
INFO: [ template_filter ] --END-- [ RunTime:-0.026599s ]
INFO: Run Behavior\ParseTemplateBehavior [ RunTime:0.004436s ]
INFO: [ view_parse ] --END-- [ RunTime:0.004531s ]
INFO: [ view_filter ] --START--
INFO: Run Behavior\WriteHtmlCacheBehavior [ RunTime:0.000672s ]
INFO: [ view_filter ] --END-- [ RunTime:0.000746s ]
INFO: Run Addons\Silder\SilderAddon [ RunTime:0.025620s ]
INFO: [ Silder ] --END-- [ RunTime:0.025712s ]
SQL: SELECT `id`,`name`,`title`,`pid`,`sort`,`list_row`,`meta_title`,`keywords`,`description`,`template_index`,`template_lists`,`template_detail`,`template_edit`,`model`,`model_sub`,`type`,`link_id`,`allow_publish`,`display`,`reply`,`check`,`reply_model`,`extend`,`create_time`,`update_time`,`status`,`icon`,`groups` FROM `hr_category` WHERE `id` = 39 LIMIT 1   [ RunTime:0.0007s ]
SQL: SELECT `id`,`name`,`pid`,`title`,`link_id` FROM `hr_category` WHERE `status` = 1 ORDER BY sort  [ RunTime:0.0005s ]
SQL: SELECT `id`,`uid`,`name`,`title`,`category_id`,`group_id`,`description`,`root`,`pid`,`model_id`,`type`,`position`,`link_id`,`cover_id`,`display`,`deadline`,`attach`,`view`,`comment`,`extend`,`level`,`create_time`,`update_time`,`status` FROM `hr_document` WHERE `status` = 1 AND `pid` = 0 AND `category_id` = 39 AND `create_time` < 1514642260 AND ( deadline = 0 OR deadline > 1514642260 ) ORDER BY `level` DESC,`id` DESC LIMIT 0,6   [ RunTime:0.0008s ]
SQL: SHOW COLUMNS FROM `hr_picture` [ RunTime:0.0029s ]
SQL: SELECT * FROM `hr_picture` WHERE `status` = 1 AND `id` = 111 LIMIT 1   [ RunTime:0.0007s ]
SQL: SELECT * FROM `hr_picture` WHERE `status` = 1 AND `id` = 110 LIMIT 1   [ RunTime:0.0005s ]
NOTIC: [8] Constant UPLOAD_URL already defined D:\wwwroot\heavyrain\wwwroot\Application\Common\Common\function.php 第 1029 行.
NOTIC: [8] Constant UPLOAD_PATH already defined D:\wwwroot\heavyrain\wwwroot\Application\Common\Common\function.php 第 1030 行.
SQL: SELECT * FROM `hr_picture` WHERE `status` = 1 AND `id` = 109 LIMIT 1   [ RunTime:0.0004s ]
NOTIC: [8] Constant UPLOAD_URL already defined D:\wwwroot\heavyrain\wwwroot\Application\Common\Common\function.php 第 1029 行.
NOTIC: [8] Constant UPLOAD_PATH already defined D:\wwwroot\heavyrain\wwwroot\Application\Common\Common\function.php 第 1030 行.
SQL: SELECT * FROM `hr_picture` WHERE `status` = 1 AND `id` = 108 LIMIT 1   [ RunTime:0.0004s ]
NOTIC: [8] Constant UPLOAD_URL already defined D:\wwwroot\heavyrain\wwwroot\Application\Common\Common\function.php 第 1029 行.
NOTIC: [8] Constant UPLOAD_PATH already defined D:\wwwroot\heavyrain\wwwroot\Application\Common\Common\function.php 第 1030 行.
SQL: SELECT * FROM `hr_picture` WHERE `status` = 1 AND `id` = 107 LIMIT 1   [ RunTime:0.0004s ]
NOTIC: [8] Constant UPLOAD_URL already defined D:\wwwroot\heavyrain\wwwroot\Application\Common\Common\function.php 第 1029 行.
NOTIC: [8] Constant UPLOAD_PATH already defined D:\wwwroot\heavyrain\wwwroot\Application\Common\Common\function.php 第 1030 行.
SQL: SELECT * FROM `hr_picture` WHERE `status` = 1 AND `id` = 106 LIMIT 1   [ RunTime:0.0004s ]
NOTIC: [8] Constant UPLOAD_URL already defined D:\wwwroot\heavyrain\wwwroot\Application\Common\Common\function.php 第 1029 行.
NOTIC: [8] Constant UPLOAD_PATH already defined D:\wwwroot\heavyrain\wwwroot\Application\Common\Common\function.php 第 1030 行.
SQL: SELECT `id`,`name`,`title`,`pid`,`sort`,`list_row`,`meta_title`,`keywords`,`description`,`template_index`,`template_lists`,`template_detail`,`template_edit`,`model`,`model_sub`,`type`,`link_id`,`allow_publish`,`display`,`reply`,`check`,`reply_model`,`extend`,`create_time`,`update_time`,`status`,`icon`,`groups` FROM `hr_category` WHERE `id` = 41 LIMIT 1   [ RunTime:0.0005s ]
SQL: SELECT `id`,`name`,`pid`,`title`,`link_id` FROM `hr_category` WHERE `status` = 1 ORDER BY sort  [ RunTime:0.0005s ]
SQL: SELECT `id`,`uid`,`name`,`title`,`category_id`,`group_id`,`description`,`root`,`pid`,`model_id`,`type`,`position`,`link_id`,`cover_id`,`display`,`deadline`,`attach`,`view`,`comment`,`extend`,`level`,`create_time`,`update_time`,`status` FROM `hr_document` WHERE `status` = 1 AND `pid` = 0 AND `category_id` = 41 AND `create_time` < 1514642260 AND ( deadline = 0 OR deadline > 1514642260 ) ORDER BY `level` DESC,`id` DESC LIMIT 0,5   [ RunTime:0.0006s ]
SQL: SELECT * FROM `hr_picture` WHERE `status` = 1 AND `id` = 48 LIMIT 1   [ RunTime:0.0004s ]
SQL: SELECT * FROM `hr_picture` WHERE `status` = 1 AND `id` = 49 LIMIT 1   [ RunTime:0.0004s ]
SQL: SELECT * FROM `hr_picture` WHERE `status` = 1 AND `id` = 50 LIMIT 1   [ RunTime:0.0004s ]
SQL: SELECT * FROM `hr_picture` WHERE `status` = 1 AND `id` = 51 LIMIT 1   [ RunTime:0.0004s ]
SQL: SELECT * FROM `hr_picture` WHERE `status` = 1 AND `id` = 52 LIMIT 1   [ RunTime:0.0004s ]
SQL: SELECT `id`,`name`,`title`,`pid`,`sort`,`list_row`,`meta_title`,`keywords`,`description`,`template_index`,`template_lists`,`template_detail`,`template_edit`,`model`,`model_sub`,`type`,`link_id`,`allow_publish`,`display`,`reply`,`check`,`reply_model`,`extend`,`create_time`,`update_time`,`status`,`icon`,`groups` FROM `hr_category` WHERE `id` = 43 LIMIT 1   [ RunTime:0.0005s ]
SQL: SELECT `id`,`name`,`pid`,`title`,`link_id` FROM `hr_category` WHERE `status` = 1 ORDER BY sort  [ RunTime:0.0005s ]
SQL: SELECT `id`,`uid`,`name`,`title`,`category_id`,`group_id`,`description`,`root`,`pid`,`model_id`,`type`,`position`,`link_id`,`cover_id`,`display`,`deadline`,`attach`,`view`,`comment`,`extend`,`level`,`create_time`,`update_time`,`status` FROM `hr_document` WHERE `status` = 1 AND `pid` = 0 AND `category_id` = 43 AND `create_time` < 1514642260 AND ( deadline = 0 OR deadline > 1514642260 ) ORDER BY `level` DESC,`id` DESC LIMIT 0,8   [ RunTime:0.0006s ]
INFO: Run Behavior\ParseTemplateBehavior [ RunTime:0.030217s ]
INFO: [ view_parse ] --END-- [ RunTime:0.004531s ]
INFO: [ view_filter ] --START--
INFO: Run Behavior\WriteHtmlCacheBehavior [ RunTime:0.000045s ]
INFO: [ view_filter ] --END-- [ RunTime:-0.025050s ]
INFO: [ app_end ] --START--
INFO: Run Behavior\ShowPageTraceBehavior [ RunTime:0.002373s ]
INFO: [ app_end ] --END-- [ RunTime:0.002579s ]

