[ 2018-01-10T09:25:20+08:00 ] 127.0.0.1 /
INFO: [ app_init ] --START--
INFO: Run Behavior\BuildLiteBehavior [ RunTime:0.000083s ]
INFO: Run Common\Behavior\InitHookBehavior [ RunTime:0.004584s ]
INFO: [ app_init ] --END-- [ RunTime:0.006756s ]
INFO: [ app_begin ] --START--
INFO: Run Behavior\ReadHtmlCacheBehavior [ RunTime:0.001616s ]
INFO: [ app_begin ] --END-- [ RunTime:0.001778s ]
SQL: SHOW COLUMNS FROM `hr_config` [ RunTime:0.0082s ]
SQL: SELECT `type`,`name`,`value` FROM `hr_config` WHERE `status` = 1  [ RunTime:0.0007s ]
SQL: SHOW COLUMNS FROM `hr_category` [ RunTime:0.0106s ]
SQL: SELECT `id`,`name`,`title`,`pid`,`sort`,`list_row`,`meta_title`,`keywords`,`description`,`template_index`,`template_lists`,`template_detail`,`template_edit`,`model`,`model_sub`,`type`,`link_id`,`allow_publish`,`display`,`reply`,`check`,`reply_model`,`extend`,`create_time`,`update_time`,`status`,`icon`,`groups` FROM `hr_category` WHERE `status` = 1 ORDER BY sort  [ RunTime:0.0010s ]
SQL: SHOW COLUMNS FROM `hr_document` [ RunTime:0.0070s ]
SQL: SELECT `id`,`uid`,`name`,`title`,`category_id`,`group_id`,`description`,`root`,`pid`,`model_id`,`type`,`position`,`link_id`,`cover_id`,`display`,`deadline`,`attach`,`view`,`comment`,`extend`,`level`,`create_time`,`update_time`,`status` FROM `hr_document` WHERE `status` = 1 AND `pid` = 0 AND `create_time` < 1515547520 AND ( deadline = 0 OR deadline > 1515547520 ) ORDER BY `id` DESC  [ RunTime:0.0039s ]
INFO: [ view_parse ] --START--
INFO: [ template_filter ] --START--
INFO: Run Behavior\ContentReplaceBehavior [ RunTime:0.000765s ]
INFO: [ template_filter ] --END-- [ RunTime:0.002187s ]
INFO: [ Silder ] --START--
SQL: SHOW COLUMNS FROM `hr_addons` [ RunTime:0.0358s ]
SQL: SELECT `config` FROM `hr_addons` WHERE `name` = 'Silder' AND `status` = 1 LIMIT 1   [ RunTime:0.0009s ]
SQL: SHOW COLUMNS FROM `hr_silder` [ RunTime:0.0054s ]
SQL: SELECT * FROM `hr_silder` WHERE `status` = 1 ORDER BY priorityr asc  [ RunTime:0.0019s ]
SQL: SHOW COLUMNS FROM `hr_picture` [ RunTime:0.0042s ]
SQL: SELECT `path` FROM `hr_picture` WHERE `id` = 18 LIMIT 1   [ RunTime:0.0007s ]
INFO: [ view_parse ] --START--
INFO: [ template_filter ] --START--
INFO: Run Behavior\ContentReplaceBehavior [ RunTime:0.000128s ]
INFO: [ template_filter ] --END-- [ RunTime:-0.097376s ]
INFO: Run Behavior\ParseTemplateBehavior [ RunTime:0.009790s ]
INFO: [ view_parse ] --END-- [ RunTime:0.009917s ]
INFO: [ view_filter ] --START--
INFO: Run Behavior\WriteHtmlCacheBehavior [ RunTime:0.000916s ]
INFO: [ view_filter ] --END-- [ RunTime:0.001081s ]
INFO: Run Addons\Silder\SilderAddon [ RunTime:0.074933s ]
INFO: [ Silder ] --END-- [ RunTime:0.075092s ]
SQL: SELECT `id`,`name`,`title`,`pid`,`sort`,`list_row`,`meta_title`,`keywords`,`description`,`template_index`,`template_lists`,`template_detail`,`template_edit`,`model`,`model_sub`,`type`,`link_id`,`allow_publish`,`display`,`reply`,`check`,`reply_model`,`extend`,`create_time`,`update_time`,`status`,`icon`,`groups` FROM `hr_category` WHERE `id` = 39 LIMIT 1   [ RunTime:0.0022s ]
SQL: SELECT `id`,`name`,`pid`,`title`,`link_id` FROM `hr_category` WHERE `status` = 1 ORDER BY sort  [ RunTime:0.0020s ]
SQL: SELECT `id`,`uid`,`name`,`title`,`category_id`,`group_id`,`description`,`root`,`pid`,`model_id`,`type`,`position`,`link_id`,`cover_id`,`display`,`deadline`,`attach`,`view`,`comment`,`extend`,`level`,`create_time`,`update_time`,`status` FROM `hr_document` WHERE `status` = 1 AND `pid` = 0 AND `category_id` = 39 AND `create_time` < 1515547520 AND ( deadline = 0 OR deadline > 1515547520 ) ORDER BY `level` DESC,`id` DESC LIMIT 0,6   [ RunTime:0.0022s ]
SQL: SHOW COLUMNS FROM `hr_picture` [ RunTime:0.0063s ]
SQL: SELECT * FROM `hr_picture` WHERE `status` = 1 AND `id` = 111 LIMIT 1   [ RunTime:0.0029s ]
SQL: SELECT * FROM `hr_picture` WHERE `status` = 1 AND `id` = 110 LIMIT 1   [ RunTime:0.0074s ]
NOTIC: [8] Constant UPLOAD_URL already defined D:\wwwroot\heavyrain\wwwroot\Application\Common\Common\function.php 第 1029 行.
NOTIC: [8] Constant UPLOAD_PATH already defined D:\wwwroot\heavyrain\wwwroot\Application\Common\Common\function.php 第 1030 行.
SQL: SELECT * FROM `hr_picture` WHERE `status` = 1 AND `id` = 109 LIMIT 1   [ RunTime:0.0011s ]
NOTIC: [8] Constant UPLOAD_URL already defined D:\wwwroot\heavyrain\wwwroot\Application\Common\Common\function.php 第 1029 行.
NOTIC: [8] Constant UPLOAD_PATH already defined D:\wwwroot\heavyrain\wwwroot\Application\Common\Common\function.php 第 1030 行.
SQL: SELECT * FROM `hr_picture` WHERE `status` = 1 AND `id` = 108 LIMIT 1   [ RunTime:0.0008s ]
NOTIC: [8] Constant UPLOAD_URL already defined D:\wwwroot\heavyrain\wwwroot\Application\Common\Common\function.php 第 1029 行.
NOTIC: [8] Constant UPLOAD_PATH already defined D:\wwwroot\heavyrain\wwwroot\Application\Common\Common\function.php 第 1030 行.
SQL: SELECT * FROM `hr_picture` WHERE `status` = 1 AND `id` = 107 LIMIT 1   [ RunTime:0.0008s ]
NOTIC: [8] Constant UPLOAD_URL already defined D:\wwwroot\heavyrain\wwwroot\Application\Common\Common\function.php 第 1029 行.
NOTIC: [8] Constant UPLOAD_PATH already defined D:\wwwroot\heavyrain\wwwroot\Application\Common\Common\function.php 第 1030 行.
SQL: SELECT * FROM `hr_picture` WHERE `status` = 1 AND `id` = 106 LIMIT 1   [ RunTime:0.0011s ]
NOTIC: [8] Constant UPLOAD_URL already defined D:\wwwroot\heavyrain\wwwroot\Application\Common\Common\function.php 第 1029 行.
NOTIC: [8] Constant UPLOAD_PATH already defined D:\wwwroot\heavyrain\wwwroot\Application\Common\Common\function.php 第 1030 行.
SQL: SELECT `id`,`name`,`title`,`pid`,`sort`,`list_row`,`meta_title`,`keywords`,`description`,`template_index`,`template_lists`,`template_detail`,`template_edit`,`model`,`model_sub`,`type`,`link_id`,`allow_publish`,`display`,`reply`,`check`,`reply_model`,`extend`,`create_time`,`update_time`,`status`,`icon`,`groups` FROM `hr_category` WHERE `id` = 41 LIMIT 1   [ RunTime:0.0007s ]
SQL: SELECT `id`,`name`,`pid`,`title`,`link_id` FROM `hr_category` WHERE `status` = 1 ORDER BY sort  [ RunTime:0.0006s ]
SQL: SELECT `id`,`uid`,`name`,`title`,`category_id`,`group_id`,`description`,`root`,`pid`,`model_id`,`type`,`position`,`link_id`,`cover_id`,`display`,`deadline`,`attach`,`view`,`comment`,`extend`,`level`,`create_time`,`update_time`,`status` FROM `hr_document` WHERE `status` = 1 AND `pid` = 0 AND `category_id` = 41 AND `create_time` < 1515547520 AND ( deadline = 0 OR deadline > 1515547520 ) ORDER BY `level` DESC,`id` DESC LIMIT 0,5   [ RunTime:0.0013s ]
SQL: SELECT * FROM `hr_picture` WHERE `status` = 1 AND `id` = 48 LIMIT 1   [ RunTime:0.0011s ]
SQL: SELECT * FROM `hr_picture` WHERE `status` = 1 AND `id` = 49 LIMIT 1   [ RunTime:0.0007s ]
SQL: SELECT * FROM `hr_picture` WHERE `status` = 1 AND `id` = 50 LIMIT 1   [ RunTime:0.0006s ]
SQL: SELECT * FROM `hr_picture` WHERE `status` = 1 AND `id` = 51 LIMIT 1   [ RunTime:0.0011s ]
SQL: SELECT * FROM `hr_picture` WHERE `status` = 1 AND `id` = 52 LIMIT 1   [ RunTime:0.0105s ]
SQL: SELECT `id`,`name`,`title`,`pid`,`sort`,`list_row`,`meta_title`,`keywords`,`description`,`template_index`,`template_lists`,`template_detail`,`template_edit`,`model`,`model_sub`,`type`,`link_id`,`allow_publish`,`display`,`reply`,`check`,`reply_model`,`extend`,`create_time`,`update_time`,`status`,`icon`,`groups` FROM `hr_category` WHERE `id` = 43 LIMIT 1   [ RunTime:0.0013s ]
SQL: SELECT `id`,`name`,`pid`,`title`,`link_id` FROM `hr_category` WHERE `status` = 1 ORDER BY sort  [ RunTime:0.0009s ]
SQL: SELECT `id`,`uid`,`name`,`title`,`category_id`,`group_id`,`description`,`root`,`pid`,`model_id`,`type`,`position`,`link_id`,`cover_id`,`display`,`deadline`,`attach`,`view`,`comment`,`extend`,`level`,`create_time`,`update_time`,`status` FROM `hr_document` WHERE `status` = 1 AND `pid` = 0 AND `category_id` = 43 AND `create_time` < 1515547520 AND ( deadline = 0 OR deadline > 1515547520 ) ORDER BY `level` DESC,`id` DESC LIMIT 0,8   [ RunTime:0.0018s ]
INFO: Run Behavior\ParseTemplateBehavior [ RunTime:0.080668s ]
INFO: [ view_parse ] --END-- [ RunTime:0.009917s ]
INFO: [ view_filter ] --START--
INFO: Run Behavior\WriteHtmlCacheBehavior [ RunTime:0.000030s ]
INFO: [ view_filter ] --END-- [ RunTime:-0.069779s ]
INFO: [ app_end ] --START--
INFO: Run Behavior\ShowPageTraceBehavior [ RunTime:0.001741s ]
INFO: [ app_end ] --END-- [ RunTime:0.001843s ]

[ 2018-01-10T10:34:46+08:00 ] 127.0.0.1 /
INFO: [ app_init ] --START--
INFO: Run Behavior\BuildLiteBehavior [ RunTime:0.000037s ]
INFO: Run Common\Behavior\InitHookBehavior [ RunTime:0.003781s ]
INFO: [ app_init ] --END-- [ RunTime:0.004732s ]
INFO: [ app_begin ] --START--
INFO: Run Behavior\ReadHtmlCacheBehavior [ RunTime:0.001132s ]
INFO: [ app_begin ] --END-- [ RunTime:0.001239s ]
SQL: SHOW COLUMNS FROM `hr_config` [ RunTime:0.0054s ]
SQL: SELECT `type`,`name`,`value` FROM `hr_config` WHERE `status` = 1  [ RunTime:0.0006s ]
SQL: SHOW COLUMNS FROM `hr_category` [ RunTime:0.0040s ]
SQL: SELECT `id`,`name`,`title`,`pid`,`sort`,`list_row`,`meta_title`,`keywords`,`description`,`template_index`,`template_lists`,`template_detail`,`template_edit`,`model`,`model_sub`,`type`,`link_id`,`allow_publish`,`display`,`reply`,`check`,`reply_model`,`extend`,`create_time`,`update_time`,`status`,`icon`,`groups` FROM `hr_category` WHERE `status` = 1 ORDER BY sort  [ RunTime:0.0013s ]
SQL: SHOW COLUMNS FROM `hr_document` [ RunTime:0.0050s ]
SQL: SELECT `id`,`uid`,`name`,`title`,`category_id`,`group_id`,`description`,`root`,`pid`,`model_id`,`type`,`position`,`link_id`,`cover_id`,`display`,`deadline`,`attach`,`view`,`comment`,`extend`,`level`,`create_time`,`update_time`,`status` FROM `hr_document` WHERE `status` = 1 AND `pid` = 0 AND `create_time` < 1515551686 AND ( deadline = 0 OR deadline > 1515551686 ) ORDER BY `id` DESC  [ RunTime:0.0019s ]
INFO: [ view_parse ] --START--
INFO: [ template_filter ] --START--
INFO: Run Behavior\ContentReplaceBehavior [ RunTime:0.000312s ]
INFO: [ template_filter ] --END-- [ RunTime:0.000460s ]
INFO: [ Silder ] --START--
SQL: SHOW COLUMNS FROM `hr_addons` [ RunTime:0.0038s ]
SQL: SELECT `config` FROM `hr_addons` WHERE `name` = 'Silder' AND `status` = 1 LIMIT 1   [ RunTime:0.0007s ]
SQL: SHOW COLUMNS FROM `hr_silder` [ RunTime:0.0033s ]
SQL: SELECT * FROM `hr_silder` WHERE `status` = 1 ORDER BY priorityr asc  [ RunTime:0.0007s ]
SQL: SHOW COLUMNS FROM `hr_picture` [ RunTime:0.0038s ]
SQL: SELECT `path` FROM `hr_picture` WHERE `id` = 18 LIMIT 1   [ RunTime:0.0008s ]
INFO: [ view_parse ] --START--
INFO: [ template_filter ] --START--
INFO: Run Behavior\ContentReplaceBehavior [ RunTime:0.000061s ]
INFO: [ template_filter ] --END-- [ RunTime:-0.026109s ]
INFO: Run Behavior\ParseTemplateBehavior [ RunTime:0.005006s ]
INFO: [ view_parse ] --END-- [ RunTime:0.005129s ]
INFO: [ view_filter ] --START--
INFO: Run Behavior\WriteHtmlCacheBehavior [ RunTime:0.000699s ]
INFO: [ view_filter ] --END-- [ RunTime:0.000782s ]
INFO: Run Addons\Silder\SilderAddon [ RunTime:0.025103s ]
INFO: [ Silder ] --END-- [ RunTime:0.025209s ]
SQL: SELECT `id`,`name`,`title`,`pid`,`sort`,`list_row`,`meta_title`,`keywords`,`description`,`template_index`,`template_lists`,`template_detail`,`template_edit`,`model`,`model_sub`,`type`,`link_id`,`allow_publish`,`display`,`reply`,`check`,`reply_model`,`extend`,`create_time`,`update_time`,`status`,`icon`,`groups` FROM `hr_category` WHERE `id` = 39 LIMIT 1   [ RunTime:0.0007s ]
SQL: SELECT `id`,`name`,`pid`,`title`,`link_id` FROM `hr_category` WHERE `status` = 1 ORDER BY sort  [ RunTime:0.0005s ]
SQL: SELECT `id`,`uid`,`name`,`title`,`category_id`,`group_id`,`description`,`root`,`pid`,`model_id`,`type`,`position`,`link_id`,`cover_id`,`display`,`deadline`,`attach`,`view`,`comment`,`extend`,`level`,`create_time`,`update_time`,`status` FROM `hr_document` WHERE `status` = 1 AND `pid` = 0 AND `category_id` = 39 AND `create_time` < 1515551686 AND ( deadline = 0 OR deadline > 1515551686 ) ORDER BY `level` DESC,`id` DESC LIMIT 0,6   [ RunTime:0.0009s ]
SQL: SHOW COLUMNS FROM `hr_picture` [ RunTime:0.0030s ]
SQL: SELECT * FROM `hr_picture` WHERE `status` = 1 AND `id` = 111 LIMIT 1   [ RunTime:0.0010s ]
SQL: SELECT * FROM `hr_picture` WHERE `status` = 1 AND `id` = 110 LIMIT 1   [ RunTime:0.0004s ]
NOTIC: [8] Constant UPLOAD_URL already defined D:\wwwroot\heavyrain\wwwroot\Application\Common\Common\function.php 第 1029 行.
NOTIC: [8] Constant UPLOAD_PATH already defined D:\wwwroot\heavyrain\wwwroot\Application\Common\Common\function.php 第 1030 行.
SQL: SELECT * FROM `hr_picture` WHERE `status` = 1 AND `id` = 109 LIMIT 1   [ RunTime:0.0004s ]
NOTIC: [8] Constant UPLOAD_URL already defined D:\wwwroot\heavyrain\wwwroot\Application\Common\Common\function.php 第 1029 行.
NOTIC: [8] Constant UPLOAD_PATH already defined D:\wwwroot\heavyrain\wwwroot\Application\Common\Common\function.php 第 1030 行.
SQL: SELECT * FROM `hr_picture` WHERE `status` = 1 AND `id` = 108 LIMIT 1   [ RunTime:0.0005s ]
NOTIC: [8] Constant UPLOAD_URL already defined D:\wwwroot\heavyrain\wwwroot\Application\Common\Common\function.php 第 1029 行.
NOTIC: [8] Constant UPLOAD_PATH already defined D:\wwwroot\heavyrain\wwwroot\Application\Common\Common\function.php 第 1030 行.
SQL: SELECT * FROM `hr_picture` WHERE `status` = 1 AND `id` = 107 LIMIT 1   [ RunTime:0.0004s ]
NOTIC: [8] Constant UPLOAD_URL already defined D:\wwwroot\heavyrain\wwwroot\Application\Common\Common\function.php 第 1029 行.
NOTIC: [8] Constant UPLOAD_PATH already defined D:\wwwroot\heavyrain\wwwroot\Application\Common\Common\function.php 第 1030 行.
SQL: SELECT * FROM `hr_picture` WHERE `status` = 1 AND `id` = 106 LIMIT 1   [ RunTime:0.0007s ]
NOTIC: [8] Constant UPLOAD_URL already defined D:\wwwroot\heavyrain\wwwroot\Application\Common\Common\function.php 第 1029 行.
NOTIC: [8] Constant UPLOAD_PATH already defined D:\wwwroot\heavyrain\wwwroot\Application\Common\Common\function.php 第 1030 行.
SQL: SELECT `id`,`name`,`title`,`pid`,`sort`,`list_row`,`meta_title`,`keywords`,`description`,`template_index`,`template_lists`,`template_detail`,`template_edit`,`model`,`model_sub`,`type`,`link_id`,`allow_publish`,`display`,`reply`,`check`,`reply_model`,`extend`,`create_time`,`update_time`,`status`,`icon`,`groups` FROM `hr_category` WHERE `id` = 41 LIMIT 1   [ RunTime:0.0006s ]
SQL: SELECT `id`,`name`,`pid`,`title`,`link_id` FROM `hr_category` WHERE `status` = 1 ORDER BY sort  [ RunTime:0.0005s ]
SQL: SELECT `id`,`uid`,`name`,`title`,`category_id`,`group_id`,`description`,`root`,`pid`,`model_id`,`type`,`position`,`link_id`,`cover_id`,`display`,`deadline`,`attach`,`view`,`comment`,`extend`,`level`,`create_time`,`update_time`,`status` FROM `hr_document` WHERE `status` = 1 AND `pid` = 0 AND `category_id` = 41 AND `create_time` < 1515551686 AND ( deadline = 0 OR deadline > 1515551686 ) ORDER BY `level` DESC,`id` DESC LIMIT 0,5   [ RunTime:0.0007s ]
SQL: SELECT * FROM `hr_picture` WHERE `status` = 1 AND `id` = 48 LIMIT 1   [ RunTime:0.0005s ]
SQL: SELECT * FROM `hr_picture` WHERE `status` = 1 AND `id` = 49 LIMIT 1   [ RunTime:0.0004s ]
SQL: SELECT * FROM `hr_picture` WHERE `status` = 1 AND `id` = 50 LIMIT 1   [ RunTime:0.0004s ]
SQL: SELECT * FROM `hr_picture` WHERE `status` = 1 AND `id` = 51 LIMIT 1   [ RunTime:0.0004s ]
SQL: SELECT * FROM `hr_picture` WHERE `status` = 1 AND `id` = 52 LIMIT 1   [ RunTime:0.0004s ]
SQL: SELECT `id`,`name`,`title`,`pid`,`sort`,`list_row`,`meta_title`,`keywords`,`description`,`template_index`,`template_lists`,`template_detail`,`template_edit`,`model`,`model_sub`,`type`,`link_id`,`allow_publish`,`display`,`reply`,`check`,`reply_model`,`extend`,`create_time`,`update_time`,`status`,`icon`,`groups` FROM `hr_category` WHERE `id` = 43 LIMIT 1   [ RunTime:0.0005s ]
SQL: SELECT `id`,`name`,`pid`,`title`,`link_id` FROM `hr_category` WHERE `status` = 1 ORDER BY sort  [ RunTime:0.0005s ]
SQL: SELECT `id`,`uid`,`name`,`title`,`category_id`,`group_id`,`description`,`root`,`pid`,`model_id`,`type`,`position`,`link_id`,`cover_id`,`display`,`deadline`,`attach`,`view`,`comment`,`extend`,`level`,`create_time`,`update_time`,`status` FROM `hr_document` WHERE `status` = 1 AND `pid` = 0 AND `category_id` = 43 AND `create_time` < 1515551686 AND ( deadline = 0 OR deadline > 1515551686 ) ORDER BY `level` DESC,`id` DESC LIMIT 0,8   [ RunTime:0.0006s ]
INFO: Run Behavior\ParseTemplateBehavior [ RunTime:0.042248s ]
INFO: [ view_parse ] --END-- [ RunTime:0.005129s ]
INFO: [ view_filter ] --START--
INFO: Run Behavior\WriteHtmlCacheBehavior [ RunTime:0.000047s ]
INFO: [ view_filter ] --END-- [ RunTime:-0.036421s ]
INFO: [ app_end ] --START--
INFO: Run Behavior\ShowPageTraceBehavior [ RunTime:0.001605s ]
INFO: [ app_end ] --END-- [ RunTime:0.001712s ]

[ 2018-01-10T11:05:57+08:00 ] 127.0.0.1 /
INFO: [ app_init ] --START--
INFO: Run Behavior\BuildLiteBehavior [ RunTime:0.000046s ]
INFO: Run Common\Behavior\InitHookBehavior [ RunTime:0.005735s ]
INFO: [ app_init ] --END-- [ RunTime:0.007111s ]
INFO: [ app_begin ] --START--
INFO: Run Behavior\ReadHtmlCacheBehavior [ RunTime:0.001127s ]
INFO: [ app_begin ] --END-- [ RunTime:0.001237s ]
SQL: SHOW COLUMNS FROM `hr_config` [ RunTime:0.0053s ]
SQL: SELECT `type`,`name`,`value` FROM `hr_config` WHERE `status` = 1  [ RunTime:0.0021s ]
SQL: SHOW COLUMNS FROM `hr_category` [ RunTime:0.0063s ]
SQL: SELECT `id`,`name`,`title`,`pid`,`sort`,`list_row`,`meta_title`,`keywords`,`description`,`template_index`,`template_lists`,`template_detail`,`template_edit`,`model`,`model_sub`,`type`,`link_id`,`allow_publish`,`display`,`reply`,`check`,`reply_model`,`extend`,`create_time`,`update_time`,`status`,`icon`,`groups` FROM `hr_category` WHERE `status` = 1 ORDER BY sort  [ RunTime:0.0013s ]
SQL: SHOW COLUMNS FROM `hr_document` [ RunTime:0.0073s ]
SQL: SELECT `id`,`uid`,`name`,`title`,`category_id`,`group_id`,`description`,`root`,`pid`,`model_id`,`type`,`position`,`link_id`,`cover_id`,`display`,`deadline`,`attach`,`view`,`comment`,`extend`,`level`,`create_time`,`update_time`,`status` FROM `hr_document` WHERE `status` = 1 AND `pid` = 0 AND `create_time` < 1515553557 AND ( deadline = 0 OR deadline > 1515553557 ) ORDER BY `id` DESC  [ RunTime:0.0050s ]
INFO: [ view_parse ] --START--
INFO: [ template_filter ] --START--
INFO: Run Behavior\ContentReplaceBehavior [ RunTime:0.000265s ]
INFO: [ template_filter ] --END-- [ RunTime:0.000386s ]
INFO: [ Silder ] --START--
SQL: SHOW COLUMNS FROM `hr_addons` [ RunTime:0.0067s ]
SQL: SELECT `config` FROM `hr_addons` WHERE `name` = 'Silder' AND `status` = 1 LIMIT 1   [ RunTime:0.0010s ]
SQL: SHOW COLUMNS FROM `hr_silder` [ RunTime:0.0036s ]
SQL: SELECT * FROM `hr_silder` WHERE `status` = 1 ORDER BY priorityr asc  [ RunTime:0.0008s ]
SQL: SHOW COLUMNS FROM `hr_picture` [ RunTime:0.0037s ]
SQL: SELECT `path` FROM `hr_picture` WHERE `id` = 18 LIMIT 1   [ RunTime:0.0007s ]
INFO: [ view_parse ] --START--
INFO: [ template_filter ] --START--
INFO: Run Behavior\ContentReplaceBehavior [ RunTime:0.000096s ]
INFO: [ template_filter ] --END-- [ RunTime:-0.034559s ]
INFO: Run Behavior\ParseTemplateBehavior [ RunTime:0.007486s ]
INFO: [ view_parse ] --END-- [ RunTime:0.007638s ]
INFO: [ view_filter ] --START--
INFO: Run Behavior\WriteHtmlCacheBehavior [ RunTime:0.007917s ]
INFO: [ view_filter ] --END-- [ RunTime:0.008086s ]
INFO: Run Addons\Silder\SilderAddon [ RunTime:0.041805s ]
INFO: [ Silder ] --END-- [ RunTime:0.041953s ]
SQL: SELECT `id`,`name`,`title`,`pid`,`sort`,`list_row`,`meta_title`,`keywords`,`description`,`template_index`,`template_lists`,`template_detail`,`template_edit`,`model`,`model_sub`,`type`,`link_id`,`allow_publish`,`display`,`reply`,`check`,`reply_model`,`extend`,`create_time`,`update_time`,`status`,`icon`,`groups` FROM `hr_category` WHERE `id` = 39 LIMIT 1   [ RunTime:0.0011s ]
SQL: SELECT `id`,`name`,`pid`,`title`,`link_id` FROM `hr_category` WHERE `status` = 1 ORDER BY sort  [ RunTime:0.0006s ]
SQL: SELECT `id`,`uid`,`name`,`title`,`category_id`,`group_id`,`description`,`root`,`pid`,`model_id`,`type`,`position`,`link_id`,`cover_id`,`display`,`deadline`,`attach`,`view`,`comment`,`extend`,`level`,`create_time`,`update_time`,`status` FROM `hr_document` WHERE `status` = 1 AND `pid` = 0 AND `category_id` = 39 AND `create_time` < 1515553557 AND ( deadline = 0 OR deadline > 1515553557 ) ORDER BY `level` DESC,`id` DESC LIMIT 0,6   [ RunTime:0.0011s ]
SQL: SHOW COLUMNS FROM `hr_picture` [ RunTime:0.0040s ]
SQL: SELECT * FROM `hr_picture` WHERE `status` = 1 AND `id` = 111 LIMIT 1   [ RunTime:0.0061s ]
SQL: SELECT * FROM `hr_picture` WHERE `status` = 1 AND `id` = 110 LIMIT 1   [ RunTime:0.0040s ]
NOTIC: [8] Constant UPLOAD_URL already defined D:\wwwroot\heavyrain\wwwroot\Application\Common\Common\function.php 第 1029 行.
NOTIC: [8] Constant UPLOAD_PATH already defined D:\wwwroot\heavyrain\wwwroot\Application\Common\Common\function.php 第 1030 行.
SQL: SELECT * FROM `hr_picture` WHERE `status` = 1 AND `id` = 109 LIMIT 1   [ RunTime:0.0009s ]
NOTIC: [8] Constant UPLOAD_URL already defined D:\wwwroot\heavyrain\wwwroot\Application\Common\Common\function.php 第 1029 行.
NOTIC: [8] Constant UPLOAD_PATH already defined D:\wwwroot\heavyrain\wwwroot\Application\Common\Common\function.php 第 1030 行.
SQL: SELECT * FROM `hr_picture` WHERE `status` = 1 AND `id` = 108 LIMIT 1   [ RunTime:0.0007s ]
NOTIC: [8] Constant UPLOAD_URL already defined D:\wwwroot\heavyrain\wwwroot\Application\Common\Common\function.php 第 1029 行.
NOTIC: [8] Constant UPLOAD_PATH already defined D:\wwwroot\heavyrain\wwwroot\Application\Common\Common\function.php 第 1030 行.
SQL: SELECT * FROM `hr_picture` WHERE `status` = 1 AND `id` = 107 LIMIT 1   [ RunTime:0.0005s ]
NOTIC: [8] Constant UPLOAD_URL already defined D:\wwwroot\heavyrain\wwwroot\Application\Common\Common\function.php 第 1029 行.
NOTIC: [8] Constant UPLOAD_PATH already defined D:\wwwroot\heavyrain\wwwroot\Application\Common\Common\function.php 第 1030 行.
SQL: SELECT * FROM `hr_picture` WHERE `status` = 1 AND `id` = 106 LIMIT 1   [ RunTime:0.0005s ]
NOTIC: [8] Constant UPLOAD_URL already defined D:\wwwroot\heavyrain\wwwroot\Application\Common\Common\function.php 第 1029 行.
NOTIC: [8] Constant UPLOAD_PATH already defined D:\wwwroot\heavyrain\wwwroot\Application\Common\Common\function.php 第 1030 行.
SQL: SELECT `id`,`name`,`title`,`pid`,`sort`,`list_row`,`meta_title`,`keywords`,`description`,`template_index`,`template_lists`,`template_detail`,`template_edit`,`model`,`model_sub`,`type`,`link_id`,`allow_publish`,`display`,`reply`,`check`,`reply_model`,`extend`,`create_time`,`update_time`,`status`,`icon`,`groups` FROM `hr_category` WHERE `id` = 41 LIMIT 1   [ RunTime:0.0006s ]
SQL: SELECT `id`,`name`,`pid`,`title`,`link_id` FROM `hr_category` WHERE `status` = 1 ORDER BY sort  [ RunTime:0.0005s ]
SQL: SELECT `id`,`uid`,`name`,`title`,`category_id`,`group_id`,`description`,`root`,`pid`,`model_id`,`type`,`position`,`link_id`,`cover_id`,`display`,`deadline`,`attach`,`view`,`comment`,`extend`,`level`,`create_time`,`update_time`,`status` FROM `hr_document` WHERE `status` = 1 AND `pid` = 0 AND `category_id` = 41 AND `create_time` < 1515553557 AND ( deadline = 0 OR deadline > 1515553557 ) ORDER BY `level` DESC,`id` DESC LIMIT 0,5   [ RunTime:0.0007s ]
SQL: SELECT * FROM `hr_picture` WHERE `status` = 1 AND `id` = 48 LIMIT 1   [ RunTime:0.0004s ]
SQL: SELECT * FROM `hr_picture` WHERE `status` = 1 AND `id` = 49 LIMIT 1   [ RunTime:0.0004s ]
SQL: SELECT * FROM `hr_picture` WHERE `status` = 1 AND `id` = 50 LIMIT 1   [ RunTime:0.0005s ]
SQL: SELECT * FROM `hr_picture` WHERE `status` = 1 AND `id` = 51 LIMIT 1   [ RunTime:0.0005s ]
SQL: SELECT * FROM `hr_picture` WHERE `status` = 1 AND `id` = 52 LIMIT 1   [ RunTime:0.0005s ]
SQL: SELECT `id`,`name`,`title`,`pid`,`sort`,`list_row`,`meta_title`,`keywords`,`description`,`template_index`,`template_lists`,`template_detail`,`template_edit`,`model`,`model_sub`,`type`,`link_id`,`allow_publish`,`display`,`reply`,`check`,`reply_model`,`extend`,`create_time`,`update_time`,`status`,`icon`,`groups` FROM `hr_category` WHERE `id` = 43 LIMIT 1   [ RunTime:0.0010s ]
SQL: SELECT `id`,`name`,`pid`,`title`,`link_id` FROM `hr_category` WHERE `status` = 1 ORDER BY sort  [ RunTime:0.0045s ]
SQL: SELECT `id`,`uid`,`name`,`title`,`category_id`,`group_id`,`description`,`root`,`pid`,`model_id`,`type`,`position`,`link_id`,`cover_id`,`display`,`deadline`,`attach`,`view`,`comment`,`extend`,`level`,`create_time`,`update_time`,`status` FROM `hr_document` WHERE `status` = 1 AND `pid` = 0 AND `category_id` = 43 AND `create_time` < 1515553557 AND ( deadline = 0 OR deadline > 1515553557 ) ORDER BY `level` DESC,`id` DESC LIMIT 0,8   [ RunTime:0.0048s ]
INFO: Run Behavior\ParseTemplateBehavior [ RunTime:0.070279s ]
INFO: [ view_parse ] --END-- [ RunTime:0.007638s ]
INFO: [ view_filter ] --START--
INFO: Run Behavior\WriteHtmlCacheBehavior [ RunTime:0.000058s ]
INFO: [ view_filter ] --END-- [ RunTime:-0.054676s ]
INFO: [ app_end ] --START--
INFO: Run Behavior\ShowPageTraceBehavior [ RunTime:0.002277s ]
INFO: [ app_end ] --END-- [ RunTime:0.002426s ]

[ 2018-01-10T12:42:44+08:00 ] 127.0.0.1 /
INFO: [ app_init ] --START--
INFO: Run Behavior\BuildLiteBehavior [ RunTime:0.000048s ]
INFO: Run Common\Behavior\InitHookBehavior [ RunTime:0.005292s ]
INFO: [ app_init ] --END-- [ RunTime:0.006812s ]
INFO: [ app_begin ] --START--
INFO: Run Behavior\ReadHtmlCacheBehavior [ RunTime:0.003083s ]
INFO: [ app_begin ] --END-- [ RunTime:0.003253s ]
SQL: SHOW COLUMNS FROM `hr_config` [ RunTime:0.0084s ]
SQL: SELECT `type`,`name`,`value` FROM `hr_config` WHERE `status` = 1  [ RunTime:0.0017s ]
SQL: SHOW COLUMNS FROM `hr_category` [ RunTime:0.0047s ]
SQL: SELECT `id`,`name`,`title`,`pid`,`sort`,`list_row`,`meta_title`,`keywords`,`description`,`template_index`,`template_lists`,`template_detail`,`template_edit`,`model`,`model_sub`,`type`,`link_id`,`allow_publish`,`display`,`reply`,`check`,`reply_model`,`extend`,`create_time`,`update_time`,`status`,`icon`,`groups` FROM `hr_category` WHERE `status` = 1 ORDER BY sort  [ RunTime:0.0009s ]
SQL: SHOW COLUMNS FROM `hr_document` [ RunTime:0.0053s ]
SQL: SELECT `id`,`uid`,`name`,`title`,`category_id`,`group_id`,`description`,`root`,`pid`,`model_id`,`type`,`position`,`link_id`,`cover_id`,`display`,`deadline`,`attach`,`view`,`comment`,`extend`,`level`,`create_time`,`update_time`,`status` FROM `hr_document` WHERE `status` = 1 AND `pid` = 0 AND `create_time` < 1515559364 AND ( deadline = 0 OR deadline > 1515559364 ) ORDER BY `id` DESC  [ RunTime:0.0017s ]
INFO: [ view_parse ] --START--
INFO: [ template_filter ] --START--
INFO: Run Behavior\ContentReplaceBehavior [ RunTime:0.000242s ]
INFO: [ template_filter ] --END-- [ RunTime:0.000359s ]
INFO: [ Silder ] --START--
SQL: SHOW COLUMNS FROM `hr_addons` [ RunTime:0.0065s ]
SQL: SELECT `config` FROM `hr_addons` WHERE `name` = 'Silder' AND `status` = 1 LIMIT 1   [ RunTime:0.0007s ]
SQL: SHOW COLUMNS FROM `hr_silder` [ RunTime:0.0039s ]
SQL: SELECT * FROM `hr_silder` WHERE `status` = 1 ORDER BY priorityr asc  [ RunTime:0.0008s ]
SQL: SHOW COLUMNS FROM `hr_picture` [ RunTime:0.0037s ]
SQL: SELECT `path` FROM `hr_picture` WHERE `id` = 18 LIMIT 1   [ RunTime:0.0010s ]
INFO: [ view_parse ] --START--
INFO: [ template_filter ] --START--
INFO: Run Behavior\ContentReplaceBehavior [ RunTime:0.000108s ]
INFO: [ template_filter ] --END-- [ RunTime:-0.034751s ]
INFO: Run Behavior\ParseTemplateBehavior [ RunTime:0.007934s ]
INFO: [ view_parse ] --END-- [ RunTime:0.008102s ]
INFO: [ view_filter ] --START--
INFO: Run Behavior\WriteHtmlCacheBehavior [ RunTime:0.000885s ]
INFO: [ view_filter ] --END-- [ RunTime:0.001000s ]
INFO: Run Addons\Silder\SilderAddon [ RunTime:0.034320s ]
INFO: [ Silder ] --END-- [ RunTime:0.034454s ]
SQL: SELECT `id`,`name`,`title`,`pid`,`sort`,`list_row`,`meta_title`,`keywords`,`description`,`template_index`,`template_lists`,`template_detail`,`template_edit`,`model`,`model_sub`,`type`,`link_id`,`allow_publish`,`display`,`reply`,`check`,`reply_model`,`extend`,`create_time`,`update_time`,`status`,`icon`,`groups` FROM `hr_category` WHERE `id` = 39 LIMIT 1   [ RunTime:0.0008s ]
SQL: SELECT `id`,`name`,`pid`,`title`,`link_id` FROM `hr_category` WHERE `status` = 1 ORDER BY sort  [ RunTime:0.0004s ]
SQL: SELECT `id`,`uid`,`name`,`title`,`category_id`,`group_id`,`description`,`root`,`pid`,`model_id`,`type`,`position`,`link_id`,`cover_id`,`display`,`deadline`,`attach`,`view`,`comment`,`extend`,`level`,`create_time`,`update_time`,`status` FROM `hr_document` WHERE `status` = 1 AND `pid` = 0 AND `category_id` = 39 AND `create_time` < 1515559364 AND ( deadline = 0 OR deadline > 1515559364 ) ORDER BY `level` DESC,`id` DESC LIMIT 0,6   [ RunTime:0.0010s ]
SQL: SHOW COLUMNS FROM `hr_picture` [ RunTime:0.0064s ]
SQL: SELECT * FROM `hr_picture` WHERE `status` = 1 AND `id` = 111 LIMIT 1   [ RunTime:0.0005s ]
SQL: SELECT * FROM `hr_picture` WHERE `status` = 1 AND `id` = 110 LIMIT 1   [ RunTime:0.0003s ]
NOTIC: [8] Constant UPLOAD_URL already defined D:\wwwroot\heavyrain\wwwroot\Application\Common\Common\function.php 第 1029 行.
NOTIC: [8] Constant UPLOAD_PATH already defined D:\wwwroot\heavyrain\wwwroot\Application\Common\Common\function.php 第 1030 行.
SQL: SELECT * FROM `hr_picture` WHERE `status` = 1 AND `id` = 109 LIMIT 1   [ RunTime:0.0004s ]
NOTIC: [8] Constant UPLOAD_URL already defined D:\wwwroot\heavyrain\wwwroot\Application\Common\Common\function.php 第 1029 行.
NOTIC: [8] Constant UPLOAD_PATH already defined D:\wwwroot\heavyrain\wwwroot\Application\Common\Common\function.php 第 1030 行.
SQL: SELECT * FROM `hr_picture` WHERE `status` = 1 AND `id` = 108 LIMIT 1   [ RunTime:0.0003s ]
NOTIC: [8] Constant UPLOAD_URL already defined D:\wwwroot\heavyrain\wwwroot\Application\Common\Common\function.php 第 1029 行.
NOTIC: [8] Constant UPLOAD_PATH already defined D:\wwwroot\heavyrain\wwwroot\Application\Common\Common\function.php 第 1030 行.
SQL: SELECT * FROM `hr_picture` WHERE `status` = 1 AND `id` = 107 LIMIT 1   [ RunTime:0.0004s ]
NOTIC: [8] Constant UPLOAD_URL already defined D:\wwwroot\heavyrain\wwwroot\Application\Common\Common\function.php 第 1029 行.
NOTIC: [8] Constant UPLOAD_PATH already defined D:\wwwroot\heavyrain\wwwroot\Application\Common\Common\function.php 第 1030 行.
SQL: SELECT * FROM `hr_picture` WHERE `status` = 1 AND `id` = 106 LIMIT 1   [ RunTime:0.0007s ]
NOTIC: [8] Constant UPLOAD_URL already defined D:\wwwroot\heavyrain\wwwroot\Application\Common\Common\function.php 第 1029 行.
NOTIC: [8] Constant UPLOAD_PATH already defined D:\wwwroot\heavyrain\wwwroot\Application\Common\Common\function.php 第 1030 行.
SQL: SELECT `id`,`name`,`title`,`pid`,`sort`,`list_row`,`meta_title`,`keywords`,`description`,`template_index`,`template_lists`,`template_detail`,`template_edit`,`model`,`model_sub`,`type`,`link_id`,`allow_publish`,`display`,`reply`,`check`,`reply_model`,`extend`,`create_time`,`update_time`,`status`,`icon`,`groups` FROM `hr_category` WHERE `id` = 41 LIMIT 1   [ RunTime:0.0008s ]
SQL: SELECT `id`,`name`,`pid`,`title`,`link_id` FROM `hr_category` WHERE `status` = 1 ORDER BY sort  [ RunTime:0.0007s ]
SQL: SELECT `id`,`uid`,`name`,`title`,`category_id`,`group_id`,`description`,`root`,`pid`,`model_id`,`type`,`position`,`link_id`,`cover_id`,`display`,`deadline`,`attach`,`view`,`comment`,`extend`,`level`,`create_time`,`update_time`,`status` FROM `hr_document` WHERE `status` = 1 AND `pid` = 0 AND `category_id` = 41 AND `create_time` < 1515559364 AND ( deadline = 0 OR deadline > 1515559364 ) ORDER BY `level` DESC,`id` DESC LIMIT 0,5   [ RunTime:0.0011s ]
SQL: SELECT * FROM `hr_picture` WHERE `status` = 1 AND `id` = 48 LIMIT 1   [ RunTime:0.0005s ]
SQL: SELECT * FROM `hr_picture` WHERE `status` = 1 AND `id` = 49 LIMIT 1   [ RunTime:0.0005s ]
SQL: SELECT * FROM `hr_picture` WHERE `status` = 1 AND `id` = 50 LIMIT 1   [ RunTime:0.0004s ]
SQL: SELECT * FROM `hr_picture` WHERE `status` = 1 AND `id` = 51 LIMIT 1   [ RunTime:0.0004s ]
SQL: SELECT * FROM `hr_picture` WHERE `status` = 1 AND `id` = 52 LIMIT 1   [ RunTime:0.0004s ]
SQL: SELECT `id`,`name`,`title`,`pid`,`sort`,`list_row`,`meta_title`,`keywords`,`description`,`template_index`,`template_lists`,`template_detail`,`template_edit`,`model`,`model_sub`,`type`,`link_id`,`allow_publish`,`display`,`reply`,`check`,`reply_model`,`extend`,`create_time`,`update_time`,`status`,`icon`,`groups` FROM `hr_category` WHERE `id` = 43 LIMIT 1   [ RunTime:0.0005s ]
SQL: SELECT `id`,`name`,`pid`,`title`,`link_id` FROM `hr_category` WHERE `status` = 1 ORDER BY sort  [ RunTime:0.0004s ]
SQL: SELECT `id`,`uid`,`name`,`title`,`category_id`,`group_id`,`description`,`root`,`pid`,`model_id`,`type`,`position`,`link_id`,`cover_id`,`display`,`deadline`,`attach`,`view`,`comment`,`extend`,`level`,`create_time`,`update_time`,`status` FROM `hr_document` WHERE `status` = 1 AND `pid` = 0 AND `category_id` = 43 AND `create_time` < 1515559364 AND ( deadline = 0 OR deadline > 1515559364 ) ORDER BY `level` DESC,`id` DESC LIMIT 0,8   [ RunTime:0.0005s ]
INFO: Run Behavior\ParseTemplateBehavior [ RunTime:0.043015s ]
INFO: [ view_parse ] --END-- [ RunTime:0.008102s ]
INFO: [ view_filter ] --START--
INFO: Run Behavior\WriteHtmlCacheBehavior [ RunTime:0.000030s ]
INFO: [ view_filter ] --END-- [ RunTime:-0.034028s ]
INFO: [ app_end ] --START--
INFO: Run Behavior\ShowPageTraceBehavior [ RunTime:0.001954s ]
INFO: [ app_end ] --END-- [ RunTime:0.002057s ]

[ 2018-01-10T13:03:58+08:00 ] 127.0.0.1 /
INFO: [ app_init ] --START--
INFO: Run Behavior\BuildLiteBehavior [ RunTime:0.000039s ]
INFO: Run Common\Behavior\InitHookBehavior [ RunTime:0.003983s ]
INFO: [ app_init ] --END-- [ RunTime:0.005018s ]
INFO: [ app_begin ] --START--
INFO: Run Behavior\ReadHtmlCacheBehavior [ RunTime:0.001238s ]
INFO: [ app_begin ] --END-- [ RunTime:0.001355s ]
SQL: SHOW COLUMNS FROM `hr_config` [ RunTime:0.0038s ]
SQL: SELECT `type`,`name`,`value` FROM `hr_config` WHERE `status` = 1  [ RunTime:0.0006s ]
SQL: SHOW COLUMNS FROM `hr_category` [ RunTime:0.0044s ]
SQL: SELECT `id`,`name`,`title`,`pid`,`sort`,`list_row`,`meta_title`,`keywords`,`description`,`template_index`,`template_lists`,`template_detail`,`template_edit`,`model`,`model_sub`,`type`,`link_id`,`allow_publish`,`display`,`reply`,`check`,`reply_model`,`extend`,`create_time`,`update_time`,`status`,`icon`,`groups` FROM `hr_category` WHERE `status` = 1 ORDER BY sort  [ RunTime:0.0011s ]
SQL: SHOW COLUMNS FROM `hr_document` [ RunTime:0.0041s ]
SQL: SELECT `id`,`uid`,`name`,`title`,`category_id`,`group_id`,`description`,`root`,`pid`,`model_id`,`type`,`position`,`link_id`,`cover_id`,`display`,`deadline`,`attach`,`view`,`comment`,`extend`,`level`,`create_time`,`update_time`,`status` FROM `hr_document` WHERE `status` = 1 AND `pid` = 0 AND `create_time` < 1515560638 AND ( deadline = 0 OR deadline > 1515560638 ) ORDER BY `id` DESC  [ RunTime:0.0017s ]
INFO: [ view_parse ] --START--
INFO: [ template_filter ] --START--
INFO: Run Behavior\ContentReplaceBehavior [ RunTime:0.000394s ]
INFO: [ template_filter ] --END-- [ RunTime:0.000582s ]
INFO: [ Silder ] --START--
SQL: SHOW COLUMNS FROM `hr_addons` [ RunTime:0.0045s ]
SQL: SELECT `config` FROM `hr_addons` WHERE `name` = 'Silder' AND `status` = 1 LIMIT 1   [ RunTime:0.0007s ]
SQL: SHOW COLUMNS FROM `hr_silder` [ RunTime:0.0038s ]
SQL: SELECT * FROM `hr_silder` WHERE `status` = 1 ORDER BY priorityr asc  [ RunTime:0.0012s ]
SQL: SHOW COLUMNS FROM `hr_picture` [ RunTime:0.0045s ]
SQL: SELECT `path` FROM `hr_picture` WHERE `id` = 18 LIMIT 1   [ RunTime:0.0007s ]
INFO: [ view_parse ] --START--
INFO: [ template_filter ] --START--
INFO: Run Behavior\ContentReplaceBehavior [ RunTime:0.000098s ]
INFO: [ template_filter ] --END-- [ RunTime:-0.032406s ]
INFO: Run Behavior\ParseTemplateBehavior [ RunTime:0.007266s ]
INFO: [ view_parse ] --END-- [ RunTime:0.007382s ]
INFO: [ view_filter ] --START--
INFO: Run Behavior\WriteHtmlCacheBehavior [ RunTime:0.001122s ]
INFO: [ view_filter ] --END-- [ RunTime:0.001211s ]
INFO: Run Addons\Silder\SilderAddon [ RunTime:0.032461s ]
INFO: [ Silder ] --END-- [ RunTime:0.032561s ]
SQL: SELECT `id`,`name`,`title`,`pid`,`sort`,`list_row`,`meta_title`,`keywords`,`description`,`template_index`,`template_lists`,`template_detail`,`template_edit`,`model`,`model_sub`,`type`,`link_id`,`allow_publish`,`display`,`reply`,`check`,`reply_model`,`extend`,`create_time`,`update_time`,`status`,`icon`,`groups` FROM `hr_category` WHERE `id` = 39 LIMIT 1   [ RunTime:0.0009s ]
SQL: SELECT `id`,`name`,`pid`,`title`,`link_id` FROM `hr_category` WHERE `status` = 1 ORDER BY sort  [ RunTime:0.0006s ]
SQL: SELECT `id`,`uid`,`name`,`title`,`category_id`,`group_id`,`description`,`root`,`pid`,`model_id`,`type`,`position`,`link_id`,`cover_id`,`display`,`deadline`,`attach`,`view`,`comment`,`extend`,`level`,`create_time`,`update_time`,`status` FROM `hr_document` WHERE `status` = 1 AND `pid` = 0 AND `category_id` = 39 AND `create_time` < 1515560638 AND ( deadline = 0 OR deadline > 1515560638 ) ORDER BY `level` DESC,`id` DESC LIMIT 0,6   [ RunTime:0.0009s ]
SQL: SHOW COLUMNS FROM `hr_picture` [ RunTime:0.0030s ]
SQL: SELECT * FROM `hr_picture` WHERE `status` = 1 AND `id` = 111 LIMIT 1   [ RunTime:0.0007s ]
SQL: SELECT * FROM `hr_picture` WHERE `status` = 1 AND `id` = 110 LIMIT 1   [ RunTime:0.0005s ]
NOTIC: [8] Constant UPLOAD_URL already defined D:\wwwroot\heavyrain\wwwroot\Application\Common\Common\function.php 第 1029 行.
NOTIC: [8] Constant UPLOAD_PATH already defined D:\wwwroot\heavyrain\wwwroot\Application\Common\Common\function.php 第 1030 行.
SQL: SELECT * FROM `hr_picture` WHERE `status` = 1 AND `id` = 109 LIMIT 1   [ RunTime:0.0004s ]
NOTIC: [8] Constant UPLOAD_URL already defined D:\wwwroot\heavyrain\wwwroot\Application\Common\Common\function.php 第 1029 行.
NOTIC: [8] Constant UPLOAD_PATH already defined D:\wwwroot\heavyrain\wwwroot\Application\Common\Common\function.php 第 1030 行.
SQL: SELECT * FROM `hr_picture` WHERE `status` = 1 AND `id` = 108 LIMIT 1   [ RunTime:0.0004s ]
NOTIC: [8] Constant UPLOAD_URL already defined D:\wwwroot\heavyrain\wwwroot\Application\Common\Common\function.php 第 1029 行.
NOTIC: [8] Constant UPLOAD_PATH already defined D:\wwwroot\heavyrain\wwwroot\Application\Common\Common\function.php 第 1030 行.
SQL: SELECT * FROM `hr_picture` WHERE `status` = 1 AND `id` = 107 LIMIT 1   [ RunTime:0.0005s ]
NOTIC: [8] Constant UPLOAD_URL already defined D:\wwwroot\heavyrain\wwwroot\Application\Common\Common\function.php 第 1029 行.
NOTIC: [8] Constant UPLOAD_PATH already defined D:\wwwroot\heavyrain\wwwroot\Application\Common\Common\function.php 第 1030 行.
SQL: SELECT * FROM `hr_picture` WHERE `status` = 1 AND `id` = 106 LIMIT 1   [ RunTime:0.0004s ]
NOTIC: [8] Constant UPLOAD_URL already defined D:\wwwroot\heavyrain\wwwroot\Application\Common\Common\function.php 第 1029 行.
NOTIC: [8] Constant UPLOAD_PATH already defined D:\wwwroot\heavyrain\wwwroot\Application\Common\Common\function.php 第 1030 行.
SQL: SELECT `id`,`name`,`title`,`pid`,`sort`,`list_row`,`meta_title`,`keywords`,`description`,`template_index`,`template_lists`,`template_detail`,`template_edit`,`model`,`model_sub`,`type`,`link_id`,`allow_publish`,`display`,`reply`,`check`,`reply_model`,`extend`,`create_time`,`update_time`,`status`,`icon`,`groups` FROM `hr_category` WHERE `id` = 41 LIMIT 1   [ RunTime:0.0006s ]
SQL: SELECT `id`,`name`,`pid`,`title`,`link_id` FROM `hr_category` WHERE `status` = 1 ORDER BY sort  [ RunTime:0.0005s ]
SQL: SELECT `id`,`uid`,`name`,`title`,`category_id`,`group_id`,`description`,`root`,`pid`,`model_id`,`type`,`position`,`link_id`,`cover_id`,`display`,`deadline`,`attach`,`view`,`comment`,`extend`,`level`,`create_time`,`update_time`,`status` FROM `hr_document` WHERE `status` = 1 AND `pid` = 0 AND `category_id` = 41 AND `create_time` < 1515560638 AND ( deadline = 0 OR deadline > 1515560638 ) ORDER BY `level` DESC,`id` DESC LIMIT 0,5   [ RunTime:0.0008s ]
SQL: SELECT * FROM `hr_picture` WHERE `status` = 1 AND `id` = 48 LIMIT 1   [ RunTime:0.0004s ]
SQL: SELECT * FROM `hr_picture` WHERE `status` = 1 AND `id` = 49 LIMIT 1   [ RunTime:0.0003s ]
SQL: SELECT * FROM `hr_picture` WHERE `status` = 1 AND `id` = 50 LIMIT 1   [ RunTime:0.0004s ]
SQL: SELECT * FROM `hr_picture` WHERE `status` = 1 AND `id` = 51 LIMIT 1   [ RunTime:0.0005s ]
SQL: SELECT * FROM `hr_picture` WHERE `status` = 1 AND `id` = 52 LIMIT 1   [ RunTime:0.0004s ]
SQL: SELECT `id`,`name`,`title`,`pid`,`sort`,`list_row`,`meta_title`,`keywords`,`description`,`template_index`,`template_lists`,`template_detail`,`template_edit`,`model`,`model_sub`,`type`,`link_id`,`allow_publish`,`display`,`reply`,`check`,`reply_model`,`extend`,`create_time`,`update_time`,`status`,`icon`,`groups` FROM `hr_category` WHERE `id` = 43 LIMIT 1   [ RunTime:0.0006s ]
SQL: SELECT `id`,`name`,`pid`,`title`,`link_id` FROM `hr_category` WHERE `status` = 1 ORDER BY sort  [ RunTime:0.0005s ]
SQL: SELECT `id`,`uid`,`name`,`title`,`category_id`,`group_id`,`description`,`root`,`pid`,`model_id`,`type`,`position`,`link_id`,`cover_id`,`display`,`deadline`,`attach`,`view`,`comment`,`extend`,`level`,`create_time`,`update_time`,`status` FROM `hr_document` WHERE `status` = 1 AND `pid` = 0 AND `category_id` = 43 AND `create_time` < 1515560638 AND ( deadline = 0 OR deadline > 1515560638 ) ORDER BY `level` DESC,`id` DESC LIMIT 0,8   [ RunTime:0.0007s ]
INFO: Run Behavior\ParseTemplateBehavior [ RunTime:0.036698s ]
INFO: [ view_parse ] --END-- [ RunTime:0.007382s ]
INFO: [ view_filter ] --START--
INFO: Run Behavior\WriteHtmlCacheBehavior [ RunTime:0.000029s ]
INFO: [ view_filter ] --END-- [ RunTime:-0.028209s ]
INFO: [ app_end ] --START--
INFO: Run Behavior\ShowPageTraceBehavior [ RunTime:0.001577s ]
INFO: [ app_end ] --END-- [ RunTime:0.001686s ]

[ 2018-01-10T17:17:18+08:00 ] 127.0.0.1 /
INFO: [ app_init ] --START--
INFO: Run Behavior\BuildLiteBehavior [ RunTime:0.000063s ]
INFO: Run Common\Behavior\InitHookBehavior [ RunTime:0.004088s ]
INFO: [ app_init ] --END-- [ RunTime:0.005485s ]
INFO: [ app_begin ] --START--
INFO: Run Behavior\ReadHtmlCacheBehavior [ RunTime:0.001026s ]
INFO: [ app_begin ] --END-- [ RunTime:0.001123s ]
SQL: SHOW COLUMNS FROM `hr_config` [ RunTime:0.0045s ]
SQL: SELECT `type`,`name`,`value` FROM `hr_config` WHERE `status` = 1  [ RunTime:0.0012s ]
SQL: SHOW COLUMNS FROM `hr_category` [ RunTime:0.0052s ]
SQL: SELECT `id`,`name`,`title`,`pid`,`sort`,`list_row`,`meta_title`,`keywords`,`description`,`template_index`,`template_lists`,`template_detail`,`template_edit`,`model`,`model_sub`,`type`,`link_id`,`allow_publish`,`display`,`reply`,`check`,`reply_model`,`extend`,`create_time`,`update_time`,`status`,`icon`,`groups` FROM `hr_category` WHERE `status` = 1 ORDER BY sort  [ RunTime:0.0010s ]
SQL: SHOW COLUMNS FROM `hr_document` [ RunTime:0.0046s ]
SQL: SELECT `id`,`uid`,`name`,`title`,`category_id`,`group_id`,`description`,`root`,`pid`,`model_id`,`type`,`position`,`link_id`,`cover_id`,`display`,`deadline`,`attach`,`view`,`comment`,`extend`,`level`,`create_time`,`update_time`,`status` FROM `hr_document` WHERE `status` = 1 AND `pid` = 0 AND `create_time` < 1515575838 AND ( deadline = 0 OR deadline > 1515575838 ) ORDER BY `id` DESC  [ RunTime:0.0022s ]
INFO: [ view_parse ] --START--
INFO: [ template_filter ] --START--
INFO: Run Behavior\ContentReplaceBehavior [ RunTime:0.000464s ]
INFO: [ template_filter ] --END-- [ RunTime:0.000648s ]
INFO: [ Silder ] --START--
SQL: SHOW COLUMNS FROM `hr_addons` [ RunTime:0.1164s ]
SQL: SELECT `config` FROM `hr_addons` WHERE `name` = 'Silder' AND `status` = 1 LIMIT 1   [ RunTime:0.0035s ]
SQL: SHOW COLUMNS FROM `hr_silder` [ RunTime:0.0065s ]
SQL: SELECT * FROM `hr_silder` WHERE `status` = 1 ORDER BY priorityr asc  [ RunTime:0.0009s ]
SQL: SHOW COLUMNS FROM `hr_picture` [ RunTime:0.0053s ]
SQL: SELECT `path` FROM `hr_picture` WHERE `id` = 18 LIMIT 1   [ RunTime:0.0054s ]
INFO: [ view_parse ] --START--
INFO: [ template_filter ] --START--
INFO: Run Behavior\ContentReplaceBehavior [ RunTime:0.000079s ]
INFO: [ template_filter ] --END-- [ RunTime:-0.158826s ]
INFO: Run Behavior\ParseTemplateBehavior [ RunTime:0.008267s ]
INFO: [ view_parse ] --END-- [ RunTime:0.010438s ]
INFO: [ view_filter ] --START--
INFO: Run Behavior\WriteHtmlCacheBehavior [ RunTime:0.001264s ]
INFO: [ view_filter ] --END-- [ RunTime:0.001412s ]
INFO: Run Addons\Silder\SilderAddon [ RunTime:0.160717s ]
INFO: [ Silder ] --END-- [ RunTime:0.160857s ]
SQL: SELECT `id`,`name`,`title`,`pid`,`sort`,`list_row`,`meta_title`,`keywords`,`description`,`template_index`,`template_lists`,`template_detail`,`template_edit`,`model`,`model_sub`,`type`,`link_id`,`allow_publish`,`display`,`reply`,`check`,`reply_model`,`extend`,`create_time`,`update_time`,`status`,`icon`,`groups` FROM `hr_category` WHERE `id` = 39 LIMIT 1   [ RunTime:0.0008s ]
SQL: SELECT `id`,`name`,`pid`,`title`,`link_id` FROM `hr_category` WHERE `status` = 1 ORDER BY sort  [ RunTime:0.0006s ]
SQL: SELECT `id`,`uid`,`name`,`title`,`category_id`,`group_id`,`description`,`root`,`pid`,`model_id`,`type`,`position`,`link_id`,`cover_id`,`display`,`deadline`,`attach`,`view`,`comment`,`extend`,`level`,`create_time`,`update_time`,`status` FROM `hr_document` WHERE `status` = 1 AND `pid` = 0 AND `category_id` = 39 AND `create_time` < 1515575838 AND ( deadline = 0 OR deadline > 1515575838 ) ORDER BY `level` DESC,`id` DESC LIMIT 0,6   [ RunTime:0.0015s ]
SQL: SHOW COLUMNS FROM `hr_picture` [ RunTime:0.0078s ]
SQL: SELECT * FROM `hr_picture` WHERE `status` = 1 AND `id` = 111 LIMIT 1   [ RunTime:0.0010s ]
SQL: SELECT * FROM `hr_picture` WHERE `status` = 1 AND `id` = 110 LIMIT 1   [ RunTime:0.0009s ]
NOTIC: [8] Constant UPLOAD_URL already defined D:\wwwroot\heavyrain\wwwroot\Application\Common\Common\function.php 第 1029 行.
NOTIC: [8] Constant UPLOAD_PATH already defined D:\wwwroot\heavyrain\wwwroot\Application\Common\Common\function.php 第 1030 行.
SQL: SELECT * FROM `hr_picture` WHERE `status` = 1 AND `id` = 109 LIMIT 1   [ RunTime:0.0016s ]
NOTIC: [8] Constant UPLOAD_URL already defined D:\wwwroot\heavyrain\wwwroot\Application\Common\Common\function.php 第 1029 行.
NOTIC: [8] Constant UPLOAD_PATH already defined D:\wwwroot\heavyrain\wwwroot\Application\Common\Common\function.php 第 1030 行.
SQL: SELECT * FROM `hr_picture` WHERE `status` = 1 AND `id` = 108 LIMIT 1   [ RunTime:0.0062s ]
NOTIC: [8] Constant UPLOAD_URL already defined D:\wwwroot\heavyrain\wwwroot\Application\Common\Common\function.php 第 1029 行.
NOTIC: [8] Constant UPLOAD_PATH already defined D:\wwwroot\heavyrain\wwwroot\Application\Common\Common\function.php 第 1030 行.
SQL: SELECT * FROM `hr_picture` WHERE `status` = 1 AND `id` = 107 LIMIT 1   [ RunTime:0.0005s ]
NOTIC: [8] Constant UPLOAD_URL already defined D:\wwwroot\heavyrain\wwwroot\Application\Common\Common\function.php 第 1029 行.
NOTIC: [8] Constant UPLOAD_PATH already defined D:\wwwroot\heavyrain\wwwroot\Application\Common\Common\function.php 第 1030 行.
SQL: SELECT * FROM `hr_picture` WHERE `status` = 1 AND `id` = 106 LIMIT 1   [ RunTime:0.0006s ]
NOTIC: [8] Constant UPLOAD_URL already defined D:\wwwroot\heavyrain\wwwroot\Application\Common\Common\function.php 第 1029 行.
NOTIC: [8] Constant UPLOAD_PATH already defined D:\wwwroot\heavyrain\wwwroot\Application\Common\Common\function.php 第 1030 行.
SQL: SELECT `id`,`name`,`title`,`pid`,`sort`,`list_row`,`meta_title`,`keywords`,`description`,`template_index`,`template_lists`,`template_detail`,`template_edit`,`model`,`model_sub`,`type`,`link_id`,`allow_publish`,`display`,`reply`,`check`,`reply_model`,`extend`,`create_time`,`update_time`,`status`,`icon`,`groups` FROM `hr_category` WHERE `id` = 41 LIMIT 1   [ RunTime:0.0009s ]
SQL: SELECT `id`,`name`,`pid`,`title`,`link_id` FROM `hr_category` WHERE `status` = 1 ORDER BY sort  [ RunTime:0.0005s ]
SQL: SELECT `id`,`uid`,`name`,`title`,`category_id`,`group_id`,`description`,`root`,`pid`,`model_id`,`type`,`position`,`link_id`,`cover_id`,`display`,`deadline`,`attach`,`view`,`comment`,`extend`,`level`,`create_time`,`update_time`,`status` FROM `hr_document` WHERE `status` = 1 AND `pid` = 0 AND `category_id` = 41 AND `create_time` < 1515575838 AND ( deadline = 0 OR deadline > 1515575838 ) ORDER BY `level` DESC,`id` DESC LIMIT 0,5   [ RunTime:0.0006s ]
SQL: SELECT * FROM `hr_picture` WHERE `status` = 1 AND `id` = 48 LIMIT 1   [ RunTime:0.0004s ]
SQL: SELECT * FROM `hr_picture` WHERE `status` = 1 AND `id` = 49 LIMIT 1   [ RunTime:0.0004s ]
SQL: SELECT * FROM `hr_picture` WHERE `status` = 1 AND `id` = 50 LIMIT 1   [ RunTime:0.0005s ]
SQL: SELECT * FROM `hr_picture` WHERE `status` = 1 AND `id` = 51 LIMIT 1   [ RunTime:0.0005s ]
SQL: SELECT * FROM `hr_picture` WHERE `status` = 1 AND `id` = 52 LIMIT 1   [ RunTime:0.0004s ]
SQL: SELECT `id`,`name`,`title`,`pid`,`sort`,`list_row`,`meta_title`,`keywords`,`description`,`template_index`,`template_lists`,`template_detail`,`template_edit`,`model`,`model_sub`,`type`,`link_id`,`allow_publish`,`display`,`reply`,`check`,`reply_model`,`extend`,`create_time`,`update_time`,`status`,`icon`,`groups` FROM `hr_category` WHERE `id` = 43 LIMIT 1   [ RunTime:0.0005s ]
SQL: SELECT `id`,`name`,`pid`,`title`,`link_id` FROM `hr_category` WHERE `status` = 1 ORDER BY sort  [ RunTime:0.0005s ]
SQL: SELECT `id`,`uid`,`name`,`title`,`category_id`,`group_id`,`description`,`root`,`pid`,`model_id`,`type`,`position`,`link_id`,`cover_id`,`display`,`deadline`,`attach`,`view`,`comment`,`extend`,`level`,`create_time`,`update_time`,`status` FROM `hr_document` WHERE `status` = 1 AND `pid` = 0 AND `category_id` = 43 AND `create_time` < 1515575838 AND ( deadline = 0 OR deadline > 1515575838 ) ORDER BY `level` DESC,`id` DESC LIMIT 0,8   [ RunTime:0.0006s ]
INFO: Run Behavior\ParseTemplateBehavior [ RunTime:0.057259s ]
INFO: [ view_parse ] --END-- [ RunTime:0.010438s ]
INFO: [ view_filter ] --START--
INFO: Run Behavior\WriteHtmlCacheBehavior [ RunTime:0.000030s ]
INFO: [ view_filter ] --END-- [ RunTime:-0.045388s ]
INFO: [ app_end ] --START--
INFO: Run Behavior\ShowPageTraceBehavior [ RunTime:0.001532s ]
INFO: [ app_end ] --END-- [ RunTime:0.001625s ]

[ 2018-01-10T21:44:23+08:00 ] 127.0.0.1 /
INFO: [ app_init ] --START--
INFO: Run Behavior\BuildLiteBehavior [ RunTime:0.000034s ]
INFO: Run Common\Behavior\InitHookBehavior [ RunTime:0.003630s ]
INFO: [ app_init ] --END-- [ RunTime:0.004559s ]
INFO: [ app_begin ] --START--
INFO: Run Behavior\ReadHtmlCacheBehavior [ RunTime:0.000997s ]
INFO: [ app_begin ] --END-- [ RunTime:0.001097s ]
SQL: SHOW COLUMNS FROM `hr_config` [ RunTime:0.0034s ]
SQL: SELECT `type`,`name`,`value` FROM `hr_config` WHERE `status` = 1  [ RunTime:0.0005s ]
SQL: SHOW COLUMNS FROM `hr_category` [ RunTime:0.0041s ]
SQL: SELECT `id`,`name`,`title`,`pid`,`sort`,`list_row`,`meta_title`,`keywords`,`description`,`template_index`,`template_lists`,`template_detail`,`template_edit`,`model`,`model_sub`,`type`,`link_id`,`allow_publish`,`display`,`reply`,`check`,`reply_model`,`extend`,`create_time`,`update_time`,`status`,`icon`,`groups` FROM `hr_category` WHERE `status` = 1 ORDER BY sort  [ RunTime:0.0005s ]
SQL: SHOW COLUMNS FROM `hr_document` [ RunTime:0.0045s ]
SQL: SELECT `id`,`uid`,`name`,`title`,`category_id`,`group_id`,`description`,`root`,`pid`,`model_id`,`type`,`position`,`link_id`,`cover_id`,`display`,`deadline`,`attach`,`view`,`comment`,`extend`,`level`,`create_time`,`update_time`,`status` FROM `hr_document` WHERE `status` = 1 AND `pid` = 0 AND `create_time` < 1515591863 AND ( deadline = 0 OR deadline > 1515591863 ) ORDER BY `id` DESC  [ RunTime:0.0036s ]
INFO: [ view_parse ] --START--
INFO: [ template_filter ] --START--
INFO: Run Behavior\ContentReplaceBehavior [ RunTime:0.000403s ]
INFO: [ template_filter ] --END-- [ RunTime:0.000562s ]
INFO: [ Silder ] --START--
SQL: SHOW COLUMNS FROM `hr_addons` [ RunTime:0.0038s ]
SQL: SELECT `config` FROM `hr_addons` WHERE `name` = 'Silder' AND `status` = 1 LIMIT 1   [ RunTime:0.0007s ]
SQL: SHOW COLUMNS FROM `hr_silder` [ RunTime:0.0036s ]
SQL: SELECT * FROM `hr_silder` WHERE `status` = 1 ORDER BY priorityr asc  [ RunTime:0.0006s ]
SQL: SHOW COLUMNS FROM `hr_picture` [ RunTime:0.0029s ]
SQL: SELECT `path` FROM `hr_picture` WHERE `id` = 18 LIMIT 1   [ RunTime:0.0008s ]
INFO: [ view_parse ] --START--
INFO: [ template_filter ] --START--
INFO: Run Behavior\ContentReplaceBehavior [ RunTime:0.000063s ]
INFO: [ template_filter ] --END-- [ RunTime:-0.027132s ]
INFO: Run Behavior\ParseTemplateBehavior [ RunTime:0.005329s ]
INFO: [ view_parse ] --END-- [ RunTime:0.005431s ]
INFO: [ view_filter ] --START--
INFO: Run Behavior\WriteHtmlCacheBehavior [ RunTime:0.000692s ]
INFO: [ view_filter ] --END-- [ RunTime:0.000774s ]
INFO: Run Addons\Silder\SilderAddon [ RunTime:0.026166s ]
INFO: [ Silder ] --END-- [ RunTime:0.026280s ]
SQL: SELECT `id`,`name`,`title`,`pid`,`sort`,`list_row`,`meta_title`,`keywords`,`description`,`template_index`,`template_lists`,`template_detail`,`template_edit`,`model`,`model_sub`,`type`,`link_id`,`allow_publish`,`display`,`reply`,`check`,`reply_model`,`extend`,`create_time`,`update_time`,`status`,`icon`,`groups` FROM `hr_category` WHERE `id` = 39 LIMIT 1   [ RunTime:0.0007s ]
SQL: SELECT `id`,`name`,`pid`,`title`,`link_id` FROM `hr_category` WHERE `status` = 1 ORDER BY sort  [ RunTime:0.0005s ]
SQL: SELECT `id`,`uid`,`name`,`title`,`category_id`,`group_id`,`description`,`root`,`pid`,`model_id`,`type`,`position`,`link_id`,`cover_id`,`display`,`deadline`,`attach`,`view`,`comment`,`extend`,`level`,`create_time`,`update_time`,`status` FROM `hr_document` WHERE `status` = 1 AND `pid` = 0 AND `category_id` = 39 AND `create_time` < 1515591863 AND ( deadline = 0 OR deadline > 1515591863 ) ORDER BY `level` DESC,`id` DESC LIMIT 0,6   [ RunTime:0.0010s ]
SQL: SHOW COLUMNS FROM `hr_picture` [ RunTime:0.0035s ]
SQL: SELECT * FROM `hr_picture` WHERE `status` = 1 AND `id` = 111 LIMIT 1   [ RunTime:0.0007s ]
SQL: SELECT * FROM `hr_picture` WHERE `status` = 1 AND `id` = 110 LIMIT 1   [ RunTime:0.0004s ]
NOTIC: [8] Constant UPLOAD_URL already defined D:\wwwroot\heavyrain\wwwroot\Application\Common\Common\function.php 第 1029 行.
NOTIC: [8] Constant UPLOAD_PATH already defined D:\wwwroot\heavyrain\wwwroot\Application\Common\Common\function.php 第 1030 行.
SQL: SELECT * FROM `hr_picture` WHERE `status` = 1 AND `id` = 109 LIMIT 1   [ RunTime:0.0004s ]
NOTIC: [8] Constant UPLOAD_URL already defined D:\wwwroot\heavyrain\wwwroot\Application\Common\Common\function.php 第 1029 行.
NOTIC: [8] Constant UPLOAD_PATH already defined D:\wwwroot\heavyrain\wwwroot\Application\Common\Common\function.php 第 1030 行.
SQL: SELECT * FROM `hr_picture` WHERE `status` = 1 AND `id` = 108 LIMIT 1   [ RunTime:0.0004s ]
NOTIC: [8] Constant UPLOAD_URL already defined D:\wwwroot\heavyrain\wwwroot\Application\Common\Common\function.php 第 1029 行.
NOTIC: [8] Constant UPLOAD_PATH already defined D:\wwwroot\heavyrain\wwwroot\Application\Common\Common\function.php 第 1030 行.
SQL: SELECT * FROM `hr_picture` WHERE `status` = 1 AND `id` = 107 LIMIT 1   [ RunTime:0.0004s ]
NOTIC: [8] Constant UPLOAD_URL already defined D:\wwwroot\heavyrain\wwwroot\Application\Common\Common\function.php 第 1029 行.
NOTIC: [8] Constant UPLOAD_PATH already defined D:\wwwroot\heavyrain\wwwroot\Application\Common\Common\function.php 第 1030 行.
SQL: SELECT * FROM `hr_picture` WHERE `status` = 1 AND `id` = 106 LIMIT 1   [ RunTime:0.0004s ]
NOTIC: [8] Constant UPLOAD_URL already defined D:\wwwroot\heavyrain\wwwroot\Application\Common\Common\function.php 第 1029 行.
NOTIC: [8] Constant UPLOAD_PATH already defined D:\wwwroot\heavyrain\wwwroot\Application\Common\Common\function.php 第 1030 行.
SQL: SELECT `id`,`name`,`title`,`pid`,`sort`,`list_row`,`meta_title`,`keywords`,`description`,`template_index`,`template_lists`,`template_detail`,`template_edit`,`model`,`model_sub`,`type`,`link_id`,`allow_publish`,`display`,`reply`,`check`,`reply_model`,`extend`,`create_time`,`update_time`,`status`,`icon`,`groups` FROM `hr_category` WHERE `id` = 41 LIMIT 1   [ RunTime:0.0005s ]
SQL: SELECT `id`,`name`,`pid`,`title`,`link_id` FROM `hr_category` WHERE `status` = 1 ORDER BY sort  [ RunTime:0.0017s ]
SQL: SELECT `id`,`uid`,`name`,`title`,`category_id`,`group_id`,`description`,`root`,`pid`,`model_id`,`type`,`position`,`link_id`,`cover_id`,`display`,`deadline`,`attach`,`view`,`comment`,`extend`,`level`,`create_time`,`update_time`,`status` FROM `hr_document` WHERE `status` = 1 AND `pid` = 0 AND `category_id` = 41 AND `create_time` < 1515591863 AND ( deadline = 0 OR deadline > 1515591863 ) ORDER BY `level` DESC,`id` DESC LIMIT 0,5   [ RunTime:0.0008s ]
SQL: SELECT * FROM `hr_picture` WHERE `status` = 1 AND `id` = 48 LIMIT 1   [ RunTime:0.0004s ]
SQL: SELECT * FROM `hr_picture` WHERE `status` = 1 AND `id` = 49 LIMIT 1   [ RunTime:0.0004s ]
SQL: SELECT * FROM `hr_picture` WHERE `status` = 1 AND `id` = 50 LIMIT 1   [ RunTime:0.0004s ]
SQL: SELECT * FROM `hr_picture` WHERE `status` = 1 AND `id` = 51 LIMIT 1   [ RunTime:0.0004s ]
SQL: SELECT * FROM `hr_picture` WHERE `status` = 1 AND `id` = 52 LIMIT 1   [ RunTime:0.0004s ]
SQL: SELECT `id`,`name`,`title`,`pid`,`sort`,`list_row`,`meta_title`,`keywords`,`description`,`template_index`,`template_lists`,`template_detail`,`template_edit`,`model`,`model_sub`,`type`,`link_id`,`allow_publish`,`display`,`reply`,`check`,`reply_model`,`extend`,`create_time`,`update_time`,`status`,`icon`,`groups` FROM `hr_category` WHERE `id` = 43 LIMIT 1   [ RunTime:0.0004s ]
SQL: SELECT `id`,`name`,`pid`,`title`,`link_id` FROM `hr_category` WHERE `status` = 1 ORDER BY sort  [ RunTime:0.0004s ]
SQL: SELECT `id`,`uid`,`name`,`title`,`category_id`,`group_id`,`description`,`root`,`pid`,`model_id`,`type`,`position`,`link_id`,`cover_id`,`display`,`deadline`,`attach`,`view`,`comment`,`extend`,`level`,`create_time`,`update_time`,`status` FROM `hr_document` WHERE `status` = 1 AND `pid` = 0 AND `category_id` = 43 AND `create_time` < 1515591863 AND ( deadline = 0 OR deadline > 1515591863 ) ORDER BY `level` DESC,`id` DESC LIMIT 0,8   [ RunTime:0.0005s ]
INFO: Run Behavior\ParseTemplateBehavior [ RunTime:0.033293s ]
INFO: [ view_parse ] --END-- [ RunTime:0.005431s ]
INFO: [ view_filter ] --START--
INFO: Run Behavior\WriteHtmlCacheBehavior [ RunTime:0.000028s ]
INFO: [ view_filter ] --END-- [ RunTime:-0.027165s ]
INFO: [ app_end ] --START--
INFO: Run Behavior\ShowPageTraceBehavior [ RunTime:0.001478s ]
INFO: [ app_end ] --END-- [ RunTime:0.001597s ]

