[ 2018-01-17T00:47:54+08:00 ] 127.0.0.1 /
INFO: [ app_init ] --START--
INFO: Run Behavior\BuildLiteBehavior [ RunTime:0.000040s ]
INFO: Run Common\Behavior\InitHookBehavior [ RunTime:0.004383s ]
INFO: [ app_init ] --END-- [ RunTime:0.005444s ]
INFO: [ app_begin ] --START--
INFO: Run Behavior\ReadHtmlCacheBehavior [ RunTime:0.001034s ]
INFO: [ app_begin ] --END-- [ RunTime:0.001160s ]
SQL: SHOW COLUMNS FROM `hr_config` [ RunTime:0.0065s ]
SQL: SELECT `type`,`name`,`value` FROM `hr_config` WHERE `status` = 1  [ RunTime:0.0007s ]
SQL: SHOW COLUMNS FROM `hr_category` [ RunTime:0.0055s ]
SQL: SELECT `id`,`name`,`title`,`pid`,`sort`,`list_row`,`meta_title`,`keywords`,`description`,`template_index`,`template_lists`,`template_detail`,`template_edit`,`model`,`model_sub`,`type`,`link_id`,`allow_publish`,`display`,`reply`,`check`,`reply_model`,`extend`,`create_time`,`update_time`,`status`,`icon`,`groups` FROM `hr_category` WHERE `status` = 1 ORDER BY sort  [ RunTime:0.0069s ]
SQL: SHOW COLUMNS FROM `hr_document` [ RunTime:0.0049s ]
SQL: SELECT `id`,`uid`,`name`,`title`,`category_id`,`group_id`,`description`,`root`,`pid`,`model_id`,`type`,`position`,`link_id`,`cover_id`,`display`,`deadline`,`attach`,`view`,`comment`,`extend`,`level`,`create_time`,`update_time`,`status` FROM `hr_document` WHERE `status` = 1 AND `pid` = 0 AND `create_time` < 1516121274 AND ( deadline = 0 OR deadline > 1516121274 ) ORDER BY `id` DESC  [ RunTime:0.0015s ]
INFO: [ view_parse ] --START--
INFO: [ template_filter ] --START--
INFO: Run Behavior\ContentReplaceBehavior [ RunTime:0.000237s ]
INFO: [ template_filter ] --END-- [ RunTime:0.000346s ]
INFO: [ Silder ] --START--
SQL: SHOW COLUMNS FROM `hr_addons` [ RunTime:0.0051s ]
SQL: SELECT `config` FROM `hr_addons` WHERE `name` = 'Silder' AND `status` = 1 LIMIT 1   [ RunTime:0.0013s ]
SQL: SHOW COLUMNS FROM `hr_silder` [ RunTime:0.0047s ]
SQL: SELECT * FROM `hr_silder` WHERE `status` = 1 ORDER BY priorityr asc  [ RunTime:0.0008s ]
SQL: SHOW COLUMNS FROM `hr_picture` [ RunTime:0.0064s ]
SQL: SELECT `path` FROM `hr_picture` WHERE `id` = 18 LIMIT 1   [ RunTime:0.0006s ]
INFO: [ view_parse ] --START--
INFO: [ template_filter ] --START--
INFO: Run Behavior\ContentReplaceBehavior [ RunTime:0.000101s ]
INFO: [ template_filter ] --END-- [ RunTime:-0.034442s ]
INFO: Run Behavior\ParseTemplateBehavior [ RunTime:0.007518s ]
INFO: [ view_parse ] --END-- [ RunTime:0.007663s ]
INFO: [ view_filter ] --START--
INFO: Run Behavior\WriteHtmlCacheBehavior [ RunTime:0.000762s ]
INFO: [ view_filter ] --END-- [ RunTime:0.000878s ]
INFO: Run Addons\Silder\SilderAddon [ RunTime:0.035764s ]
INFO: [ Silder ] --END-- [ RunTime:0.035851s ]
SQL: SELECT `id`,`name`,`title`,`pid`,`sort`,`list_row`,`meta_title`,`keywords`,`description`,`template_index`,`template_lists`,`template_detail`,`template_edit`,`model`,`model_sub`,`type`,`link_id`,`allow_publish`,`display`,`reply`,`check`,`reply_model`,`extend`,`create_time`,`update_time`,`status`,`icon`,`groups` FROM `hr_category` WHERE `id` = 39 LIMIT 1   [ RunTime:0.0007s ]
SQL: SELECT `id`,`name`,`pid`,`title`,`link_id` FROM `hr_category` WHERE `status` = 1 ORDER BY sort  [ RunTime:0.0007s ]
SQL: SELECT `id`,`uid`,`name`,`title`,`category_id`,`group_id`,`description`,`root`,`pid`,`model_id`,`type`,`position`,`link_id`,`cover_id`,`display`,`deadline`,`attach`,`view`,`comment`,`extend`,`level`,`create_time`,`update_time`,`status` FROM `hr_document` WHERE `status` = 1 AND `pid` = 0 AND `category_id` = 39 AND `create_time` < 1516121274 AND ( deadline = 0 OR deadline > 1516121274 ) ORDER BY `level` DESC,`id` DESC LIMIT 0,6   [ RunTime:0.0013s ]
SQL: SHOW COLUMNS FROM `hr_picture` [ RunTime:0.0036s ]
SQL: SELECT * FROM `hr_picture` WHERE `status` = 1 AND `id` = 111 LIMIT 1   [ RunTime:0.0010s ]
SQL: SELECT * FROM `hr_picture` WHERE `status` = 1 AND `id` = 110 LIMIT 1   [ RunTime:0.0004s ]
NOTIC: [8] Constant UPLOAD_URL already defined D:\wwwroot\heavyrain\wwwroot\Application\Common\Common\function.php 第 1029 行.
NOTIC: [8] Constant UPLOAD_PATH already defined D:\wwwroot\heavyrain\wwwroot\Application\Common\Common\function.php 第 1030 行.
SQL: SELECT * FROM `hr_picture` WHERE `status` = 1 AND `id` = 109 LIMIT 1   [ RunTime:0.0005s ]
NOTIC: [8] Constant UPLOAD_URL already defined D:\wwwroot\heavyrain\wwwroot\Application\Common\Common\function.php 第 1029 行.
NOTIC: [8] Constant UPLOAD_PATH already defined D:\wwwroot\heavyrain\wwwroot\Application\Common\Common\function.php 第 1030 行.
SQL: SELECT * FROM `hr_picture` WHERE `status` = 1 AND `id` = 108 LIMIT 1   [ RunTime:0.0010s ]
NOTIC: [8] Constant UPLOAD_URL already defined D:\wwwroot\heavyrain\wwwroot\Application\Common\Common\function.php 第 1029 行.
NOTIC: [8] Constant UPLOAD_PATH already defined D:\wwwroot\heavyrain\wwwroot\Application\Common\Common\function.php 第 1030 行.
SQL: SELECT * FROM `hr_picture` WHERE `status` = 1 AND `id` = 107 LIMIT 1   [ RunTime:0.0012s ]
NOTIC: [8] Constant UPLOAD_URL already defined D:\wwwroot\heavyrain\wwwroot\Application\Common\Common\function.php 第 1029 行.
NOTIC: [8] Constant UPLOAD_PATH already defined D:\wwwroot\heavyrain\wwwroot\Application\Common\Common\function.php 第 1030 行.
SQL: SELECT * FROM `hr_picture` WHERE `status` = 1 AND `id` = 106 LIMIT 1   [ RunTime:0.0007s ]
NOTIC: [8] Constant UPLOAD_URL already defined D:\wwwroot\heavyrain\wwwroot\Application\Common\Common\function.php 第 1029 行.
NOTIC: [8] Constant UPLOAD_PATH already defined D:\wwwroot\heavyrain\wwwroot\Application\Common\Common\function.php 第 1030 行.
SQL: SELECT `id`,`name`,`title`,`pid`,`sort`,`list_row`,`meta_title`,`keywords`,`description`,`template_index`,`template_lists`,`template_detail`,`template_edit`,`model`,`model_sub`,`type`,`link_id`,`allow_publish`,`display`,`reply`,`check`,`reply_model`,`extend`,`create_time`,`update_time`,`status`,`icon`,`groups` FROM `hr_category` WHERE `id` = 41 LIMIT 1   [ RunTime:0.0007s ]
SQL: SELECT `id`,`name`,`pid`,`title`,`link_id` FROM `hr_category` WHERE `status` = 1 ORDER BY sort  [ RunTime:0.0014s ]
SQL: SELECT `id`,`uid`,`name`,`title`,`category_id`,`group_id`,`description`,`root`,`pid`,`model_id`,`type`,`position`,`link_id`,`cover_id`,`display`,`deadline`,`attach`,`view`,`comment`,`extend`,`level`,`create_time`,`update_time`,`status` FROM `hr_document` WHERE `status` = 1 AND `pid` = 0 AND `category_id` = 41 AND `create_time` < 1516121274 AND ( deadline = 0 OR deadline > 1516121274 ) ORDER BY `level` DESC,`id` DESC LIMIT 0,5   [ RunTime:0.0008s ]
SQL: SELECT * FROM `hr_picture` WHERE `status` = 1 AND `id` = 48 LIMIT 1   [ RunTime:0.0008s ]
SQL: SELECT * FROM `hr_picture` WHERE `status` = 1 AND `id` = 49 LIMIT 1   [ RunTime:0.0005s ]
SQL: SELECT * FROM `hr_picture` WHERE `status` = 1 AND `id` = 50 LIMIT 1   [ RunTime:0.0004s ]
SQL: SELECT * FROM `hr_picture` WHERE `status` = 1 AND `id` = 51 LIMIT 1   [ RunTime:0.0013s ]
SQL: SELECT * FROM `hr_picture` WHERE `status` = 1 AND `id` = 52 LIMIT 1   [ RunTime:0.0004s ]
SQL: SELECT `id`,`name`,`title`,`pid`,`sort`,`list_row`,`meta_title`,`keywords`,`description`,`template_index`,`template_lists`,`template_detail`,`template_edit`,`model`,`model_sub`,`type`,`link_id`,`allow_publish`,`display`,`reply`,`check`,`reply_model`,`extend`,`create_time`,`update_time`,`status`,`icon`,`groups` FROM `hr_category` WHERE `id` = 43 LIMIT 1   [ RunTime:0.0005s ]
SQL: SELECT `id`,`name`,`pid`,`title`,`link_id` FROM `hr_category` WHERE `status` = 1 ORDER BY sort  [ RunTime:0.0008s ]
SQL: SELECT `id`,`uid`,`name`,`title`,`category_id`,`group_id`,`description`,`root`,`pid`,`model_id`,`type`,`position`,`link_id`,`cover_id`,`display`,`deadline`,`attach`,`view`,`comment`,`extend`,`level`,`create_time`,`update_time`,`status` FROM `hr_document` WHERE `status` = 1 AND `pid` = 0 AND `category_id` = 43 AND `create_time` < 1516121274 AND ( deadline = 0 OR deadline > 1516121274 ) ORDER BY `level` DESC,`id` DESC LIMIT 0,8   [ RunTime:0.0008s ]
INFO: Run Behavior\ParseTemplateBehavior [ RunTime:0.045503s ]
INFO: [ view_parse ] --END-- [ RunTime:0.007663s ]
INFO: [ view_filter ] --START--
INFO: Run Behavior\WriteHtmlCacheBehavior [ RunTime:0.000030s ]
INFO: [ view_filter ] --END-- [ RunTime:-0.037059s ]
INFO: [ app_end ] --START--
INFO: Run Behavior\ShowPageTraceBehavior [ RunTime:0.001850s ]
INFO: [ app_end ] --END-- [ RunTime:0.001972s ]

[ 2018-01-17T02:10:55+08:00 ] 127.0.0.1 /
INFO: [ app_init ] --START--
INFO: Run Behavior\BuildLiteBehavior [ RunTime:0.000057s ]
INFO: Run Common\Behavior\InitHookBehavior [ RunTime:0.005539s ]
INFO: [ app_init ] --END-- [ RunTime:0.006816s ]
INFO: [ app_begin ] --START--
INFO: Run Behavior\ReadHtmlCacheBehavior [ RunTime:0.001546s ]
INFO: [ app_begin ] --END-- [ RunTime:0.001683s ]
SQL: SHOW COLUMNS FROM `hr_config` [ RunTime:0.0048s ]
SQL: SELECT `type`,`name`,`value` FROM `hr_config` WHERE `status` = 1  [ RunTime:0.0006s ]
SQL: SHOW COLUMNS FROM `hr_category` [ RunTime:0.0045s ]
SQL: SELECT `id`,`name`,`title`,`pid`,`sort`,`list_row`,`meta_title`,`keywords`,`description`,`template_index`,`template_lists`,`template_detail`,`template_edit`,`model`,`model_sub`,`type`,`link_id`,`allow_publish`,`display`,`reply`,`check`,`reply_model`,`extend`,`create_time`,`update_time`,`status`,`icon`,`groups` FROM `hr_category` WHERE `status` = 1 ORDER BY sort  [ RunTime:0.0009s ]
SQL: SHOW COLUMNS FROM `hr_document` [ RunTime:0.0042s ]
SQL: SELECT `id`,`uid`,`name`,`title`,`category_id`,`group_id`,`description`,`root`,`pid`,`model_id`,`type`,`position`,`link_id`,`cover_id`,`display`,`deadline`,`attach`,`view`,`comment`,`extend`,`level`,`create_time`,`update_time`,`status` FROM `hr_document` WHERE `status` = 1 AND `pid` = 0 AND `create_time` < 1516126255 AND ( deadline = 0 OR deadline > 1516126255 ) ORDER BY `id` DESC  [ RunTime:0.0018s ]
INFO: [ view_parse ] --START--
INFO: [ template_filter ] --START--
INFO: Run Behavior\ContentReplaceBehavior [ RunTime:0.000333s ]
INFO: [ template_filter ] --END-- [ RunTime:0.000481s ]
INFO: [ Silder ] --START--
SQL: SHOW COLUMNS FROM `hr_addons` [ RunTime:0.0050s ]
SQL: SELECT `config` FROM `hr_addons` WHERE `name` = 'Silder' AND `status` = 1 LIMIT 1   [ RunTime:0.0006s ]
SQL: SHOW COLUMNS FROM `hr_silder` [ RunTime:0.0048s ]
SQL: SELECT * FROM `hr_silder` WHERE `status` = 1 ORDER BY priorityr asc  [ RunTime:0.0009s ]
SQL: SHOW COLUMNS FROM `hr_picture` [ RunTime:0.0051s ]
SQL: SELECT `path` FROM `hr_picture` WHERE `id` = 18 LIMIT 1   [ RunTime:0.0009s ]
INFO: [ view_parse ] --START--
INFO: [ template_filter ] --START--
INFO: Run Behavior\ContentReplaceBehavior [ RunTime:0.000136s ]
INFO: [ template_filter ] --END-- [ RunTime:-0.033954s ]
INFO: Run Behavior\ParseTemplateBehavior [ RunTime:0.007439s ]
INFO: [ view_parse ] --END-- [ RunTime:0.007593s ]
INFO: [ view_filter ] --START--
INFO: Run Behavior\WriteHtmlCacheBehavior [ RunTime:0.001018s ]
INFO: [ view_filter ] --END-- [ RunTime:0.001144s ]
INFO: Run Addons\Silder\SilderAddon [ RunTime:0.033803s ]
INFO: [ Silder ] --END-- [ RunTime:0.033926s ]
SQL: SELECT `id`,`name`,`title`,`pid`,`sort`,`list_row`,`meta_title`,`keywords`,`description`,`template_index`,`template_lists`,`template_detail`,`template_edit`,`model`,`model_sub`,`type`,`link_id`,`allow_publish`,`display`,`reply`,`check`,`reply_model`,`extend`,`create_time`,`update_time`,`status`,`icon`,`groups` FROM `hr_category` WHERE `id` = 39 LIMIT 1   [ RunTime:0.0009s ]
SQL: SELECT `id`,`name`,`pid`,`title`,`link_id` FROM `hr_category` WHERE `status` = 1 ORDER BY sort  [ RunTime:0.0006s ]
SQL: SELECT `id`,`uid`,`name`,`title`,`category_id`,`group_id`,`description`,`root`,`pid`,`model_id`,`type`,`position`,`link_id`,`cover_id`,`display`,`deadline`,`attach`,`view`,`comment`,`extend`,`level`,`create_time`,`update_time`,`status` FROM `hr_document` WHERE `status` = 1 AND `pid` = 0 AND `category_id` = 39 AND `create_time` < 1516126255 AND ( deadline = 0 OR deadline > 1516126255 ) ORDER BY `level` DESC,`id` DESC LIMIT 0,6   [ RunTime:0.0018s ]
SQL: SHOW COLUMNS FROM `hr_picture` [ RunTime:0.0041s ]
SQL: SELECT * FROM `hr_picture` WHERE `status` = 1 AND `id` = 111 LIMIT 1   [ RunTime:0.0018s ]
SQL: SELECT * FROM `hr_picture` WHERE `status` = 1 AND `id` = 110 LIMIT 1   [ RunTime:0.0008s ]
NOTIC: [8] Constant UPLOAD_URL already defined D:\wwwroot\heavyrain\wwwroot\Application\Common\Common\function.php 第 1029 行.
NOTIC: [8] Constant UPLOAD_PATH already defined D:\wwwroot\heavyrain\wwwroot\Application\Common\Common\function.php 第 1030 行.
SQL: SELECT * FROM `hr_picture` WHERE `status` = 1 AND `id` = 109 LIMIT 1   [ RunTime:0.0007s ]
NOTIC: [8] Constant UPLOAD_URL already defined D:\wwwroot\heavyrain\wwwroot\Application\Common\Common\function.php 第 1029 行.
NOTIC: [8] Constant UPLOAD_PATH already defined D:\wwwroot\heavyrain\wwwroot\Application\Common\Common\function.php 第 1030 行.
SQL: SELECT * FROM `hr_picture` WHERE `status` = 1 AND `id` = 108 LIMIT 1   [ RunTime:0.0011s ]
NOTIC: [8] Constant UPLOAD_URL already defined D:\wwwroot\heavyrain\wwwroot\Application\Common\Common\function.php 第 1029 行.
NOTIC: [8] Constant UPLOAD_PATH already defined D:\wwwroot\heavyrain\wwwroot\Application\Common\Common\function.php 第 1030 行.
SQL: SELECT * FROM `hr_picture` WHERE `status` = 1 AND `id` = 107 LIMIT 1   [ RunTime:0.0008s ]
NOTIC: [8] Constant UPLOAD_URL already defined D:\wwwroot\heavyrain\wwwroot\Application\Common\Common\function.php 第 1029 行.
NOTIC: [8] Constant UPLOAD_PATH already defined D:\wwwroot\heavyrain\wwwroot\Application\Common\Common\function.php 第 1030 行.
SQL: SELECT * FROM `hr_picture` WHERE `status` = 1 AND `id` = 106 LIMIT 1   [ RunTime:0.0008s ]
NOTIC: [8] Constant UPLOAD_URL already defined D:\wwwroot\heavyrain\wwwroot\Application\Common\Common\function.php 第 1029 行.
NOTIC: [8] Constant UPLOAD_PATH already defined D:\wwwroot\heavyrain\wwwroot\Application\Common\Common\function.php 第 1030 行.
SQL: SELECT `id`,`name`,`title`,`pid`,`sort`,`list_row`,`meta_title`,`keywords`,`description`,`template_index`,`template_lists`,`template_detail`,`template_edit`,`model`,`model_sub`,`type`,`link_id`,`allow_publish`,`display`,`reply`,`check`,`reply_model`,`extend`,`create_time`,`update_time`,`status`,`icon`,`groups` FROM `hr_category` WHERE `id` = 41 LIMIT 1   [ RunTime:0.0010s ]
SQL: SELECT `id`,`name`,`pid`,`title`,`link_id` FROM `hr_category` WHERE `status` = 1 ORDER BY sort  [ RunTime:0.0006s ]
SQL: SELECT `id`,`uid`,`name`,`title`,`category_id`,`group_id`,`description`,`root`,`pid`,`model_id`,`type`,`position`,`link_id`,`cover_id`,`display`,`deadline`,`attach`,`view`,`comment`,`extend`,`level`,`create_time`,`update_time`,`status` FROM `hr_document` WHERE `status` = 1 AND `pid` = 0 AND `category_id` = 41 AND `create_time` < 1516126255 AND ( deadline = 0 OR deadline > 1516126255 ) ORDER BY `level` DESC,`id` DESC LIMIT 0,5   [ RunTime:0.0010s ]
SQL: SELECT * FROM `hr_picture` WHERE `status` = 1 AND `id` = 48 LIMIT 1   [ RunTime:0.0011s ]
SQL: SELECT * FROM `hr_picture` WHERE `status` = 1 AND `id` = 49 LIMIT 1   [ RunTime:0.0008s ]
SQL: SELECT * FROM `hr_picture` WHERE `status` = 1 AND `id` = 50 LIMIT 1   [ RunTime:0.0006s ]
SQL: SELECT * FROM `hr_picture` WHERE `status` = 1 AND `id` = 51 LIMIT 1   [ RunTime:0.0004s ]
SQL: SELECT * FROM `hr_picture` WHERE `status` = 1 AND `id` = 52 LIMIT 1   [ RunTime:0.0005s ]
SQL: SELECT `id`,`name`,`title`,`pid`,`sort`,`list_row`,`meta_title`,`keywords`,`description`,`template_index`,`template_lists`,`template_detail`,`template_edit`,`model`,`model_sub`,`type`,`link_id`,`allow_publish`,`display`,`reply`,`check`,`reply_model`,`extend`,`create_time`,`update_time`,`status`,`icon`,`groups` FROM `hr_category` WHERE `id` = 43 LIMIT 1   [ RunTime:0.0006s ]
SQL: SELECT `id`,`name`,`pid`,`title`,`link_id` FROM `hr_category` WHERE `status` = 1 ORDER BY sort  [ RunTime:0.0006s ]
SQL: SELECT `id`,`uid`,`name`,`title`,`category_id`,`group_id`,`description`,`root`,`pid`,`model_id`,`type`,`position`,`link_id`,`cover_id`,`display`,`deadline`,`attach`,`view`,`comment`,`extend`,`level`,`create_time`,`update_time`,`status` FROM `hr_document` WHERE `status` = 1 AND `pid` = 0 AND `category_id` = 43 AND `create_time` < 1516126255 AND ( deadline = 0 OR deadline > 1516126255 ) ORDER BY `level` DESC,`id` DESC LIMIT 0,8   [ RunTime:0.0007s ]
INFO: Run Behavior\ParseTemplateBehavior [ RunTime:0.051352s ]
INFO: [ view_parse ] --END-- [ RunTime:0.007593s ]
INFO: [ view_filter ] --START--
INFO: Run Behavior\WriteHtmlCacheBehavior [ RunTime:0.000032s ]
INFO: [ view_filter ] --END-- [ RunTime:-0.042699s ]
INFO: [ app_end ] --START--
INFO: Run Behavior\ShowPageTraceBehavior [ RunTime:0.001959s ]
INFO: [ app_end ] --END-- [ RunTime:0.002114s ]

[ 2018-01-17T03:30:32+08:00 ] 127.0.0.1 /
INFO: [ app_init ] --START--
INFO: Run Behavior\BuildLiteBehavior [ RunTime:0.000062s ]
INFO: Run Common\Behavior\InitHookBehavior [ RunTime:0.006040s ]
INFO: [ app_init ] --END-- [ RunTime:0.007549s ]
INFO: [ app_begin ] --START--
INFO: Run Behavior\ReadHtmlCacheBehavior [ RunTime:0.001514s ]
INFO: [ app_begin ] --END-- [ RunTime:0.001677s ]
SQL: SHOW COLUMNS FROM `hr_config` [ RunTime:0.0044s ]
SQL: SELECT `type`,`name`,`value` FROM `hr_config` WHERE `status` = 1  [ RunTime:0.0007s ]
SQL: SHOW COLUMNS FROM `hr_category` [ RunTime:0.0050s ]
SQL: SELECT `id`,`name`,`title`,`pid`,`sort`,`list_row`,`meta_title`,`keywords`,`description`,`template_index`,`template_lists`,`template_detail`,`template_edit`,`model`,`model_sub`,`type`,`link_id`,`allow_publish`,`display`,`reply`,`check`,`reply_model`,`extend`,`create_time`,`update_time`,`status`,`icon`,`groups` FROM `hr_category` WHERE `status` = 1 ORDER BY sort  [ RunTime:0.0007s ]
SQL: SHOW COLUMNS FROM `hr_document` [ RunTime:0.0048s ]
SQL: SELECT `id`,`uid`,`name`,`title`,`category_id`,`group_id`,`description`,`root`,`pid`,`model_id`,`type`,`position`,`link_id`,`cover_id`,`display`,`deadline`,`attach`,`view`,`comment`,`extend`,`level`,`create_time`,`update_time`,`status` FROM `hr_document` WHERE `status` = 1 AND `pid` = 0 AND `create_time` < 1516131032 AND ( deadline = 0 OR deadline > 1516131032 ) ORDER BY `id` DESC  [ RunTime:0.0021s ]
INFO: [ view_parse ] --START--
INFO: [ template_filter ] --START--
INFO: Run Behavior\ContentReplaceBehavior [ RunTime:0.000386s ]
INFO: [ template_filter ] --END-- [ RunTime:0.000567s ]
INFO: [ Silder ] --START--
SQL: SHOW COLUMNS FROM `hr_addons` [ RunTime:0.0047s ]
SQL: SELECT `config` FROM `hr_addons` WHERE `name` = 'Silder' AND `status` = 1 LIMIT 1   [ RunTime:0.0009s ]
SQL: SHOW COLUMNS FROM `hr_silder` [ RunTime:0.0047s ]
SQL: SELECT * FROM `hr_silder` WHERE `status` = 1 ORDER BY priorityr asc  [ RunTime:0.0006s ]
SQL: SHOW COLUMNS FROM `hr_picture` [ RunTime:0.0038s ]
SQL: SELECT `path` FROM `hr_picture` WHERE `id` = 18 LIMIT 1   [ RunTime:0.0005s ]
INFO: [ view_parse ] --START--
INFO: [ template_filter ] --START--
INFO: Run Behavior\ContentReplaceBehavior [ RunTime:0.000107s ]
INFO: [ template_filter ] --END-- [ RunTime:-0.032429s ]
INFO: Run Behavior\ParseTemplateBehavior [ RunTime:0.007368s ]
INFO: [ view_parse ] --END-- [ RunTime:0.007521s ]
INFO: [ view_filter ] --START--
INFO: Run Behavior\WriteHtmlCacheBehavior [ RunTime:0.001003s ]
INFO: [ view_filter ] --END-- [ RunTime:0.001136s ]
INFO: Run Addons\Silder\SilderAddon [ RunTime:0.033315s ]
INFO: [ Silder ] --END-- [ RunTime:0.033478s ]
SQL: SELECT `id`,`name`,`title`,`pid`,`sort`,`list_row`,`meta_title`,`keywords`,`description`,`template_index`,`template_lists`,`template_detail`,`template_edit`,`model`,`model_sub`,`type`,`link_id`,`allow_publish`,`display`,`reply`,`check`,`reply_model`,`extend`,`create_time`,`update_time`,`status`,`icon`,`groups` FROM `hr_category` WHERE `id` = 39 LIMIT 1   [ RunTime:0.0008s ]
SQL: SELECT `id`,`name`,`pid`,`title`,`link_id` FROM `hr_category` WHERE `status` = 1 ORDER BY sort  [ RunTime:0.0005s ]
SQL: SELECT `id`,`uid`,`name`,`title`,`category_id`,`group_id`,`description`,`root`,`pid`,`model_id`,`type`,`position`,`link_id`,`cover_id`,`display`,`deadline`,`attach`,`view`,`comment`,`extend`,`level`,`create_time`,`update_time`,`status` FROM `hr_document` WHERE `status` = 1 AND `pid` = 0 AND `category_id` = 39 AND `create_time` < 1516131032 AND ( deadline = 0 OR deadline > 1516131032 ) ORDER BY `level` DESC,`id` DESC LIMIT 0,6   [ RunTime:0.0024s ]
SQL: SHOW COLUMNS FROM `hr_picture` [ RunTime:0.0028s ]
SQL: SELECT * FROM `hr_picture` WHERE `status` = 1 AND `id` = 111 LIMIT 1   [ RunTime:0.0007s ]
SQL: SELECT * FROM `hr_picture` WHERE `status` = 1 AND `id` = 110 LIMIT 1   [ RunTime:0.0017s ]
NOTIC: [8] Constant UPLOAD_URL already defined D:\wwwroot\heavyrain\wwwroot\Application\Common\Common\function.php 第 1029 行.
NOTIC: [8] Constant UPLOAD_PATH already defined D:\wwwroot\heavyrain\wwwroot\Application\Common\Common\function.php 第 1030 行.
SQL: SELECT * FROM `hr_picture` WHERE `status` = 1 AND `id` = 109 LIMIT 1   [ RunTime:0.0017s ]
NOTIC: [8] Constant UPLOAD_URL already defined D:\wwwroot\heavyrain\wwwroot\Application\Common\Common\function.php 第 1029 行.
NOTIC: [8] Constant UPLOAD_PATH already defined D:\wwwroot\heavyrain\wwwroot\Application\Common\Common\function.php 第 1030 行.
SQL: SELECT * FROM `hr_picture` WHERE `status` = 1 AND `id` = 108 LIMIT 1   [ RunTime:0.0015s ]
NOTIC: [8] Constant UPLOAD_URL already defined D:\wwwroot\heavyrain\wwwroot\Application\Common\Common\function.php 第 1029 行.
NOTIC: [8] Constant UPLOAD_PATH already defined D:\wwwroot\heavyrain\wwwroot\Application\Common\Common\function.php 第 1030 行.
SQL: SELECT * FROM `hr_picture` WHERE `status` = 1 AND `id` = 107 LIMIT 1   [ RunTime:0.0006s ]
NOTIC: [8] Constant UPLOAD_URL already defined D:\wwwroot\heavyrain\wwwroot\Application\Common\Common\function.php 第 1029 行.
NOTIC: [8] Constant UPLOAD_PATH already defined D:\wwwroot\heavyrain\wwwroot\Application\Common\Common\function.php 第 1030 行.
SQL: SELECT * FROM `hr_picture` WHERE `status` = 1 AND `id` = 106 LIMIT 1   [ RunTime:0.0007s ]
NOTIC: [8] Constant UPLOAD_URL already defined D:\wwwroot\heavyrain\wwwroot\Application\Common\Common\function.php 第 1029 行.
NOTIC: [8] Constant UPLOAD_PATH already defined D:\wwwroot\heavyrain\wwwroot\Application\Common\Common\function.php 第 1030 行.
SQL: SELECT `id`,`name`,`title`,`pid`,`sort`,`list_row`,`meta_title`,`keywords`,`description`,`template_index`,`template_lists`,`template_detail`,`template_edit`,`model`,`model_sub`,`type`,`link_id`,`allow_publish`,`display`,`reply`,`check`,`reply_model`,`extend`,`create_time`,`update_time`,`status`,`icon`,`groups` FROM `hr_category` WHERE `id` = 41 LIMIT 1   [ RunTime:0.0098s ]
SQL: SELECT `id`,`name`,`pid`,`title`,`link_id` FROM `hr_category` WHERE `status` = 1 ORDER BY sort  [ RunTime:0.0007s ]
SQL: SELECT `id`,`uid`,`name`,`title`,`category_id`,`group_id`,`description`,`root`,`pid`,`model_id`,`type`,`position`,`link_id`,`cover_id`,`display`,`deadline`,`attach`,`view`,`comment`,`extend`,`level`,`create_time`,`update_time`,`status` FROM `hr_document` WHERE `status` = 1 AND `pid` = 0 AND `category_id` = 41 AND `create_time` < 1516131032 AND ( deadline = 0 OR deadline > 1516131032 ) ORDER BY `level` DESC,`id` DESC LIMIT 0,5   [ RunTime:0.0011s ]
SQL: SELECT * FROM `hr_picture` WHERE `status` = 1 AND `id` = 48 LIMIT 1   [ RunTime:0.0007s ]
SQL: SELECT * FROM `hr_picture` WHERE `status` = 1 AND `id` = 49 LIMIT 1   [ RunTime:0.0005s ]
SQL: SELECT * FROM `hr_picture` WHERE `status` = 1 AND `id` = 50 LIMIT 1   [ RunTime:0.0005s ]
SQL: SELECT * FROM `hr_picture` WHERE `status` = 1 AND `id` = 51 LIMIT 1   [ RunTime:0.0006s ]
SQL: SELECT * FROM `hr_picture` WHERE `status` = 1 AND `id` = 52 LIMIT 1   [ RunTime:0.0004s ]
SQL: SELECT `id`,`name`,`title`,`pid`,`sort`,`list_row`,`meta_title`,`keywords`,`description`,`template_index`,`template_lists`,`template_detail`,`template_edit`,`model`,`model_sub`,`type`,`link_id`,`allow_publish`,`display`,`reply`,`check`,`reply_model`,`extend`,`create_time`,`update_time`,`status`,`icon`,`groups` FROM `hr_category` WHERE `id` = 43 LIMIT 1   [ RunTime:0.0008s ]
SQL: SELECT `id`,`name`,`pid`,`title`,`link_id` FROM `hr_category` WHERE `status` = 1 ORDER BY sort  [ RunTime:0.0006s ]
SQL: SELECT `id`,`uid`,`name`,`title`,`category_id`,`group_id`,`description`,`root`,`pid`,`model_id`,`type`,`position`,`link_id`,`cover_id`,`display`,`deadline`,`attach`,`view`,`comment`,`extend`,`level`,`create_time`,`update_time`,`status` FROM `hr_document` WHERE `status` = 1 AND `pid` = 0 AND `category_id` = 43 AND `create_time` < 1516131032 AND ( deadline = 0 OR deadline > 1516131032 ) ORDER BY `level` DESC,`id` DESC LIMIT 0,8   [ RunTime:0.0007s ]
INFO: Run Behavior\ParseTemplateBehavior [ RunTime:0.074870s ]
INFO: [ view_parse ] --END-- [ RunTime:0.007521s ]
INFO: [ view_filter ] --START--
INFO: Run Behavior\WriteHtmlCacheBehavior [ RunTime:0.000042s ]
INFO: [ view_filter ] --END-- [ RunTime:-0.066297s ]
INFO: [ app_end ] --START--
INFO: Run Behavior\ShowPageTraceBehavior [ RunTime:0.002922s ]
INFO: [ app_end ] --END-- [ RunTime:0.003079s ]

[ 2018-01-17T13:41:37+08:00 ] 127.0.0.1 /
INFO: [ app_init ] --START--
INFO: Run Behavior\BuildLiteBehavior [ RunTime:0.000045s ]
INFO: Run Common\Behavior\InitHookBehavior [ RunTime:0.004295s ]
INFO: [ app_init ] --END-- [ RunTime:0.005449s ]
INFO: [ app_begin ] --START--
INFO: Run Behavior\ReadHtmlCacheBehavior [ RunTime:0.001411s ]
INFO: [ app_begin ] --END-- [ RunTime:0.001519s ]
SQL: SHOW COLUMNS FROM `hr_config` [ RunTime:0.0043s ]
SQL: SELECT `type`,`name`,`value` FROM `hr_config` WHERE `status` = 1  [ RunTime:0.0007s ]
SQL: SHOW COLUMNS FROM `hr_category` [ RunTime:0.0039s ]
SQL: SELECT `id`,`name`,`title`,`pid`,`sort`,`list_row`,`meta_title`,`keywords`,`description`,`template_index`,`template_lists`,`template_detail`,`template_edit`,`model`,`model_sub`,`type`,`link_id`,`allow_publish`,`display`,`reply`,`check`,`reply_model`,`extend`,`create_time`,`update_time`,`status`,`icon`,`groups` FROM `hr_category` WHERE `status` = 1 ORDER BY sort  [ RunTime:0.0008s ]
SQL: SHOW COLUMNS FROM `hr_document` [ RunTime:0.0058s ]
SQL: SELECT `id`,`uid`,`name`,`title`,`category_id`,`group_id`,`description`,`root`,`pid`,`model_id`,`type`,`position`,`link_id`,`cover_id`,`display`,`deadline`,`attach`,`view`,`comment`,`extend`,`level`,`create_time`,`update_time`,`status` FROM `hr_document` WHERE `status` = 1 AND `pid` = 0 AND `create_time` < 1516167696 AND ( deadline = 0 OR deadline > 1516167696 ) ORDER BY `id` DESC  [ RunTime:0.0022s ]
INFO: [ view_parse ] --START--
INFO: [ template_filter ] --START--
INFO: Run Behavior\ContentReplaceBehavior [ RunTime:0.000235s ]
INFO: [ template_filter ] --END-- [ RunTime:0.000345s ]
INFO: [ Silder ] --START--
SQL: SHOW COLUMNS FROM `hr_addons` [ RunTime:0.0041s ]
SQL: SELECT `config` FROM `hr_addons` WHERE `name` = 'Silder' AND `status` = 1 LIMIT 1   [ RunTime:0.0005s ]
SQL: SHOW COLUMNS FROM `hr_silder` [ RunTime:0.0037s ]
SQL: SELECT * FROM `hr_silder` WHERE `status` = 1 ORDER BY priorityr asc  [ RunTime:0.0008s ]
SQL: SHOW COLUMNS FROM `hr_picture` [ RunTime:0.0038s ]
SQL: SELECT `path` FROM `hr_picture` WHERE `id` = 18 LIMIT 1   [ RunTime:0.0011s ]
INFO: [ view_parse ] --START--
INFO: [ template_filter ] --START--
INFO: Run Behavior\ContentReplaceBehavior [ RunTime:0.000078s ]
INFO: [ template_filter ] --END-- [ RunTime:-0.030386s ]
INFO: Run Behavior\ParseTemplateBehavior [ RunTime:0.006085s ]
INFO: [ view_parse ] --END-- [ RunTime:0.006204s ]
INFO: [ view_filter ] --START--
INFO: Run Behavior\WriteHtmlCacheBehavior [ RunTime:0.000725s ]
INFO: [ view_filter ] --END-- [ RunTime:0.000806s ]
INFO: Run Addons\Silder\SilderAddon [ RunTime:0.029617s ]
INFO: [ Silder ] --END-- [ RunTime:0.029736s ]
SQL: SELECT `id`,`name`,`title`,`pid`,`sort`,`list_row`,`meta_title`,`keywords`,`description`,`template_index`,`template_lists`,`template_detail`,`template_edit`,`model`,`model_sub`,`type`,`link_id`,`allow_publish`,`display`,`reply`,`check`,`reply_model`,`extend`,`create_time`,`update_time`,`status`,`icon`,`groups` FROM `hr_category` WHERE `id` = 39 LIMIT 1   [ RunTime:0.0008s ]
SQL: SELECT `id`,`name`,`pid`,`title`,`link_id` FROM `hr_category` WHERE `status` = 1 ORDER BY sort  [ RunTime:0.0006s ]
SQL: SELECT `id`,`uid`,`name`,`title`,`category_id`,`group_id`,`description`,`root`,`pid`,`model_id`,`type`,`position`,`link_id`,`cover_id`,`display`,`deadline`,`attach`,`view`,`comment`,`extend`,`level`,`create_time`,`update_time`,`status` FROM `hr_document` WHERE `status` = 1 AND `pid` = 0 AND `category_id` = 39 AND `create_time` < 1516167696 AND ( deadline = 0 OR deadline > 1516167696 ) ORDER BY `level` DESC,`id` DESC LIMIT 0,6   [ RunTime:0.0009s ]
SQL: SHOW COLUMNS FROM `hr_picture` [ RunTime:0.0033s ]
SQL: SELECT * FROM `hr_picture` WHERE `status` = 1 AND `id` = 111 LIMIT 1   [ RunTime:0.0010s ]
SQL: SELECT * FROM `hr_picture` WHERE `status` = 1 AND `id` = 110 LIMIT 1   [ RunTime:0.0005s ]
NOTIC: [8] Constant UPLOAD_URL already defined D:\wwwroot\heavyrain\wwwroot\Application\Common\Common\function.php 第 1029 行.
NOTIC: [8] Constant UPLOAD_PATH already defined D:\wwwroot\heavyrain\wwwroot\Application\Common\Common\function.php 第 1030 行.
SQL: SELECT * FROM `hr_picture` WHERE `status` = 1 AND `id` = 109 LIMIT 1   [ RunTime:0.0016s ]
NOTIC: [8] Constant UPLOAD_URL already defined D:\wwwroot\heavyrain\wwwroot\Application\Common\Common\function.php 第 1029 行.
NOTIC: [8] Constant UPLOAD_PATH already defined D:\wwwroot\heavyrain\wwwroot\Application\Common\Common\function.php 第 1030 行.
SQL: SELECT * FROM `hr_picture` WHERE `status` = 1 AND `id` = 108 LIMIT 1   [ RunTime:0.0005s ]
NOTIC: [8] Constant UPLOAD_URL already defined D:\wwwroot\heavyrain\wwwroot\Application\Common\Common\function.php 第 1029 行.
NOTIC: [8] Constant UPLOAD_PATH already defined D:\wwwroot\heavyrain\wwwroot\Application\Common\Common\function.php 第 1030 行.
SQL: SELECT * FROM `hr_picture` WHERE `status` = 1 AND `id` = 107 LIMIT 1   [ RunTime:0.0016s ]
NOTIC: [8] Constant UPLOAD_URL already defined D:\wwwroot\heavyrain\wwwroot\Application\Common\Common\function.php 第 1029 行.
NOTIC: [8] Constant UPLOAD_PATH already defined D:\wwwroot\heavyrain\wwwroot\Application\Common\Common\function.php 第 1030 行.
SQL: SELECT * FROM `hr_picture` WHERE `status` = 1 AND `id` = 106 LIMIT 1   [ RunTime:0.0007s ]
NOTIC: [8] Constant UPLOAD_URL already defined D:\wwwroot\heavyrain\wwwroot\Application\Common\Common\function.php 第 1029 行.
NOTIC: [8] Constant UPLOAD_PATH already defined D:\wwwroot\heavyrain\wwwroot\Application\Common\Common\function.php 第 1030 行.
SQL: SELECT `id`,`name`,`title`,`pid`,`sort`,`list_row`,`meta_title`,`keywords`,`description`,`template_index`,`template_lists`,`template_detail`,`template_edit`,`model`,`model_sub`,`type`,`link_id`,`allow_publish`,`display`,`reply`,`check`,`reply_model`,`extend`,`create_time`,`update_time`,`status`,`icon`,`groups` FROM `hr_category` WHERE `id` = 41 LIMIT 1   [ RunTime:0.0005s ]
SQL: SELECT `id`,`name`,`pid`,`title`,`link_id` FROM `hr_category` WHERE `status` = 1 ORDER BY sort  [ RunTime:0.0009s ]
SQL: SELECT `id`,`uid`,`name`,`title`,`category_id`,`group_id`,`description`,`root`,`pid`,`model_id`,`type`,`position`,`link_id`,`cover_id`,`display`,`deadline`,`attach`,`view`,`comment`,`extend`,`level`,`create_time`,`update_time`,`status` FROM `hr_document` WHERE `status` = 1 AND `pid` = 0 AND `category_id` = 41 AND `create_time` < 1516167696 AND ( deadline = 0 OR deadline > 1516167696 ) ORDER BY `level` DESC,`id` DESC LIMIT 0,5   [ RunTime:0.0008s ]
SQL: SELECT * FROM `hr_picture` WHERE `status` = 1 AND `id` = 48 LIMIT 1   [ RunTime:0.0008s ]
SQL: SELECT * FROM `hr_picture` WHERE `status` = 1 AND `id` = 49 LIMIT 1   [ RunTime:0.0005s ]
SQL: SELECT * FROM `hr_picture` WHERE `status` = 1 AND `id` = 50 LIMIT 1   [ RunTime:0.0030s ]
SQL: SELECT * FROM `hr_picture` WHERE `status` = 1 AND `id` = 51 LIMIT 1   [ RunTime:0.0004s ]
SQL: SELECT * FROM `hr_picture` WHERE `status` = 1 AND `id` = 52 LIMIT 1   [ RunTime:0.0004s ]
SQL: SELECT `id`,`name`,`title`,`pid`,`sort`,`list_row`,`meta_title`,`keywords`,`description`,`template_index`,`template_lists`,`template_detail`,`template_edit`,`model`,`model_sub`,`type`,`link_id`,`allow_publish`,`display`,`reply`,`check`,`reply_model`,`extend`,`create_time`,`update_time`,`status`,`icon`,`groups` FROM `hr_category` WHERE `id` = 43 LIMIT 1   [ RunTime:0.0006s ]
SQL: SELECT `id`,`name`,`pid`,`title`,`link_id` FROM `hr_category` WHERE `status` = 1 ORDER BY sort  [ RunTime:0.0005s ]
SQL: SELECT `id`,`uid`,`name`,`title`,`category_id`,`group_id`,`description`,`root`,`pid`,`model_id`,`type`,`position`,`link_id`,`cover_id`,`display`,`deadline`,`attach`,`view`,`comment`,`extend`,`level`,`create_time`,`update_time`,`status` FROM `hr_document` WHERE `status` = 1 AND `pid` = 0 AND `category_id` = 43 AND `create_time` < 1516167696 AND ( deadline = 0 OR deadline > 1516167696 ) ORDER BY `level` DESC,`id` DESC LIMIT 0,8   [ RunTime:0.0008s ]
INFO: Run Behavior\ParseTemplateBehavior [ RunTime:0.046133s ]
INFO: [ view_parse ] --END-- [ RunTime:0.006204s ]
INFO: [ view_filter ] --START--
INFO: Run Behavior\WriteHtmlCacheBehavior [ RunTime:0.000137s ]
INFO: [ view_filter ] --END-- [ RunTime:-0.039257s ]
INFO: [ app_end ] --START--
INFO: Run Behavior\ShowPageTraceBehavior [ RunTime:0.003582s ]
INFO: [ app_end ] --END-- [ RunTime:0.003754s ]

[ 2018-01-17T13:41:48+08:00 ] 127.0.0.1 /
INFO: [ app_init ] --START--
INFO: Run Behavior\BuildLiteBehavior [ RunTime:0.000036s ]
INFO: Run Common\Behavior\InitHookBehavior [ RunTime:0.001270s ]
INFO: [ app_init ] --END-- [ RunTime:0.001763s ]
INFO: [ app_begin ] --START--
INFO: Run Behavior\ReadHtmlCacheBehavior [ RunTime:0.000289s ]
INFO: [ app_begin ] --END-- [ RunTime:0.000380s ]
SQL: SHOW COLUMNS FROM `hr_config` [ RunTime:0.0039s ]
SQL: SELECT `type`,`name`,`value` FROM `hr_config` WHERE `status` = 1  [ RunTime:0.0009s ]
SQL: SHOW COLUMNS FROM `hr_category` [ RunTime:0.0040s ]
SQL: SELECT `id`,`name`,`title`,`pid`,`sort`,`list_row`,`meta_title`,`keywords`,`description`,`template_index`,`template_lists`,`template_detail`,`template_edit`,`model`,`model_sub`,`type`,`link_id`,`allow_publish`,`display`,`reply`,`check`,`reply_model`,`extend`,`create_time`,`update_time`,`status`,`icon`,`groups` FROM `hr_category` WHERE `status` = 1 ORDER BY sort  [ RunTime:0.0007s ]
SQL: SHOW COLUMNS FROM `hr_document` [ RunTime:0.0050s ]
SQL: SELECT `id`,`uid`,`name`,`title`,`category_id`,`group_id`,`description`,`root`,`pid`,`model_id`,`type`,`position`,`link_id`,`cover_id`,`display`,`deadline`,`attach`,`view`,`comment`,`extend`,`level`,`create_time`,`update_time`,`status` FROM `hr_document` WHERE `status` = 1 AND `pid` = 0 AND `create_time` < 1516167708 AND ( deadline = 0 OR deadline > 1516167708 ) ORDER BY `id` DESC  [ RunTime:0.0020s ]
INFO: [ view_parse ] --START--
INFO: [ template_filter ] --START--
INFO: Run Behavior\ContentReplaceBehavior [ RunTime:0.000260s ]
INFO: [ template_filter ] --END-- [ RunTime:0.000360s ]
INFO: [ Silder ] --START--
SQL: SHOW COLUMNS FROM `hr_addons` [ RunTime:0.0042s ]
SQL: SELECT `config` FROM `hr_addons` WHERE `name` = 'Silder' AND `status` = 1 LIMIT 1   [ RunTime:0.0011s ]
SQL: SHOW COLUMNS FROM `hr_silder` [ RunTime:0.0039s ]
SQL: SELECT * FROM `hr_silder` WHERE `status` = 1 ORDER BY priorityr asc  [ RunTime:0.0004s ]
SQL: SHOW COLUMNS FROM `hr_picture` [ RunTime:0.0027s ]
SQL: SELECT `path` FROM `hr_picture` WHERE `id` = 18 LIMIT 1   [ RunTime:0.0010s ]
INFO: [ view_parse ] --START--
INFO: [ template_filter ] --START--
INFO: Run Behavior\ContentReplaceBehavior [ RunTime:0.000079s ]
INFO: [ template_filter ] --END-- [ RunTime:-0.029880s ]
INFO: Run Behavior\ParseTemplateBehavior [ RunTime:0.005697s ]
INFO: [ view_parse ] --END-- [ RunTime:0.005829s ]
INFO: [ view_filter ] --START--
INFO: Run Behavior\WriteHtmlCacheBehavior [ RunTime:0.000714s ]
INFO: [ view_filter ] --END-- [ RunTime:0.000847s ]
INFO: Run Addons\Silder\SilderAddon [ RunTime:0.026648s ]
INFO: [ Silder ] --END-- [ RunTime:0.026813s ]
SQL: SELECT `id`,`name`,`title`,`pid`,`sort`,`list_row`,`meta_title`,`keywords`,`description`,`template_index`,`template_lists`,`template_detail`,`template_edit`,`model`,`model_sub`,`type`,`link_id`,`allow_publish`,`display`,`reply`,`check`,`reply_model`,`extend`,`create_time`,`update_time`,`status`,`icon`,`groups` FROM `hr_category` WHERE `id` = 39 LIMIT 1   [ RunTime:0.0007s ]
SQL: SELECT `id`,`name`,`pid`,`title`,`link_id` FROM `hr_category` WHERE `status` = 1 ORDER BY sort  [ RunTime:0.0004s ]
SQL: SELECT `id`,`uid`,`name`,`title`,`category_id`,`group_id`,`description`,`root`,`pid`,`model_id`,`type`,`position`,`link_id`,`cover_id`,`display`,`deadline`,`attach`,`view`,`comment`,`extend`,`level`,`create_time`,`update_time`,`status` FROM `hr_document` WHERE `status` = 1 AND `pid` = 0 AND `category_id` = 39 AND `create_time` < 1516167708 AND ( deadline = 0 OR deadline > 1516167708 ) ORDER BY `level` DESC,`id` DESC LIMIT 0,6   [ RunTime:0.0012s ]
SQL: SHOW COLUMNS FROM `hr_picture` [ RunTime:0.0031s ]
SQL: SELECT * FROM `hr_picture` WHERE `status` = 1 AND `id` = 111 LIMIT 1   [ RunTime:0.0007s ]
SQL: SELECT * FROM `hr_picture` WHERE `status` = 1 AND `id` = 110 LIMIT 1   [ RunTime:0.0004s ]
NOTIC: [8] Constant UPLOAD_URL already defined D:\wwwroot\heavyrain\wwwroot\Application\Common\Common\function.php 第 1029 行.
NOTIC: [8] Constant UPLOAD_PATH already defined D:\wwwroot\heavyrain\wwwroot\Application\Common\Common\function.php 第 1030 行.
SQL: SELECT * FROM `hr_picture` WHERE `status` = 1 AND `id` = 109 LIMIT 1   [ RunTime:0.0005s ]
NOTIC: [8] Constant UPLOAD_URL already defined D:\wwwroot\heavyrain\wwwroot\Application\Common\Common\function.php 第 1029 行.
NOTIC: [8] Constant UPLOAD_PATH already defined D:\wwwroot\heavyrain\wwwroot\Application\Common\Common\function.php 第 1030 行.
SQL: SELECT * FROM `hr_picture` WHERE `status` = 1 AND `id` = 108 LIMIT 1   [ RunTime:0.0013s ]
NOTIC: [8] Constant UPLOAD_URL already defined D:\wwwroot\heavyrain\wwwroot\Application\Common\Common\function.php 第 1029 行.
NOTIC: [8] Constant UPLOAD_PATH already defined D:\wwwroot\heavyrain\wwwroot\Application\Common\Common\function.php 第 1030 行.
SQL: SELECT * FROM `hr_picture` WHERE `status` = 1 AND `id` = 107 LIMIT 1   [ RunTime:0.0004s ]
NOTIC: [8] Constant UPLOAD_URL already defined D:\wwwroot\heavyrain\wwwroot\Application\Common\Common\function.php 第 1029 行.
NOTIC: [8] Constant UPLOAD_PATH already defined D:\wwwroot\heavyrain\wwwroot\Application\Common\Common\function.php 第 1030 行.
SQL: SELECT * FROM `hr_picture` WHERE `status` = 1 AND `id` = 106 LIMIT 1   [ RunTime:0.0005s ]
NOTIC: [8] Constant UPLOAD_URL already defined D:\wwwroot\heavyrain\wwwroot\Application\Common\Common\function.php 第 1029 行.
NOTIC: [8] Constant UPLOAD_PATH already defined D:\wwwroot\heavyrain\wwwroot\Application\Common\Common\function.php 第 1030 行.
SQL: SELECT `id`,`name`,`title`,`pid`,`sort`,`list_row`,`meta_title`,`keywords`,`description`,`template_index`,`template_lists`,`template_detail`,`template_edit`,`model`,`model_sub`,`type`,`link_id`,`allow_publish`,`display`,`reply`,`check`,`reply_model`,`extend`,`create_time`,`update_time`,`status`,`icon`,`groups` FROM `hr_category` WHERE `id` = 41 LIMIT 1   [ RunTime:0.0006s ]
SQL: SELECT `id`,`name`,`pid`,`title`,`link_id` FROM `hr_category` WHERE `status` = 1 ORDER BY sort  [ RunTime:0.0006s ]
SQL: SELECT `id`,`uid`,`name`,`title`,`category_id`,`group_id`,`description`,`root`,`pid`,`model_id`,`type`,`position`,`link_id`,`cover_id`,`display`,`deadline`,`attach`,`view`,`comment`,`extend`,`level`,`create_time`,`update_time`,`status` FROM `hr_document` WHERE `status` = 1 AND `pid` = 0 AND `category_id` = 41 AND `create_time` < 1516167708 AND ( deadline = 0 OR deadline > 1516167708 ) ORDER BY `level` DESC,`id` DESC LIMIT 0,5   [ RunTime:0.0007s ]
SQL: SELECT * FROM `hr_picture` WHERE `status` = 1 AND `id` = 48 LIMIT 1   [ RunTime:0.0004s ]
SQL: SELECT * FROM `hr_picture` WHERE `status` = 1 AND `id` = 49 LIMIT 1   [ RunTime:0.0003s ]
SQL: SELECT * FROM `hr_picture` WHERE `status` = 1 AND `id` = 50 LIMIT 1   [ RunTime:0.0003s ]
SQL: SELECT * FROM `hr_picture` WHERE `status` = 1 AND `id` = 51 LIMIT 1   [ RunTime:0.0004s ]
SQL: SELECT * FROM `hr_picture` WHERE `status` = 1 AND `id` = 52 LIMIT 1   [ RunTime:0.0004s ]
SQL: SELECT `id`,`name`,`title`,`pid`,`sort`,`list_row`,`meta_title`,`keywords`,`description`,`template_index`,`template_lists`,`template_detail`,`template_edit`,`model`,`model_sub`,`type`,`link_id`,`allow_publish`,`display`,`reply`,`check`,`reply_model`,`extend`,`create_time`,`update_time`,`status`,`icon`,`groups` FROM `hr_category` WHERE `id` = 43 LIMIT 1   [ RunTime:0.0004s ]
SQL: SELECT `id`,`name`,`pid`,`title`,`link_id` FROM `hr_category` WHERE `status` = 1 ORDER BY sort  [ RunTime:0.0004s ]
SQL: SELECT `id`,`uid`,`name`,`title`,`category_id`,`group_id`,`description`,`root`,`pid`,`model_id`,`type`,`position`,`link_id`,`cover_id`,`display`,`deadline`,`attach`,`view`,`comment`,`extend`,`level`,`create_time`,`update_time`,`status` FROM `hr_document` WHERE `status` = 1 AND `pid` = 0 AND `category_id` = 43 AND `create_time` < 1516167708 AND ( deadline = 0 OR deadline > 1516167708 ) ORDER BY `level` DESC,`id` DESC LIMIT 0,8   [ RunTime:0.0006s ]
INFO: Run Behavior\ParseTemplateBehavior [ RunTime:0.037014s ]
INFO: [ view_parse ] --END-- [ RunTime:0.005829s ]
INFO: [ view_filter ] --START--
INFO: Run Behavior\WriteHtmlCacheBehavior [ RunTime:0.000055s ]
INFO: [ view_filter ] --END-- [ RunTime:-0.030391s ]
INFO: [ app_end ] --START--
INFO: Run Behavior\ShowPageTraceBehavior [ RunTime:0.000642s ]
INFO: [ app_end ] --END-- [ RunTime:0.000738s ]

[ 2018-01-17T13:42:00+08:00 ] 127.0.0.1 /
INFO: [ app_init ] --START--
INFO: Run Behavior\BuildLiteBehavior [ RunTime:0.000033s ]
INFO: Run Common\Behavior\InitHookBehavior [ RunTime:0.001344s ]
INFO: [ app_init ] --END-- [ RunTime:0.001787s ]
INFO: [ app_begin ] --START--
INFO: Run Behavior\ReadHtmlCacheBehavior [ RunTime:0.000269s ]
INFO: [ app_begin ] --END-- [ RunTime:0.000365s ]
SQL: SHOW COLUMNS FROM `hr_config` [ RunTime:0.0041s ]
SQL: SELECT `type`,`name`,`value` FROM `hr_config` WHERE `status` = 1  [ RunTime:0.0008s ]
SQL: SHOW COLUMNS FROM `hr_category` [ RunTime:0.0032s ]
SQL: SELECT `id`,`name`,`title`,`pid`,`sort`,`list_row`,`meta_title`,`keywords`,`description`,`template_index`,`template_lists`,`template_detail`,`template_edit`,`model`,`model_sub`,`type`,`link_id`,`allow_publish`,`display`,`reply`,`check`,`reply_model`,`extend`,`create_time`,`update_time`,`status`,`icon`,`groups` FROM `hr_category` WHERE `status` = 1 ORDER BY sort  [ RunTime:0.0007s ]
SQL: SHOW COLUMNS FROM `hr_document` [ RunTime:0.0030s ]
SQL: SELECT `id`,`uid`,`name`,`title`,`category_id`,`group_id`,`description`,`root`,`pid`,`model_id`,`type`,`position`,`link_id`,`cover_id`,`display`,`deadline`,`attach`,`view`,`comment`,`extend`,`level`,`create_time`,`update_time`,`status` FROM `hr_document` WHERE `status` = 1 AND `pid` = 0 AND `create_time` < 1516167720 AND ( deadline = 0 OR deadline > 1516167720 ) ORDER BY `id` DESC  [ RunTime:0.0019s ]
INFO: [ view_parse ] --START--
INFO: [ template_filter ] --START--
INFO: Run Behavior\ContentReplaceBehavior [ RunTime:0.000327s ]
INFO: [ template_filter ] --END-- [ RunTime:0.000478s ]
INFO: [ Silder ] --START--
SQL: SHOW COLUMNS FROM `hr_addons` [ RunTime:0.0034s ]
SQL: SELECT `config` FROM `hr_addons` WHERE `name` = 'Silder' AND `status` = 1 LIMIT 1   [ RunTime:0.0009s ]
SQL: SHOW COLUMNS FROM `hr_silder` [ RunTime:0.0032s ]
SQL: SELECT * FROM `hr_silder` WHERE `status` = 1 ORDER BY priorityr asc  [ RunTime:0.0010s ]
SQL: SHOW COLUMNS FROM `hr_picture` [ RunTime:0.0032s ]
SQL: SELECT `path` FROM `hr_picture` WHERE `id` = 18 LIMIT 1   [ RunTime:0.0010s ]
INFO: [ view_parse ] --START--
INFO: [ template_filter ] --START--
INFO: Run Behavior\ContentReplaceBehavior [ RunTime:0.000096s ]
INFO: [ template_filter ] --END-- [ RunTime:-0.026054s ]
INFO: Run Behavior\ParseTemplateBehavior [ RunTime:0.005644s ]
INFO: [ view_parse ] --END-- [ RunTime:0.005785s ]
INFO: [ view_filter ] --START--
INFO: Run Behavior\WriteHtmlCacheBehavior [ RunTime:0.000541s ]
INFO: [ view_filter ] --END-- [ RunTime:0.000693s ]
INFO: Run Addons\Silder\SilderAddon [ RunTime:0.024937s ]
INFO: [ Silder ] --END-- [ RunTime:0.025044s ]
SQL: SELECT `id`,`name`,`title`,`pid`,`sort`,`list_row`,`meta_title`,`keywords`,`description`,`template_index`,`template_lists`,`template_detail`,`template_edit`,`model`,`model_sub`,`type`,`link_id`,`allow_publish`,`display`,`reply`,`check`,`reply_model`,`extend`,`create_time`,`update_time`,`status`,`icon`,`groups` FROM `hr_category` WHERE `id` = 39 LIMIT 1   [ RunTime:0.0006s ]
SQL: SELECT `id`,`name`,`pid`,`title`,`link_id` FROM `hr_category` WHERE `status` = 1 ORDER BY sort  [ RunTime:0.0005s ]
SQL: SELECT `id`,`uid`,`name`,`title`,`category_id`,`group_id`,`description`,`root`,`pid`,`model_id`,`type`,`position`,`link_id`,`cover_id`,`display`,`deadline`,`attach`,`view`,`comment`,`extend`,`level`,`create_time`,`update_time`,`status` FROM `hr_document` WHERE `status` = 1 AND `pid` = 0 AND `category_id` = 39 AND `create_time` < 1516167720 AND ( deadline = 0 OR deadline > 1516167720 ) ORDER BY `level` DESC,`id` DESC LIMIT 0,6   [ RunTime:0.0010s ]
SQL: SHOW COLUMNS FROM `hr_picture` [ RunTime:0.0039s ]
SQL: SELECT * FROM `hr_picture` WHERE `status` = 1 AND `id` = 111 LIMIT 1   [ RunTime:0.0011s ]
SQL: SELECT * FROM `hr_picture` WHERE `status` = 1 AND `id` = 110 LIMIT 1   [ RunTime:0.0005s ]
NOTIC: [8] Constant UPLOAD_URL already defined D:\wwwroot\heavyrain\wwwroot\Application\Common\Common\function.php 第 1029 行.
NOTIC: [8] Constant UPLOAD_PATH already defined D:\wwwroot\heavyrain\wwwroot\Application\Common\Common\function.php 第 1030 行.
SQL: SELECT * FROM `hr_picture` WHERE `status` = 1 AND `id` = 109 LIMIT 1   [ RunTime:0.0004s ]
NOTIC: [8] Constant UPLOAD_URL already defined D:\wwwroot\heavyrain\wwwroot\Application\Common\Common\function.php 第 1029 行.
NOTIC: [8] Constant UPLOAD_PATH already defined D:\wwwroot\heavyrain\wwwroot\Application\Common\Common\function.php 第 1030 行.
SQL: SELECT * FROM `hr_picture` WHERE `status` = 1 AND `id` = 108 LIMIT 1   [ RunTime:0.0004s ]
NOTIC: [8] Constant UPLOAD_URL already defined D:\wwwroot\heavyrain\wwwroot\Application\Common\Common\function.php 第 1029 行.
NOTIC: [8] Constant UPLOAD_PATH already defined D:\wwwroot\heavyrain\wwwroot\Application\Common\Common\function.php 第 1030 行.
SQL: SELECT * FROM `hr_picture` WHERE `status` = 1 AND `id` = 107 LIMIT 1   [ RunTime:0.0005s ]
NOTIC: [8] Constant UPLOAD_URL already defined D:\wwwroot\heavyrain\wwwroot\Application\Common\Common\function.php 第 1029 行.
NOTIC: [8] Constant UPLOAD_PATH already defined D:\wwwroot\heavyrain\wwwroot\Application\Common\Common\function.php 第 1030 行.
SQL: SELECT * FROM `hr_picture` WHERE `status` = 1 AND `id` = 106 LIMIT 1   [ RunTime:0.0005s ]
NOTIC: [8] Constant UPLOAD_URL already defined D:\wwwroot\heavyrain\wwwroot\Application\Common\Common\function.php 第 1029 行.
NOTIC: [8] Constant UPLOAD_PATH already defined D:\wwwroot\heavyrain\wwwroot\Application\Common\Common\function.php 第 1030 行.
SQL: SELECT `id`,`name`,`title`,`pid`,`sort`,`list_row`,`meta_title`,`keywords`,`description`,`template_index`,`template_lists`,`template_detail`,`template_edit`,`model`,`model_sub`,`type`,`link_id`,`allow_publish`,`display`,`reply`,`check`,`reply_model`,`extend`,`create_time`,`update_time`,`status`,`icon`,`groups` FROM `hr_category` WHERE `id` = 41 LIMIT 1   [ RunTime:0.0005s ]
SQL: SELECT `id`,`name`,`pid`,`title`,`link_id` FROM `hr_category` WHERE `status` = 1 ORDER BY sort  [ RunTime:0.0005s ]
SQL: SELECT `id`,`uid`,`name`,`title`,`category_id`,`group_id`,`description`,`root`,`pid`,`model_id`,`type`,`position`,`link_id`,`cover_id`,`display`,`deadline`,`attach`,`view`,`comment`,`extend`,`level`,`create_time`,`update_time`,`status` FROM `hr_document` WHERE `status` = 1 AND `pid` = 0 AND `category_id` = 41 AND `create_time` < 1516167720 AND ( deadline = 0 OR deadline > 1516167720 ) ORDER BY `level` DESC,`id` DESC LIMIT 0,5   [ RunTime:0.0013s ]
SQL: SELECT * FROM `hr_picture` WHERE `status` = 1 AND `id` = 48 LIMIT 1   [ RunTime:0.0004s ]
SQL: SELECT * FROM `hr_picture` WHERE `status` = 1 AND `id` = 49 LIMIT 1   [ RunTime:0.0004s ]
SQL: SELECT * FROM `hr_picture` WHERE `status` = 1 AND `id` = 50 LIMIT 1   [ RunTime:0.0005s ]
SQL: SELECT * FROM `hr_picture` WHERE `status` = 1 AND `id` = 51 LIMIT 1   [ RunTime:0.0005s ]
SQL: SELECT * FROM `hr_picture` WHERE `status` = 1 AND `id` = 52 LIMIT 1   [ RunTime:0.0004s ]
SQL: SELECT `id`,`name`,`title`,`pid`,`sort`,`list_row`,`meta_title`,`keywords`,`description`,`template_index`,`template_lists`,`template_detail`,`template_edit`,`model`,`model_sub`,`type`,`link_id`,`allow_publish`,`display`,`reply`,`check`,`reply_model`,`extend`,`create_time`,`update_time`,`status`,`icon`,`groups` FROM `hr_category` WHERE `id` = 43 LIMIT 1   [ RunTime:0.0005s ]
SQL: SELECT `id`,`name`,`pid`,`title`,`link_id` FROM `hr_category` WHERE `status` = 1 ORDER BY sort  [ RunTime:0.0005s ]
SQL: SELECT `id`,`uid`,`name`,`title`,`category_id`,`group_id`,`description`,`root`,`pid`,`model_id`,`type`,`position`,`link_id`,`cover_id`,`display`,`deadline`,`attach`,`view`,`comment`,`extend`,`level`,`create_time`,`update_time`,`status` FROM `hr_document` WHERE `status` = 1 AND `pid` = 0 AND `category_id` = 43 AND `create_time` < 1516167720 AND ( deadline = 0 OR deadline > 1516167720 ) ORDER BY `level` DESC,`id` DESC LIMIT 0,8   [ RunTime:0.0006s ]
INFO: Run Behavior\ParseTemplateBehavior [ RunTime:0.035664s ]
INFO: [ view_parse ] --END-- [ RunTime:0.005785s ]
INFO: [ view_filter ] --START--
INFO: Run Behavior\WriteHtmlCacheBehavior [ RunTime:0.000054s ]
INFO: [ view_filter ] --END-- [ RunTime:-0.029257s ]
INFO: [ app_end ] --START--
INFO: Run Behavior\ShowPageTraceBehavior [ RunTime:0.000725s ]
INFO: [ app_end ] --END-- [ RunTime:0.000825s ]

[ 2018-01-17T14:21:42+08:00 ] 127.0.0.1 /
INFO: [ app_init ] --START--
INFO: Run Behavior\BuildLiteBehavior [ RunTime:0.000037s ]
INFO: Run Common\Behavior\InitHookBehavior [ RunTime:0.003985s ]
INFO: [ app_init ] --END-- [ RunTime:0.004996s ]
INFO: [ app_begin ] --START--
INFO: Run Behavior\ReadHtmlCacheBehavior [ RunTime:0.001039s ]
INFO: [ app_begin ] --END-- [ RunTime:0.001136s ]
SQL: SHOW COLUMNS FROM `hr_config` [ RunTime:0.0038s ]
SQL: SELECT `type`,`name`,`value` FROM `hr_config` WHERE `status` = 1  [ RunTime:0.0006s ]
SQL: SHOW COLUMNS FROM `hr_category` [ RunTime:0.0040s ]
SQL: SELECT `id`,`name`,`title`,`pid`,`sort`,`list_row`,`meta_title`,`keywords`,`description`,`template_index`,`template_lists`,`template_detail`,`template_edit`,`model`,`model_sub`,`type`,`link_id`,`allow_publish`,`display`,`reply`,`check`,`reply_model`,`extend`,`create_time`,`update_time`,`status`,`icon`,`groups` FROM `hr_category` WHERE `status` = 1 ORDER BY sort  [ RunTime:0.0006s ]
SQL: SHOW COLUMNS FROM `hr_document` [ RunTime:0.0043s ]
SQL: SELECT `id`,`uid`,`name`,`title`,`category_id`,`group_id`,`description`,`root`,`pid`,`model_id`,`type`,`position`,`link_id`,`cover_id`,`display`,`deadline`,`attach`,`view`,`comment`,`extend`,`level`,`create_time`,`update_time`,`status` FROM `hr_document` WHERE `status` = 1 AND `pid` = 0 AND `create_time` < 1516170102 AND ( deadline = 0 OR deadline > 1516170102 ) ORDER BY `id` DESC  [ RunTime:0.0019s ]
INFO: [ view_parse ] --START--
INFO: [ template_filter ] --START--
INFO: Run Behavior\ContentReplaceBehavior [ RunTime:0.000271s ]
INFO: [ template_filter ] --END-- [ RunTime:0.000400s ]
INFO: [ Silder ] --START--
SQL: SHOW COLUMNS FROM `hr_addons` [ RunTime:0.0071s ]
SQL: SELECT `config` FROM `hr_addons` WHERE `name` = 'Silder' AND `status` = 1 LIMIT 1   [ RunTime:0.0011s ]
SQL: SHOW COLUMNS FROM `hr_silder` [ RunTime:0.0044s ]
SQL: SELECT * FROM `hr_silder` WHERE `status` = 1 ORDER BY priorityr asc  [ RunTime:0.0026s ]
SQL: SHOW COLUMNS FROM `hr_picture` [ RunTime:0.0042s ]
SQL: SELECT `path` FROM `hr_picture` WHERE `id` = 18 LIMIT 1   [ RunTime:0.0011s ]
INFO: [ view_parse ] --START--
INFO: [ template_filter ] --START--
INFO: Run Behavior\ContentReplaceBehavior [ RunTime:0.000074s ]
INFO: [ template_filter ] --END-- [ RunTime:-0.035554s ]
INFO: Run Behavior\ParseTemplateBehavior [ RunTime:0.006934s ]
INFO: [ view_parse ] --END-- [ RunTime:0.007091s ]
INFO: [ view_filter ] --START--
INFO: Run Behavior\WriteHtmlCacheBehavior [ RunTime:0.000949s ]
INFO: [ view_filter ] --END-- [ RunTime:0.001047s ]
INFO: Run Addons\Silder\SilderAddon [ RunTime:0.035810s ]
INFO: [ Silder ] --END-- [ RunTime:0.035962s ]
SQL: SELECT `id`,`name`,`title`,`pid`,`sort`,`list_row`,`meta_title`,`keywords`,`description`,`template_index`,`template_lists`,`template_detail`,`template_edit`,`model`,`model_sub`,`type`,`link_id`,`allow_publish`,`display`,`reply`,`check`,`reply_model`,`extend`,`create_time`,`update_time`,`status`,`icon`,`groups` FROM `hr_category` WHERE `id` = 39 LIMIT 1   [ RunTime:0.0010s ]
SQL: SELECT `id`,`name`,`pid`,`title`,`link_id` FROM `hr_category` WHERE `status` = 1 ORDER BY sort  [ RunTime:0.0007s ]
SQL: SELECT `id`,`uid`,`name`,`title`,`category_id`,`group_id`,`description`,`root`,`pid`,`model_id`,`type`,`position`,`link_id`,`cover_id`,`display`,`deadline`,`attach`,`view`,`comment`,`extend`,`level`,`create_time`,`update_time`,`status` FROM `hr_document` WHERE `status` = 1 AND `pid` = 0 AND `category_id` = 39 AND `create_time` < 1516170102 AND ( deadline = 0 OR deadline > 1516170102 ) ORDER BY `level` DESC,`id` DESC LIMIT 0,6   [ RunTime:0.0012s ]
SQL: SHOW COLUMNS FROM `hr_picture` [ RunTime:0.0038s ]
SQL: SELECT * FROM `hr_picture` WHERE `status` = 1 AND `id` = 111 LIMIT 1   [ RunTime:0.0012s ]
SQL: SELECT * FROM `hr_picture` WHERE `status` = 1 AND `id` = 110 LIMIT 1   [ RunTime:0.0004s ]
NOTIC: [8] Constant UPLOAD_URL already defined D:\wwwroot\heavyrain\wwwroot\Application\Common\Common\function.php 第 1029 行.
NOTIC: [8] Constant UPLOAD_PATH already defined D:\wwwroot\heavyrain\wwwroot\Application\Common\Common\function.php 第 1030 行.
SQL: SELECT * FROM `hr_picture` WHERE `status` = 1 AND `id` = 109 LIMIT 1   [ RunTime:0.0004s ]
NOTIC: [8] Constant UPLOAD_URL already defined D:\wwwroot\heavyrain\wwwroot\Application\Common\Common\function.php 第 1029 行.
NOTIC: [8] Constant UPLOAD_PATH already defined D:\wwwroot\heavyrain\wwwroot\Application\Common\Common\function.php 第 1030 行.
SQL: SELECT * FROM `hr_picture` WHERE `status` = 1 AND `id` = 108 LIMIT 1   [ RunTime:0.0005s ]
NOTIC: [8] Constant UPLOAD_URL already defined D:\wwwroot\heavyrain\wwwroot\Application\Common\Common\function.php 第 1029 行.
NOTIC: [8] Constant UPLOAD_PATH already defined D:\wwwroot\heavyrain\wwwroot\Application\Common\Common\function.php 第 1030 行.
SQL: SELECT * FROM `hr_picture` WHERE `status` = 1 AND `id` = 107 LIMIT 1   [ RunTime:0.0005s ]
NOTIC: [8] Constant UPLOAD_URL already defined D:\wwwroot\heavyrain\wwwroot\Application\Common\Common\function.php 第 1029 行.
NOTIC: [8] Constant UPLOAD_PATH already defined D:\wwwroot\heavyrain\wwwroot\Application\Common\Common\function.php 第 1030 行.
SQL: SELECT * FROM `hr_picture` WHERE `status` = 1 AND `id` = 106 LIMIT 1   [ RunTime:0.0004s ]
NOTIC: [8] Constant UPLOAD_URL already defined D:\wwwroot\heavyrain\wwwroot\Application\Common\Common\function.php 第 1029 行.
NOTIC: [8] Constant UPLOAD_PATH already defined D:\wwwroot\heavyrain\wwwroot\Application\Common\Common\function.php 第 1030 行.
SQL: SELECT `id`,`name`,`title`,`pid`,`sort`,`list_row`,`meta_title`,`keywords`,`description`,`template_index`,`template_lists`,`template_detail`,`template_edit`,`model`,`model_sub`,`type`,`link_id`,`allow_publish`,`display`,`reply`,`check`,`reply_model`,`extend`,`create_time`,`update_time`,`status`,`icon`,`groups` FROM `hr_category` WHERE `id` = 41 LIMIT 1   [ RunTime:0.0006s ]
SQL: SELECT `id`,`name`,`pid`,`title`,`link_id` FROM `hr_category` WHERE `status` = 1 ORDER BY sort  [ RunTime:0.0005s ]
SQL: SELECT `id`,`uid`,`name`,`title`,`category_id`,`group_id`,`description`,`root`,`pid`,`model_id`,`type`,`position`,`link_id`,`cover_id`,`display`,`deadline`,`attach`,`view`,`comment`,`extend`,`level`,`create_time`,`update_time`,`status` FROM `hr_document` WHERE `status` = 1 AND `pid` = 0 AND `category_id` = 41 AND `create_time` < 1516170102 AND ( deadline = 0 OR deadline > 1516170102 ) ORDER BY `level` DESC,`id` DESC LIMIT 0,5   [ RunTime:0.0008s ]
SQL: SELECT * FROM `hr_picture` WHERE `status` = 1 AND `id` = 48 LIMIT 1   [ RunTime:0.0005s ]
SQL: SELECT * FROM `hr_picture` WHERE `status` = 1 AND `id` = 49 LIMIT 1   [ RunTime:0.0005s ]
SQL: SELECT * FROM `hr_picture` WHERE `status` = 1 AND `id` = 50 LIMIT 1   [ RunTime:0.0005s ]
SQL: SELECT * FROM `hr_picture` WHERE `status` = 1 AND `id` = 51 LIMIT 1   [ RunTime:0.0005s ]
SQL: SELECT * FROM `hr_picture` WHERE `status` = 1 AND `id` = 52 LIMIT 1   [ RunTime:0.0005s ]
SQL: SELECT `id`,`name`,`title`,`pid`,`sort`,`list_row`,`meta_title`,`keywords`,`description`,`template_index`,`template_lists`,`template_detail`,`template_edit`,`model`,`model_sub`,`type`,`link_id`,`allow_publish`,`display`,`reply`,`check`,`reply_model`,`extend`,`create_time`,`update_time`,`status`,`icon`,`groups` FROM `hr_category` WHERE `id` = 43 LIMIT 1   [ RunTime:0.0005s ]
SQL: SELECT `id`,`name`,`pid`,`title`,`link_id` FROM `hr_category` WHERE `status` = 1 ORDER BY sort  [ RunTime:0.0006s ]
SQL: SELECT `id`,`uid`,`name`,`title`,`category_id`,`group_id`,`description`,`root`,`pid`,`model_id`,`type`,`position`,`link_id`,`cover_id`,`display`,`deadline`,`attach`,`view`,`comment`,`extend`,`level`,`create_time`,`update_time`,`status` FROM `hr_document` WHERE `status` = 1 AND `pid` = 0 AND `category_id` = 43 AND `create_time` < 1516170102 AND ( deadline = 0 OR deadline > 1516170102 ) ORDER BY `level` DESC,`id` DESC LIMIT 0,8   [ RunTime:0.0006s ]
INFO: Run Behavior\ParseTemplateBehavior [ RunTime:0.040595s ]
INFO: [ view_parse ] --END-- [ RunTime:0.007091s ]
INFO: [ view_filter ] --START--
INFO: Run Behavior\WriteHtmlCacheBehavior [ RunTime:0.000055s ]
INFO: [ view_filter ] --END-- [ RunTime:-0.032705s ]
INFO: [ app_end ] --START--
INFO: Run Behavior\ShowPageTraceBehavior [ RunTime:0.002090s ]
INFO: [ app_end ] --END-- [ RunTime:0.002244s ]

[ 2018-01-17T17:28:13+08:00 ] 127.0.0.1 /
INFO: [ app_init ] --START--
INFO: Run Behavior\BuildLiteBehavior [ RunTime:0.000036s ]
INFO: Run Common\Behavior\InitHookBehavior [ RunTime:0.003978s ]
INFO: [ app_init ] --END-- [ RunTime:0.004919s ]
INFO: [ app_begin ] --START--
INFO: Run Behavior\ReadHtmlCacheBehavior [ RunTime:0.001003s ]
INFO: [ app_begin ] --END-- [ RunTime:0.001099s ]
SQL: SHOW COLUMNS FROM `hr_config` [ RunTime:0.0040s ]
SQL: SELECT `type`,`name`,`value` FROM `hr_config` WHERE `status` = 1  [ RunTime:0.0006s ]
SQL: SHOW COLUMNS FROM `hr_category` [ RunTime:0.0039s ]
SQL: SELECT `id`,`name`,`title`,`pid`,`sort`,`list_row`,`meta_title`,`keywords`,`description`,`template_index`,`template_lists`,`template_detail`,`template_edit`,`model`,`model_sub`,`type`,`link_id`,`allow_publish`,`display`,`reply`,`check`,`reply_model`,`extend`,`create_time`,`update_time`,`status`,`icon`,`groups` FROM `hr_category` WHERE `status` = 1 ORDER BY sort  [ RunTime:0.0007s ]
SQL: SHOW COLUMNS FROM `hr_document` [ RunTime:0.0037s ]
SQL: SELECT `id`,`uid`,`name`,`title`,`category_id`,`group_id`,`description`,`root`,`pid`,`model_id`,`type`,`position`,`link_id`,`cover_id`,`display`,`deadline`,`attach`,`view`,`comment`,`extend`,`level`,`create_time`,`update_time`,`status` FROM `hr_document` WHERE `status` = 1 AND `pid` = 0 AND `create_time` < 1516181293 AND ( deadline = 0 OR deadline > 1516181293 ) ORDER BY `id` DESC  [ RunTime:0.0016s ]
INFO: [ view_parse ] --START--
INFO: [ template_filter ] --START--
INFO: Run Behavior\ContentReplaceBehavior [ RunTime:0.000314s ]
INFO: [ template_filter ] --END-- [ RunTime:0.000492s ]
INFO: [ Silder ] --START--
SQL: SHOW COLUMNS FROM `hr_addons` [ RunTime:0.0037s ]
SQL: SELECT `config` FROM `hr_addons` WHERE `name` = 'Silder' AND `status` = 1 LIMIT 1   [ RunTime:0.0008s ]
SQL: SHOW COLUMNS FROM `hr_silder` [ RunTime:0.0033s ]
SQL: SELECT * FROM `hr_silder` WHERE `status` = 1 ORDER BY priorityr asc  [ RunTime:0.0008s ]
SQL: SHOW COLUMNS FROM `hr_picture` [ RunTime:0.0048s ]
SQL: SELECT `path` FROM `hr_picture` WHERE `id` = 18 LIMIT 1   [ RunTime:0.0010s ]
INFO: [ view_parse ] --START--
INFO: [ template_filter ] --START--
INFO: Run Behavior\ContentReplaceBehavior [ RunTime:0.000064s ]
INFO: [ template_filter ] --END-- [ RunTime:-0.027931s ]
INFO: Run Behavior\ParseTemplateBehavior [ RunTime:0.005387s ]
INFO: [ view_parse ] --END-- [ RunTime:0.005522s ]
INFO: [ view_filter ] --START--
INFO: Run Behavior\WriteHtmlCacheBehavior [ RunTime:0.000700s ]
INFO: [ view_filter ] --END-- [ RunTime:0.000802s ]
INFO: Run Addons\Silder\SilderAddon [ RunTime:0.027161s ]
INFO: [ Silder ] --END-- [ RunTime:0.027270s ]
SQL: SELECT `id`,`name`,`title`,`pid`,`sort`,`list_row`,`meta_title`,`keywords`,`description`,`template_index`,`template_lists`,`template_detail`,`template_edit`,`model`,`model_sub`,`type`,`link_id`,`allow_publish`,`display`,`reply`,`check`,`reply_model`,`extend`,`create_time`,`update_time`,`status`,`icon`,`groups` FROM `hr_category` WHERE `id` = 39 LIMIT 1   [ RunTime:0.0007s ]
SQL: SELECT `id`,`name`,`pid`,`title`,`link_id` FROM `hr_category` WHERE `status` = 1 ORDER BY sort  [ RunTime:0.0005s ]
SQL: SELECT `id`,`uid`,`name`,`title`,`category_id`,`group_id`,`description`,`root`,`pid`,`model_id`,`type`,`position`,`link_id`,`cover_id`,`display`,`deadline`,`attach`,`view`,`comment`,`extend`,`level`,`create_time`,`update_time`,`status` FROM `hr_document` WHERE `status` = 1 AND `pid` = 0 AND `category_id` = 39 AND `create_time` < 1516181293 AND ( deadline = 0 OR deadline > 1516181293 ) ORDER BY `level` DESC,`id` DESC LIMIT 0,6   [ RunTime:0.0010s ]
SQL: SHOW COLUMNS FROM `hr_picture` [ RunTime:0.0032s ]
SQL: SELECT * FROM `hr_picture` WHERE `status` = 1 AND `id` = 111 LIMIT 1   [ RunTime:0.0013s ]
SQL: SELECT * FROM `hr_picture` WHERE `status` = 1 AND `id` = 110 LIMIT 1   [ RunTime:0.0005s ]
NOTIC: [8] Constant UPLOAD_URL already defined D:\wwwroot\heavyrain\wwwroot\Application\Common\Common\function.php 第 1029 行.
NOTIC: [8] Constant UPLOAD_PATH already defined D:\wwwroot\heavyrain\wwwroot\Application\Common\Common\function.php 第 1030 行.
SQL: SELECT * FROM `hr_picture` WHERE `status` = 1 AND `id` = 109 LIMIT 1   [ RunTime:0.0006s ]
NOTIC: [8] Constant UPLOAD_URL already defined D:\wwwroot\heavyrain\wwwroot\Application\Common\Common\function.php 第 1029 行.
NOTIC: [8] Constant UPLOAD_PATH already defined D:\wwwroot\heavyrain\wwwroot\Application\Common\Common\function.php 第 1030 行.
SQL: SELECT * FROM `hr_picture` WHERE `status` = 1 AND `id` = 108 LIMIT 1   [ RunTime:0.0005s ]
NOTIC: [8] Constant UPLOAD_URL already defined D:\wwwroot\heavyrain\wwwroot\Application\Common\Common\function.php 第 1029 行.
NOTIC: [8] Constant UPLOAD_PATH already defined D:\wwwroot\heavyrain\wwwroot\Application\Common\Common\function.php 第 1030 行.
SQL: SELECT * FROM `hr_picture` WHERE `status` = 1 AND `id` = 107 LIMIT 1   [ RunTime:0.0005s ]
NOTIC: [8] Constant UPLOAD_URL already defined D:\wwwroot\heavyrain\wwwroot\Application\Common\Common\function.php 第 1029 行.
NOTIC: [8] Constant UPLOAD_PATH already defined D:\wwwroot\heavyrain\wwwroot\Application\Common\Common\function.php 第 1030 行.
SQL: SELECT * FROM `hr_picture` WHERE `status` = 1 AND `id` = 106 LIMIT 1   [ RunTime:0.0004s ]
NOTIC: [8] Constant UPLOAD_URL already defined D:\wwwroot\heavyrain\wwwroot\Application\Common\Common\function.php 第 1029 行.
NOTIC: [8] Constant UPLOAD_PATH already defined D:\wwwroot\heavyrain\wwwroot\Application\Common\Common\function.php 第 1030 行.
SQL: SELECT `id`,`name`,`title`,`pid`,`sort`,`list_row`,`meta_title`,`keywords`,`description`,`template_index`,`template_lists`,`template_detail`,`template_edit`,`model`,`model_sub`,`type`,`link_id`,`allow_publish`,`display`,`reply`,`check`,`reply_model`,`extend`,`create_time`,`update_time`,`status`,`icon`,`groups` FROM `hr_category` WHERE `id` = 41 LIMIT 1   [ RunTime:0.0009s ]
SQL: SELECT `id`,`name`,`pid`,`title`,`link_id` FROM `hr_category` WHERE `status` = 1 ORDER BY sort  [ RunTime:0.0006s ]
SQL: SELECT `id`,`uid`,`name`,`title`,`category_id`,`group_id`,`description`,`root`,`pid`,`model_id`,`type`,`position`,`link_id`,`cover_id`,`display`,`deadline`,`attach`,`view`,`comment`,`extend`,`level`,`create_time`,`update_time`,`status` FROM `hr_document` WHERE `status` = 1 AND `pid` = 0 AND `category_id` = 41 AND `create_time` < 1516181293 AND ( deadline = 0 OR deadline > 1516181293 ) ORDER BY `level` DESC,`id` DESC LIMIT 0,5   [ RunTime:0.0006s ]
SQL: SELECT * FROM `hr_picture` WHERE `status` = 1 AND `id` = 48 LIMIT 1   [ RunTime:0.0004s ]
SQL: SELECT * FROM `hr_picture` WHERE `status` = 1 AND `id` = 49 LIMIT 1   [ RunTime:0.0004s ]
SQL: SELECT * FROM `hr_picture` WHERE `status` = 1 AND `id` = 50 LIMIT 1   [ RunTime:0.0003s ]
SQL: SELECT * FROM `hr_picture` WHERE `status` = 1 AND `id` = 51 LIMIT 1   [ RunTime:0.0004s ]
SQL: SELECT * FROM `hr_picture` WHERE `status` = 1 AND `id` = 52 LIMIT 1   [ RunTime:0.0004s ]
SQL: SELECT `id`,`name`,`title`,`pid`,`sort`,`list_row`,`meta_title`,`keywords`,`description`,`template_index`,`template_lists`,`template_detail`,`template_edit`,`model`,`model_sub`,`type`,`link_id`,`allow_publish`,`display`,`reply`,`check`,`reply_model`,`extend`,`create_time`,`update_time`,`status`,`icon`,`groups` FROM `hr_category` WHERE `id` = 43 LIMIT 1   [ RunTime:0.0005s ]
SQL: SELECT `id`,`name`,`pid`,`title`,`link_id` FROM `hr_category` WHERE `status` = 1 ORDER BY sort  [ RunTime:0.0005s ]
SQL: SELECT `id`,`uid`,`name`,`title`,`category_id`,`group_id`,`description`,`root`,`pid`,`model_id`,`type`,`position`,`link_id`,`cover_id`,`display`,`deadline`,`attach`,`view`,`comment`,`extend`,`level`,`create_time`,`update_time`,`status` FROM `hr_document` WHERE `status` = 1 AND `pid` = 0 AND `category_id` = 43 AND `create_time` < 1516181293 AND ( deadline = 0 OR deadline > 1516181293 ) ORDER BY `level` DESC,`id` DESC LIMIT 0,8   [ RunTime:0.0006s ]
INFO: Run Behavior\ParseTemplateBehavior [ RunTime:0.034631s ]
INFO: [ view_parse ] --END-- [ RunTime:0.005522s ]
INFO: [ view_filter ] --START--
INFO: Run Behavior\WriteHtmlCacheBehavior [ RunTime:0.000033s ]
INFO: [ view_filter ] --END-- [ RunTime:-0.028284s ]
INFO: [ app_end ] --START--
INFO: Run Behavior\ShowPageTraceBehavior [ RunTime:0.001926s ]
INFO: [ app_end ] --END-- [ RunTime:0.002027s ]

