[ 2018-02-18T01:17:09+08:00 ] 127.0.0.1 /
INFO: [ app_init ] --START--
INFO: Run Behavior\BuildLiteBehavior [ RunTime:0.000040s ]
INFO: Run Common\Behavior\InitHookBehavior [ RunTime:0.004457s ]
INFO: [ app_init ] --END-- [ RunTime:0.005896s ]
INFO: [ app_begin ] --START--
INFO: Run Behavior\ReadHtmlCacheBehavior [ RunTime:0.001517s ]
INFO: [ app_begin ] --END-- [ RunTime:0.001679s ]
SQL: SHOW COLUMNS FROM `hr_config` [ RunTime:0.0134s ]
SQL: SELECT `type`,`name`,`value` FROM `hr_config` WHERE `status` = 1  [ RunTime:0.0005s ]
SQL: SHOW COLUMNS FROM `hr_category` [ RunTime:0.0071s ]
SQL: SELECT `id`,`name`,`title`,`pid`,`sort`,`list_row`,`meta_title`,`keywords`,`description`,`template_index`,`template_lists`,`template_detail`,`template_edit`,`model`,`model_sub`,`type`,`link_id`,`allow_publish`,`display`,`reply`,`check`,`reply_model`,`extend`,`create_time`,`update_time`,`status`,`icon`,`groups` FROM `hr_category` WHERE `status` = 1 ORDER BY sort  [ RunTime:0.0013s ]
SQL: SHOW COLUMNS FROM `hr_document` [ RunTime:0.0049s ]
SQL: SELECT `id`,`uid`,`name`,`title`,`category_id`,`group_id`,`description`,`root`,`pid`,`model_id`,`type`,`position`,`link_id`,`cover_id`,`display`,`deadline`,`attach`,`view`,`comment`,`extend`,`level`,`create_time`,`update_time`,`status` FROM `hr_document` WHERE `status` = 1 AND `pid` = 0 AND `create_time` < 1518887828 AND ( deadline = 0 OR deadline > 1518887828 ) ORDER BY `id` DESC  [ RunTime:0.0017s ]
INFO: [ view_parse ] --START--
INFO: [ template_filter ] --START--
INFO: Run Behavior\ContentReplaceBehavior [ RunTime:0.000360s ]
INFO: [ template_filter ] --END-- [ RunTime:0.000548s ]
INFO: [ Silder ] --START--
SQL: SHOW COLUMNS FROM `hr_addons` [ RunTime:0.0050s ]
SQL: SELECT `config` FROM `hr_addons` WHERE `name` = 'Silder' AND `status` = 1 LIMIT 1   [ RunTime:0.0009s ]
SQL: SHOW COLUMNS FROM `hr_silder` [ RunTime:0.0044s ]
SQL: SELECT * FROM `hr_silder` WHERE `status` = 1 ORDER BY priorityr asc  [ RunTime:0.0005s ]
SQL: SHOW COLUMNS FROM `hr_picture` [ RunTime:0.0033s ]
SQL: SELECT `path` FROM `hr_picture` WHERE `id` = 18 LIMIT 1   [ RunTime:0.0007s ]
INFO: [ view_parse ] --START--
INFO: [ template_filter ] --START--
INFO: Run Behavior\ContentReplaceBehavior [ RunTime:0.000076s ]
INFO: [ template_filter ] --END-- [ RunTime:-0.031524s ]
INFO: Run Behavior\ParseTemplateBehavior [ RunTime:0.006870s ]
INFO: [ view_parse ] --END-- [ RunTime:0.007028s ]
INFO: [ view_filter ] --START--
INFO: Run Behavior\WriteHtmlCacheBehavior [ RunTime:0.001117s ]
INFO: [ view_filter ] --END-- [ RunTime:0.001262s ]
INFO: Run Addons\Silder\SilderAddon [ RunTime:0.031822s ]
INFO: [ Silder ] --END-- [ RunTime:0.031981s ]
SQL: SELECT `id`,`name`,`title`,`pid`,`sort`,`list_row`,`meta_title`,`keywords`,`description`,`template_index`,`template_lists`,`template_detail`,`template_edit`,`model`,`model_sub`,`type`,`link_id`,`allow_publish`,`display`,`reply`,`check`,`reply_model`,`extend`,`create_time`,`update_time`,`status`,`icon`,`groups` FROM `hr_category` WHERE `id` = 39 LIMIT 1   [ RunTime:0.0008s ]
SQL: SELECT `id`,`name`,`pid`,`title`,`link_id` FROM `hr_category` WHERE `status` = 1 ORDER BY sort  [ RunTime:0.0010s ]
SQL: SELECT `id`,`uid`,`name`,`title`,`category_id`,`group_id`,`description`,`root`,`pid`,`model_id`,`type`,`position`,`link_id`,`cover_id`,`display`,`deadline`,`attach`,`view`,`comment`,`extend`,`level`,`create_time`,`update_time`,`status` FROM `hr_document` WHERE `status` = 1 AND `pid` = 0 AND `category_id` = 39 AND `create_time` < 1518887828 AND ( deadline = 0 OR deadline > 1518887828 ) ORDER BY `level` DESC,`id` DESC LIMIT 0,6   [ RunTime:0.0015s ]
SQL: SHOW COLUMNS FROM `hr_picture` [ RunTime:0.0040s ]
SQL: SELECT * FROM `hr_picture` WHERE `status` = 1 AND `id` = 111 LIMIT 1   [ RunTime:0.0008s ]
SQL: SELECT * FROM `hr_picture` WHERE `status` = 1 AND `id` = 110 LIMIT 1   [ RunTime:0.0006s ]
NOTIC: [8] Constant UPLOAD_URL already defined D:\wwwroot\heavyrain\wwwroot\Application\Common\Common\function.php 第 1029 行.
NOTIC: [8] Constant UPLOAD_PATH already defined D:\wwwroot\heavyrain\wwwroot\Application\Common\Common\function.php 第 1030 行.
SQL: SELECT * FROM `hr_picture` WHERE `status` = 1 AND `id` = 109 LIMIT 1   [ RunTime:0.0004s ]
NOTIC: [8] Constant UPLOAD_URL already defined D:\wwwroot\heavyrain\wwwroot\Application\Common\Common\function.php 第 1029 行.
NOTIC: [8] Constant UPLOAD_PATH already defined D:\wwwroot\heavyrain\wwwroot\Application\Common\Common\function.php 第 1030 行.
SQL: SELECT * FROM `hr_picture` WHERE `status` = 1 AND `id` = 108 LIMIT 1   [ RunTime:0.0007s ]
NOTIC: [8] Constant UPLOAD_URL already defined D:\wwwroot\heavyrain\wwwroot\Application\Common\Common\function.php 第 1029 行.
NOTIC: [8] Constant UPLOAD_PATH already defined D:\wwwroot\heavyrain\wwwroot\Application\Common\Common\function.php 第 1030 行.
SQL: SELECT * FROM `hr_picture` WHERE `status` = 1 AND `id` = 107 LIMIT 1   [ RunTime:0.0015s ]
NOTIC: [8] Constant UPLOAD_URL already defined D:\wwwroot\heavyrain\wwwroot\Application\Common\Common\function.php 第 1029 行.
NOTIC: [8] Constant UPLOAD_PATH already defined D:\wwwroot\heavyrain\wwwroot\Application\Common\Common\function.php 第 1030 行.
SQL: SELECT * FROM `hr_picture` WHERE `status` = 1 AND `id` = 106 LIMIT 1   [ RunTime:0.0005s ]
NOTIC: [8] Constant UPLOAD_URL already defined D:\wwwroot\heavyrain\wwwroot\Application\Common\Common\function.php 第 1029 行.
NOTIC: [8] Constant UPLOAD_PATH already defined D:\wwwroot\heavyrain\wwwroot\Application\Common\Common\function.php 第 1030 行.
SQL: SELECT `id`,`name`,`title`,`pid`,`sort`,`list_row`,`meta_title`,`keywords`,`description`,`template_index`,`template_lists`,`template_detail`,`template_edit`,`model`,`model_sub`,`type`,`link_id`,`allow_publish`,`display`,`reply`,`check`,`reply_model`,`extend`,`create_time`,`update_time`,`status`,`icon`,`groups` FROM `hr_category` WHERE `id` = 41 LIMIT 1   [ RunTime:0.0006s ]
SQL: SELECT `id`,`name`,`pid`,`title`,`link_id` FROM `hr_category` WHERE `status` = 1 ORDER BY sort  [ RunTime:0.0005s ]
SQL: SELECT `id`,`uid`,`name`,`title`,`category_id`,`group_id`,`description`,`root`,`pid`,`model_id`,`type`,`position`,`link_id`,`cover_id`,`display`,`deadline`,`attach`,`view`,`comment`,`extend`,`level`,`create_time`,`update_time`,`status` FROM `hr_document` WHERE `status` = 1 AND `pid` = 0 AND `category_id` = 41 AND `create_time` < 1518887828 AND ( deadline = 0 OR deadline > 1518887828 ) ORDER BY `level` DESC,`id` DESC LIMIT 0,5   [ RunTime:0.0008s ]
SQL: SELECT * FROM `hr_picture` WHERE `status` = 1 AND `id` = 48 LIMIT 1   [ RunTime:0.0008s ]
SQL: SELECT * FROM `hr_picture` WHERE `status` = 1 AND `id` = 49 LIMIT 1   [ RunTime:0.0005s ]
SQL: SELECT * FROM `hr_picture` WHERE `status` = 1 AND `id` = 50 LIMIT 1   [ RunTime:0.0008s ]
SQL: SELECT * FROM `hr_picture` WHERE `status` = 1 AND `id` = 51 LIMIT 1   [ RunTime:0.0005s ]
SQL: SELECT * FROM `hr_picture` WHERE `status` = 1 AND `id` = 52 LIMIT 1   [ RunTime:0.0007s ]
SQL: SELECT `id`,`name`,`title`,`pid`,`sort`,`list_row`,`meta_title`,`keywords`,`description`,`template_index`,`template_lists`,`template_detail`,`template_edit`,`model`,`model_sub`,`type`,`link_id`,`allow_publish`,`display`,`reply`,`check`,`reply_model`,`extend`,`create_time`,`update_time`,`status`,`icon`,`groups` FROM `hr_category` WHERE `id` = 43 LIMIT 1   [ RunTime:0.0007s ]
SQL: SELECT `id`,`name`,`pid`,`title`,`link_id` FROM `hr_category` WHERE `status` = 1 ORDER BY sort  [ RunTime:0.0009s ]
SQL: SELECT `id`,`uid`,`name`,`title`,`category_id`,`group_id`,`description`,`root`,`pid`,`model_id`,`type`,`position`,`link_id`,`cover_id`,`display`,`deadline`,`attach`,`view`,`comment`,`extend`,`level`,`create_time`,`update_time`,`status` FROM `hr_document` WHERE `status` = 1 AND `pid` = 0 AND `category_id` = 43 AND `create_time` < 1518887828 AND ( deadline = 0 OR deadline > 1518887828 ) ORDER BY `level` DESC,`id` DESC LIMIT 0,8   [ RunTime:0.0008s ]
INFO: Run Behavior\ParseTemplateBehavior [ RunTime:0.047076s ]
INFO: [ view_parse ] --END-- [ RunTime:0.007028s ]
INFO: [ view_filter ] --START--
INFO: Run Behavior\WriteHtmlCacheBehavior [ RunTime:0.000045s ]
INFO: [ view_filter ] --END-- [ RunTime:-0.038889s ]
INFO: [ app_end ] --START--
INFO: Run Behavior\ShowPageTraceBehavior [ RunTime:0.002555s ]
INFO: [ app_end ] --END-- [ RunTime:0.002690s ]

[ 2018-02-18T04:06:35+08:00 ] 127.0.0.1 /
INFO: [ app_init ] --START--
INFO: Run Behavior\BuildLiteBehavior [ RunTime:0.000050s ]
INFO: Run Common\Behavior\InitHookBehavior [ RunTime:0.004119s ]
INFO: [ app_init ] --END-- [ RunTime:0.005452s ]
INFO: [ app_begin ] --START--
INFO: Run Behavior\ReadHtmlCacheBehavior [ RunTime:0.001174s ]
INFO: [ app_begin ] --END-- [ RunTime:0.001291s ]
SQL: SHOW COLUMNS FROM `hr_config` [ RunTime:0.0051s ]
SQL: SELECT `type`,`name`,`value` FROM `hr_config` WHERE `status` = 1  [ RunTime:0.0007s ]
SQL: SHOW COLUMNS FROM `hr_category` [ RunTime:0.0047s ]
SQL: SELECT `id`,`name`,`title`,`pid`,`sort`,`list_row`,`meta_title`,`keywords`,`description`,`template_index`,`template_lists`,`template_detail`,`template_edit`,`model`,`model_sub`,`type`,`link_id`,`allow_publish`,`display`,`reply`,`check`,`reply_model`,`extend`,`create_time`,`update_time`,`status`,`icon`,`groups` FROM `hr_category` WHERE `status` = 1 ORDER BY sort  [ RunTime:0.0010s ]
SQL: SHOW COLUMNS FROM `hr_document` [ RunTime:0.0051s ]
SQL: SELECT `id`,`uid`,`name`,`title`,`category_id`,`group_id`,`description`,`root`,`pid`,`model_id`,`type`,`position`,`link_id`,`cover_id`,`display`,`deadline`,`attach`,`view`,`comment`,`extend`,`level`,`create_time`,`update_time`,`status` FROM `hr_document` WHERE `status` = 1 AND `pid` = 0 AND `create_time` < 1518897994 AND ( deadline = 0 OR deadline > 1518897994 ) ORDER BY `id` DESC  [ RunTime:0.0023s ]
INFO: [ view_parse ] --START--
INFO: [ template_filter ] --START--
INFO: Run Behavior\ContentReplaceBehavior [ RunTime:0.000348s ]
INFO: [ template_filter ] --END-- [ RunTime:0.000512s ]
INFO: [ Silder ] --START--
SQL: SHOW COLUMNS FROM `hr_addons` [ RunTime:0.0053s ]
SQL: SELECT `config` FROM `hr_addons` WHERE `name` = 'Silder' AND `status` = 1 LIMIT 1   [ RunTime:0.0006s ]
SQL: SHOW COLUMNS FROM `hr_silder` [ RunTime:0.0187s ]
SQL: SELECT * FROM `hr_silder` WHERE `status` = 1 ORDER BY priorityr asc  [ RunTime:0.0009s ]
SQL: SHOW COLUMNS FROM `hr_picture` [ RunTime:0.0042s ]
SQL: SELECT `path` FROM `hr_picture` WHERE `id` = 18 LIMIT 1   [ RunTime:0.0009s ]
INFO: [ view_parse ] --START--
INFO: [ template_filter ] --START--
INFO: Run Behavior\ContentReplaceBehavior [ RunTime:0.000066s ]
INFO: [ template_filter ] --END-- [ RunTime:-0.048883s ]
INFO: Run Behavior\ParseTemplateBehavior [ RunTime:0.006046s ]
INFO: [ view_parse ] --END-- [ RunTime:0.006209s ]
INFO: [ view_filter ] --START--
INFO: Run Behavior\WriteHtmlCacheBehavior [ RunTime:0.001152s ]
INFO: [ view_filter ] --END-- [ RunTime:0.001534s ]
INFO: Run Addons\Silder\SilderAddon [ RunTime:0.048658s ]
INFO: [ Silder ] --END-- [ RunTime:0.048857s ]
SQL: SELECT `id`,`name`,`title`,`pid`,`sort`,`list_row`,`meta_title`,`keywords`,`description`,`template_index`,`template_lists`,`template_detail`,`template_edit`,`model`,`model_sub`,`type`,`link_id`,`allow_publish`,`display`,`reply`,`check`,`reply_model`,`extend`,`create_time`,`update_time`,`status`,`icon`,`groups` FROM `hr_category` WHERE `id` = 39 LIMIT 1   [ RunTime:0.0008s ]
SQL: SELECT `id`,`name`,`pid`,`title`,`link_id` FROM `hr_category` WHERE `status` = 1 ORDER BY sort  [ RunTime:0.0005s ]
SQL: SELECT `id`,`uid`,`name`,`title`,`category_id`,`group_id`,`description`,`root`,`pid`,`model_id`,`type`,`position`,`link_id`,`cover_id`,`display`,`deadline`,`attach`,`view`,`comment`,`extend`,`level`,`create_time`,`update_time`,`status` FROM `hr_document` WHERE `status` = 1 AND `pid` = 0 AND `category_id` = 39 AND `create_time` < 1518897994 AND ( deadline = 0 OR deadline > 1518897994 ) ORDER BY `level` DESC,`id` DESC LIMIT 0,6   [ RunTime:0.0012s ]
SQL: SHOW COLUMNS FROM `hr_picture` [ RunTime:0.0040s ]
SQL: SELECT * FROM `hr_picture` WHERE `status` = 1 AND `id` = 111 LIMIT 1   [ RunTime:0.0009s ]
SQL: SELECT * FROM `hr_picture` WHERE `status` = 1 AND `id` = 110 LIMIT 1   [ RunTime:0.0011s ]
NOTIC: [8] Constant UPLOAD_URL already defined D:\wwwroot\heavyrain\wwwroot\Application\Common\Common\function.php 第 1029 行.
NOTIC: [8] Constant UPLOAD_PATH already defined D:\wwwroot\heavyrain\wwwroot\Application\Common\Common\function.php 第 1030 行.
SQL: SELECT * FROM `hr_picture` WHERE `status` = 1 AND `id` = 109 LIMIT 1   [ RunTime:0.0006s ]
NOTIC: [8] Constant UPLOAD_URL already defined D:\wwwroot\heavyrain\wwwroot\Application\Common\Common\function.php 第 1029 行.
NOTIC: [8] Constant UPLOAD_PATH already defined D:\wwwroot\heavyrain\wwwroot\Application\Common\Common\function.php 第 1030 行.
SQL: SELECT * FROM `hr_picture` WHERE `status` = 1 AND `id` = 108 LIMIT 1   [ RunTime:0.0006s ]
NOTIC: [8] Constant UPLOAD_URL already defined D:\wwwroot\heavyrain\wwwroot\Application\Common\Common\function.php 第 1029 行.
NOTIC: [8] Constant UPLOAD_PATH already defined D:\wwwroot\heavyrain\wwwroot\Application\Common\Common\function.php 第 1030 行.
SQL: SELECT * FROM `hr_picture` WHERE `status` = 1 AND `id` = 107 LIMIT 1   [ RunTime:0.0017s ]
NOTIC: [8] Constant UPLOAD_URL already defined D:\wwwroot\heavyrain\wwwroot\Application\Common\Common\function.php 第 1029 行.
NOTIC: [8] Constant UPLOAD_PATH already defined D:\wwwroot\heavyrain\wwwroot\Application\Common\Common\function.php 第 1030 行.
SQL: SELECT * FROM `hr_picture` WHERE `status` = 1 AND `id` = 106 LIMIT 1   [ RunTime:0.0011s ]
NOTIC: [8] Constant UPLOAD_URL already defined D:\wwwroot\heavyrain\wwwroot\Application\Common\Common\function.php 第 1029 行.
NOTIC: [8] Constant UPLOAD_PATH already defined D:\wwwroot\heavyrain\wwwroot\Application\Common\Common\function.php 第 1030 行.
SQL: SELECT `id`,`name`,`title`,`pid`,`sort`,`list_row`,`meta_title`,`keywords`,`description`,`template_index`,`template_lists`,`template_detail`,`template_edit`,`model`,`model_sub`,`type`,`link_id`,`allow_publish`,`display`,`reply`,`check`,`reply_model`,`extend`,`create_time`,`update_time`,`status`,`icon`,`groups` FROM `hr_category` WHERE `id` = 41 LIMIT 1   [ RunTime:0.0008s ]
SQL: SELECT `id`,`name`,`pid`,`title`,`link_id` FROM `hr_category` WHERE `status` = 1 ORDER BY sort  [ RunTime:0.0007s ]
SQL: SELECT `id`,`uid`,`name`,`title`,`category_id`,`group_id`,`description`,`root`,`pid`,`model_id`,`type`,`position`,`link_id`,`cover_id`,`display`,`deadline`,`attach`,`view`,`comment`,`extend`,`level`,`create_time`,`update_time`,`status` FROM `hr_document` WHERE `status` = 1 AND `pid` = 0 AND `category_id` = 41 AND `create_time` < 1518897994 AND ( deadline = 0 OR deadline > 1518897994 ) ORDER BY `level` DESC,`id` DESC LIMIT 0,5   [ RunTime:0.0009s ]
SQL: SELECT * FROM `hr_picture` WHERE `status` = 1 AND `id` = 48 LIMIT 1   [ RunTime:0.0005s ]
SQL: SELECT * FROM `hr_picture` WHERE `status` = 1 AND `id` = 49 LIMIT 1   [ RunTime:0.0011s ]
SQL: SELECT * FROM `hr_picture` WHERE `status` = 1 AND `id` = 50 LIMIT 1   [ RunTime:0.0004s ]
SQL: SELECT * FROM `hr_picture` WHERE `status` = 1 AND `id` = 51 LIMIT 1   [ RunTime:0.0006s ]
SQL: SELECT * FROM `hr_picture` WHERE `status` = 1 AND `id` = 52 LIMIT 1   [ RunTime:0.0006s ]
SQL: SELECT `id`,`name`,`title`,`pid`,`sort`,`list_row`,`meta_title`,`keywords`,`description`,`template_index`,`template_lists`,`template_detail`,`template_edit`,`model`,`model_sub`,`type`,`link_id`,`allow_publish`,`display`,`reply`,`check`,`reply_model`,`extend`,`create_time`,`update_time`,`status`,`icon`,`groups` FROM `hr_category` WHERE `id` = 43 LIMIT 1   [ RunTime:0.0009s ]
SQL: SELECT `id`,`name`,`pid`,`title`,`link_id` FROM `hr_category` WHERE `status` = 1 ORDER BY sort  [ RunTime:0.0008s ]
SQL: SELECT `id`,`uid`,`name`,`title`,`category_id`,`group_id`,`description`,`root`,`pid`,`model_id`,`type`,`position`,`link_id`,`cover_id`,`display`,`deadline`,`attach`,`view`,`comment`,`extend`,`level`,`create_time`,`update_time`,`status` FROM `hr_document` WHERE `status` = 1 AND `pid` = 0 AND `category_id` = 43 AND `create_time` < 1518897994 AND ( deadline = 0 OR deadline > 1518897994 ) ORDER BY `level` DESC,`id` DESC LIMIT 0,8   [ RunTime:0.0010s ]
INFO: Run Behavior\ParseTemplateBehavior [ RunTime:0.065722s ]
INFO: [ view_parse ] --END-- [ RunTime:0.006209s ]
INFO: [ view_filter ] --START--
INFO: Run Behavior\WriteHtmlCacheBehavior [ RunTime:0.000073s ]
INFO: [ view_filter ] --END-- [ RunTime:-0.058246s ]
INFO: [ app_end ] --START--
INFO: Run Behavior\ShowPageTraceBehavior [ RunTime:0.002137s ]
INFO: [ app_end ] --END-- [ RunTime:0.002312s ]

[ 2018-02-18T05:01:21+08:00 ] 127.0.0.1 /
INFO: [ app_init ] --START--
INFO: Run Behavior\BuildLiteBehavior [ RunTime:0.000056s ]
INFO: Run Common\Behavior\InitHookBehavior [ RunTime:0.004662s ]
INFO: [ app_init ] --END-- [ RunTime:0.005825s ]
INFO: [ app_begin ] --START--
INFO: Run Behavior\ReadHtmlCacheBehavior [ RunTime:0.001237s ]
INFO: [ app_begin ] --END-- [ RunTime:0.001341s ]
SQL: SHOW COLUMNS FROM `hr_config` [ RunTime:0.0048s ]
SQL: SELECT `type`,`name`,`value` FROM `hr_config` WHERE `status` = 1  [ RunTime:0.0008s ]
SQL: SHOW COLUMNS FROM `hr_category` [ RunTime:0.0051s ]
SQL: SELECT `id`,`name`,`title`,`pid`,`sort`,`list_row`,`meta_title`,`keywords`,`description`,`template_index`,`template_lists`,`template_detail`,`template_edit`,`model`,`model_sub`,`type`,`link_id`,`allow_publish`,`display`,`reply`,`check`,`reply_model`,`extend`,`create_time`,`update_time`,`status`,`icon`,`groups` FROM `hr_category` WHERE `status` = 1 ORDER BY sort  [ RunTime:0.0007s ]
SQL: SHOW COLUMNS FROM `hr_document` [ RunTime:0.0033s ]
SQL: SELECT `id`,`uid`,`name`,`title`,`category_id`,`group_id`,`description`,`root`,`pid`,`model_id`,`type`,`position`,`link_id`,`cover_id`,`display`,`deadline`,`attach`,`view`,`comment`,`extend`,`level`,`create_time`,`update_time`,`status` FROM `hr_document` WHERE `status` = 1 AND `pid` = 0 AND `create_time` < 1518901280 AND ( deadline = 0 OR deadline > 1518901280 ) ORDER BY `id` DESC  [ RunTime:0.0017s ]
INFO: [ view_parse ] --START--
INFO: [ template_filter ] --START--
INFO: Run Behavior\ContentReplaceBehavior [ RunTime:0.000277s ]
INFO: [ template_filter ] --END-- [ RunTime:0.000430s ]
INFO: [ Silder ] --START--
SQL: SHOW COLUMNS FROM `hr_addons` [ RunTime:0.0043s ]
SQL: SELECT `config` FROM `hr_addons` WHERE `name` = 'Silder' AND `status` = 1 LIMIT 1   [ RunTime:0.0009s ]
SQL: SHOW COLUMNS FROM `hr_silder` [ RunTime:0.0041s ]
SQL: SELECT * FROM `hr_silder` WHERE `status` = 1 ORDER BY priorityr asc  [ RunTime:0.0008s ]
SQL: SHOW COLUMNS FROM `hr_picture` [ RunTime:0.0037s ]
SQL: SELECT `path` FROM `hr_picture` WHERE `id` = 18 LIMIT 1   [ RunTime:0.0011s ]
INFO: [ view_parse ] --START--
INFO: [ template_filter ] --START--
INFO: Run Behavior\ContentReplaceBehavior [ RunTime:0.000063s ]
INFO: [ template_filter ] --END-- [ RunTime:-0.029859s ]
INFO: Run Behavior\ParseTemplateBehavior [ RunTime:0.006380s ]
INFO: [ view_parse ] --END-- [ RunTime:0.006519s ]
INFO: [ view_filter ] --START--
INFO: Run Behavior\WriteHtmlCacheBehavior [ RunTime:0.000944s ]
INFO: [ view_filter ] --END-- [ RunTime:0.001074s ]
INFO: Run Addons\Silder\SilderAddon [ RunTime:0.029827s ]
INFO: [ Silder ] --END-- [ RunTime:0.029930s ]
SQL: SELECT `id`,`name`,`title`,`pid`,`sort`,`list_row`,`meta_title`,`keywords`,`description`,`template_index`,`template_lists`,`template_detail`,`template_edit`,`model`,`model_sub`,`type`,`link_id`,`allow_publish`,`display`,`reply`,`check`,`reply_model`,`extend`,`create_time`,`update_time`,`status`,`icon`,`groups` FROM `hr_category` WHERE `id` = 39 LIMIT 1   [ RunTime:0.0008s ]
SQL: SELECT `id`,`name`,`pid`,`title`,`link_id` FROM `hr_category` WHERE `status` = 1 ORDER BY sort  [ RunTime:0.0006s ]
SQL: SELECT `id`,`uid`,`name`,`title`,`category_id`,`group_id`,`description`,`root`,`pid`,`model_id`,`type`,`position`,`link_id`,`cover_id`,`display`,`deadline`,`attach`,`view`,`comment`,`extend`,`level`,`create_time`,`update_time`,`status` FROM `hr_document` WHERE `status` = 1 AND `pid` = 0 AND `category_id` = 39 AND `create_time` < 1518901280 AND ( deadline = 0 OR deadline > 1518901280 ) ORDER BY `level` DESC,`id` DESC LIMIT 0,6   [ RunTime:0.0009s ]
SQL: SHOW COLUMNS FROM `hr_picture` [ RunTime:0.0029s ]
SQL: SELECT * FROM `hr_picture` WHERE `status` = 1 AND `id` = 111 LIMIT 1   [ RunTime:0.0009s ]
SQL: SELECT * FROM `hr_picture` WHERE `status` = 1 AND `id` = 110 LIMIT 1   [ RunTime:0.0003s ]
NOTIC: [8] Constant UPLOAD_URL already defined D:\wwwroot\heavyrain\wwwroot\Application\Common\Common\function.php 第 1029 行.
NOTIC: [8] Constant UPLOAD_PATH already defined D:\wwwroot\heavyrain\wwwroot\Application\Common\Common\function.php 第 1030 行.
SQL: SELECT * FROM `hr_picture` WHERE `status` = 1 AND `id` = 109 LIMIT 1   [ RunTime:0.0004s ]
NOTIC: [8] Constant UPLOAD_URL already defined D:\wwwroot\heavyrain\wwwroot\Application\Common\Common\function.php 第 1029 行.
NOTIC: [8] Constant UPLOAD_PATH already defined D:\wwwroot\heavyrain\wwwroot\Application\Common\Common\function.php 第 1030 行.
SQL: SELECT * FROM `hr_picture` WHERE `status` = 1 AND `id` = 108 LIMIT 1   [ RunTime:0.0004s ]
NOTIC: [8] Constant UPLOAD_URL already defined D:\wwwroot\heavyrain\wwwroot\Application\Common\Common\function.php 第 1029 行.
NOTIC: [8] Constant UPLOAD_PATH already defined D:\wwwroot\heavyrain\wwwroot\Application\Common\Common\function.php 第 1030 行.
SQL: SELECT * FROM `hr_picture` WHERE `status` = 1 AND `id` = 107 LIMIT 1   [ RunTime:0.0004s ]
NOTIC: [8] Constant UPLOAD_URL already defined D:\wwwroot\heavyrain\wwwroot\Application\Common\Common\function.php 第 1029 行.
NOTIC: [8] Constant UPLOAD_PATH already defined D:\wwwroot\heavyrain\wwwroot\Application\Common\Common\function.php 第 1030 行.
SQL: SELECT * FROM `hr_picture` WHERE `status` = 1 AND `id` = 106 LIMIT 1   [ RunTime:0.0007s ]
NOTIC: [8] Constant UPLOAD_URL already defined D:\wwwroot\heavyrain\wwwroot\Application\Common\Common\function.php 第 1029 行.
NOTIC: [8] Constant UPLOAD_PATH already defined D:\wwwroot\heavyrain\wwwroot\Application\Common\Common\function.php 第 1030 行.
SQL: SELECT `id`,`name`,`title`,`pid`,`sort`,`list_row`,`meta_title`,`keywords`,`description`,`template_index`,`template_lists`,`template_detail`,`template_edit`,`model`,`model_sub`,`type`,`link_id`,`allow_publish`,`display`,`reply`,`check`,`reply_model`,`extend`,`create_time`,`update_time`,`status`,`icon`,`groups` FROM `hr_category` WHERE `id` = 41 LIMIT 1   [ RunTime:0.0006s ]
SQL: SELECT `id`,`name`,`pid`,`title`,`link_id` FROM `hr_category` WHERE `status` = 1 ORDER BY sort  [ RunTime:0.0006s ]
SQL: SELECT `id`,`uid`,`name`,`title`,`category_id`,`group_id`,`description`,`root`,`pid`,`model_id`,`type`,`position`,`link_id`,`cover_id`,`display`,`deadline`,`attach`,`view`,`comment`,`extend`,`level`,`create_time`,`update_time`,`status` FROM `hr_document` WHERE `status` = 1 AND `pid` = 0 AND `category_id` = 41 AND `create_time` < 1518901280 AND ( deadline = 0 OR deadline > 1518901280 ) ORDER BY `level` DESC,`id` DESC LIMIT 0,5   [ RunTime:0.0007s ]
SQL: SELECT * FROM `hr_picture` WHERE `status` = 1 AND `id` = 48 LIMIT 1   [ RunTime:0.0008s ]
SQL: SELECT * FROM `hr_picture` WHERE `status` = 1 AND `id` = 49 LIMIT 1   [ RunTime:0.0005s ]
SQL: SELECT * FROM `hr_picture` WHERE `status` = 1 AND `id` = 50 LIMIT 1   [ RunTime:0.0007s ]
SQL: SELECT * FROM `hr_picture` WHERE `status` = 1 AND `id` = 51 LIMIT 1   [ RunTime:0.0006s ]
SQL: SELECT * FROM `hr_picture` WHERE `status` = 1 AND `id` = 52 LIMIT 1   [ RunTime:0.0007s ]
SQL: SELECT `id`,`name`,`title`,`pid`,`sort`,`list_row`,`meta_title`,`keywords`,`description`,`template_index`,`template_lists`,`template_detail`,`template_edit`,`model`,`model_sub`,`type`,`link_id`,`allow_publish`,`display`,`reply`,`check`,`reply_model`,`extend`,`create_time`,`update_time`,`status`,`icon`,`groups` FROM `hr_category` WHERE `id` = 43 LIMIT 1   [ RunTime:0.0004s ]
SQL: SELECT `id`,`name`,`pid`,`title`,`link_id` FROM `hr_category` WHERE `status` = 1 ORDER BY sort  [ RunTime:0.0005s ]
SQL: SELECT `id`,`uid`,`name`,`title`,`category_id`,`group_id`,`description`,`root`,`pid`,`model_id`,`type`,`position`,`link_id`,`cover_id`,`display`,`deadline`,`attach`,`view`,`comment`,`extend`,`level`,`create_time`,`update_time`,`status` FROM `hr_document` WHERE `status` = 1 AND `pid` = 0 AND `category_id` = 43 AND `create_time` < 1518901280 AND ( deadline = 0 OR deadline > 1518901280 ) ORDER BY `level` DESC,`id` DESC LIMIT 0,8   [ RunTime:0.0005s ]
INFO: Run Behavior\ParseTemplateBehavior [ RunTime:0.036496s ]
INFO: [ view_parse ] --END-- [ RunTime:0.006519s ]
INFO: [ view_filter ] --START--
INFO: Run Behavior\WriteHtmlCacheBehavior [ RunTime:0.000031s ]
INFO: [ view_filter ] --END-- [ RunTime:-0.028954s ]
INFO: [ app_end ] --START--
INFO: Run Behavior\ShowPageTraceBehavior [ RunTime:0.001677s ]
INFO: [ app_end ] --END-- [ RunTime:0.001772s ]

[ 2018-02-18T05:09:13+08:00 ] 127.0.0.1 /
INFO: [ app_init ] --START--
INFO: Run Behavior\BuildLiteBehavior [ RunTime:0.000037s ]
INFO: Run Common\Behavior\InitHookBehavior [ RunTime:0.004329s ]
INFO: [ app_init ] --END-- [ RunTime:0.005325s ]
INFO: [ app_begin ] --START--
INFO: Run Behavior\ReadHtmlCacheBehavior [ RunTime:0.001078s ]
INFO: [ app_begin ] --END-- [ RunTime:0.001180s ]
SQL: SHOW COLUMNS FROM `hr_config` [ RunTime:0.0056s ]
SQL: SELECT `type`,`name`,`value` FROM `hr_config` WHERE `status` = 1  [ RunTime:0.0007s ]
SQL: SHOW COLUMNS FROM `hr_category` [ RunTime:0.0062s ]
SQL: SELECT `id`,`name`,`title`,`pid`,`sort`,`list_row`,`meta_title`,`keywords`,`description`,`template_index`,`template_lists`,`template_detail`,`template_edit`,`model`,`model_sub`,`type`,`link_id`,`allow_publish`,`display`,`reply`,`check`,`reply_model`,`extend`,`create_time`,`update_time`,`status`,`icon`,`groups` FROM `hr_category` WHERE `status` = 1 ORDER BY sort  [ RunTime:0.0008s ]
SQL: SHOW COLUMNS FROM `hr_document` [ RunTime:0.0049s ]
SQL: SELECT `id`,`uid`,`name`,`title`,`category_id`,`group_id`,`description`,`root`,`pid`,`model_id`,`type`,`position`,`link_id`,`cover_id`,`display`,`deadline`,`attach`,`view`,`comment`,`extend`,`level`,`create_time`,`update_time`,`status` FROM `hr_document` WHERE `status` = 1 AND `pid` = 0 AND `create_time` < 1518901753 AND ( deadline = 0 OR deadline > 1518901753 ) ORDER BY `id` DESC  [ RunTime:0.0020s ]
INFO: [ view_parse ] --START--
INFO: [ template_filter ] --START--
INFO: Run Behavior\ContentReplaceBehavior [ RunTime:0.000361s ]
INFO: [ template_filter ] --END-- [ RunTime:0.000536s ]
INFO: [ Silder ] --START--
SQL: SHOW COLUMNS FROM `hr_addons` [ RunTime:0.0080s ]
SQL: SELECT `config` FROM `hr_addons` WHERE `name` = 'Silder' AND `status` = 1 LIMIT 1   [ RunTime:0.0021s ]
SQL: SHOW COLUMNS FROM `hr_silder` [ RunTime:0.0049s ]
SQL: SELECT * FROM `hr_silder` WHERE `status` = 1 ORDER BY priorityr asc  [ RunTime:0.0005s ]
SQL: SHOW COLUMNS FROM `hr_picture` [ RunTime:0.0038s ]
SQL: SELECT `path` FROM `hr_picture` WHERE `id` = 18 LIMIT 1   [ RunTime:0.0004s ]
INFO: [ view_parse ] --START--
INFO: [ template_filter ] --START--
INFO: Run Behavior\ContentReplaceBehavior [ RunTime:0.000067s ]
INFO: [ template_filter ] --END-- [ RunTime:-0.036776s ]
INFO: Run Behavior\ParseTemplateBehavior [ RunTime:0.005212s ]
INFO: [ view_parse ] --END-- [ RunTime:0.005344s ]
INFO: [ view_filter ] --START--
INFO: Run Behavior\WriteHtmlCacheBehavior [ RunTime:0.000700s ]
INFO: [ view_filter ] --END-- [ RunTime:0.000783s ]
INFO: Run Addons\Silder\SilderAddon [ RunTime:0.035383s ]
INFO: [ Silder ] --END-- [ RunTime:0.035512s ]
SQL: SELECT `id`,`name`,`title`,`pid`,`sort`,`list_row`,`meta_title`,`keywords`,`description`,`template_index`,`template_lists`,`template_detail`,`template_edit`,`model`,`model_sub`,`type`,`link_id`,`allow_publish`,`display`,`reply`,`check`,`reply_model`,`extend`,`create_time`,`update_time`,`status`,`icon`,`groups` FROM `hr_category` WHERE `id` = 39 LIMIT 1   [ RunTime:0.0017s ]
SQL: SELECT `id`,`name`,`pid`,`title`,`link_id` FROM `hr_category` WHERE `status` = 1 ORDER BY sort  [ RunTime:0.0004s ]
SQL: SELECT `id`,`uid`,`name`,`title`,`category_id`,`group_id`,`description`,`root`,`pid`,`model_id`,`type`,`position`,`link_id`,`cover_id`,`display`,`deadline`,`attach`,`view`,`comment`,`extend`,`level`,`create_time`,`update_time`,`status` FROM `hr_document` WHERE `status` = 1 AND `pid` = 0 AND `category_id` = 39 AND `create_time` < 1518901753 AND ( deadline = 0 OR deadline > 1518901753 ) ORDER BY `level` DESC,`id` DESC LIMIT 0,6   [ RunTime:0.0008s ]
SQL: SHOW COLUMNS FROM `hr_picture` [ RunTime:0.0034s ]
SQL: SELECT * FROM `hr_picture` WHERE `status` = 1 AND `id` = 111 LIMIT 1   [ RunTime:0.0004s ]
SQL: SELECT * FROM `hr_picture` WHERE `status` = 1 AND `id` = 110 LIMIT 1   [ RunTime:0.0003s ]
NOTIC: [8] Constant UPLOAD_URL already defined D:\wwwroot\heavyrain\wwwroot\Application\Common\Common\function.php 第 1029 行.
NOTIC: [8] Constant UPLOAD_PATH already defined D:\wwwroot\heavyrain\wwwroot\Application\Common\Common\function.php 第 1030 行.
SQL: SELECT * FROM `hr_picture` WHERE `status` = 1 AND `id` = 109 LIMIT 1   [ RunTime:0.0004s ]
NOTIC: [8] Constant UPLOAD_URL already defined D:\wwwroot\heavyrain\wwwroot\Application\Common\Common\function.php 第 1029 行.
NOTIC: [8] Constant UPLOAD_PATH already defined D:\wwwroot\heavyrain\wwwroot\Application\Common\Common\function.php 第 1030 行.
SQL: SELECT * FROM `hr_picture` WHERE `status` = 1 AND `id` = 108 LIMIT 1   [ RunTime:0.0004s ]
NOTIC: [8] Constant UPLOAD_URL already defined D:\wwwroot\heavyrain\wwwroot\Application\Common\Common\function.php 第 1029 行.
NOTIC: [8] Constant UPLOAD_PATH already defined D:\wwwroot\heavyrain\wwwroot\Application\Common\Common\function.php 第 1030 行.
SQL: SELECT * FROM `hr_picture` WHERE `status` = 1 AND `id` = 107 LIMIT 1   [ RunTime:0.0003s ]
NOTIC: [8] Constant UPLOAD_URL already defined D:\wwwroot\heavyrain\wwwroot\Application\Common\Common\function.php 第 1029 行.
NOTIC: [8] Constant UPLOAD_PATH already defined D:\wwwroot\heavyrain\wwwroot\Application\Common\Common\function.php 第 1030 行.
SQL: SELECT * FROM `hr_picture` WHERE `status` = 1 AND `id` = 106 LIMIT 1   [ RunTime:0.0013s ]
NOTIC: [8] Constant UPLOAD_URL already defined D:\wwwroot\heavyrain\wwwroot\Application\Common\Common\function.php 第 1029 行.
NOTIC: [8] Constant UPLOAD_PATH already defined D:\wwwroot\heavyrain\wwwroot\Application\Common\Common\function.php 第 1030 行.
SQL: SELECT `id`,`name`,`title`,`pid`,`sort`,`list_row`,`meta_title`,`keywords`,`description`,`template_index`,`template_lists`,`template_detail`,`template_edit`,`model`,`model_sub`,`type`,`link_id`,`allow_publish`,`display`,`reply`,`check`,`reply_model`,`extend`,`create_time`,`update_time`,`status`,`icon`,`groups` FROM `hr_category` WHERE `id` = 41 LIMIT 1   [ RunTime:0.0008s ]
SQL: SELECT `id`,`name`,`pid`,`title`,`link_id` FROM `hr_category` WHERE `status` = 1 ORDER BY sort  [ RunTime:0.0006s ]
SQL: SELECT `id`,`uid`,`name`,`title`,`category_id`,`group_id`,`description`,`root`,`pid`,`model_id`,`type`,`position`,`link_id`,`cover_id`,`display`,`deadline`,`attach`,`view`,`comment`,`extend`,`level`,`create_time`,`update_time`,`status` FROM `hr_document` WHERE `status` = 1 AND `pid` = 0 AND `category_id` = 41 AND `create_time` < 1518901753 AND ( deadline = 0 OR deadline > 1518901753 ) ORDER BY `level` DESC,`id` DESC LIMIT 0,5   [ RunTime:0.0007s ]
SQL: SELECT * FROM `hr_picture` WHERE `status` = 1 AND `id` = 48 LIMIT 1   [ RunTime:0.0005s ]
SQL: SELECT * FROM `hr_picture` WHERE `status` = 1 AND `id` = 49 LIMIT 1   [ RunTime:0.0004s ]
SQL: SELECT * FROM `hr_picture` WHERE `status` = 1 AND `id` = 50 LIMIT 1   [ RunTime:0.0004s ]
SQL: SELECT * FROM `hr_picture` WHERE `status` = 1 AND `id` = 51 LIMIT 1   [ RunTime:0.0005s ]
SQL: SELECT * FROM `hr_picture` WHERE `status` = 1 AND `id` = 52 LIMIT 1   [ RunTime:0.0004s ]
SQL: SELECT `id`,`name`,`title`,`pid`,`sort`,`list_row`,`meta_title`,`keywords`,`description`,`template_index`,`template_lists`,`template_detail`,`template_edit`,`model`,`model_sub`,`type`,`link_id`,`allow_publish`,`display`,`reply`,`check`,`reply_model`,`extend`,`create_time`,`update_time`,`status`,`icon`,`groups` FROM `hr_category` WHERE `id` = 43 LIMIT 1   [ RunTime:0.0005s ]
SQL: SELECT `id`,`name`,`pid`,`title`,`link_id` FROM `hr_category` WHERE `status` = 1 ORDER BY sort  [ RunTime:0.0005s ]
SQL: SELECT `id`,`uid`,`name`,`title`,`category_id`,`group_id`,`description`,`root`,`pid`,`model_id`,`type`,`position`,`link_id`,`cover_id`,`display`,`deadline`,`attach`,`view`,`comment`,`extend`,`level`,`create_time`,`update_time`,`status` FROM `hr_document` WHERE `status` = 1 AND `pid` = 0 AND `category_id` = 43 AND `create_time` < 1518901753 AND ( deadline = 0 OR deadline > 1518901753 ) ORDER BY `level` DESC,`id` DESC LIMIT 0,8   [ RunTime:0.0006s ]
INFO: Run Behavior\ParseTemplateBehavior [ RunTime:0.036974s ]
INFO: [ view_parse ] --END-- [ RunTime:0.005344s ]
INFO: [ view_filter ] --START--
INFO: Run Behavior\WriteHtmlCacheBehavior [ RunTime:0.000029s ]
INFO: [ view_filter ] --END-- [ RunTime:-0.030914s ]
INFO: [ app_end ] --START--
INFO: Run Behavior\ShowPageTraceBehavior [ RunTime:0.001561s ]
INFO: [ app_end ] --END-- [ RunTime:0.001681s ]

[ 2018-02-18T08:08:53+08:00 ] 127.0.0.1 /
INFO: [ app_init ] --START--
INFO: Run Behavior\BuildLiteBehavior [ RunTime:0.000037s ]
INFO: Run Common\Behavior\InitHookBehavior [ RunTime:0.004915s ]
INFO: [ app_init ] --END-- [ RunTime:0.006032s ]
INFO: [ app_begin ] --START--
INFO: Run Behavior\ReadHtmlCacheBehavior [ RunTime:0.001515s ]
INFO: [ app_begin ] --END-- [ RunTime:0.001724s ]
SQL: SHOW COLUMNS FROM `hr_config` [ RunTime:0.0100s ]
SQL: SELECT `type`,`name`,`value` FROM `hr_config` WHERE `status` = 1  [ RunTime:0.0010s ]
SQL: SHOW COLUMNS FROM `hr_category` [ RunTime:0.0135s ]
SQL: SELECT `id`,`name`,`title`,`pid`,`sort`,`list_row`,`meta_title`,`keywords`,`description`,`template_index`,`template_lists`,`template_detail`,`template_edit`,`model`,`model_sub`,`type`,`link_id`,`allow_publish`,`display`,`reply`,`check`,`reply_model`,`extend`,`create_time`,`update_time`,`status`,`icon`,`groups` FROM `hr_category` WHERE `status` = 1 ORDER BY sort  [ RunTime:0.0008s ]
SQL: SHOW COLUMNS FROM `hr_document` [ RunTime:0.0054s ]
SQL: SELECT `id`,`uid`,`name`,`title`,`category_id`,`group_id`,`description`,`root`,`pid`,`model_id`,`type`,`position`,`link_id`,`cover_id`,`display`,`deadline`,`attach`,`view`,`comment`,`extend`,`level`,`create_time`,`update_time`,`status` FROM `hr_document` WHERE `status` = 1 AND `pid` = 0 AND `create_time` < 1518912533 AND ( deadline = 0 OR deadline > 1518912533 ) ORDER BY `id` DESC  [ RunTime:0.0114s ]
INFO: [ view_parse ] --START--
INFO: [ template_filter ] --START--
INFO: Run Behavior\ContentReplaceBehavior [ RunTime:0.000365s ]
INFO: [ template_filter ] --END-- [ RunTime:0.000566s ]
INFO: [ Silder ] --START--
SQL: SHOW COLUMNS FROM `hr_addons` [ RunTime:0.0038s ]
SQL: SELECT `config` FROM `hr_addons` WHERE `name` = 'Silder' AND `status` = 1 LIMIT 1   [ RunTime:0.0108s ]
SQL: SHOW COLUMNS FROM `hr_silder` [ RunTime:0.0046s ]
SQL: SELECT * FROM `hr_silder` WHERE `status` = 1 ORDER BY priorityr asc  [ RunTime:0.0007s ]
SQL: SHOW COLUMNS FROM `hr_picture` [ RunTime:0.0072s ]
SQL: SELECT `path` FROM `hr_picture` WHERE `id` = 18 LIMIT 1   [ RunTime:0.0017s ]
INFO: [ view_parse ] --START--
INFO: [ template_filter ] --START--
INFO: Run Behavior\ContentReplaceBehavior [ RunTime:0.000126s ]
INFO: [ template_filter ] --END-- [ RunTime:-0.047752s ]
INFO: Run Behavior\ParseTemplateBehavior [ RunTime:0.018482s ]
INFO: [ view_parse ] --END-- [ RunTime:0.018676s ]
INFO: [ view_filter ] --START--
INFO: Run Behavior\WriteHtmlCacheBehavior [ RunTime:0.001082s ]
INFO: [ view_filter ] --END-- [ RunTime:0.001222s ]
INFO: Run Addons\Silder\SilderAddon [ RunTime:0.058215s ]
INFO: [ Silder ] --END-- [ RunTime:0.058364s ]
SQL: SELECT `id`,`name`,`title`,`pid`,`sort`,`list_row`,`meta_title`,`keywords`,`description`,`template_index`,`template_lists`,`template_detail`,`template_edit`,`model`,`model_sub`,`type`,`link_id`,`allow_publish`,`display`,`reply`,`check`,`reply_model`,`extend`,`create_time`,`update_time`,`status`,`icon`,`groups` FROM `hr_category` WHERE `id` = 39 LIMIT 1   [ RunTime:0.0008s ]
SQL: SELECT `id`,`name`,`pid`,`title`,`link_id` FROM `hr_category` WHERE `status` = 1 ORDER BY sort  [ RunTime:0.0005s ]
SQL: SELECT `id`,`uid`,`name`,`title`,`category_id`,`group_id`,`description`,`root`,`pid`,`model_id`,`type`,`position`,`link_id`,`cover_id`,`display`,`deadline`,`attach`,`view`,`comment`,`extend`,`level`,`create_time`,`update_time`,`status` FROM `hr_document` WHERE `status` = 1 AND `pid` = 0 AND `category_id` = 39 AND `create_time` < 1518912533 AND ( deadline = 0 OR deadline > 1518912533 ) ORDER BY `level` DESC,`id` DESC LIMIT 0,6   [ RunTime:0.0016s ]
SQL: SHOW COLUMNS FROM `hr_picture` [ RunTime:0.0045s ]
SQL: SELECT * FROM `hr_picture` WHERE `status` = 1 AND `id` = 111 LIMIT 1   [ RunTime:0.0005s ]
SQL: SELECT * FROM `hr_picture` WHERE `status` = 1 AND `id` = 110 LIMIT 1   [ RunTime:0.0006s ]
NOTIC: [8] Constant UPLOAD_URL already defined D:\wwwroot\heavyrain\wwwroot\Application\Common\Common\function.php 第 1029 行.
NOTIC: [8] Constant UPLOAD_PATH already defined D:\wwwroot\heavyrain\wwwroot\Application\Common\Common\function.php 第 1030 行.
SQL: SELECT * FROM `hr_picture` WHERE `status` = 1 AND `id` = 109 LIMIT 1   [ RunTime:0.0006s ]
NOTIC: [8] Constant UPLOAD_URL already defined D:\wwwroot\heavyrain\wwwroot\Application\Common\Common\function.php 第 1029 行.
NOTIC: [8] Constant UPLOAD_PATH already defined D:\wwwroot\heavyrain\wwwroot\Application\Common\Common\function.php 第 1030 行.
SQL: SELECT * FROM `hr_picture` WHERE `status` = 1 AND `id` = 108 LIMIT 1   [ RunTime:0.0007s ]
NOTIC: [8] Constant UPLOAD_URL already defined D:\wwwroot\heavyrain\wwwroot\Application\Common\Common\function.php 第 1029 行.
NOTIC: [8] Constant UPLOAD_PATH already defined D:\wwwroot\heavyrain\wwwroot\Application\Common\Common\function.php 第 1030 行.
SQL: SELECT * FROM `hr_picture` WHERE `status` = 1 AND `id` = 107 LIMIT 1   [ RunTime:0.0006s ]
NOTIC: [8] Constant UPLOAD_URL already defined D:\wwwroot\heavyrain\wwwroot\Application\Common\Common\function.php 第 1029 行.
NOTIC: [8] Constant UPLOAD_PATH already defined D:\wwwroot\heavyrain\wwwroot\Application\Common\Common\function.php 第 1030 行.
SQL: SELECT * FROM `hr_picture` WHERE `status` = 1 AND `id` = 106 LIMIT 1   [ RunTime:0.0005s ]
NOTIC: [8] Constant UPLOAD_URL already defined D:\wwwroot\heavyrain\wwwroot\Application\Common\Common\function.php 第 1029 行.
NOTIC: [8] Constant UPLOAD_PATH already defined D:\wwwroot\heavyrain\wwwroot\Application\Common\Common\function.php 第 1030 行.
SQL: SELECT `id`,`name`,`title`,`pid`,`sort`,`list_row`,`meta_title`,`keywords`,`description`,`template_index`,`template_lists`,`template_detail`,`template_edit`,`model`,`model_sub`,`type`,`link_id`,`allow_publish`,`display`,`reply`,`check`,`reply_model`,`extend`,`create_time`,`update_time`,`status`,`icon`,`groups` FROM `hr_category` WHERE `id` = 41 LIMIT 1   [ RunTime:0.0014s ]
SQL: SELECT `id`,`name`,`pid`,`title`,`link_id` FROM `hr_category` WHERE `status` = 1 ORDER BY sort  [ RunTime:0.0009s ]
SQL: SELECT `id`,`uid`,`name`,`title`,`category_id`,`group_id`,`description`,`root`,`pid`,`model_id`,`type`,`position`,`link_id`,`cover_id`,`display`,`deadline`,`attach`,`view`,`comment`,`extend`,`level`,`create_time`,`update_time`,`status` FROM `hr_document` WHERE `status` = 1 AND `pid` = 0 AND `category_id` = 41 AND `create_time` < 1518912533 AND ( deadline = 0 OR deadline > 1518912533 ) ORDER BY `level` DESC,`id` DESC LIMIT 0,5   [ RunTime:0.0010s ]
SQL: SELECT * FROM `hr_picture` WHERE `status` = 1 AND `id` = 48 LIMIT 1   [ RunTime:0.0005s ]
SQL: SELECT * FROM `hr_picture` WHERE `status` = 1 AND `id` = 49 LIMIT 1   [ RunTime:0.0005s ]
SQL: SELECT * FROM `hr_picture` WHERE `status` = 1 AND `id` = 50 LIMIT 1   [ RunTime:0.0005s ]
SQL: SELECT * FROM `hr_picture` WHERE `status` = 1 AND `id` = 51 LIMIT 1   [ RunTime:0.0017s ]
SQL: SELECT * FROM `hr_picture` WHERE `status` = 1 AND `id` = 52 LIMIT 1   [ RunTime:0.0006s ]
SQL: SELECT `id`,`name`,`title`,`pid`,`sort`,`list_row`,`meta_title`,`keywords`,`description`,`template_index`,`template_lists`,`template_detail`,`template_edit`,`model`,`model_sub`,`type`,`link_id`,`allow_publish`,`display`,`reply`,`check`,`reply_model`,`extend`,`create_time`,`update_time`,`status`,`icon`,`groups` FROM `hr_category` WHERE `id` = 43 LIMIT 1   [ RunTime:0.0005s ]
SQL: SELECT `id`,`name`,`pid`,`title`,`link_id` FROM `hr_category` WHERE `status` = 1 ORDER BY sort  [ RunTime:0.0005s ]
SQL: SELECT `id`,`uid`,`name`,`title`,`category_id`,`group_id`,`description`,`root`,`pid`,`model_id`,`type`,`position`,`link_id`,`cover_id`,`display`,`deadline`,`attach`,`view`,`comment`,`extend`,`level`,`create_time`,`update_time`,`status` FROM `hr_document` WHERE `status` = 1 AND `pid` = 0 AND `category_id` = 43 AND `create_time` < 1518912533 AND ( deadline = 0 OR deadline > 1518912533 ) ORDER BY `level` DESC,`id` DESC LIMIT 0,8   [ RunTime:0.0005s ]
INFO: Run Behavior\ParseTemplateBehavior [ RunTime:0.062902s ]
INFO: [ view_parse ] --END-- [ RunTime:0.018676s ]
INFO: [ view_filter ] --START--
INFO: Run Behavior\WriteHtmlCacheBehavior [ RunTime:0.000030s ]
INFO: [ view_filter ] --END-- [ RunTime:-0.043101s ]
INFO: [ app_end ] --START--
INFO: Run Behavior\ShowPageTraceBehavior [ RunTime:0.001428s ]
INFO: [ app_end ] --END-- [ RunTime:0.001554s ]

[ 2018-02-18T09:49:34+08:00 ] 127.0.0.1 /
INFO: [ app_init ] --START--
INFO: Run Behavior\BuildLiteBehavior [ RunTime:0.000052s ]
INFO: Run Common\Behavior\InitHookBehavior [ RunTime:0.005826s ]
INFO: [ app_init ] --END-- [ RunTime:0.007228s ]
INFO: [ app_begin ] --START--
INFO: Run Behavior\ReadHtmlCacheBehavior [ RunTime:0.001622s ]
INFO: [ app_begin ] --END-- [ RunTime:0.001781s ]
SQL: SHOW COLUMNS FROM `hr_config` [ RunTime:0.0072s ]
SQL: SELECT `type`,`name`,`value` FROM `hr_config` WHERE `status` = 1  [ RunTime:0.0009s ]
SQL: SHOW COLUMNS FROM `hr_category` [ RunTime:0.0050s ]
SQL: SELECT `id`,`name`,`title`,`pid`,`sort`,`list_row`,`meta_title`,`keywords`,`description`,`template_index`,`template_lists`,`template_detail`,`template_edit`,`model`,`model_sub`,`type`,`link_id`,`allow_publish`,`display`,`reply`,`check`,`reply_model`,`extend`,`create_time`,`update_time`,`status`,`icon`,`groups` FROM `hr_category` WHERE `status` = 1 ORDER BY sort  [ RunTime:0.0010s ]
SQL: SHOW COLUMNS FROM `hr_document` [ RunTime:0.0059s ]
SQL: SELECT `id`,`uid`,`name`,`title`,`category_id`,`group_id`,`description`,`root`,`pid`,`model_id`,`type`,`position`,`link_id`,`cover_id`,`display`,`deadline`,`attach`,`view`,`comment`,`extend`,`level`,`create_time`,`update_time`,`status` FROM `hr_document` WHERE `status` = 1 AND `pid` = 0 AND `create_time` < 1518918574 AND ( deadline = 0 OR deadline > 1518918574 ) ORDER BY `id` DESC  [ RunTime:0.0016s ]
INFO: [ view_parse ] --START--
INFO: [ template_filter ] --START--
INFO: Run Behavior\ContentReplaceBehavior [ RunTime:0.000360s ]
INFO: [ template_filter ] --END-- [ RunTime:0.000515s ]
INFO: [ Silder ] --START--
SQL: SHOW COLUMNS FROM `hr_addons` [ RunTime:0.0041s ]
SQL: SELECT `config` FROM `hr_addons` WHERE `name` = 'Silder' AND `status` = 1 LIMIT 1   [ RunTime:0.0014s ]
SQL: SHOW COLUMNS FROM `hr_silder` [ RunTime:0.0066s ]
SQL: SELECT * FROM `hr_silder` WHERE `status` = 1 ORDER BY priorityr asc  [ RunTime:0.0008s ]
SQL: SHOW COLUMNS FROM `hr_picture` [ RunTime:0.0054s ]
SQL: SELECT `path` FROM `hr_picture` WHERE `id` = 18 LIMIT 1   [ RunTime:0.0006s ]
INFO: [ view_parse ] --START--
INFO: [ template_filter ] --START--
INFO: Run Behavior\ContentReplaceBehavior [ RunTime:0.000104s ]
INFO: [ template_filter ] --END-- [ RunTime:-0.036191s ]
INFO: Run Behavior\ParseTemplateBehavior [ RunTime:0.007029s ]
INFO: [ view_parse ] --END-- [ RunTime:0.007187s ]
INFO: [ view_filter ] --START--
INFO: Run Behavior\WriteHtmlCacheBehavior [ RunTime:0.000775s ]
INFO: [ view_filter ] --END-- [ RunTime:0.000860s ]
INFO: Run Addons\Silder\SilderAddon [ RunTime:0.036400s ]
INFO: [ Silder ] --END-- [ RunTime:0.036520s ]
SQL: SELECT `id`,`name`,`title`,`pid`,`sort`,`list_row`,`meta_title`,`keywords`,`description`,`template_index`,`template_lists`,`template_detail`,`template_edit`,`model`,`model_sub`,`type`,`link_id`,`allow_publish`,`display`,`reply`,`check`,`reply_model`,`extend`,`create_time`,`update_time`,`status`,`icon`,`groups` FROM `hr_category` WHERE `id` = 39 LIMIT 1   [ RunTime:0.0007s ]
SQL: SELECT `id`,`name`,`pid`,`title`,`link_id` FROM `hr_category` WHERE `status` = 1 ORDER BY sort  [ RunTime:0.0007s ]
SQL: SELECT `id`,`uid`,`name`,`title`,`category_id`,`group_id`,`description`,`root`,`pid`,`model_id`,`type`,`position`,`link_id`,`cover_id`,`display`,`deadline`,`attach`,`view`,`comment`,`extend`,`level`,`create_time`,`update_time`,`status` FROM `hr_document` WHERE `status` = 1 AND `pid` = 0 AND `category_id` = 39 AND `create_time` < 1518918574 AND ( deadline = 0 OR deadline > 1518918574 ) ORDER BY `level` DESC,`id` DESC LIMIT 0,6   [ RunTime:0.0013s ]
SQL: SHOW COLUMNS FROM `hr_picture` [ RunTime:0.0073s ]
SQL: SELECT * FROM `hr_picture` WHERE `status` = 1 AND `id` = 111 LIMIT 1   [ RunTime:0.0008s ]
SQL: SELECT * FROM `hr_picture` WHERE `status` = 1 AND `id` = 110 LIMIT 1   [ RunTime:0.0006s ]
NOTIC: [8] Constant UPLOAD_URL already defined D:\wwwroot\heavyrain\wwwroot\Application\Common\Common\function.php 第 1029 行.
NOTIC: [8] Constant UPLOAD_PATH already defined D:\wwwroot\heavyrain\wwwroot\Application\Common\Common\function.php 第 1030 行.
SQL: SELECT * FROM `hr_picture` WHERE `status` = 1 AND `id` = 109 LIMIT 1   [ RunTime:0.0011s ]
NOTIC: [8] Constant UPLOAD_URL already defined D:\wwwroot\heavyrain\wwwroot\Application\Common\Common\function.php 第 1029 行.
NOTIC: [8] Constant UPLOAD_PATH already defined D:\wwwroot\heavyrain\wwwroot\Application\Common\Common\function.php 第 1030 行.
SQL: SELECT * FROM `hr_picture` WHERE `status` = 1 AND `id` = 108 LIMIT 1   [ RunTime:0.0007s ]
NOTIC: [8] Constant UPLOAD_URL already defined D:\wwwroot\heavyrain\wwwroot\Application\Common\Common\function.php 第 1029 行.
NOTIC: [8] Constant UPLOAD_PATH already defined D:\wwwroot\heavyrain\wwwroot\Application\Common\Common\function.php 第 1030 行.
SQL: SELECT * FROM `hr_picture` WHERE `status` = 1 AND `id` = 107 LIMIT 1   [ RunTime:0.0007s ]
NOTIC: [8] Constant UPLOAD_URL already defined D:\wwwroot\heavyrain\wwwroot\Application\Common\Common\function.php 第 1029 行.
NOTIC: [8] Constant UPLOAD_PATH already defined D:\wwwroot\heavyrain\wwwroot\Application\Common\Common\function.php 第 1030 行.
SQL: SELECT * FROM `hr_picture` WHERE `status` = 1 AND `id` = 106 LIMIT 1   [ RunTime:0.0029s ]
NOTIC: [8] Constant UPLOAD_URL already defined D:\wwwroot\heavyrain\wwwroot\Application\Common\Common\function.php 第 1029 行.
NOTIC: [8] Constant UPLOAD_PATH already defined D:\wwwroot\heavyrain\wwwroot\Application\Common\Common\function.php 第 1030 行.
SQL: SELECT `id`,`name`,`title`,`pid`,`sort`,`list_row`,`meta_title`,`keywords`,`description`,`template_index`,`template_lists`,`template_detail`,`template_edit`,`model`,`model_sub`,`type`,`link_id`,`allow_publish`,`display`,`reply`,`check`,`reply_model`,`extend`,`create_time`,`update_time`,`status`,`icon`,`groups` FROM `hr_category` WHERE `id` = 41 LIMIT 1   [ RunTime:0.0007s ]
SQL: SELECT `id`,`name`,`pid`,`title`,`link_id` FROM `hr_category` WHERE `status` = 1 ORDER BY sort  [ RunTime:0.0016s ]
SQL: SELECT `id`,`uid`,`name`,`title`,`category_id`,`group_id`,`description`,`root`,`pid`,`model_id`,`type`,`position`,`link_id`,`cover_id`,`display`,`deadline`,`attach`,`view`,`comment`,`extend`,`level`,`create_time`,`update_time`,`status` FROM `hr_document` WHERE `status` = 1 AND `pid` = 0 AND `category_id` = 41 AND `create_time` < 1518918574 AND ( deadline = 0 OR deadline > 1518918574 ) ORDER BY `level` DESC,`id` DESC LIMIT 0,5   [ RunTime:0.0009s ]
SQL: SELECT * FROM `hr_picture` WHERE `status` = 1 AND `id` = 48 LIMIT 1   [ RunTime:0.0018s ]
SQL: SELECT * FROM `hr_picture` WHERE `status` = 1 AND `id` = 49 LIMIT 1   [ RunTime:0.0010s ]
SQL: SELECT * FROM `hr_picture` WHERE `status` = 1 AND `id` = 50 LIMIT 1   [ RunTime:0.0005s ]
SQL: SELECT * FROM `hr_picture` WHERE `status` = 1 AND `id` = 51 LIMIT 1   [ RunTime:0.0005s ]
SQL: SELECT * FROM `hr_picture` WHERE `status` = 1 AND `id` = 52 LIMIT 1   [ RunTime:0.0006s ]
SQL: SELECT `id`,`name`,`title`,`pid`,`sort`,`list_row`,`meta_title`,`keywords`,`description`,`template_index`,`template_lists`,`template_detail`,`template_edit`,`model`,`model_sub`,`type`,`link_id`,`allow_publish`,`display`,`reply`,`check`,`reply_model`,`extend`,`create_time`,`update_time`,`status`,`icon`,`groups` FROM `hr_category` WHERE `id` = 43 LIMIT 1   [ RunTime:0.0006s ]
SQL: SELECT `id`,`name`,`pid`,`title`,`link_id` FROM `hr_category` WHERE `status` = 1 ORDER BY sort  [ RunTime:0.0006s ]
SQL: SELECT `id`,`uid`,`name`,`title`,`category_id`,`group_id`,`description`,`root`,`pid`,`model_id`,`type`,`position`,`link_id`,`cover_id`,`display`,`deadline`,`attach`,`view`,`comment`,`extend`,`level`,`create_time`,`update_time`,`status` FROM `hr_document` WHERE `status` = 1 AND `pid` = 0 AND `category_id` = 43 AND `create_time` < 1518918574 AND ( deadline = 0 OR deadline > 1518918574 ) ORDER BY `level` DESC,`id` DESC LIMIT 0,8   [ RunTime:0.0006s ]
INFO: Run Behavior\ParseTemplateBehavior [ RunTime:0.055597s ]
INFO: [ view_parse ] --END-- [ RunTime:0.007187s ]
INFO: [ view_filter ] --START--
INFO: Run Behavior\WriteHtmlCacheBehavior [ RunTime:0.000049s ]
INFO: [ view_filter ] --END-- [ RunTime:-0.047663s ]
INFO: [ app_end ] --START--
INFO: Run Behavior\ShowPageTraceBehavior [ RunTime:0.002096s ]
INFO: [ app_end ] --END-- [ RunTime:0.002271s ]

[ 2018-02-18T12:13:40+08:00 ] 127.0.0.1 /
INFO: [ app_init ] --START--
INFO: Run Behavior\BuildLiteBehavior [ RunTime:0.000036s ]
INFO: Run Common\Behavior\InitHookBehavior [ RunTime:0.003606s ]
INFO: [ app_init ] --END-- [ RunTime:0.004526s ]
INFO: [ app_begin ] --START--
INFO: Run Behavior\ReadHtmlCacheBehavior [ RunTime:0.001003s ]
INFO: [ app_begin ] --END-- [ RunTime:0.001098s ]
SQL: SHOW COLUMNS FROM `hr_config` [ RunTime:0.0044s ]
SQL: SELECT `type`,`name`,`value` FROM `hr_config` WHERE `status` = 1  [ RunTime:0.0006s ]
SQL: SHOW COLUMNS FROM `hr_category` [ RunTime:0.0048s ]
SQL: SELECT `id`,`name`,`title`,`pid`,`sort`,`list_row`,`meta_title`,`keywords`,`description`,`template_index`,`template_lists`,`template_detail`,`template_edit`,`model`,`model_sub`,`type`,`link_id`,`allow_publish`,`display`,`reply`,`check`,`reply_model`,`extend`,`create_time`,`update_time`,`status`,`icon`,`groups` FROM `hr_category` WHERE `status` = 1 ORDER BY sort  [ RunTime:0.0006s ]
SQL: SHOW COLUMNS FROM `hr_document` [ RunTime:0.0038s ]
SQL: SELECT `id`,`uid`,`name`,`title`,`category_id`,`group_id`,`description`,`root`,`pid`,`model_id`,`type`,`position`,`link_id`,`cover_id`,`display`,`deadline`,`attach`,`view`,`comment`,`extend`,`level`,`create_time`,`update_time`,`status` FROM `hr_document` WHERE `status` = 1 AND `pid` = 0 AND `create_time` < 1518927220 AND ( deadline = 0 OR deadline > 1518927220 ) ORDER BY `id` DESC  [ RunTime:0.0016s ]
INFO: [ view_parse ] --START--
INFO: [ template_filter ] --START--
INFO: Run Behavior\ContentReplaceBehavior [ RunTime:0.000252s ]
INFO: [ template_filter ] --END-- [ RunTime:0.000367s ]
INFO: [ Silder ] --START--
SQL: SHOW COLUMNS FROM `hr_addons` [ RunTime:0.0054s ]
SQL: SELECT `config` FROM `hr_addons` WHERE `name` = 'Silder' AND `status` = 1 LIMIT 1   [ RunTime:0.0010s ]
SQL: SHOW COLUMNS FROM `hr_silder` [ RunTime:0.0042s ]
SQL: SELECT * FROM `hr_silder` WHERE `status` = 1 ORDER BY priorityr asc  [ RunTime:0.0011s ]
SQL: SHOW COLUMNS FROM `hr_picture` [ RunTime:0.0041s ]
SQL: SELECT `path` FROM `hr_picture` WHERE `id` = 18 LIMIT 1   [ RunTime:0.0015s ]
INFO: [ view_parse ] --START--
INFO: [ template_filter ] --START--
INFO: Run Behavior\ContentReplaceBehavior [ RunTime:0.000089s ]
INFO: [ template_filter ] --END-- [ RunTime:-0.031446s ]
INFO: Run Behavior\ParseTemplateBehavior [ RunTime:0.005793s ]
INFO: [ view_parse ] --END-- [ RunTime:0.005925s ]
INFO: [ view_filter ] --START--
INFO: Run Behavior\WriteHtmlCacheBehavior [ RunTime:0.000726s ]
INFO: [ view_filter ] --END-- [ RunTime:0.000807s ]
INFO: Run Addons\Silder\SilderAddon [ RunTime:0.031422s ]
INFO: [ Silder ] --END-- [ RunTime:0.031535s ]
SQL: SELECT `id`,`name`,`title`,`pid`,`sort`,`list_row`,`meta_title`,`keywords`,`description`,`template_index`,`template_lists`,`template_detail`,`template_edit`,`model`,`model_sub`,`type`,`link_id`,`allow_publish`,`display`,`reply`,`check`,`reply_model`,`extend`,`create_time`,`update_time`,`status`,`icon`,`groups` FROM `hr_category` WHERE `id` = 39 LIMIT 1   [ RunTime:0.0006s ]
SQL: SELECT `id`,`name`,`pid`,`title`,`link_id` FROM `hr_category` WHERE `status` = 1 ORDER BY sort  [ RunTime:0.0005s ]
SQL: SELECT `id`,`uid`,`name`,`title`,`category_id`,`group_id`,`description`,`root`,`pid`,`model_id`,`type`,`position`,`link_id`,`cover_id`,`display`,`deadline`,`attach`,`view`,`comment`,`extend`,`level`,`create_time`,`update_time`,`status` FROM `hr_document` WHERE `status` = 1 AND `pid` = 0 AND `category_id` = 39 AND `create_time` < 1518927220 AND ( deadline = 0 OR deadline > 1518927220 ) ORDER BY `level` DESC,`id` DESC LIMIT 0,6   [ RunTime:0.0011s ]
SQL: SHOW COLUMNS FROM `hr_picture` [ RunTime:0.0037s ]
SQL: SELECT * FROM `hr_picture` WHERE `status` = 1 AND `id` = 111 LIMIT 1   [ RunTime:0.0009s ]
SQL: SELECT * FROM `hr_picture` WHERE `status` = 1 AND `id` = 110 LIMIT 1   [ RunTime:0.0004s ]
NOTIC: [8] Constant UPLOAD_URL already defined D:\wwwroot\heavyrain\wwwroot\Application\Common\Common\function.php 第 1029 行.
NOTIC: [8] Constant UPLOAD_PATH already defined D:\wwwroot\heavyrain\wwwroot\Application\Common\Common\function.php 第 1030 行.
SQL: SELECT * FROM `hr_picture` WHERE `status` = 1 AND `id` = 109 LIMIT 1   [ RunTime:0.0004s ]
NOTIC: [8] Constant UPLOAD_URL already defined D:\wwwroot\heavyrain\wwwroot\Application\Common\Common\function.php 第 1029 行.
NOTIC: [8] Constant UPLOAD_PATH already defined D:\wwwroot\heavyrain\wwwroot\Application\Common\Common\function.php 第 1030 行.
SQL: SELECT * FROM `hr_picture` WHERE `status` = 1 AND `id` = 108 LIMIT 1   [ RunTime:0.0004s ]
NOTIC: [8] Constant UPLOAD_URL already defined D:\wwwroot\heavyrain\wwwroot\Application\Common\Common\function.php 第 1029 行.
NOTIC: [8] Constant UPLOAD_PATH already defined D:\wwwroot\heavyrain\wwwroot\Application\Common\Common\function.php 第 1030 行.
SQL: SELECT * FROM `hr_picture` WHERE `status` = 1 AND `id` = 107 LIMIT 1   [ RunTime:0.0004s ]
NOTIC: [8] Constant UPLOAD_URL already defined D:\wwwroot\heavyrain\wwwroot\Application\Common\Common\function.php 第 1029 行.
NOTIC: [8] Constant UPLOAD_PATH already defined D:\wwwroot\heavyrain\wwwroot\Application\Common\Common\function.php 第 1030 行.
SQL: SELECT * FROM `hr_picture` WHERE `status` = 1 AND `id` = 106 LIMIT 1   [ RunTime:0.0004s ]
NOTIC: [8] Constant UPLOAD_URL already defined D:\wwwroot\heavyrain\wwwroot\Application\Common\Common\function.php 第 1029 行.
NOTIC: [8] Constant UPLOAD_PATH already defined D:\wwwroot\heavyrain\wwwroot\Application\Common\Common\function.php 第 1030 行.
SQL: SELECT `id`,`name`,`title`,`pid`,`sort`,`list_row`,`meta_title`,`keywords`,`description`,`template_index`,`template_lists`,`template_detail`,`template_edit`,`model`,`model_sub`,`type`,`link_id`,`allow_publish`,`display`,`reply`,`check`,`reply_model`,`extend`,`create_time`,`update_time`,`status`,`icon`,`groups` FROM `hr_category` WHERE `id` = 41 LIMIT 1   [ RunTime:0.0007s ]
SQL: SELECT `id`,`name`,`pid`,`title`,`link_id` FROM `hr_category` WHERE `status` = 1 ORDER BY sort  [ RunTime:0.0005s ]
SQL: SELECT `id`,`uid`,`name`,`title`,`category_id`,`group_id`,`description`,`root`,`pid`,`model_id`,`type`,`position`,`link_id`,`cover_id`,`display`,`deadline`,`attach`,`view`,`comment`,`extend`,`level`,`create_time`,`update_time`,`status` FROM `hr_document` WHERE `status` = 1 AND `pid` = 0 AND `category_id` = 41 AND `create_time` < 1518927220 AND ( deadline = 0 OR deadline > 1518927220 ) ORDER BY `level` DESC,`id` DESC LIMIT 0,5   [ RunTime:0.0009s ]
SQL: SELECT * FROM `hr_picture` WHERE `status` = 1 AND `id` = 48 LIMIT 1   [ RunTime:0.0006s ]
SQL: SELECT * FROM `hr_picture` WHERE `status` = 1 AND `id` = 49 LIMIT 1   [ RunTime:0.0007s ]
SQL: SELECT * FROM `hr_picture` WHERE `status` = 1 AND `id` = 50 LIMIT 1   [ RunTime:0.0004s ]
SQL: SELECT * FROM `hr_picture` WHERE `status` = 1 AND `id` = 51 LIMIT 1   [ RunTime:0.0003s ]
SQL: SELECT * FROM `hr_picture` WHERE `status` = 1 AND `id` = 52 LIMIT 1   [ RunTime:0.0003s ]
SQL: SELECT `id`,`name`,`title`,`pid`,`sort`,`list_row`,`meta_title`,`keywords`,`description`,`template_index`,`template_lists`,`template_detail`,`template_edit`,`model`,`model_sub`,`type`,`link_id`,`allow_publish`,`display`,`reply`,`check`,`reply_model`,`extend`,`create_time`,`update_time`,`status`,`icon`,`groups` FROM `hr_category` WHERE `id` = 43 LIMIT 1   [ RunTime:0.0005s ]
SQL: SELECT `id`,`name`,`pid`,`title`,`link_id` FROM `hr_category` WHERE `status` = 1 ORDER BY sort  [ RunTime:0.0004s ]
SQL: SELECT `id`,`uid`,`name`,`title`,`category_id`,`group_id`,`description`,`root`,`pid`,`model_id`,`type`,`position`,`link_id`,`cover_id`,`display`,`deadline`,`attach`,`view`,`comment`,`extend`,`level`,`create_time`,`update_time`,`status` FROM `hr_document` WHERE `status` = 1 AND `pid` = 0 AND `category_id` = 43 AND `create_time` < 1518927220 AND ( deadline = 0 OR deadline > 1518927220 ) ORDER BY `level` DESC,`id` DESC LIMIT 0,8   [ RunTime:0.0005s ]
INFO: Run Behavior\ParseTemplateBehavior [ RunTime:0.034587s ]
INFO: [ view_parse ] --END-- [ RunTime:0.005925s ]
INFO: [ view_filter ] --START--
INFO: Run Behavior\WriteHtmlCacheBehavior [ RunTime:0.000040s ]
INFO: [ view_filter ] --END-- [ RunTime:-0.027976s ]
INFO: [ app_end ] --START--
INFO: Run Behavior\ShowPageTraceBehavior [ RunTime:0.001947s ]
INFO: [ app_end ] --END-- [ RunTime:0.002069s ]

[ 2018-02-18T17:03:24+08:00 ] 123.125.71.81 /index.php?s=/Home/Article/detail/id/9.html
INFO: [ app_init ] --START--
INFO: Run Behavior\BuildLiteBehavior [ RunTime:0.000055s ]
INFO: Run Common\Behavior\InitHookBehavior [ RunTime:0.005634s ]
INFO: [ app_init ] --END-- [ RunTime:0.007096s ]
INFO: [ app_begin ] --START--
INFO: Run Behavior\ReadHtmlCacheBehavior [ RunTime:0.001583s ]
INFO: [ app_begin ] --END-- [ RunTime:0.001747s ]
SQL: SHOW COLUMNS FROM `hr_config` [ RunTime:0.0048s ]
SQL: SELECT `type`,`name`,`value` FROM `hr_config` WHERE `status` = 1  [ RunTime:0.0006s ]
SQL: SHOW COLUMNS FROM `hr_document` [ RunTime:0.0049s ]
SQL: SELECT `id`,`uid`,`name`,`title`,`category_id`,`group_id`,`description`,`root`,`pid`,`model_id`,`type`,`position`,`link_id`,`cover_id`,`display`,`deadline`,`attach`,`view`,`comment`,`extend`,`level`,`create_time`,`update_time`,`status` FROM `hr_document` WHERE `id` = 9 LIMIT 1   [ RunTime:0.0008s ]
SQL: SHOW COLUMNS FROM `hr_document_speakers` [ RunTime:0.0102s ]
SQL: SELECT `id`,`honor`,`content`,`title_en`,`content_en` FROM `hr_document_speakers` WHERE `id` = 9 LIMIT 1   [ RunTime:0.0028s ]
SQL: SHOW COLUMNS FROM `hr_category` [ RunTime:0.0043s ]
SQL: SELECT `id`,`name`,`title`,`pid`,`sort`,`list_row`,`meta_title`,`keywords`,`description`,`template_index`,`template_lists`,`template_detail`,`template_edit`,`model`,`model_sub`,`type`,`link_id`,`allow_publish`,`display`,`reply`,`check`,`reply_model`,`extend`,`create_time`,`update_time`,`status`,`icon`,`groups` FROM `hr_category` WHERE `id` = 39 LIMIT 1   [ RunTime:0.0006s ]
SQL: UPDATE `hr_document` SET `view`=view+1 WHERE `id` = 9 [ RunTime:0.0004s ]
INFO: [ view_parse ] --START--
INFO: [ template_filter ] --START--
INFO: Run Behavior\ContentReplaceBehavior [ RunTime:0.000157s ]
INFO: [ template_filter ] --END-- [ RunTime:0.000262s ]
SQL: SHOW COLUMNS FROM `hr_picture` [ RunTime:0.0044s ]
SQL: SELECT * FROM `hr_picture` WHERE `status` = 1 AND `id` = 21 LIMIT 1   [ RunTime:0.0009s ]
INFO: Run Behavior\ParseTemplateBehavior [ RunTime:0.050055s ]
INFO: [ view_parse ] --END-- [ RunTime:0.050207s ]
INFO: [ view_filter ] --START--
INFO: Run Behavior\WriteHtmlCacheBehavior [ RunTime:0.000999s ]
INFO: [ view_filter ] --END-- [ RunTime:0.001575s ]
INFO: [ app_end ] --START--
INFO: Run Behavior\ShowPageTraceBehavior [ RunTime:0.001169s ]
INFO: [ app_end ] --END-- [ RunTime:0.001255s ]

[ 2018-02-18T18:24:06+08:00 ] 123.125.71.15 /index.php?s=/Home/Article/detail/id/8.html
INFO: [ app_init ] --START--
INFO: Run Behavior\BuildLiteBehavior [ RunTime:0.000035s ]
INFO: Run Common\Behavior\InitHookBehavior [ RunTime:0.004230s ]
INFO: [ app_init ] --END-- [ RunTime:0.005207s ]
INFO: [ app_begin ] --START--
INFO: Run Behavior\ReadHtmlCacheBehavior [ RunTime:0.001086s ]
INFO: [ app_begin ] --END-- [ RunTime:0.001186s ]
SQL: SHOW COLUMNS FROM `hr_config` [ RunTime:0.0042s ]
SQL: SELECT `type`,`name`,`value` FROM `hr_config` WHERE `status` = 1  [ RunTime:0.0008s ]
SQL: SHOW COLUMNS FROM `hr_document` [ RunTime:0.0034s ]
SQL: SELECT `id`,`uid`,`name`,`title`,`category_id`,`group_id`,`description`,`root`,`pid`,`model_id`,`type`,`position`,`link_id`,`cover_id`,`display`,`deadline`,`attach`,`view`,`comment`,`extend`,`level`,`create_time`,`update_time`,`status` FROM `hr_document` WHERE `id` = 8 LIMIT 1   [ RunTime:0.0009s ]
SQL: SHOW COLUMNS FROM `hr_document_speakers` [ RunTime:0.0029s ]
SQL: SELECT `id`,`honor`,`content`,`title_en`,`content_en` FROM `hr_document_speakers` WHERE `id` = 8 LIMIT 1   [ RunTime:0.0025s ]
SQL: SHOW COLUMNS FROM `hr_category` [ RunTime:0.0063s ]
SQL: SELECT `id`,`name`,`title`,`pid`,`sort`,`list_row`,`meta_title`,`keywords`,`description`,`template_index`,`template_lists`,`template_detail`,`template_edit`,`model`,`model_sub`,`type`,`link_id`,`allow_publish`,`display`,`reply`,`check`,`reply_model`,`extend`,`create_time`,`update_time`,`status`,`icon`,`groups` FROM `hr_category` WHERE `id` = 39 LIMIT 1   [ RunTime:0.0006s ]
SQL: UPDATE `hr_document` SET `view`=view+1 WHERE `id` = 8 [ RunTime:0.0005s ]
INFO: [ view_parse ] --START--
INFO: [ template_filter ] --START--
INFO: Run Behavior\ContentReplaceBehavior [ RunTime:0.000166s ]
INFO: [ template_filter ] --END-- [ RunTime:0.000270s ]
SQL: SHOW COLUMNS FROM `hr_picture` [ RunTime:0.0047s ]
SQL: SELECT * FROM `hr_picture` WHERE `status` = 1 AND `id` = 20 LIMIT 1   [ RunTime:0.0007s ]
INFO: Run Behavior\ParseTemplateBehavior [ RunTime:0.045014s ]
INFO: [ view_parse ] --END-- [ RunTime:0.045127s ]
INFO: [ view_filter ] --START--
INFO: Run Behavior\WriteHtmlCacheBehavior [ RunTime:0.001024s ]
INFO: [ view_filter ] --END-- [ RunTime:0.001168s ]
INFO: [ app_end ] --START--
INFO: Run Behavior\ShowPageTraceBehavior [ RunTime:0.001204s ]
INFO: [ app_end ] --END-- [ RunTime:0.001298s ]

[ 2018-02-18T18:57:26+08:00 ] 123.125.71.52 /index.php?s=/Home/index/about.html
INFO: [ app_init ] --START--
INFO: Run Behavior\BuildLiteBehavior [ RunTime:0.000055s ]
INFO: Run Common\Behavior\InitHookBehavior [ RunTime:0.005282s ]
INFO: [ app_init ] --END-- [ RunTime:0.006665s ]
INFO: [ app_begin ] --START--
INFO: Run Behavior\ReadHtmlCacheBehavior [ RunTime:0.001544s ]
INFO: [ app_begin ] --END-- [ RunTime:0.001694s ]
SQL: SHOW COLUMNS FROM `hr_config` [ RunTime:0.0055s ]
SQL: SELECT `type`,`name`,`value` FROM `hr_config` WHERE `status` = 1  [ RunTime:0.0008s ]
SQL: SHOW COLUMNS FROM `hr_document` [ RunTime:0.0054s ]
SQL: SELECT `title`,`cover_id`,`description` FROM `hr_document` WHERE `status` = 1 AND `pid` = 0 AND `category_id` = 44 AND `create_time` < 1518951446 AND ( deadline = 0 OR deadline > 1518951446 ) ORDER BY `id` DESC  [ RunTime:0.0008s ]
INFO: [ view_parse ] --START--
INFO: [ template_filter ] --START--
INFO: Run Behavior\ContentReplaceBehavior [ RunTime:0.000169s ]
INFO: [ template_filter ] --END-- [ RunTime:0.000273s ]
SQL: SHOW COLUMNS FROM `hr_picture` [ RunTime:0.0040s ]
SQL: SELECT * FROM `hr_picture` WHERE `status` = 1 AND `id` = 19 LIMIT 1   [ RunTime:0.0004s ]
SQL: SELECT * FROM `hr_picture` WHERE `status` = 1 AND `id` = 19 LIMIT 1   [ RunTime:0.0003s ]
INFO: Run Behavior\ParseTemplateBehavior [ RunTime:0.049932s ]
INFO: [ view_parse ] --END-- [ RunTime:0.050040s ]
INFO: [ view_filter ] --START--
INFO: Run Behavior\WriteHtmlCacheBehavior [ RunTime:0.000762s ]
INFO: [ view_filter ] --END-- [ RunTime:0.000839s ]
INFO: [ app_end ] --START--
INFO: Run Behavior\ShowPageTraceBehavior [ RunTime:0.001173s ]
INFO: [ app_end ] --END-- [ RunTime:0.001257s ]

[ 2018-02-18T19:30:46+08:00 ] 123.125.71.14 /index.php?s=/Home/index/about
INFO: [ app_init ] --START--
INFO: Run Behavior\BuildLiteBehavior [ RunTime:0.000037s ]
INFO: Run Common\Behavior\InitHookBehavior [ RunTime:0.003652s ]
INFO: [ app_init ] --END-- [ RunTime:0.004590s ]
INFO: [ app_begin ] --START--
INFO: Run Behavior\ReadHtmlCacheBehavior [ RunTime:0.001024s ]
INFO: [ app_begin ] --END-- [ RunTime:0.001122s ]
SQL: SHOW COLUMNS FROM `hr_config` [ RunTime:0.0042s ]
SQL: SELECT `type`,`name`,`value` FROM `hr_config` WHERE `status` = 1  [ RunTime:0.0018s ]
SQL: SHOW COLUMNS FROM `hr_document` [ RunTime:0.0039s ]
SQL: SELECT `title`,`cover_id`,`description` FROM `hr_document` WHERE `status` = 1 AND `pid` = 0 AND `category_id` = 44 AND `create_time` < 1518953446 AND ( deadline = 0 OR deadline > 1518953446 ) ORDER BY `id` DESC  [ RunTime:0.0015s ]
INFO: [ view_parse ] --START--
INFO: [ template_filter ] --START--
INFO: Run Behavior\ContentReplaceBehavior [ RunTime:0.000161s ]
INFO: [ template_filter ] --END-- [ RunTime:0.000268s ]
SQL: SHOW COLUMNS FROM `hr_picture` [ RunTime:0.0047s ]
SQL: SELECT * FROM `hr_picture` WHERE `status` = 1 AND `id` = 19 LIMIT 1   [ RunTime:0.0011s ]
SQL: SELECT * FROM `hr_picture` WHERE `status` = 1 AND `id` = 19 LIMIT 1   [ RunTime:0.0004s ]
INFO: Run Behavior\ParseTemplateBehavior [ RunTime:0.040075s ]
INFO: [ view_parse ] --END-- [ RunTime:0.040157s ]
INFO: [ view_filter ] --START--
INFO: Run Behavior\WriteHtmlCacheBehavior [ RunTime:0.000738s ]
INFO: [ view_filter ] --END-- [ RunTime:0.000814s ]
INFO: [ app_end ] --START--
INFO: Run Behavior\ShowPageTraceBehavior [ RunTime:0.001317s ]
INFO: [ app_end ] --END-- [ RunTime:0.001423s ]

[ 2018-02-18T20:20:43+08:00 ] 127.0.0.1 /
INFO: [ app_init ] --START--
INFO: Run Behavior\BuildLiteBehavior [ RunTime:0.000046s ]
INFO: Run Common\Behavior\InitHookBehavior [ RunTime:0.003611s ]
INFO: [ app_init ] --END-- [ RunTime:0.004570s ]
INFO: [ app_begin ] --START--
INFO: Run Behavior\ReadHtmlCacheBehavior [ RunTime:0.001110s ]
INFO: [ app_begin ] --END-- [ RunTime:0.001200s ]
SQL: SHOW COLUMNS FROM `hr_config` [ RunTime:0.0049s ]
SQL: SELECT `type`,`name`,`value` FROM `hr_config` WHERE `status` = 1  [ RunTime:0.0008s ]
SQL: SHOW COLUMNS FROM `hr_category` [ RunTime:0.0054s ]
SQL: SELECT `id`,`name`,`title`,`pid`,`sort`,`list_row`,`meta_title`,`keywords`,`description`,`template_index`,`template_lists`,`template_detail`,`template_edit`,`model`,`model_sub`,`type`,`link_id`,`allow_publish`,`display`,`reply`,`check`,`reply_model`,`extend`,`create_time`,`update_time`,`status`,`icon`,`groups` FROM `hr_category` WHERE `status` = 1 ORDER BY sort  [ RunTime:0.0008s ]
SQL: SHOW COLUMNS FROM `hr_document` [ RunTime:0.0050s ]
SQL: SELECT `id`,`uid`,`name`,`title`,`category_id`,`group_id`,`description`,`root`,`pid`,`model_id`,`type`,`position`,`link_id`,`cover_id`,`display`,`deadline`,`attach`,`view`,`comment`,`extend`,`level`,`create_time`,`update_time`,`status` FROM `hr_document` WHERE `status` = 1 AND `pid` = 0 AND `create_time` < 1518956443 AND ( deadline = 0 OR deadline > 1518956443 ) ORDER BY `id` DESC  [ RunTime:0.0015s ]
INFO: [ view_parse ] --START--
INFO: [ template_filter ] --START--
INFO: Run Behavior\ContentReplaceBehavior [ RunTime:0.000246s ]
INFO: [ template_filter ] --END-- [ RunTime:0.000353s ]
INFO: [ Silder ] --START--
SQL: SHOW COLUMNS FROM `hr_addons` [ RunTime:0.0040s ]
SQL: SELECT `config` FROM `hr_addons` WHERE `name` = 'Silder' AND `status` = 1 LIMIT 1   [ RunTime:0.0018s ]
SQL: SHOW COLUMNS FROM `hr_silder` [ RunTime:0.0039s ]
SQL: SELECT * FROM `hr_silder` WHERE `status` = 1 ORDER BY priorityr asc  [ RunTime:0.0007s ]
SQL: SHOW COLUMNS FROM `hr_picture` [ RunTime:0.0052s ]
SQL: SELECT `path` FROM `hr_picture` WHERE `id` = 18 LIMIT 1   [ RunTime:0.0011s ]
INFO: [ view_parse ] --START--
INFO: [ template_filter ] --START--
INFO: Run Behavior\ContentReplaceBehavior [ RunTime:0.000062s ]
INFO: [ template_filter ] --END-- [ RunTime:-0.031101s ]
INFO: Run Behavior\ParseTemplateBehavior [ RunTime:0.005340s ]
INFO: [ view_parse ] --END-- [ RunTime:0.005446s ]
INFO: [ view_filter ] --START--
INFO: Run Behavior\WriteHtmlCacheBehavior [ RunTime:0.000700s ]
INFO: [ view_filter ] --END-- [ RunTime:0.000779s ]
INFO: Run Addons\Silder\SilderAddon [ RunTime:0.030344s ]
INFO: [ Silder ] --END-- [ RunTime:0.030460s ]
SQL: SELECT `id`,`name`,`title`,`pid`,`sort`,`list_row`,`meta_title`,`keywords`,`description`,`template_index`,`template_lists`,`template_detail`,`template_edit`,`model`,`model_sub`,`type`,`link_id`,`allow_publish`,`display`,`reply`,`check`,`reply_model`,`extend`,`create_time`,`update_time`,`status`,`icon`,`groups` FROM `hr_category` WHERE `id` = 39 LIMIT 1   [ RunTime:0.0007s ]
SQL: SELECT `id`,`name`,`pid`,`title`,`link_id` FROM `hr_category` WHERE `status` = 1 ORDER BY sort  [ RunTime:0.0004s ]
SQL: SELECT `id`,`uid`,`name`,`title`,`category_id`,`group_id`,`description`,`root`,`pid`,`model_id`,`type`,`position`,`link_id`,`cover_id`,`display`,`deadline`,`attach`,`view`,`comment`,`extend`,`level`,`create_time`,`update_time`,`status` FROM `hr_document` WHERE `status` = 1 AND `pid` = 0 AND `category_id` = 39 AND `create_time` < 1518956443 AND ( deadline = 0 OR deadline > 1518956443 ) ORDER BY `level` DESC,`id` DESC LIMIT 0,6   [ RunTime:0.0010s ]
SQL: SHOW COLUMNS FROM `hr_picture` [ RunTime:0.0039s ]
SQL: SELECT * FROM `hr_picture` WHERE `status` = 1 AND `id` = 111 LIMIT 1   [ RunTime:0.0010s ]
SQL: SELECT * FROM `hr_picture` WHERE `status` = 1 AND `id` = 110 LIMIT 1   [ RunTime:0.0007s ]
NOTIC: [8] Constant UPLOAD_URL already defined D:\wwwroot\heavyrain\wwwroot\Application\Common\Common\function.php 第 1029 行.
NOTIC: [8] Constant UPLOAD_PATH already defined D:\wwwroot\heavyrain\wwwroot\Application\Common\Common\function.php 第 1030 行.
SQL: SELECT * FROM `hr_picture` WHERE `status` = 1 AND `id` = 109 LIMIT 1   [ RunTime:0.0006s ]
NOTIC: [8] Constant UPLOAD_URL already defined D:\wwwroot\heavyrain\wwwroot\Application\Common\Common\function.php 第 1029 行.
NOTIC: [8] Constant UPLOAD_PATH already defined D:\wwwroot\heavyrain\wwwroot\Application\Common\Common\function.php 第 1030 行.
SQL: SELECT * FROM `hr_picture` WHERE `status` = 1 AND `id` = 108 LIMIT 1   [ RunTime:0.0006s ]
NOTIC: [8] Constant UPLOAD_URL already defined D:\wwwroot\heavyrain\wwwroot\Application\Common\Common\function.php 第 1029 行.
NOTIC: [8] Constant UPLOAD_PATH already defined D:\wwwroot\heavyrain\wwwroot\Application\Common\Common\function.php 第 1030 行.
SQL: SELECT * FROM `hr_picture` WHERE `status` = 1 AND `id` = 107 LIMIT 1   [ RunTime:0.0006s ]
NOTIC: [8] Constant UPLOAD_URL already defined D:\wwwroot\heavyrain\wwwroot\Application\Common\Common\function.php 第 1029 行.
NOTIC: [8] Constant UPLOAD_PATH already defined D:\wwwroot\heavyrain\wwwroot\Application\Common\Common\function.php 第 1030 行.
SQL: SELECT * FROM `hr_picture` WHERE `status` = 1 AND `id` = 106 LIMIT 1   [ RunTime:0.0005s ]
NOTIC: [8] Constant UPLOAD_URL already defined D:\wwwroot\heavyrain\wwwroot\Application\Common\Common\function.php 第 1029 行.
NOTIC: [8] Constant UPLOAD_PATH already defined D:\wwwroot\heavyrain\wwwroot\Application\Common\Common\function.php 第 1030 行.
SQL: SELECT `id`,`name`,`title`,`pid`,`sort`,`list_row`,`meta_title`,`keywords`,`description`,`template_index`,`template_lists`,`template_detail`,`template_edit`,`model`,`model_sub`,`type`,`link_id`,`allow_publish`,`display`,`reply`,`check`,`reply_model`,`extend`,`create_time`,`update_time`,`status`,`icon`,`groups` FROM `hr_category` WHERE `id` = 41 LIMIT 1   [ RunTime:0.0005s ]
SQL: SELECT `id`,`name`,`pid`,`title`,`link_id` FROM `hr_category` WHERE `status` = 1 ORDER BY sort  [ RunTime:0.0008s ]
SQL: SELECT `id`,`uid`,`name`,`title`,`category_id`,`group_id`,`description`,`root`,`pid`,`model_id`,`type`,`position`,`link_id`,`cover_id`,`display`,`deadline`,`attach`,`view`,`comment`,`extend`,`level`,`create_time`,`update_time`,`status` FROM `hr_document` WHERE `status` = 1 AND `pid` = 0 AND `category_id` = 41 AND `create_time` < 1518956443 AND ( deadline = 0 OR deadline > 1518956443 ) ORDER BY `level` DESC,`id` DESC LIMIT 0,5   [ RunTime:0.0009s ]
SQL: SELECT * FROM `hr_picture` WHERE `status` = 1 AND `id` = 48 LIMIT 1   [ RunTime:0.0004s ]
SQL: SELECT * FROM `hr_picture` WHERE `status` = 1 AND `id` = 49 LIMIT 1   [ RunTime:0.0005s ]
SQL: SELECT * FROM `hr_picture` WHERE `status` = 1 AND `id` = 50 LIMIT 1   [ RunTime:0.0004s ]
SQL: SELECT * FROM `hr_picture` WHERE `status` = 1 AND `id` = 51 LIMIT 1   [ RunTime:0.0004s ]
SQL: SELECT * FROM `hr_picture` WHERE `status` = 1 AND `id` = 52 LIMIT 1   [ RunTime:0.0004s ]
SQL: SELECT `id`,`name`,`title`,`pid`,`sort`,`list_row`,`meta_title`,`keywords`,`description`,`template_index`,`template_lists`,`template_detail`,`template_edit`,`model`,`model_sub`,`type`,`link_id`,`allow_publish`,`display`,`reply`,`check`,`reply_model`,`extend`,`create_time`,`update_time`,`status`,`icon`,`groups` FROM `hr_category` WHERE `id` = 43 LIMIT 1   [ RunTime:0.0006s ]
SQL: SELECT `id`,`name`,`pid`,`title`,`link_id` FROM `hr_category` WHERE `status` = 1 ORDER BY sort  [ RunTime:0.0005s ]
SQL: SELECT `id`,`uid`,`name`,`title`,`category_id`,`group_id`,`description`,`root`,`pid`,`model_id`,`type`,`position`,`link_id`,`cover_id`,`display`,`deadline`,`attach`,`view`,`comment`,`extend`,`level`,`create_time`,`update_time`,`status` FROM `hr_document` WHERE `status` = 1 AND `pid` = 0 AND `category_id` = 43 AND `create_time` < 1518956443 AND ( deadline = 0 OR deadline > 1518956443 ) ORDER BY `level` DESC,`id` DESC LIMIT 0,8   [ RunTime:0.0006s ]
INFO: Run Behavior\ParseTemplateBehavior [ RunTime:0.038935s ]
INFO: [ view_parse ] --END-- [ RunTime:0.005446s ]
INFO: [ view_filter ] --START--
INFO: Run Behavior\WriteHtmlCacheBehavior [ RunTime:0.000029s ]
INFO: [ view_filter ] --END-- [ RunTime:-0.032796s ]
INFO: [ app_end ] --START--
INFO: Run Behavior\ShowPageTraceBehavior [ RunTime:0.001530s ]
INFO: [ app_end ] --END-- [ RunTime:0.001640s ]

[ 2018-02-18T23:32:47+08:00 ] 127.0.0.1 /
INFO: [ app_init ] --START--
INFO: Run Behavior\BuildLiteBehavior [ RunTime:0.000062s ]
INFO: Run Common\Behavior\InitHookBehavior [ RunTime:0.005138s ]
INFO: [ app_init ] --END-- [ RunTime:0.006626s ]
INFO: [ app_begin ] --START--
INFO: Run Behavior\ReadHtmlCacheBehavior [ RunTime:0.001426s ]
INFO: [ app_begin ] --END-- [ RunTime:0.001667s ]
SQL: SHOW COLUMNS FROM `hr_config` [ RunTime:0.0085s ]
SQL: SELECT `type`,`name`,`value` FROM `hr_config` WHERE `status` = 1  [ RunTime:0.0005s ]
SQL: SHOW COLUMNS FROM `hr_category` [ RunTime:0.0050s ]
SQL: SELECT `id`,`name`,`title`,`pid`,`sort`,`list_row`,`meta_title`,`keywords`,`description`,`template_index`,`template_lists`,`template_detail`,`template_edit`,`model`,`model_sub`,`type`,`link_id`,`allow_publish`,`display`,`reply`,`check`,`reply_model`,`extend`,`create_time`,`update_time`,`status`,`icon`,`groups` FROM `hr_category` WHERE `status` = 1 ORDER BY sort  [ RunTime:0.0008s ]
SQL: SHOW COLUMNS FROM `hr_document` [ RunTime:0.0084s ]
SQL: SELECT `id`,`uid`,`name`,`title`,`category_id`,`group_id`,`description`,`root`,`pid`,`model_id`,`type`,`position`,`link_id`,`cover_id`,`display`,`deadline`,`attach`,`view`,`comment`,`extend`,`level`,`create_time`,`update_time`,`status` FROM `hr_document` WHERE `status` = 1 AND `pid` = 0 AND `create_time` < 1518967967 AND ( deadline = 0 OR deadline > 1518967967 ) ORDER BY `id` DESC  [ RunTime:0.0030s ]
INFO: [ view_parse ] --START--
INFO: [ template_filter ] --START--
INFO: Run Behavior\ContentReplaceBehavior [ RunTime:0.000263s ]
INFO: [ template_filter ] --END-- [ RunTime:0.000374s ]
INFO: [ Silder ] --START--
SQL: SHOW COLUMNS FROM `hr_addons` [ RunTime:0.0047s ]
SQL: SELECT `config` FROM `hr_addons` WHERE `name` = 'Silder' AND `status` = 1 LIMIT 1   [ RunTime:0.0036s ]
SQL: SHOW COLUMNS FROM `hr_silder` [ RunTime:0.0043s ]
SQL: SELECT * FROM `hr_silder` WHERE `status` = 1 ORDER BY priorityr asc  [ RunTime:0.0006s ]
SQL: SHOW COLUMNS FROM `hr_picture` [ RunTime:0.0030s ]
SQL: SELECT `path` FROM `hr_picture` WHERE `id` = 18 LIMIT 1   [ RunTime:0.0004s ]
INFO: [ view_parse ] --START--
INFO: [ template_filter ] --START--
INFO: Run Behavior\ContentReplaceBehavior [ RunTime:0.000065s ]
INFO: [ template_filter ] --END-- [ RunTime:-0.031487s ]
INFO: Run Behavior\ParseTemplateBehavior [ RunTime:0.005807s ]
INFO: [ view_parse ] --END-- [ RunTime:0.005930s ]
INFO: [ view_filter ] --START--
INFO: Run Behavior\WriteHtmlCacheBehavior [ RunTime:0.000662s ]
INFO: [ view_filter ] --END-- [ RunTime:0.000750s ]
INFO: Run Addons\Silder\SilderAddon [ RunTime:0.030936s ]
INFO: [ Silder ] --END-- [ RunTime:0.031039s ]
SQL: SELECT `id`,`name`,`title`,`pid`,`sort`,`list_row`,`meta_title`,`keywords`,`description`,`template_index`,`template_lists`,`template_detail`,`template_edit`,`model`,`model_sub`,`type`,`link_id`,`allow_publish`,`display`,`reply`,`check`,`reply_model`,`extend`,`create_time`,`update_time`,`status`,`icon`,`groups` FROM `hr_category` WHERE `id` = 39 LIMIT 1   [ RunTime:0.0007s ]
SQL: SELECT `id`,`name`,`pid`,`title`,`link_id` FROM `hr_category` WHERE `status` = 1 ORDER BY sort  [ RunTime:0.0005s ]
SQL: SELECT `id`,`uid`,`name`,`title`,`category_id`,`group_id`,`description`,`root`,`pid`,`model_id`,`type`,`position`,`link_id`,`cover_id`,`display`,`deadline`,`attach`,`view`,`comment`,`extend`,`level`,`create_time`,`update_time`,`status` FROM `hr_document` WHERE `status` = 1 AND `pid` = 0 AND `category_id` = 39 AND `create_time` < 1518967967 AND ( deadline = 0 OR deadline > 1518967967 ) ORDER BY `level` DESC,`id` DESC LIMIT 0,6   [ RunTime:0.0010s ]
SQL: SHOW COLUMNS FROM `hr_picture` [ RunTime:0.0052s ]
SQL: SELECT * FROM `hr_picture` WHERE `status` = 1 AND `id` = 111 LIMIT 1   [ RunTime:0.0006s ]
SQL: SELECT * FROM `hr_picture` WHERE `status` = 1 AND `id` = 110 LIMIT 1   [ RunTime:0.0006s ]
NOTIC: [8] Constant UPLOAD_URL already defined D:\wwwroot\heavyrain\wwwroot\Application\Common\Common\function.php 第 1029 行.
NOTIC: [8] Constant UPLOAD_PATH already defined D:\wwwroot\heavyrain\wwwroot\Application\Common\Common\function.php 第 1030 行.
SQL: SELECT * FROM `hr_picture` WHERE `status` = 1 AND `id` = 109 LIMIT 1   [ RunTime:0.0005s ]
NOTIC: [8] Constant UPLOAD_URL already defined D:\wwwroot\heavyrain\wwwroot\Application\Common\Common\function.php 第 1029 行.
NOTIC: [8] Constant UPLOAD_PATH already defined D:\wwwroot\heavyrain\wwwroot\Application\Common\Common\function.php 第 1030 行.
SQL: SELECT * FROM `hr_picture` WHERE `status` = 1 AND `id` = 108 LIMIT 1   [ RunTime:0.0004s ]
NOTIC: [8] Constant UPLOAD_URL already defined D:\wwwroot\heavyrain\wwwroot\Application\Common\Common\function.php 第 1029 行.
NOTIC: [8] Constant UPLOAD_PATH already defined D:\wwwroot\heavyrain\wwwroot\Application\Common\Common\function.php 第 1030 行.
SQL: SELECT * FROM `hr_picture` WHERE `status` = 1 AND `id` = 107 LIMIT 1   [ RunTime:0.0042s ]
NOTIC: [8] Constant UPLOAD_URL already defined D:\wwwroot\heavyrain\wwwroot\Application\Common\Common\function.php 第 1029 行.
NOTIC: [8] Constant UPLOAD_PATH already defined D:\wwwroot\heavyrain\wwwroot\Application\Common\Common\function.php 第 1030 行.
SQL: SELECT * FROM `hr_picture` WHERE `status` = 1 AND `id` = 106 LIMIT 1   [ RunTime:0.0004s ]
NOTIC: [8] Constant UPLOAD_URL already defined D:\wwwroot\heavyrain\wwwroot\Application\Common\Common\function.php 第 1029 行.
NOTIC: [8] Constant UPLOAD_PATH already defined D:\wwwroot\heavyrain\wwwroot\Application\Common\Common\function.php 第 1030 行.
SQL: SELECT `id`,`name`,`title`,`pid`,`sort`,`list_row`,`meta_title`,`keywords`,`description`,`template_index`,`template_lists`,`template_detail`,`template_edit`,`model`,`model_sub`,`type`,`link_id`,`allow_publish`,`display`,`reply`,`check`,`reply_model`,`extend`,`create_time`,`update_time`,`status`,`icon`,`groups` FROM `hr_category` WHERE `id` = 41 LIMIT 1   [ RunTime:0.0004s ]
SQL: SELECT `id`,`name`,`pid`,`title`,`link_id` FROM `hr_category` WHERE `status` = 1 ORDER BY sort  [ RunTime:0.0004s ]
SQL: SELECT `id`,`uid`,`name`,`title`,`category_id`,`group_id`,`description`,`root`,`pid`,`model_id`,`type`,`position`,`link_id`,`cover_id`,`display`,`deadline`,`attach`,`view`,`comment`,`extend`,`level`,`create_time`,`update_time`,`status` FROM `hr_document` WHERE `status` = 1 AND `pid` = 0 AND `category_id` = 41 AND `create_time` < 1518967967 AND ( deadline = 0 OR deadline > 1518967967 ) ORDER BY `level` DESC,`id` DESC LIMIT 0,5   [ RunTime:0.0006s ]
SQL: SELECT * FROM `hr_picture` WHERE `status` = 1 AND `id` = 48 LIMIT 1   [ RunTime:0.0004s ]
SQL: SELECT * FROM `hr_picture` WHERE `status` = 1 AND `id` = 49 LIMIT 1   [ RunTime:0.0003s ]
SQL: SELECT * FROM `hr_picture` WHERE `status` = 1 AND `id` = 50 LIMIT 1   [ RunTime:0.0004s ]
SQL: SELECT * FROM `hr_picture` WHERE `status` = 1 AND `id` = 51 LIMIT 1   [ RunTime:0.0004s ]
SQL: SELECT * FROM `hr_picture` WHERE `status` = 1 AND `id` = 52 LIMIT 1   [ RunTime:0.0003s ]
SQL: SELECT `id`,`name`,`title`,`pid`,`sort`,`list_row`,`meta_title`,`keywords`,`description`,`template_index`,`template_lists`,`template_detail`,`template_edit`,`model`,`model_sub`,`type`,`link_id`,`allow_publish`,`display`,`reply`,`check`,`reply_model`,`extend`,`create_time`,`update_time`,`status`,`icon`,`groups` FROM `hr_category` WHERE `id` = 43 LIMIT 1   [ RunTime:0.0006s ]
SQL: SELECT `id`,`name`,`pid`,`title`,`link_id` FROM `hr_category` WHERE `status` = 1 ORDER BY sort  [ RunTime:0.0005s ]
SQL: SELECT `id`,`uid`,`name`,`title`,`category_id`,`group_id`,`description`,`root`,`pid`,`model_id`,`type`,`position`,`link_id`,`cover_id`,`display`,`deadline`,`attach`,`view`,`comment`,`extend`,`level`,`create_time`,`update_time`,`status` FROM `hr_document` WHERE `status` = 1 AND `pid` = 0 AND `category_id` = 43 AND `create_time` < 1518967967 AND ( deadline = 0 OR deadline > 1518967967 ) ORDER BY `level` DESC,`id` DESC LIMIT 0,8   [ RunTime:0.0008s ]
INFO: Run Behavior\ParseTemplateBehavior [ RunTime:0.041077s ]
INFO: [ view_parse ] --END-- [ RunTime:0.005930s ]
INFO: [ view_filter ] --START--
INFO: Run Behavior\WriteHtmlCacheBehavior [ RunTime:0.000051s ]
INFO: [ view_filter ] --END-- [ RunTime:-0.034515s ]
INFO: [ app_end ] --START--
INFO: Run Behavior\ShowPageTraceBehavior [ RunTime:0.002086s ]
INFO: [ app_end ] --END-- [ RunTime:0.002212s ]

