[ 2018-01-28T00:44:32+08:00 ] 203.208.60.159 /index.php?s=/Home/Article/detail/id/28.html
INFO: [ app_init ] --START--
INFO: Run Behavior\BuildLiteBehavior [ RunTime:0.000035s ]
INFO: Run Common\Behavior\InitHookBehavior [ RunTime:0.004133s ]
INFO: [ app_init ] --END-- [ RunTime:0.005065s ]
INFO: [ app_begin ] --START--
INFO: Run Behavior\ReadHtmlCacheBehavior [ RunTime:0.001000s ]
INFO: [ app_begin ] --END-- [ RunTime:0.001097s ]
SQL: SHOW COLUMNS FROM `hr_config` [ RunTime:0.0040s ]
SQL: SELECT `type`,`name`,`value` FROM `hr_config` WHERE `status` = 1  [ RunTime:0.0005s ]
SQL: SHOW COLUMNS FROM `hr_document` [ RunTime:0.0039s ]
SQL: SELECT `id`,`uid`,`name`,`title`,`category_id`,`group_id`,`description`,`root`,`pid`,`model_id`,`type`,`position`,`link_id`,`cover_id`,`display`,`deadline`,`attach`,`view`,`comment`,`extend`,`level`,`create_time`,`update_time`,`status` FROM `hr_document` WHERE `id` = 28 LIMIT 1   [ RunTime:0.0005s ]
SQL: SHOW COLUMNS FROM `hr_document_speakers` [ RunTime:0.0032s ]
SQL: SELECT `id`,`honor`,`content`,`title_en`,`content_en` FROM `hr_document_speakers` WHERE `id` = 28 LIMIT 1   [ RunTime:0.0030s ]
SQL: SHOW COLUMNS FROM `hr_category` [ RunTime:0.0048s ]
SQL: SELECT `id`,`name`,`title`,`pid`,`sort`,`list_row`,`meta_title`,`keywords`,`description`,`template_index`,`template_lists`,`template_detail`,`template_edit`,`model`,`model_sub`,`type`,`link_id`,`allow_publish`,`display`,`reply`,`check`,`reply_model`,`extend`,`create_time`,`update_time`,`status`,`icon`,`groups` FROM `hr_category` WHERE `id` = 39 LIMIT 1   [ RunTime:0.0018s ]
SQL: UPDATE `hr_document` SET `view`=view+1 WHERE `id` = 28 [ RunTime:0.0006s ]
INFO: [ view_parse ] --START--
INFO: [ template_filter ] --START--
INFO: Run Behavior\ContentReplaceBehavior [ RunTime:0.000176s ]
INFO: [ template_filter ] --END-- [ RunTime:0.000289s ]
SQL: SHOW COLUMNS FROM `hr_picture` [ RunTime:0.0046s ]
SQL: SELECT * FROM `hr_picture` WHERE `status` = 1 AND `id` = 33 LIMIT 1   [ RunTime:0.0009s ]
INFO: Run Behavior\ParseTemplateBehavior [ RunTime:0.043365s ]
INFO: [ view_parse ] --END-- [ RunTime:0.043459s ]
INFO: [ view_filter ] --START--
INFO: Run Behavior\WriteHtmlCacheBehavior [ RunTime:0.000891s ]
INFO: [ view_filter ] --END-- [ RunTime:0.000988s ]
INFO: [ app_end ] --START--
INFO: Run Behavior\ShowPageTraceBehavior [ RunTime:0.001269s ]
INFO: [ app_end ] --END-- [ RunTime:0.001359s ]

[ 2018-01-28T02:00:10+08:00 ] 203.208.60.162 /index.php?s=/Home/Article/detail/id/68.html
INFO: [ app_init ] --START--
INFO: Run Behavior\BuildLiteBehavior [ RunTime:0.000052s ]
INFO: Run Common\Behavior\InitHookBehavior [ RunTime:0.005151s ]
INFO: [ app_init ] --END-- [ RunTime:0.006230s ]
INFO: [ app_begin ] --START--
INFO: Run Behavior\ReadHtmlCacheBehavior [ RunTime:0.001347s ]
INFO: [ app_begin ] --END-- [ RunTime:0.001499s ]
SQL: SHOW COLUMNS FROM `hr_config` [ RunTime:0.0042s ]
SQL: SELECT `type`,`name`,`value` FROM `hr_config` WHERE `status` = 1  [ RunTime:0.0005s ]
SQL: SHOW COLUMNS FROM `hr_document` [ RunTime:0.0073s ]
SQL: SELECT `id`,`uid`,`name`,`title`,`category_id`,`group_id`,`description`,`root`,`pid`,`model_id`,`type`,`position`,`link_id`,`cover_id`,`display`,`deadline`,`attach`,`view`,`comment`,`extend`,`level`,`create_time`,`update_time`,`status` FROM `hr_document` WHERE `id` = 68 LIMIT 1   [ RunTime:0.0009s ]
SQL: SHOW COLUMNS FROM `hr_document_speakers` [ RunTime:0.0047s ]
SQL: SELECT `id`,`honor`,`content`,`title_en`,`content_en` FROM `hr_document_speakers` WHERE `id` = 68 LIMIT 1   [ RunTime:0.0014s ]
SQL: SHOW COLUMNS FROM `hr_category` [ RunTime:0.0050s ]
SQL: SELECT `id`,`name`,`title`,`pid`,`sort`,`list_row`,`meta_title`,`keywords`,`description`,`template_index`,`template_lists`,`template_detail`,`template_edit`,`model`,`model_sub`,`type`,`link_id`,`allow_publish`,`display`,`reply`,`check`,`reply_model`,`extend`,`create_time`,`update_time`,`status`,`icon`,`groups` FROM `hr_category` WHERE `id` = 39 LIMIT 1   [ RunTime:0.0006s ]
SQL: UPDATE `hr_document` SET `view`=view+1 WHERE `id` = 68 [ RunTime:0.0005s ]
INFO: [ view_parse ] --START--
INFO: [ template_filter ] --START--
INFO: Run Behavior\ContentReplaceBehavior [ RunTime:0.000176s ]
INFO: [ template_filter ] --END-- [ RunTime:0.000297s ]
SQL: SHOW COLUMNS FROM `hr_picture` [ RunTime:0.0040s ]
SQL: SELECT * FROM `hr_picture` WHERE `status` = 1 AND `id` = 95 LIMIT 1   [ RunTime:0.0012s ]
INFO: Run Behavior\ParseTemplateBehavior [ RunTime:0.054388s ]
INFO: [ view_parse ] --END-- [ RunTime:0.054528s ]
INFO: [ view_filter ] --START--
INFO: Run Behavior\WriteHtmlCacheBehavior [ RunTime:0.001004s ]
INFO: [ view_filter ] --END-- [ RunTime:0.001125s ]
INFO: [ app_end ] --START--
INFO: Run Behavior\ShowPageTraceBehavior [ RunTime:0.001584s ]
INFO: [ app_end ] --END-- [ RunTime:0.001718s ]

[ 2018-01-28T03:15:57+08:00 ] 203.208.60.159 /index.php?s=/Home/Article/detail/id/74.html
INFO: [ app_init ] --START--
INFO: Run Behavior\BuildLiteBehavior [ RunTime:0.000049s ]
INFO: Run Common\Behavior\InitHookBehavior [ RunTime:0.005937s ]
INFO: [ app_init ] --END-- [ RunTime:0.007194s ]
INFO: [ app_begin ] --START--
INFO: Run Behavior\ReadHtmlCacheBehavior [ RunTime:0.001389s ]
INFO: [ app_begin ] --END-- [ RunTime:0.001550s ]
SQL: SHOW COLUMNS FROM `hr_config` [ RunTime:0.0048s ]
SQL: SELECT `type`,`name`,`value` FROM `hr_config` WHERE `status` = 1  [ RunTime:0.0007s ]
SQL: SHOW COLUMNS FROM `hr_document` [ RunTime:0.0086s ]
SQL: SELECT `id`,`uid`,`name`,`title`,`category_id`,`group_id`,`description`,`root`,`pid`,`model_id`,`type`,`position`,`link_id`,`cover_id`,`display`,`deadline`,`attach`,`view`,`comment`,`extend`,`level`,`create_time`,`update_time`,`status` FROM `hr_document` WHERE `id` = 74 LIMIT 1   [ RunTime:0.0010s ]
SQL: SHOW COLUMNS FROM `hr_document_speakers` [ RunTime:0.0066s ]
SQL: SELECT `id`,`honor`,`content`,`title_en`,`content_en` FROM `hr_document_speakers` WHERE `id` = 74 LIMIT 1   [ RunTime:0.0020s ]
SQL: SHOW COLUMNS FROM `hr_category` [ RunTime:0.0098s ]
SQL: SELECT `id`,`name`,`title`,`pid`,`sort`,`list_row`,`meta_title`,`keywords`,`description`,`template_index`,`template_lists`,`template_detail`,`template_edit`,`model`,`model_sub`,`type`,`link_id`,`allow_publish`,`display`,`reply`,`check`,`reply_model`,`extend`,`create_time`,`update_time`,`status`,`icon`,`groups` FROM `hr_category` WHERE `id` = 39 LIMIT 1   [ RunTime:0.0131s ]
SQL: UPDATE `hr_document` SET `view`=view+1 WHERE `id` = 74 [ RunTime:0.0008s ]
INFO: [ view_parse ] --START--
INFO: [ template_filter ] --START--
INFO: Run Behavior\ContentReplaceBehavior [ RunTime:0.000237s ]
INFO: [ template_filter ] --END-- [ RunTime:0.000410s ]
SQL: SHOW COLUMNS FROM `hr_picture` [ RunTime:0.0048s ]
SQL: SELECT * FROM `hr_picture` WHERE `status` = 1 AND `id` = 101 LIMIT 1   [ RunTime:0.0010s ]
INFO: Run Behavior\ParseTemplateBehavior [ RunTime:0.051581s ]
INFO: [ view_parse ] --END-- [ RunTime:0.051723s ]
INFO: [ view_filter ] --START--
INFO: Run Behavior\WriteHtmlCacheBehavior [ RunTime:0.001214s ]
INFO: [ view_filter ] --END-- [ RunTime:0.001351s ]
INFO: [ app_end ] --START--
INFO: Run Behavior\ShowPageTraceBehavior [ RunTime:0.001774s ]
INFO: [ app_end ] --END-- [ RunTime:0.001911s ]

[ 2018-01-28T04:31:52+08:00 ] 203.208.60.163 /index.php?s=/Home/Article/detail/id/48.html
INFO: [ app_init ] --START--
INFO: Run Behavior\BuildLiteBehavior [ RunTime:0.000038s ]
INFO: Run Common\Behavior\InitHookBehavior [ RunTime:0.004189s ]
INFO: [ app_init ] --END-- [ RunTime:0.005147s ]
INFO: [ app_begin ] --START--
INFO: Run Behavior\ReadHtmlCacheBehavior [ RunTime:0.001119s ]
INFO: [ app_begin ] --END-- [ RunTime:0.001228s ]
SQL: SHOW COLUMNS FROM `hr_config` [ RunTime:0.0041s ]
SQL: SELECT `type`,`name`,`value` FROM `hr_config` WHERE `status` = 1  [ RunTime:0.0005s ]
SQL: SHOW COLUMNS FROM `hr_document` [ RunTime:0.0050s ]
SQL: SELECT `id`,`uid`,`name`,`title`,`category_id`,`group_id`,`description`,`root`,`pid`,`model_id`,`type`,`position`,`link_id`,`cover_id`,`display`,`deadline`,`attach`,`view`,`comment`,`extend`,`level`,`create_time`,`update_time`,`status` FROM `hr_document` WHERE `id` = 48 LIMIT 1   [ RunTime:0.0009s ]
SQL: SHOW COLUMNS FROM `hr_document_speakers` [ RunTime:0.0043s ]
SQL: SELECT `id`,`honor`,`content`,`title_en`,`content_en` FROM `hr_document_speakers` WHERE `id` = 48 LIMIT 1   [ RunTime:0.0006s ]
SQL: SHOW COLUMNS FROM `hr_category` [ RunTime:0.0050s ]
SQL: SELECT `id`,`name`,`title`,`pid`,`sort`,`list_row`,`meta_title`,`keywords`,`description`,`template_index`,`template_lists`,`template_detail`,`template_edit`,`model`,`model_sub`,`type`,`link_id`,`allow_publish`,`display`,`reply`,`check`,`reply_model`,`extend`,`create_time`,`update_time`,`status`,`icon`,`groups` FROM `hr_category` WHERE `id` = 39 LIMIT 1   [ RunTime:0.0007s ]
SQL: UPDATE `hr_document` SET `view`=view+1 WHERE `id` = 48 [ RunTime:0.0005s ]
INFO: [ view_parse ] --START--
INFO: [ template_filter ] --START--
INFO: Run Behavior\ContentReplaceBehavior [ RunTime:0.000259s ]
INFO: [ template_filter ] --END-- [ RunTime:0.000406s ]
SQL: SHOW COLUMNS FROM `hr_picture` [ RunTime:0.0041s ]
SQL: SELECT * FROM `hr_picture` WHERE `status` = 1 AND `id` = 75 LIMIT 1   [ RunTime:0.0006s ]
INFO: Run Behavior\ParseTemplateBehavior [ RunTime:0.056644s ]
INFO: [ view_parse ] --END-- [ RunTime:0.056765s ]
INFO: [ view_filter ] --START--
INFO: Run Behavior\WriteHtmlCacheBehavior [ RunTime:0.000882s ]
INFO: [ view_filter ] --END-- [ RunTime:0.001005s ]
INFO: [ app_end ] --START--
INFO: Run Behavior\ShowPageTraceBehavior [ RunTime:0.001319s ]
INFO: [ app_end ] --END-- [ RunTime:0.001461s ]

[ 2018-01-28T05:39:23+08:00 ] 127.0.0.1 /
INFO: [ app_init ] --START--
INFO: Run Behavior\BuildLiteBehavior [ RunTime:0.000042s ]
INFO: Run Common\Behavior\InitHookBehavior [ RunTime:0.004135s ]
INFO: [ app_init ] --END-- [ RunTime:0.005245s ]
INFO: [ app_begin ] --START--
INFO: Run Behavior\ReadHtmlCacheBehavior [ RunTime:0.001536s ]
INFO: [ app_begin ] --END-- [ RunTime:0.001727s ]
SQL: SHOW COLUMNS FROM `hr_config` [ RunTime:0.0040s ]
SQL: SELECT `type`,`name`,`value` FROM `hr_config` WHERE `status` = 1  [ RunTime:0.0006s ]
SQL: SHOW COLUMNS FROM `hr_category` [ RunTime:0.0042s ]
SQL: SELECT `id`,`name`,`title`,`pid`,`sort`,`list_row`,`meta_title`,`keywords`,`description`,`template_index`,`template_lists`,`template_detail`,`template_edit`,`model`,`model_sub`,`type`,`link_id`,`allow_publish`,`display`,`reply`,`check`,`reply_model`,`extend`,`create_time`,`update_time`,`status`,`icon`,`groups` FROM `hr_category` WHERE `status` = 1 ORDER BY sort  [ RunTime:0.0009s ]
SQL: SHOW COLUMNS FROM `hr_document` [ RunTime:0.0051s ]
SQL: SELECT `id`,`uid`,`name`,`title`,`category_id`,`group_id`,`description`,`root`,`pid`,`model_id`,`type`,`position`,`link_id`,`cover_id`,`display`,`deadline`,`attach`,`view`,`comment`,`extend`,`level`,`create_time`,`update_time`,`status` FROM `hr_document` WHERE `status` = 1 AND `pid` = 0 AND `create_time` < 1517089163 AND ( deadline = 0 OR deadline > 1517089163 ) ORDER BY `id` DESC  [ RunTime:0.0017s ]
INFO: [ view_parse ] --START--
INFO: [ template_filter ] --START--
INFO: Run Behavior\ContentReplaceBehavior [ RunTime:0.000351s ]
INFO: [ template_filter ] --END-- [ RunTime:0.000513s ]
INFO: [ Silder ] --START--
SQL: SHOW COLUMNS FROM `hr_addons` [ RunTime:0.0039s ]
SQL: SELECT `config` FROM `hr_addons` WHERE `name` = 'Silder' AND `status` = 1 LIMIT 1   [ RunTime:0.0011s ]
SQL: SHOW COLUMNS FROM `hr_silder` [ RunTime:0.0045s ]
SQL: SELECT * FROM `hr_silder` WHERE `status` = 1 ORDER BY priorityr asc  [ RunTime:0.0009s ]
SQL: SHOW COLUMNS FROM `hr_picture` [ RunTime:0.0035s ]
SQL: SELECT `path` FROM `hr_picture` WHERE `id` = 18 LIMIT 1   [ RunTime:0.0013s ]
INFO: [ view_parse ] --START--
INFO: [ template_filter ] --START--
INFO: Run Behavior\ContentReplaceBehavior [ RunTime:0.000064s ]
INFO: [ template_filter ] --END-- [ RunTime:-0.031361s ]
INFO: Run Behavior\ParseTemplateBehavior [ RunTime:0.005611s ]
INFO: [ view_parse ] --END-- [ RunTime:0.005740s ]
INFO: [ view_filter ] --START--
INFO: Run Behavior\WriteHtmlCacheBehavior [ RunTime:0.001287s ]
INFO: [ view_filter ] --END-- [ RunTime:0.001421s ]
INFO: Run Addons\Silder\SilderAddon [ RunTime:0.031260s ]
INFO: [ Silder ] --END-- [ RunTime:0.031399s ]
SQL: SELECT `id`,`name`,`title`,`pid`,`sort`,`list_row`,`meta_title`,`keywords`,`description`,`template_index`,`template_lists`,`template_detail`,`template_edit`,`model`,`model_sub`,`type`,`link_id`,`allow_publish`,`display`,`reply`,`check`,`reply_model`,`extend`,`create_time`,`update_time`,`status`,`icon`,`groups` FROM `hr_category` WHERE `id` = 39 LIMIT 1   [ RunTime:0.0008s ]
SQL: SELECT `id`,`name`,`pid`,`title`,`link_id` FROM `hr_category` WHERE `status` = 1 ORDER BY sort  [ RunTime:0.0010s ]
SQL: SELECT `id`,`uid`,`name`,`title`,`category_id`,`group_id`,`description`,`root`,`pid`,`model_id`,`type`,`position`,`link_id`,`cover_id`,`display`,`deadline`,`attach`,`view`,`comment`,`extend`,`level`,`create_time`,`update_time`,`status` FROM `hr_document` WHERE `status` = 1 AND `pid` = 0 AND `category_id` = 39 AND `create_time` < 1517089163 AND ( deadline = 0 OR deadline > 1517089163 ) ORDER BY `level` DESC,`id` DESC LIMIT 0,6   [ RunTime:0.0010s ]
SQL: SHOW COLUMNS FROM `hr_picture` [ RunTime:0.0039s ]
SQL: SELECT * FROM `hr_picture` WHERE `status` = 1 AND `id` = 111 LIMIT 1   [ RunTime:0.0009s ]
SQL: SELECT * FROM `hr_picture` WHERE `status` = 1 AND `id` = 110 LIMIT 1   [ RunTime:0.0005s ]
NOTIC: [8] Constant UPLOAD_URL already defined D:\wwwroot\heavyrain\wwwroot\Application\Common\Common\function.php 第 1029 行.
NOTIC: [8] Constant UPLOAD_PATH already defined D:\wwwroot\heavyrain\wwwroot\Application\Common\Common\function.php 第 1030 行.
SQL: SELECT * FROM `hr_picture` WHERE `status` = 1 AND `id` = 109 LIMIT 1   [ RunTime:0.0016s ]
NOTIC: [8] Constant UPLOAD_URL already defined D:\wwwroot\heavyrain\wwwroot\Application\Common\Common\function.php 第 1029 行.
NOTIC: [8] Constant UPLOAD_PATH already defined D:\wwwroot\heavyrain\wwwroot\Application\Common\Common\function.php 第 1030 行.
SQL: SELECT * FROM `hr_picture` WHERE `status` = 1 AND `id` = 108 LIMIT 1   [ RunTime:0.0011s ]
NOTIC: [8] Constant UPLOAD_URL already defined D:\wwwroot\heavyrain\wwwroot\Application\Common\Common\function.php 第 1029 行.
NOTIC: [8] Constant UPLOAD_PATH already defined D:\wwwroot\heavyrain\wwwroot\Application\Common\Common\function.php 第 1030 行.
SQL: SELECT * FROM `hr_picture` WHERE `status` = 1 AND `id` = 107 LIMIT 1   [ RunTime:0.0006s ]
NOTIC: [8] Constant UPLOAD_URL already defined D:\wwwroot\heavyrain\wwwroot\Application\Common\Common\function.php 第 1029 行.
NOTIC: [8] Constant UPLOAD_PATH already defined D:\wwwroot\heavyrain\wwwroot\Application\Common\Common\function.php 第 1030 行.
SQL: SELECT * FROM `hr_picture` WHERE `status` = 1 AND `id` = 106 LIMIT 1   [ RunTime:0.0006s ]
NOTIC: [8] Constant UPLOAD_URL already defined D:\wwwroot\heavyrain\wwwroot\Application\Common\Common\function.php 第 1029 行.
NOTIC: [8] Constant UPLOAD_PATH already defined D:\wwwroot\heavyrain\wwwroot\Application\Common\Common\function.php 第 1030 行.
SQL: SELECT `id`,`name`,`title`,`pid`,`sort`,`list_row`,`meta_title`,`keywords`,`description`,`template_index`,`template_lists`,`template_detail`,`template_edit`,`model`,`model_sub`,`type`,`link_id`,`allow_publish`,`display`,`reply`,`check`,`reply_model`,`extend`,`create_time`,`update_time`,`status`,`icon`,`groups` FROM `hr_category` WHERE `id` = 41 LIMIT 1   [ RunTime:0.0008s ]
SQL: SELECT `id`,`name`,`pid`,`title`,`link_id` FROM `hr_category` WHERE `status` = 1 ORDER BY sort  [ RunTime:0.0006s ]
SQL: SELECT `id`,`uid`,`name`,`title`,`category_id`,`group_id`,`description`,`root`,`pid`,`model_id`,`type`,`position`,`link_id`,`cover_id`,`display`,`deadline`,`attach`,`view`,`comment`,`extend`,`level`,`create_time`,`update_time`,`status` FROM `hr_document` WHERE `status` = 1 AND `pid` = 0 AND `category_id` = 41 AND `create_time` < 1517089163 AND ( deadline = 0 OR deadline > 1517089163 ) ORDER BY `level` DESC,`id` DESC LIMIT 0,5   [ RunTime:0.0007s ]
SQL: SELECT * FROM `hr_picture` WHERE `status` = 1 AND `id` = 48 LIMIT 1   [ RunTime:0.0013s ]
SQL: SELECT * FROM `hr_picture` WHERE `status` = 1 AND `id` = 49 LIMIT 1   [ RunTime:0.0010s ]
SQL: SELECT * FROM `hr_picture` WHERE `status` = 1 AND `id` = 50 LIMIT 1   [ RunTime:0.0007s ]
SQL: SELECT * FROM `hr_picture` WHERE `status` = 1 AND `id` = 51 LIMIT 1   [ RunTime:0.0007s ]
SQL: SELECT * FROM `hr_picture` WHERE `status` = 1 AND `id` = 52 LIMIT 1   [ RunTime:0.0007s ]
SQL: SELECT `id`,`name`,`title`,`pid`,`sort`,`list_row`,`meta_title`,`keywords`,`description`,`template_index`,`template_lists`,`template_detail`,`template_edit`,`model`,`model_sub`,`type`,`link_id`,`allow_publish`,`display`,`reply`,`check`,`reply_model`,`extend`,`create_time`,`update_time`,`status`,`icon`,`groups` FROM `hr_category` WHERE `id` = 43 LIMIT 1   [ RunTime:0.0006s ]
SQL: SELECT `id`,`name`,`pid`,`title`,`link_id` FROM `hr_category` WHERE `status` = 1 ORDER BY sort  [ RunTime:0.0073s ]
SQL: SELECT `id`,`uid`,`name`,`title`,`category_id`,`group_id`,`description`,`root`,`pid`,`model_id`,`type`,`position`,`link_id`,`cover_id`,`display`,`deadline`,`attach`,`view`,`comment`,`extend`,`level`,`create_time`,`update_time`,`status` FROM `hr_document` WHERE `status` = 1 AND `pid` = 0 AND `category_id` = 43 AND `create_time` < 1517089163 AND ( deadline = 0 OR deadline > 1517089163 ) ORDER BY `level` DESC,`id` DESC LIMIT 0,8   [ RunTime:0.0012s ]
INFO: Run Behavior\ParseTemplateBehavior [ RunTime:0.056512s ]
INFO: [ view_parse ] --END-- [ RunTime:0.005740s ]
INFO: [ view_filter ] --START--
INFO: Run Behavior\WriteHtmlCacheBehavior [ RunTime:0.000032s ]
INFO: [ view_filter ] --END-- [ RunTime:-0.049461s ]
INFO: [ app_end ] --START--
INFO: Run Behavior\ShowPageTraceBehavior [ RunTime:0.001655s ]
INFO: [ app_end ] --END-- [ RunTime:0.001759s ]

[ 2018-01-28T05:47:30+08:00 ] 203.208.60.159 /index.php?s=/Home/Article/detail/id/55.html
INFO: [ app_init ] --START--
INFO: Run Behavior\BuildLiteBehavior [ RunTime:0.000043s ]
INFO: Run Common\Behavior\InitHookBehavior [ RunTime:0.004026s ]
INFO: [ app_init ] --END-- [ RunTime:0.005180s ]
INFO: [ app_begin ] --START--
INFO: Run Behavior\ReadHtmlCacheBehavior [ RunTime:0.001379s ]
INFO: [ app_begin ] --END-- [ RunTime:0.001537s ]
SQL: SHOW COLUMNS FROM `hr_config` [ RunTime:0.0046s ]
SQL: SELECT `type`,`name`,`value` FROM `hr_config` WHERE `status` = 1  [ RunTime:0.0006s ]
SQL: SHOW COLUMNS FROM `hr_document` [ RunTime:0.0054s ]
SQL: SELECT `id`,`uid`,`name`,`title`,`category_id`,`group_id`,`description`,`root`,`pid`,`model_id`,`type`,`position`,`link_id`,`cover_id`,`display`,`deadline`,`attach`,`view`,`comment`,`extend`,`level`,`create_time`,`update_time`,`status` FROM `hr_document` WHERE `id` = 55 LIMIT 1   [ RunTime:0.0008s ]
SQL: SHOW COLUMNS FROM `hr_document_speakers` [ RunTime:0.0050s ]
SQL: SELECT `id`,`honor`,`content`,`title_en`,`content_en` FROM `hr_document_speakers` WHERE `id` = 55 LIMIT 1   [ RunTime:0.0005s ]
SQL: SHOW COLUMNS FROM `hr_category` [ RunTime:0.0050s ]
SQL: SELECT `id`,`name`,`title`,`pid`,`sort`,`list_row`,`meta_title`,`keywords`,`description`,`template_index`,`template_lists`,`template_detail`,`template_edit`,`model`,`model_sub`,`type`,`link_id`,`allow_publish`,`display`,`reply`,`check`,`reply_model`,`extend`,`create_time`,`update_time`,`status`,`icon`,`groups` FROM `hr_category` WHERE `id` = 39 LIMIT 1   [ RunTime:0.0007s ]
SQL: UPDATE `hr_document` SET `view`=view+1 WHERE `id` = 55 [ RunTime:0.0006s ]
INFO: [ view_parse ] --START--
INFO: [ template_filter ] --START--
INFO: Run Behavior\ContentReplaceBehavior [ RunTime:0.000188s ]
INFO: [ template_filter ] --END-- [ RunTime:0.000303s ]
SQL: SHOW COLUMNS FROM `hr_picture` [ RunTime:0.0057s ]
SQL: SELECT * FROM `hr_picture` WHERE `status` = 1 AND `id` = 82 LIMIT 1   [ RunTime:0.0009s ]
INFO: Run Behavior\ParseTemplateBehavior [ RunTime:0.058072s ]
INFO: [ view_parse ] --END-- [ RunTime:0.058215s ]
INFO: [ view_filter ] --START--
INFO: Run Behavior\WriteHtmlCacheBehavior [ RunTime:0.001207s ]
INFO: [ view_filter ] --END-- [ RunTime:0.001347s ]
INFO: [ app_end ] --START--
INFO: Run Behavior\ShowPageTraceBehavior [ RunTime:0.001642s ]
INFO: [ app_end ] --END-- [ RunTime:0.001820s ]

[ 2018-01-28T09:52:51+08:00 ] 127.0.0.1 /
INFO: [ app_init ] --START--
INFO: Run Behavior\BuildLiteBehavior [ RunTime:0.000085s ]
INFO: Run Common\Behavior\InitHookBehavior [ RunTime:0.005294s ]
INFO: [ app_init ] --END-- [ RunTime:0.006750s ]
INFO: [ app_begin ] --START--
INFO: Run Behavior\ReadHtmlCacheBehavior [ RunTime:0.001543s ]
INFO: [ app_begin ] --END-- [ RunTime:0.001696s ]
SQL: SHOW COLUMNS FROM `hr_config` [ RunTime:0.0046s ]
SQL: SELECT `type`,`name`,`value` FROM `hr_config` WHERE `status` = 1  [ RunTime:0.0006s ]
SQL: SHOW COLUMNS FROM `hr_category` [ RunTime:0.0045s ]
SQL: SELECT `id`,`name`,`title`,`pid`,`sort`,`list_row`,`meta_title`,`keywords`,`description`,`template_index`,`template_lists`,`template_detail`,`template_edit`,`model`,`model_sub`,`type`,`link_id`,`allow_publish`,`display`,`reply`,`check`,`reply_model`,`extend`,`create_time`,`update_time`,`status`,`icon`,`groups` FROM `hr_category` WHERE `status` = 1 ORDER BY sort  [ RunTime:0.0009s ]
SQL: SHOW COLUMNS FROM `hr_document` [ RunTime:0.0049s ]
SQL: SELECT `id`,`uid`,`name`,`title`,`category_id`,`group_id`,`description`,`root`,`pid`,`model_id`,`type`,`position`,`link_id`,`cover_id`,`display`,`deadline`,`attach`,`view`,`comment`,`extend`,`level`,`create_time`,`update_time`,`status` FROM `hr_document` WHERE `status` = 1 AND `pid` = 0 AND `create_time` < 1517104371 AND ( deadline = 0 OR deadline > 1517104371 ) ORDER BY `id` DESC  [ RunTime:0.0016s ]
INFO: [ view_parse ] --START--
INFO: [ template_filter ] --START--
INFO: Run Behavior\ContentReplaceBehavior [ RunTime:0.000382s ]
INFO: [ template_filter ] --END-- [ RunTime:0.000569s ]
INFO: [ Silder ] --START--
SQL: SHOW COLUMNS FROM `hr_addons` [ RunTime:0.0048s ]
SQL: SELECT `config` FROM `hr_addons` WHERE `name` = 'Silder' AND `status` = 1 LIMIT 1   [ RunTime:0.0008s ]
SQL: SHOW COLUMNS FROM `hr_silder` [ RunTime:0.0043s ]
SQL: SELECT * FROM `hr_silder` WHERE `status` = 1 ORDER BY priorityr asc  [ RunTime:0.0017s ]
SQL: SHOW COLUMNS FROM `hr_picture` [ RunTime:0.0038s ]
SQL: SELECT `path` FROM `hr_picture` WHERE `id` = 18 LIMIT 1   [ RunTime:0.0006s ]
INFO: [ view_parse ] --START--
INFO: [ template_filter ] --START--
INFO: Run Behavior\ContentReplaceBehavior [ RunTime:0.000058s ]
INFO: [ template_filter ] --END-- [ RunTime:-0.031992s ]
INFO: Run Behavior\ParseTemplateBehavior [ RunTime:0.005600s ]
INFO: [ view_parse ] --END-- [ RunTime:0.005705s ]
INFO: [ view_filter ] --START--
INFO: Run Behavior\WriteHtmlCacheBehavior [ RunTime:0.000901s ]
INFO: [ view_filter ] --END-- [ RunTime:0.001031s ]
INFO: Run Addons\Silder\SilderAddon [ RunTime:0.031130s ]
INFO: [ Silder ] --END-- [ RunTime:0.031288s ]
SQL: SELECT `id`,`name`,`title`,`pid`,`sort`,`list_row`,`meta_title`,`keywords`,`description`,`template_index`,`template_lists`,`template_detail`,`template_edit`,`model`,`model_sub`,`type`,`link_id`,`allow_publish`,`display`,`reply`,`check`,`reply_model`,`extend`,`create_time`,`update_time`,`status`,`icon`,`groups` FROM `hr_category` WHERE `id` = 39 LIMIT 1   [ RunTime:0.0006s ]
SQL: SELECT `id`,`name`,`pid`,`title`,`link_id` FROM `hr_category` WHERE `status` = 1 ORDER BY sort  [ RunTime:0.0005s ]
SQL: SELECT `id`,`uid`,`name`,`title`,`category_id`,`group_id`,`description`,`root`,`pid`,`model_id`,`type`,`position`,`link_id`,`cover_id`,`display`,`deadline`,`attach`,`view`,`comment`,`extend`,`level`,`create_time`,`update_time`,`status` FROM `hr_document` WHERE `status` = 1 AND `pid` = 0 AND `category_id` = 39 AND `create_time` < 1517104371 AND ( deadline = 0 OR deadline > 1517104371 ) ORDER BY `level` DESC,`id` DESC LIMIT 0,6   [ RunTime:0.0010s ]
SQL: SHOW COLUMNS FROM `hr_picture` [ RunTime:0.0032s ]
SQL: SELECT * FROM `hr_picture` WHERE `status` = 1 AND `id` = 111 LIMIT 1   [ RunTime:0.0006s ]
SQL: SELECT * FROM `hr_picture` WHERE `status` = 1 AND `id` = 110 LIMIT 1   [ RunTime:0.0036s ]
NOTIC: [8] Constant UPLOAD_URL already defined D:\wwwroot\heavyrain\wwwroot\Application\Common\Common\function.php 第 1029 行.
NOTIC: [8] Constant UPLOAD_PATH already defined D:\wwwroot\heavyrain\wwwroot\Application\Common\Common\function.php 第 1030 行.
SQL: SELECT * FROM `hr_picture` WHERE `status` = 1 AND `id` = 109 LIMIT 1   [ RunTime:0.0029s ]
NOTIC: [8] Constant UPLOAD_URL already defined D:\wwwroot\heavyrain\wwwroot\Application\Common\Common\function.php 第 1029 行.
NOTIC: [8] Constant UPLOAD_PATH already defined D:\wwwroot\heavyrain\wwwroot\Application\Common\Common\function.php 第 1030 行.
SQL: SELECT * FROM `hr_picture` WHERE `status` = 1 AND `id` = 108 LIMIT 1   [ RunTime:0.0009s ]
NOTIC: [8] Constant UPLOAD_URL already defined D:\wwwroot\heavyrain\wwwroot\Application\Common\Common\function.php 第 1029 行.
NOTIC: [8] Constant UPLOAD_PATH already defined D:\wwwroot\heavyrain\wwwroot\Application\Common\Common\function.php 第 1030 行.
SQL: SELECT * FROM `hr_picture` WHERE `status` = 1 AND `id` = 107 LIMIT 1   [ RunTime:0.0003s ]
NOTIC: [8] Constant UPLOAD_URL already defined D:\wwwroot\heavyrain\wwwroot\Application\Common\Common\function.php 第 1029 行.
NOTIC: [8] Constant UPLOAD_PATH already defined D:\wwwroot\heavyrain\wwwroot\Application\Common\Common\function.php 第 1030 行.
SQL: SELECT * FROM `hr_picture` WHERE `status` = 1 AND `id` = 106 LIMIT 1   [ RunTime:0.0006s ]
NOTIC: [8] Constant UPLOAD_URL already defined D:\wwwroot\heavyrain\wwwroot\Application\Common\Common\function.php 第 1029 行.
NOTIC: [8] Constant UPLOAD_PATH already defined D:\wwwroot\heavyrain\wwwroot\Application\Common\Common\function.php 第 1030 行.
SQL: SELECT `id`,`name`,`title`,`pid`,`sort`,`list_row`,`meta_title`,`keywords`,`description`,`template_index`,`template_lists`,`template_detail`,`template_edit`,`model`,`model_sub`,`type`,`link_id`,`allow_publish`,`display`,`reply`,`check`,`reply_model`,`extend`,`create_time`,`update_time`,`status`,`icon`,`groups` FROM `hr_category` WHERE `id` = 41 LIMIT 1   [ RunTime:0.0006s ]
SQL: SELECT `id`,`name`,`pid`,`title`,`link_id` FROM `hr_category` WHERE `status` = 1 ORDER BY sort  [ RunTime:0.0007s ]
SQL: SELECT `id`,`uid`,`name`,`title`,`category_id`,`group_id`,`description`,`root`,`pid`,`model_id`,`type`,`position`,`link_id`,`cover_id`,`display`,`deadline`,`attach`,`view`,`comment`,`extend`,`level`,`create_time`,`update_time`,`status` FROM `hr_document` WHERE `status` = 1 AND `pid` = 0 AND `category_id` = 41 AND `create_time` < 1517104371 AND ( deadline = 0 OR deadline > 1517104371 ) ORDER BY `level` DESC,`id` DESC LIMIT 0,5   [ RunTime:0.0011s ]
SQL: SELECT * FROM `hr_picture` WHERE `status` = 1 AND `id` = 48 LIMIT 1   [ RunTime:0.0004s ]
SQL: SELECT * FROM `hr_picture` WHERE `status` = 1 AND `id` = 49 LIMIT 1   [ RunTime:0.0004s ]
SQL: SELECT * FROM `hr_picture` WHERE `status` = 1 AND `id` = 50 LIMIT 1   [ RunTime:0.0022s ]
SQL: SELECT * FROM `hr_picture` WHERE `status` = 1 AND `id` = 51 LIMIT 1   [ RunTime:0.0006s ]
SQL: SELECT * FROM `hr_picture` WHERE `status` = 1 AND `id` = 52 LIMIT 1   [ RunTime:0.0004s ]
SQL: SELECT `id`,`name`,`title`,`pid`,`sort`,`list_row`,`meta_title`,`keywords`,`description`,`template_index`,`template_lists`,`template_detail`,`template_edit`,`model`,`model_sub`,`type`,`link_id`,`allow_publish`,`display`,`reply`,`check`,`reply_model`,`extend`,`create_time`,`update_time`,`status`,`icon`,`groups` FROM `hr_category` WHERE `id` = 43 LIMIT 1   [ RunTime:0.0006s ]
SQL: SELECT `id`,`name`,`pid`,`title`,`link_id` FROM `hr_category` WHERE `status` = 1 ORDER BY sort  [ RunTime:0.0008s ]
SQL: SELECT `id`,`uid`,`name`,`title`,`category_id`,`group_id`,`description`,`root`,`pid`,`model_id`,`type`,`position`,`link_id`,`cover_id`,`display`,`deadline`,`attach`,`view`,`comment`,`extend`,`level`,`create_time`,`update_time`,`status` FROM `hr_document` WHERE `status` = 1 AND `pid` = 0 AND `category_id` = 43 AND `create_time` < 1517104371 AND ( deadline = 0 OR deadline > 1517104371 ) ORDER BY `level` DESC,`id` DESC LIMIT 0,8   [ RunTime:0.0006s ]
INFO: Run Behavior\ParseTemplateBehavior [ RunTime:0.046522s ]
INFO: [ view_parse ] --END-- [ RunTime:0.005705s ]
INFO: [ view_filter ] --START--
INFO: Run Behavior\WriteHtmlCacheBehavior [ RunTime:0.000046s ]
INFO: [ view_filter ] --END-- [ RunTime:-0.039858s ]
INFO: [ app_end ] --START--
INFO: Run Behavior\ShowPageTraceBehavior [ RunTime:0.001902s ]
INFO: [ app_end ] --END-- [ RunTime:0.002054s ]

[ 2018-01-28T10:35:46+08:00 ] 203.208.60.159 /index.php?s=/Home/Article/lists/category/speakers.html
INFO: [ app_init ] --START--
INFO: Run Behavior\BuildLiteBehavior [ RunTime:0.000055s ]
INFO: Run Common\Behavior\InitHookBehavior [ RunTime:0.004462s ]
INFO: [ app_init ] --END-- [ RunTime:0.005718s ]
INFO: [ app_begin ] --START--
INFO: Run Behavior\ReadHtmlCacheBehavior [ RunTime:0.001342s ]
INFO: [ app_begin ] --END-- [ RunTime:0.001467s ]
SQL: SHOW COLUMNS FROM `hr_config` [ RunTime:0.0046s ]
SQL: SELECT `type`,`name`,`value` FROM `hr_config` WHERE `status` = 1  [ RunTime:0.0006s ]
SQL: SHOW COLUMNS FROM `hr_category` [ RunTime:0.0044s ]
SQL: SELECT `id`,`name`,`title`,`pid`,`sort`,`list_row`,`meta_title`,`keywords`,`description`,`template_index`,`template_lists`,`template_detail`,`template_edit`,`model`,`model_sub`,`type`,`link_id`,`allow_publish`,`display`,`reply`,`check`,`reply_model`,`extend`,`create_time`,`update_time`,`status`,`icon`,`groups` FROM `hr_category` WHERE `name` = 'speakers' LIMIT 1   [ RunTime:0.0006s ]
SQL: SHOW COLUMNS FROM `hr_document` [ RunTime:0.0044s ]
SQL: SELECT `id`,`uid`,`name`,`title`,`category_id`,`group_id`,`description`,`root`,`pid`,`model_id`,`type`,`position`,`link_id`,`cover_id`,`display`,`deadline`,`attach`,`view`,`comment`,`extend`,`level`,`create_time`,`update_time`,`status` FROM `hr_document` WHERE `status` = 1 AND `pid` = 0 AND `category_id` = 39 AND `create_time` < 1517106946 AND ( deadline = 0 OR deadline > 1517106946 ) ORDER BY `id` DESC  [ RunTime:0.0021s ]
INFO: [ view_parse ] --START--
INFO: [ template_filter ] --START--
INFO: Run Behavior\ContentReplaceBehavior [ RunTime:0.000160s ]
INFO: [ template_filter ] --END-- [ RunTime:0.000317s ]
SQL: SHOW COLUMNS FROM `hr_picture` [ RunTime:0.0040s ]
SQL: SELECT * FROM `hr_picture` WHERE `status` = 1 AND `id` = 111 LIMIT 1   [ RunTime:0.0011s ]
SQL: SELECT * FROM `hr_picture` WHERE `status` = 1 AND `id` = 110 LIMIT 1   [ RunTime:0.0008s ]
NOTIC: [8] Constant UPLOAD_URL already defined D:\wwwroot\heavyrain\wwwroot\Application\Common\Common\function.php 第 1029 行.
NOTIC: [8] Constant UPLOAD_PATH already defined D:\wwwroot\heavyrain\wwwroot\Application\Common\Common\function.php 第 1030 行.
SQL: SELECT * FROM `hr_picture` WHERE `status` = 1 AND `id` = 109 LIMIT 1   [ RunTime:0.0008s ]
NOTIC: [8] Constant UPLOAD_URL already defined D:\wwwroot\heavyrain\wwwroot\Application\Common\Common\function.php 第 1029 行.
NOTIC: [8] Constant UPLOAD_PATH already defined D:\wwwroot\heavyrain\wwwroot\Application\Common\Common\function.php 第 1030 行.
SQL: SELECT * FROM `hr_picture` WHERE `status` = 1 AND `id` = 108 LIMIT 1   [ RunTime:0.0006s ]
NOTIC: [8] Constant UPLOAD_URL already defined D:\wwwroot\heavyrain\wwwroot\Application\Common\Common\function.php 第 1029 行.
NOTIC: [8] Constant UPLOAD_PATH already defined D:\wwwroot\heavyrain\wwwroot\Application\Common\Common\function.php 第 1030 行.
SQL: SELECT * FROM `hr_picture` WHERE `status` = 1 AND `id` = 107 LIMIT 1   [ RunTime:0.0006s ]
NOTIC: [8] Constant UPLOAD_URL already defined D:\wwwroot\heavyrain\wwwroot\Application\Common\Common\function.php 第 1029 行.
NOTIC: [8] Constant UPLOAD_PATH already defined D:\wwwroot\heavyrain\wwwroot\Application\Common\Common\function.php 第 1030 行.
SQL: SELECT * FROM `hr_picture` WHERE `status` = 1 AND `id` = 106 LIMIT 1   [ RunTime:0.0005s ]
NOTIC: [8] Constant UPLOAD_URL already defined D:\wwwroot\heavyrain\wwwroot\Application\Common\Common\function.php 第 1029 行.
NOTIC: [8] Constant UPLOAD_PATH already defined D:\wwwroot\heavyrain\wwwroot\Application\Common\Common\function.php 第 1030 行.
SQL: SELECT * FROM `hr_picture` WHERE `status` = 1 AND `id` = 105 LIMIT 1   [ RunTime:0.0007s ]
NOTIC: [8] Constant UPLOAD_URL already defined D:\wwwroot\heavyrain\wwwroot\Application\Common\Common\function.php 第 1029 行.
NOTIC: [8] Constant UPLOAD_PATH already defined D:\wwwroot\heavyrain\wwwroot\Application\Common\Common\function.php 第 1030 行.
SQL: SELECT * FROM `hr_picture` WHERE `status` = 1 AND `id` = 104 LIMIT 1   [ RunTime:0.0008s ]
NOTIC: [8] Constant UPLOAD_URL already defined D:\wwwroot\heavyrain\wwwroot\Application\Common\Common\function.php 第 1029 行.
NOTIC: [8] Constant UPLOAD_PATH already defined D:\wwwroot\heavyrain\wwwroot\Application\Common\Common\function.php 第 1030 行.
SQL: SELECT * FROM `hr_picture` WHERE `status` = 1 AND `id` = 103 LIMIT 1   [ RunTime:0.0005s ]
NOTIC: [8] Constant UPLOAD_URL already defined D:\wwwroot\heavyrain\wwwroot\Application\Common\Common\function.php 第 1029 行.
NOTIC: [8] Constant UPLOAD_PATH already defined D:\wwwroot\heavyrain\wwwroot\Application\Common\Common\function.php 第 1030 行.
SQL: SELECT * FROM `hr_picture` WHERE `status` = 1 AND `id` = 102 LIMIT 1   [ RunTime:0.0004s ]
NOTIC: [8] Constant UPLOAD_URL already defined D:\wwwroot\heavyrain\wwwroot\Application\Common\Common\function.php 第 1029 行.
NOTIC: [8] Constant UPLOAD_PATH already defined D:\wwwroot\heavyrain\wwwroot\Application\Common\Common\function.php 第 1030 行.
SQL: SELECT * FROM `hr_picture` WHERE `status` = 1 AND `id` = 101 LIMIT 1   [ RunTime:0.0006s ]
NOTIC: [8] Constant UPLOAD_URL already defined D:\wwwroot\heavyrain\wwwroot\Application\Common\Common\function.php 第 1029 行.
NOTIC: [8] Constant UPLOAD_PATH already defined D:\wwwroot\heavyrain\wwwroot\Application\Common\Common\function.php 第 1030 行.
SQL: SELECT * FROM `hr_picture` WHERE `status` = 1 AND `id` = 99 LIMIT 1   [ RunTime:0.0005s ]
NOTIC: [8] Constant UPLOAD_URL already defined D:\wwwroot\heavyrain\wwwroot\Application\Common\Common\function.php 第 1029 行.
NOTIC: [8] Constant UPLOAD_PATH already defined D:\wwwroot\heavyrain\wwwroot\Application\Common\Common\function.php 第 1030 行.
SQL: SELECT * FROM `hr_picture` WHERE `status` = 1 AND `id` = 100 LIMIT 1   [ RunTime:0.0004s ]
NOTIC: [8] Constant UPLOAD_URL already defined D:\wwwroot\heavyrain\wwwroot\Application\Common\Common\function.php 第 1029 行.
NOTIC: [8] Constant UPLOAD_PATH already defined D:\wwwroot\heavyrain\wwwroot\Application\Common\Common\function.php 第 1030 行.
SQL: SELECT * FROM `hr_picture` WHERE `status` = 1 AND `id` = 98 LIMIT 1   [ RunTime:0.0006s ]
NOTIC: [8] Constant UPLOAD_URL already defined D:\wwwroot\heavyrain\wwwroot\Application\Common\Common\function.php 第 1029 行.
NOTIC: [8] Constant UPLOAD_PATH already defined D:\wwwroot\heavyrain\wwwroot\Application\Common\Common\function.php 第 1030 行.
SQL: SELECT * FROM `hr_picture` WHERE `status` = 1 AND `id` = 97 LIMIT 1   [ RunTime:0.0006s ]
NOTIC: [8] Constant UPLOAD_URL already defined D:\wwwroot\heavyrain\wwwroot\Application\Common\Common\function.php 第 1029 行.
NOTIC: [8] Constant UPLOAD_PATH already defined D:\wwwroot\heavyrain\wwwroot\Application\Common\Common\function.php 第 1030 行.
SQL: SELECT * FROM `hr_picture` WHERE `status` = 1 AND `id` = 96 LIMIT 1   [ RunTime:0.0005s ]
NOTIC: [8] Constant UPLOAD_URL already defined D:\wwwroot\heavyrain\wwwroot\Application\Common\Common\function.php 第 1029 行.
NOTIC: [8] Constant UPLOAD_PATH already defined D:\wwwroot\heavyrain\wwwroot\Application\Common\Common\function.php 第 1030 行.
SQL: SELECT * FROM `hr_picture` WHERE `status` = 1 AND `id` = 95 LIMIT 1   [ RunTime:0.0005s ]
NOTIC: [8] Constant UPLOAD_URL already defined D:\wwwroot\heavyrain\wwwroot\Application\Common\Common\function.php 第 1029 行.
NOTIC: [8] Constant UPLOAD_PATH already defined D:\wwwroot\heavyrain\wwwroot\Application\Common\Common\function.php 第 1030 行.
SQL: SELECT * FROM `hr_picture` WHERE `status` = 1 AND `id` = 94 LIMIT 1   [ RunTime:0.0005s ]
NOTIC: [8] Constant UPLOAD_URL already defined D:\wwwroot\heavyrain\wwwroot\Application\Common\Common\function.php 第 1029 行.
NOTIC: [8] Constant UPLOAD_PATH already defined D:\wwwroot\heavyrain\wwwroot\Application\Common\Common\function.php 第 1030 行.
SQL: SELECT * FROM `hr_picture` WHERE `status` = 1 AND `id` = 93 LIMIT 1   [ RunTime:0.0005s ]
NOTIC: [8] Constant UPLOAD_URL already defined D:\wwwroot\heavyrain\wwwroot\Application\Common\Common\function.php 第 1029 行.
NOTIC: [8] Constant UPLOAD_PATH already defined D:\wwwroot\heavyrain\wwwroot\Application\Common\Common\function.php 第 1030 行.
SQL: SELECT * FROM `hr_picture` WHERE `status` = 1 AND `id` = 92 LIMIT 1   [ RunTime:0.0005s ]
NOTIC: [8] Constant UPLOAD_URL already defined D:\wwwroot\heavyrain\wwwroot\Application\Common\Common\function.php 第 1029 行.
NOTIC: [8] Constant UPLOAD_PATH already defined D:\wwwroot\heavyrain\wwwroot\Application\Common\Common\function.php 第 1030 行.
SQL: SELECT * FROM `hr_picture` WHERE `status` = 1 AND `id` = 91 LIMIT 1   [ RunTime:0.0005s ]
NOTIC: [8] Constant UPLOAD_URL already defined D:\wwwroot\heavyrain\wwwroot\Application\Common\Common\function.php 第 1029 行.
NOTIC: [8] Constant UPLOAD_PATH already defined D:\wwwroot\heavyrain\wwwroot\Application\Common\Common\function.php 第 1030 行.
SQL: SELECT * FROM `hr_picture` WHERE `status` = 1 AND `id` = 90 LIMIT 1   [ RunTime:0.0006s ]
NOTIC: [8] Constant UPLOAD_URL already defined D:\wwwroot\heavyrain\wwwroot\Application\Common\Common\function.php 第 1029 行.
NOTIC: [8] Constant UPLOAD_PATH already defined D:\wwwroot\heavyrain\wwwroot\Application\Common\Common\function.php 第 1030 行.
SQL: SELECT * FROM `hr_picture` WHERE `status` = 1 AND `id` = 89 LIMIT 1   [ RunTime:0.0004s ]
NOTIC: [8] Constant UPLOAD_URL already defined D:\wwwroot\heavyrain\wwwroot\Application\Common\Common\function.php 第 1029 行.
NOTIC: [8] Constant UPLOAD_PATH already defined D:\wwwroot\heavyrain\wwwroot\Application\Common\Common\function.php 第 1030 行.
SQL: SELECT * FROM `hr_picture` WHERE `status` = 1 AND `id` = 88 LIMIT 1   [ RunTime:0.0004s ]
NOTIC: [8] Constant UPLOAD_URL already defined D:\wwwroot\heavyrain\wwwroot\Application\Common\Common\function.php 第 1029 行.
NOTIC: [8] Constant UPLOAD_PATH already defined D:\wwwroot\heavyrain\wwwroot\Application\Common\Common\function.php 第 1030 行.
SQL: SELECT * FROM `hr_picture` WHERE `status` = 1 AND `id` = 87 LIMIT 1   [ RunTime:0.0006s ]
NOTIC: [8] Constant UPLOAD_URL already defined D:\wwwroot\heavyrain\wwwroot\Application\Common\Common\function.php 第 1029 行.
NOTIC: [8] Constant UPLOAD_PATH already defined D:\wwwroot\heavyrain\wwwroot\Application\Common\Common\function.php 第 1030 行.
SQL: SELECT * FROM `hr_picture` WHERE `status` = 1 AND `id` = 86 LIMIT 1   [ RunTime:0.0006s ]
NOTIC: [8] Constant UPLOAD_URL already defined D:\wwwroot\heavyrain\wwwroot\Application\Common\Common\function.php 第 1029 行.
NOTIC: [8] Constant UPLOAD_PATH already defined D:\wwwroot\heavyrain\wwwroot\Application\Common\Common\function.php 第 1030 行.
SQL: SELECT * FROM `hr_picture` WHERE `status` = 1 AND `id` = 85 LIMIT 1   [ RunTime:0.0006s ]
NOTIC: [8] Constant UPLOAD_URL already defined D:\wwwroot\heavyrain\wwwroot\Application\Common\Common\function.php 第 1029 行.
NOTIC: [8] Constant UPLOAD_PATH already defined D:\wwwroot\heavyrain\wwwroot\Application\Common\Common\function.php 第 1030 行.
SQL: SELECT * FROM `hr_picture` WHERE `status` = 1 AND `id` = 83 LIMIT 1   [ RunTime:0.0005s ]
NOTIC: [8] Constant UPLOAD_URL already defined D:\wwwroot\heavyrain\wwwroot\Application\Common\Common\function.php 第 1029 行.
NOTIC: [8] Constant UPLOAD_PATH already defined D:\wwwroot\heavyrain\wwwroot\Application\Common\Common\function.php 第 1030 行.
SQL: SELECT * FROM `hr_picture` WHERE `status` = 1 AND `id` = 82 LIMIT 1   [ RunTime:0.0034s ]
NOTIC: [8] Constant UPLOAD_URL already defined D:\wwwroot\heavyrain\wwwroot\Application\Common\Common\function.php 第 1029 行.
NOTIC: [8] Constant UPLOAD_PATH already defined D:\wwwroot\heavyrain\wwwroot\Application\Common\Common\function.php 第 1030 行.
SQL: SELECT * FROM `hr_picture` WHERE `status` = 1 AND `id` = 81 LIMIT 1   [ RunTime:0.0006s ]
NOTIC: [8] Constant UPLOAD_URL already defined D:\wwwroot\heavyrain\wwwroot\Application\Common\Common\function.php 第 1029 行.
NOTIC: [8] Constant UPLOAD_PATH already defined D:\wwwroot\heavyrain\wwwroot\Application\Common\Common\function.php 第 1030 行.
SQL: SELECT * FROM `hr_picture` WHERE `status` = 1 AND `id` = 80 LIMIT 1   [ RunTime:0.0005s ]
NOTIC: [8] Constant UPLOAD_URL already defined D:\wwwroot\heavyrain\wwwroot\Application\Common\Common\function.php 第 1029 行.
NOTIC: [8] Constant UPLOAD_PATH already defined D:\wwwroot\heavyrain\wwwroot\Application\Common\Common\function.php 第 1030 行.
SQL: SELECT * FROM `hr_picture` WHERE `status` = 1 AND `id` = 79 LIMIT 1   [ RunTime:0.0006s ]
NOTIC: [8] Constant UPLOAD_URL already defined D:\wwwroot\heavyrain\wwwroot\Application\Common\Common\function.php 第 1029 行.
NOTIC: [8] Constant UPLOAD_PATH already defined D:\wwwroot\heavyrain\wwwroot\Application\Common\Common\function.php 第 1030 行.
SQL: SELECT * FROM `hr_picture` WHERE `status` = 1 AND `id` = 78 LIMIT 1   [ RunTime:0.0005s ]
NOTIC: [8] Constant UPLOAD_URL already defined D:\wwwroot\heavyrain\wwwroot\Application\Common\Common\function.php 第 1029 行.
NOTIC: [8] Constant UPLOAD_PATH already defined D:\wwwroot\heavyrain\wwwroot\Application\Common\Common\function.php 第 1030 行.
SQL: SELECT * FROM `hr_picture` WHERE `status` = 1 AND `id` = 77 LIMIT 1   [ RunTime:0.0006s ]
NOTIC: [8] Constant UPLOAD_URL already defined D:\wwwroot\heavyrain\wwwroot\Application\Common\Common\function.php 第 1029 行.
NOTIC: [8] Constant UPLOAD_PATH already defined D:\wwwroot\heavyrain\wwwroot\Application\Common\Common\function.php 第 1030 行.
SQL: SELECT * FROM `hr_picture` WHERE `status` = 1 AND `id` = 76 LIMIT 1   [ RunTime:0.0004s ]
NOTIC: [8] Constant UPLOAD_URL already defined D:\wwwroot\heavyrain\wwwroot\Application\Common\Common\function.php 第 1029 行.
NOTIC: [8] Constant UPLOAD_PATH already defined D:\wwwroot\heavyrain\wwwroot\Application\Common\Common\function.php 第 1030 行.
SQL: SELECT * FROM `hr_picture` WHERE `status` = 1 AND `id` = 75 LIMIT 1   [ RunTime:0.0005s ]
NOTIC: [8] Constant UPLOAD_URL already defined D:\wwwroot\heavyrain\wwwroot\Application\Common\Common\function.php 第 1029 行.
NOTIC: [8] Constant UPLOAD_PATH already defined D:\wwwroot\heavyrain\wwwroot\Application\Common\Common\function.php 第 1030 行.
SQL: SELECT * FROM `hr_picture` WHERE `status` = 1 AND `id` = 74 LIMIT 1   [ RunTime:0.0007s ]
NOTIC: [8] Constant UPLOAD_URL already defined D:\wwwroot\heavyrain\wwwroot\Application\Common\Common\function.php 第 1029 行.
NOTIC: [8] Constant UPLOAD_PATH already defined D:\wwwroot\heavyrain\wwwroot\Application\Common\Common\function.php 第 1030 行.
SQL: SELECT * FROM `hr_picture` WHERE `status` = 1 AND `id` = 73 LIMIT 1   [ RunTime:0.0007s ]
NOTIC: [8] Constant UPLOAD_URL already defined D:\wwwroot\heavyrain\wwwroot\Application\Common\Common\function.php 第 1029 行.
NOTIC: [8] Constant UPLOAD_PATH already defined D:\wwwroot\heavyrain\wwwroot\Application\Common\Common\function.php 第 1030 行.
SQL: SELECT * FROM `hr_picture` WHERE `status` = 1 AND `id` = 72 LIMIT 1   [ RunTime:0.0004s ]
NOTIC: [8] Constant UPLOAD_URL already defined D:\wwwroot\heavyrain\wwwroot\Application\Common\Common\function.php 第 1029 行.
NOTIC: [8] Constant UPLOAD_PATH already defined D:\wwwroot\heavyrain\wwwroot\Application\Common\Common\function.php 第 1030 行.
SQL: SELECT * FROM `hr_picture` WHERE `status` = 1 AND `id` = 71 LIMIT 1   [ RunTime:0.0005s ]
NOTIC: [8] Constant UPLOAD_URL already defined D:\wwwroot\heavyrain\wwwroot\Application\Common\Common\function.php 第 1029 行.
NOTIC: [8] Constant UPLOAD_PATH already defined D:\wwwroot\heavyrain\wwwroot\Application\Common\Common\function.php 第 1030 行.
SQL: SELECT * FROM `hr_picture` WHERE `status` = 1 AND `id` = 41 LIMIT 1   [ RunTime:0.0005s ]
NOTIC: [8] Constant UPLOAD_URL already defined D:\wwwroot\heavyrain\wwwroot\Application\Common\Common\function.php 第 1029 行.
NOTIC: [8] Constant UPLOAD_PATH already defined D:\wwwroot\heavyrain\wwwroot\Application\Common\Common\function.php 第 1030 行.
SQL: SELECT * FROM `hr_picture` WHERE `status` = 1 AND `id` = 40 LIMIT 1   [ RunTime:0.0038s ]
NOTIC: [8] Constant UPLOAD_URL already defined D:\wwwroot\heavyrain\wwwroot\Application\Common\Common\function.php 第 1029 行.
NOTIC: [8] Constant UPLOAD_PATH already defined D:\wwwroot\heavyrain\wwwroot\Application\Common\Common\function.php 第 1030 行.
SQL: SELECT * FROM `hr_picture` WHERE `status` = 1 AND `id` = 38 LIMIT 1   [ RunTime:0.0006s ]
NOTIC: [8] Constant UPLOAD_URL already defined D:\wwwroot\heavyrain\wwwroot\Application\Common\Common\function.php 第 1029 行.
NOTIC: [8] Constant UPLOAD_PATH already defined D:\wwwroot\heavyrain\wwwroot\Application\Common\Common\function.php 第 1030 行.
SQL: SELECT * FROM `hr_picture` WHERE `status` = 1 AND `id` = 39 LIMIT 1   [ RunTime:0.0006s ]
NOTIC: [8] Constant UPLOAD_URL already defined D:\wwwroot\heavyrain\wwwroot\Application\Common\Common\function.php 第 1029 行.
NOTIC: [8] Constant UPLOAD_PATH already defined D:\wwwroot\heavyrain\wwwroot\Application\Common\Common\function.php 第 1030 行.
SQL: SELECT * FROM `hr_picture` WHERE `status` = 1 AND `id` = 36 LIMIT 1   [ RunTime:0.0009s ]
NOTIC: [8] Constant UPLOAD_URL already defined D:\wwwroot\heavyrain\wwwroot\Application\Common\Common\function.php 第 1029 行.
NOTIC: [8] Constant UPLOAD_PATH already defined D:\wwwroot\heavyrain\wwwroot\Application\Common\Common\function.php 第 1030 行.
SQL: SELECT * FROM `hr_picture` WHERE `status` = 1 AND `id` = 35 LIMIT 1   [ RunTime:0.0004s ]
NOTIC: [8] Constant UPLOAD_URL already defined D:\wwwroot\heavyrain\wwwroot\Application\Common\Common\function.php 第 1029 行.
NOTIC: [8] Constant UPLOAD_PATH already defined D:\wwwroot\heavyrain\wwwroot\Application\Common\Common\function.php 第 1030 行.
SQL: SELECT * FROM `hr_picture` WHERE `status` = 1 AND `id` = 34 LIMIT 1   [ RunTime:0.0004s ]
NOTIC: [8] Constant UPLOAD_URL already defined D:\wwwroot\heavyrain\wwwroot\Application\Common\Common\function.php 第 1029 行.
NOTIC: [8] Constant UPLOAD_PATH already defined D:\wwwroot\heavyrain\wwwroot\Application\Common\Common\function.php 第 1030 行.
SQL: SELECT * FROM `hr_picture` WHERE `status` = 1 AND `id` = 33 LIMIT 1   [ RunTime:0.0008s ]
NOTIC: [8] Constant UPLOAD_URL already defined D:\wwwroot\heavyrain\wwwroot\Application\Common\Common\function.php 第 1029 行.
NOTIC: [8] Constant UPLOAD_PATH already defined D:\wwwroot\heavyrain\wwwroot\Application\Common\Common\function.php 第 1030 行.
SQL: SELECT * FROM `hr_picture` WHERE `status` = 1 AND `id` = 32 LIMIT 1   [ RunTime:0.0007s ]
NOTIC: [8] Constant UPLOAD_URL already defined D:\wwwroot\heavyrain\wwwroot\Application\Common\Common\function.php 第 1029 行.
NOTIC: [8] Constant UPLOAD_PATH already defined D:\wwwroot\heavyrain\wwwroot\Application\Common\Common\function.php 第 1030 行.
SQL: SELECT * FROM `hr_picture` WHERE `status` = 1 AND `id` = 30 LIMIT 1   [ RunTime:0.0005s ]
NOTIC: [8] Constant UPLOAD_URL already defined D:\wwwroot\heavyrain\wwwroot\Application\Common\Common\function.php 第 1029 行.
NOTIC: [8] Constant UPLOAD_PATH already defined D:\wwwroot\heavyrain\wwwroot\Application\Common\Common\function.php 第 1030 行.
SQL: SELECT * FROM `hr_picture` WHERE `status` = 1 AND `id` = 29 LIMIT 1   [ RunTime:0.0008s ]
NOTIC: [8] Constant UPLOAD_URL already defined D:\wwwroot\heavyrain\wwwroot\Application\Common\Common\function.php 第 1029 行.
NOTIC: [8] Constant UPLOAD_PATH already defined D:\wwwroot\heavyrain\wwwroot\Application\Common\Common\function.php 第 1030 行.
SQL: SELECT * FROM `hr_picture` WHERE `status` = 1 AND `id` = 28 LIMIT 1   [ RunTime:0.0018s ]
NOTIC: [8] Constant UPLOAD_URL already defined D:\wwwroot\heavyrain\wwwroot\Application\Common\Common\function.php 第 1029 行.
NOTIC: [8] Constant UPLOAD_PATH already defined D:\wwwroot\heavyrain\wwwroot\Application\Common\Common\function.php 第 1030 行.
SQL: SELECT * FROM `hr_picture` WHERE `status` = 1 AND `id` = 27 LIMIT 1   [ RunTime:0.0004s ]
NOTIC: [8] Constant UPLOAD_URL already defined D:\wwwroot\heavyrain\wwwroot\Application\Common\Common\function.php 第 1029 行.
NOTIC: [8] Constant UPLOAD_PATH already defined D:\wwwroot\heavyrain\wwwroot\Application\Common\Common\function.php 第 1030 行.
SQL: SELECT * FROM `hr_picture` WHERE `status` = 1 AND `id` = 26 LIMIT 1   [ RunTime:0.0028s ]
NOTIC: [8] Constant UPLOAD_URL already defined D:\wwwroot\heavyrain\wwwroot\Application\Common\Common\function.php 第 1029 行.
NOTIC: [8] Constant UPLOAD_PATH already defined D:\wwwroot\heavyrain\wwwroot\Application\Common\Common\function.php 第 1030 行.
SQL: SELECT * FROM `hr_picture` WHERE `status` = 1 AND `id` = 25 LIMIT 1   [ RunTime:0.0007s ]
NOTIC: [8] Constant UPLOAD_URL already defined D:\wwwroot\heavyrain\wwwroot\Application\Common\Common\function.php 第 1029 行.
NOTIC: [8] Constant UPLOAD_PATH already defined D:\wwwroot\heavyrain\wwwroot\Application\Common\Common\function.php 第 1030 行.
SQL: SELECT * FROM `hr_picture` WHERE `status` = 1 AND `id` = 24 LIMIT 1   [ RunTime:0.0006s ]
NOTIC: [8] Constant UPLOAD_URL already defined D:\wwwroot\heavyrain\wwwroot\Application\Common\Common\function.php 第 1029 行.
NOTIC: [8] Constant UPLOAD_PATH already defined D:\wwwroot\heavyrain\wwwroot\Application\Common\Common\function.php 第 1030 行.
SQL: SELECT * FROM `hr_picture` WHERE `status` = 1 AND `id` = 23 LIMIT 1   [ RunTime:0.0005s ]
NOTIC: [8] Constant UPLOAD_URL already defined D:\wwwroot\heavyrain\wwwroot\Application\Common\Common\function.php 第 1029 行.
NOTIC: [8] Constant UPLOAD_PATH already defined D:\wwwroot\heavyrain\wwwroot\Application\Common\Common\function.php 第 1030 行.
SQL: SELECT * FROM `hr_picture` WHERE `status` = 1 AND `id` = 22 LIMIT 1   [ RunTime:0.0006s ]
NOTIC: [8] Constant UPLOAD_URL already defined D:\wwwroot\heavyrain\wwwroot\Application\Common\Common\function.php 第 1029 行.
NOTIC: [8] Constant UPLOAD_PATH already defined D:\wwwroot\heavyrain\wwwroot\Application\Common\Common\function.php 第 1030 行.
SQL: SELECT * FROM `hr_picture` WHERE `status` = 1 AND `id` = 21 LIMIT 1   [ RunTime:0.0013s ]
NOTIC: [8] Constant UPLOAD_URL already defined D:\wwwroot\heavyrain\wwwroot\Application\Common\Common\function.php 第 1029 行.
NOTIC: [8] Constant UPLOAD_PATH already defined D:\wwwroot\heavyrain\wwwroot\Application\Common\Common\function.php 第 1030 行.
SQL: SELECT * FROM `hr_picture` WHERE `status` = 1 AND `id` = 20 LIMIT 1   [ RunTime:0.0005s ]
NOTIC: [8] Constant UPLOAD_URL already defined D:\wwwroot\heavyrain\wwwroot\Application\Common\Common\function.php 第 1029 行.
NOTIC: [8] Constant UPLOAD_PATH already defined D:\wwwroot\heavyrain\wwwroot\Application\Common\Common\function.php 第 1030 行.
INFO: Run Behavior\ParseTemplateBehavior [ RunTime:0.189787s ]
INFO: [ view_parse ] --END-- [ RunTime:0.189908s ]
INFO: [ view_filter ] --START--
INFO: Run Behavior\WriteHtmlCacheBehavior [ RunTime:0.001144s ]
INFO: [ view_filter ] --END-- [ RunTime:0.001303s ]
INFO: [ app_end ] --START--
INFO: Run Behavior\ShowPageTraceBehavior [ RunTime:0.001547s ]
INFO: [ app_end ] --END-- [ RunTime:0.001707s ]

[ 2018-01-28T11:21:41+08:00 ] 127.0.0.1 /
INFO: [ app_init ] --START--
INFO: Run Behavior\BuildLiteBehavior [ RunTime:0.000034s ]
INFO: Run Common\Behavior\InitHookBehavior [ RunTime:0.003937s ]
INFO: [ app_init ] --END-- [ RunTime:0.005074s ]
INFO: [ app_begin ] --START--
INFO: Run Behavior\ReadHtmlCacheBehavior [ RunTime:0.001036s ]
INFO: [ app_begin ] --END-- [ RunTime:0.001179s ]
SQL: SHOW COLUMNS FROM `hr_config` [ RunTime:0.0052s ]
SQL: SELECT `type`,`name`,`value` FROM `hr_config` WHERE `status` = 1  [ RunTime:0.0010s ]
SQL: SHOW COLUMNS FROM `hr_category` [ RunTime:0.0051s ]
SQL: SELECT `id`,`name`,`title`,`pid`,`sort`,`list_row`,`meta_title`,`keywords`,`description`,`template_index`,`template_lists`,`template_detail`,`template_edit`,`model`,`model_sub`,`type`,`link_id`,`allow_publish`,`display`,`reply`,`check`,`reply_model`,`extend`,`create_time`,`update_time`,`status`,`icon`,`groups` FROM `hr_category` WHERE `status` = 1 ORDER BY sort  [ RunTime:0.0009s ]
SQL: SHOW COLUMNS FROM `hr_document` [ RunTime:0.0040s ]
SQL: SELECT `id`,`uid`,`name`,`title`,`category_id`,`group_id`,`description`,`root`,`pid`,`model_id`,`type`,`position`,`link_id`,`cover_id`,`display`,`deadline`,`attach`,`view`,`comment`,`extend`,`level`,`create_time`,`update_time`,`status` FROM `hr_document` WHERE `status` = 1 AND `pid` = 0 AND `create_time` < 1517109701 AND ( deadline = 0 OR deadline > 1517109701 ) ORDER BY `id` DESC  [ RunTime:0.0016s ]
INFO: [ view_parse ] --START--
INFO: [ template_filter ] --START--
INFO: Run Behavior\ContentReplaceBehavior [ RunTime:0.000250s ]
INFO: [ template_filter ] --END-- [ RunTime:0.000364s ]
INFO: [ Silder ] --START--
SQL: SHOW COLUMNS FROM `hr_addons` [ RunTime:0.0046s ]
SQL: SELECT `config` FROM `hr_addons` WHERE `name` = 'Silder' AND `status` = 1 LIMIT 1   [ RunTime:0.0010s ]
SQL: SHOW COLUMNS FROM `hr_silder` [ RunTime:0.0048s ]
SQL: SELECT * FROM `hr_silder` WHERE `status` = 1 ORDER BY priorityr asc  [ RunTime:0.0010s ]
SQL: SHOW COLUMNS FROM `hr_picture` [ RunTime:0.0040s ]
SQL: SELECT `path` FROM `hr_picture` WHERE `id` = 18 LIMIT 1   [ RunTime:0.0011s ]
INFO: [ view_parse ] --START--
INFO: [ template_filter ] --START--
INFO: Run Behavior\ContentReplaceBehavior [ RunTime:0.000079s ]
INFO: [ template_filter ] --END-- [ RunTime:-0.029826s ]
INFO: Run Behavior\ParseTemplateBehavior [ RunTime:0.006213s ]
INFO: [ view_parse ] --END-- [ RunTime:0.006339s ]
INFO: [ view_filter ] --START--
INFO: Run Behavior\WriteHtmlCacheBehavior [ RunTime:0.000727s ]
INFO: [ view_filter ] --END-- [ RunTime:0.000857s ]
INFO: Run Addons\Silder\SilderAddon [ RunTime:0.030101s ]
INFO: [ Silder ] --END-- [ RunTime:0.030216s ]
SQL: SELECT `id`,`name`,`title`,`pid`,`sort`,`list_row`,`meta_title`,`keywords`,`description`,`template_index`,`template_lists`,`template_detail`,`template_edit`,`model`,`model_sub`,`type`,`link_id`,`allow_publish`,`display`,`reply`,`check`,`reply_model`,`extend`,`create_time`,`update_time`,`status`,`icon`,`groups` FROM `hr_category` WHERE `id` = 39 LIMIT 1   [ RunTime:0.0007s ]
SQL: SELECT `id`,`name`,`pid`,`title`,`link_id` FROM `hr_category` WHERE `status` = 1 ORDER BY sort  [ RunTime:0.0005s ]
SQL: SELECT `id`,`uid`,`name`,`title`,`category_id`,`group_id`,`description`,`root`,`pid`,`model_id`,`type`,`position`,`link_id`,`cover_id`,`display`,`deadline`,`attach`,`view`,`comment`,`extend`,`level`,`create_time`,`update_time`,`status` FROM `hr_document` WHERE `status` = 1 AND `pid` = 0 AND `category_id` = 39 AND `create_time` < 1517109701 AND ( deadline = 0 OR deadline > 1517109701 ) ORDER BY `level` DESC,`id` DESC LIMIT 0,6   [ RunTime:0.0013s ]
SQL: SHOW COLUMNS FROM `hr_picture` [ RunTime:0.0039s ]
SQL: SELECT * FROM `hr_picture` WHERE `status` = 1 AND `id` = 111 LIMIT 1   [ RunTime:0.0006s ]
SQL: SELECT * FROM `hr_picture` WHERE `status` = 1 AND `id` = 110 LIMIT 1   [ RunTime:0.0004s ]
NOTIC: [8] Constant UPLOAD_URL already defined D:\wwwroot\heavyrain\wwwroot\Application\Common\Common\function.php 第 1029 行.
NOTIC: [8] Constant UPLOAD_PATH already defined D:\wwwroot\heavyrain\wwwroot\Application\Common\Common\function.php 第 1030 行.
SQL: SELECT * FROM `hr_picture` WHERE `status` = 1 AND `id` = 109 LIMIT 1   [ RunTime:0.0006s ]
NOTIC: [8] Constant UPLOAD_URL already defined D:\wwwroot\heavyrain\wwwroot\Application\Common\Common\function.php 第 1029 行.
NOTIC: [8] Constant UPLOAD_PATH already defined D:\wwwroot\heavyrain\wwwroot\Application\Common\Common\function.php 第 1030 行.
SQL: SELECT * FROM `hr_picture` WHERE `status` = 1 AND `id` = 108 LIMIT 1   [ RunTime:0.0005s ]
NOTIC: [8] Constant UPLOAD_URL already defined D:\wwwroot\heavyrain\wwwroot\Application\Common\Common\function.php 第 1029 行.
NOTIC: [8] Constant UPLOAD_PATH already defined D:\wwwroot\heavyrain\wwwroot\Application\Common\Common\function.php 第 1030 行.
SQL: SELECT * FROM `hr_picture` WHERE `status` = 1 AND `id` = 107 LIMIT 1   [ RunTime:0.0006s ]
NOTIC: [8] Constant UPLOAD_URL already defined D:\wwwroot\heavyrain\wwwroot\Application\Common\Common\function.php 第 1029 行.
NOTIC: [8] Constant UPLOAD_PATH already defined D:\wwwroot\heavyrain\wwwroot\Application\Common\Common\function.php 第 1030 行.
SQL: SELECT * FROM `hr_picture` WHERE `status` = 1 AND `id` = 106 LIMIT 1   [ RunTime:0.0008s ]
NOTIC: [8] Constant UPLOAD_URL already defined D:\wwwroot\heavyrain\wwwroot\Application\Common\Common\function.php 第 1029 行.
NOTIC: [8] Constant UPLOAD_PATH already defined D:\wwwroot\heavyrain\wwwroot\Application\Common\Common\function.php 第 1030 行.
SQL: SELECT `id`,`name`,`title`,`pid`,`sort`,`list_row`,`meta_title`,`keywords`,`description`,`template_index`,`template_lists`,`template_detail`,`template_edit`,`model`,`model_sub`,`type`,`link_id`,`allow_publish`,`display`,`reply`,`check`,`reply_model`,`extend`,`create_time`,`update_time`,`status`,`icon`,`groups` FROM `hr_category` WHERE `id` = 41 LIMIT 1   [ RunTime:0.0005s ]
SQL: SELECT `id`,`name`,`pid`,`title`,`link_id` FROM `hr_category` WHERE `status` = 1 ORDER BY sort  [ RunTime:0.0006s ]
SQL: SELECT `id`,`uid`,`name`,`title`,`category_id`,`group_id`,`description`,`root`,`pid`,`model_id`,`type`,`position`,`link_id`,`cover_id`,`display`,`deadline`,`attach`,`view`,`comment`,`extend`,`level`,`create_time`,`update_time`,`status` FROM `hr_document` WHERE `status` = 1 AND `pid` = 0 AND `category_id` = 41 AND `create_time` < 1517109701 AND ( deadline = 0 OR deadline > 1517109701 ) ORDER BY `level` DESC,`id` DESC LIMIT 0,5   [ RunTime:0.0009s ]
SQL: SELECT * FROM `hr_picture` WHERE `status` = 1 AND `id` = 48 LIMIT 1   [ RunTime:0.0005s ]
SQL: SELECT * FROM `hr_picture` WHERE `status` = 1 AND `id` = 49 LIMIT 1   [ RunTime:0.0006s ]
SQL: SELECT * FROM `hr_picture` WHERE `status` = 1 AND `id` = 50 LIMIT 1   [ RunTime:0.0004s ]
SQL: SELECT * FROM `hr_picture` WHERE `status` = 1 AND `id` = 51 LIMIT 1   [ RunTime:0.0004s ]
SQL: SELECT * FROM `hr_picture` WHERE `status` = 1 AND `id` = 52 LIMIT 1   [ RunTime:0.0004s ]
SQL: SELECT `id`,`name`,`title`,`pid`,`sort`,`list_row`,`meta_title`,`keywords`,`description`,`template_index`,`template_lists`,`template_detail`,`template_edit`,`model`,`model_sub`,`type`,`link_id`,`allow_publish`,`display`,`reply`,`check`,`reply_model`,`extend`,`create_time`,`update_time`,`status`,`icon`,`groups` FROM `hr_category` WHERE `id` = 43 LIMIT 1   [ RunTime:0.0006s ]
SQL: SELECT `id`,`name`,`pid`,`title`,`link_id` FROM `hr_category` WHERE `status` = 1 ORDER BY sort  [ RunTime:0.0007s ]
SQL: SELECT `id`,`uid`,`name`,`title`,`category_id`,`group_id`,`description`,`root`,`pid`,`model_id`,`type`,`position`,`link_id`,`cover_id`,`display`,`deadline`,`attach`,`view`,`comment`,`extend`,`level`,`create_time`,`update_time`,`status` FROM `hr_document` WHERE `status` = 1 AND `pid` = 0 AND `category_id` = 43 AND `create_time` < 1517109701 AND ( deadline = 0 OR deadline > 1517109701 ) ORDER BY `level` DESC,`id` DESC LIMIT 0,8   [ RunTime:0.0006s ]
INFO: Run Behavior\ParseTemplateBehavior [ RunTime:0.039942s ]
INFO: [ view_parse ] --END-- [ RunTime:0.006339s ]
INFO: [ view_filter ] --START--
INFO: Run Behavior\WriteHtmlCacheBehavior [ RunTime:0.000046s ]
INFO: [ view_filter ] --END-- [ RunTime:-0.032879s ]
INFO: [ app_end ] --START--
INFO: Run Behavior\ShowPageTraceBehavior [ RunTime:0.002075s ]
INFO: [ app_end ] --END-- [ RunTime:0.002215s ]

[ 2018-01-28T12:03:33+08:00 ] 127.0.0.1 /
INFO: [ app_init ] --START--
INFO: Run Behavior\BuildLiteBehavior [ RunTime:0.000055s ]
INFO: Run Common\Behavior\InitHookBehavior [ RunTime:0.005738s ]
INFO: [ app_init ] --END-- [ RunTime:0.007004s ]
INFO: [ app_begin ] --START--
INFO: Run Behavior\ReadHtmlCacheBehavior [ RunTime:0.001269s ]
INFO: [ app_begin ] --END-- [ RunTime:0.001388s ]
SQL: SHOW COLUMNS FROM `hr_config` [ RunTime:0.0061s ]
SQL: SELECT `type`,`name`,`value` FROM `hr_config` WHERE `status` = 1  [ RunTime:0.0007s ]
SQL: SHOW COLUMNS FROM `hr_category` [ RunTime:0.0059s ]
SQL: SELECT `id`,`name`,`title`,`pid`,`sort`,`list_row`,`meta_title`,`keywords`,`description`,`template_index`,`template_lists`,`template_detail`,`template_edit`,`model`,`model_sub`,`type`,`link_id`,`allow_publish`,`display`,`reply`,`check`,`reply_model`,`extend`,`create_time`,`update_time`,`status`,`icon`,`groups` FROM `hr_category` WHERE `status` = 1 ORDER BY sort  [ RunTime:0.0010s ]
SQL: SHOW COLUMNS FROM `hr_document` [ RunTime:0.0038s ]
SQL: SELECT `id`,`uid`,`name`,`title`,`category_id`,`group_id`,`description`,`root`,`pid`,`model_id`,`type`,`position`,`link_id`,`cover_id`,`display`,`deadline`,`attach`,`view`,`comment`,`extend`,`level`,`create_time`,`update_time`,`status` FROM `hr_document` WHERE `status` = 1 AND `pid` = 0 AND `create_time` < 1517112213 AND ( deadline = 0 OR deadline > 1517112213 ) ORDER BY `id` DESC  [ RunTime:0.0023s ]
INFO: [ view_parse ] --START--
INFO: [ template_filter ] --START--
INFO: Run Behavior\ContentReplaceBehavior [ RunTime:0.000419s ]
INFO: [ template_filter ] --END-- [ RunTime:0.000598s ]
INFO: [ Silder ] --START--
SQL: SHOW COLUMNS FROM `hr_addons` [ RunTime:0.0067s ]
SQL: SELECT `config` FROM `hr_addons` WHERE `name` = 'Silder' AND `status` = 1 LIMIT 1   [ RunTime:0.0006s ]
SQL: SHOW COLUMNS FROM `hr_silder` [ RunTime:0.0045s ]
SQL: SELECT * FROM `hr_silder` WHERE `status` = 1 ORDER BY priorityr asc  [ RunTime:0.0009s ]
SQL: SHOW COLUMNS FROM `hr_picture` [ RunTime:0.0048s ]
SQL: SELECT `path` FROM `hr_picture` WHERE `id` = 18 LIMIT 1   [ RunTime:0.0014s ]
INFO: [ view_parse ] --START--
INFO: [ template_filter ] --START--
INFO: Run Behavior\ContentReplaceBehavior [ RunTime:0.000095s ]
INFO: [ template_filter ] --END-- [ RunTime:-0.034906s ]
INFO: Run Behavior\ParseTemplateBehavior [ RunTime:0.006798s ]
INFO: [ view_parse ] --END-- [ RunTime:0.006963s ]
INFO: [ view_filter ] --START--
INFO: Run Behavior\WriteHtmlCacheBehavior [ RunTime:0.001023s ]
INFO: [ view_filter ] --END-- [ RunTime:0.001165s ]
INFO: Run Addons\Silder\SilderAddon [ RunTime:0.035153s ]
INFO: [ Silder ] --END-- [ RunTime:0.035319s ]
SQL: SELECT `id`,`name`,`title`,`pid`,`sort`,`list_row`,`meta_title`,`keywords`,`description`,`template_index`,`template_lists`,`template_detail`,`template_edit`,`model`,`model_sub`,`type`,`link_id`,`allow_publish`,`display`,`reply`,`check`,`reply_model`,`extend`,`create_time`,`update_time`,`status`,`icon`,`groups` FROM `hr_category` WHERE `id` = 39 LIMIT 1   [ RunTime:0.0007s ]
SQL: SELECT `id`,`name`,`pid`,`title`,`link_id` FROM `hr_category` WHERE `status` = 1 ORDER BY sort  [ RunTime:0.0008s ]
SQL: SELECT `id`,`uid`,`name`,`title`,`category_id`,`group_id`,`description`,`root`,`pid`,`model_id`,`type`,`position`,`link_id`,`cover_id`,`display`,`deadline`,`attach`,`view`,`comment`,`extend`,`level`,`create_time`,`update_time`,`status` FROM `hr_document` WHERE `status` = 1 AND `pid` = 0 AND `category_id` = 39 AND `create_time` < 1517112213 AND ( deadline = 0 OR deadline > 1517112213 ) ORDER BY `level` DESC,`id` DESC LIMIT 0,6   [ RunTime:0.0012s ]
SQL: SHOW COLUMNS FROM `hr_picture` [ RunTime:0.0034s ]
SQL: SELECT * FROM `hr_picture` WHERE `status` = 1 AND `id` = 111 LIMIT 1   [ RunTime:0.0007s ]
SQL: SELECT * FROM `hr_picture` WHERE `status` = 1 AND `id` = 110 LIMIT 1   [ RunTime:0.0015s ]
NOTIC: [8] Constant UPLOAD_URL already defined D:\wwwroot\heavyrain\wwwroot\Application\Common\Common\function.php 第 1029 行.
NOTIC: [8] Constant UPLOAD_PATH already defined D:\wwwroot\heavyrain\wwwroot\Application\Common\Common\function.php 第 1030 行.
SQL: SELECT * FROM `hr_picture` WHERE `status` = 1 AND `id` = 109 LIMIT 1   [ RunTime:0.0005s ]
NOTIC: [8] Constant UPLOAD_URL already defined D:\wwwroot\heavyrain\wwwroot\Application\Common\Common\function.php 第 1029 行.
NOTIC: [8] Constant UPLOAD_PATH already defined D:\wwwroot\heavyrain\wwwroot\Application\Common\Common\function.php 第 1030 行.
SQL: SELECT * FROM `hr_picture` WHERE `status` = 1 AND `id` = 108 LIMIT 1   [ RunTime:0.0004s ]
NOTIC: [8] Constant UPLOAD_URL already defined D:\wwwroot\heavyrain\wwwroot\Application\Common\Common\function.php 第 1029 行.
NOTIC: [8] Constant UPLOAD_PATH already defined D:\wwwroot\heavyrain\wwwroot\Application\Common\Common\function.php 第 1030 行.
SQL: SELECT * FROM `hr_picture` WHERE `status` = 1 AND `id` = 107 LIMIT 1   [ RunTime:0.0004s ]
NOTIC: [8] Constant UPLOAD_URL already defined D:\wwwroot\heavyrain\wwwroot\Application\Common\Common\function.php 第 1029 行.
NOTIC: [8] Constant UPLOAD_PATH already defined D:\wwwroot\heavyrain\wwwroot\Application\Common\Common\function.php 第 1030 行.
SQL: SELECT * FROM `hr_picture` WHERE `status` = 1 AND `id` = 106 LIMIT 1   [ RunTime:0.0005s ]
NOTIC: [8] Constant UPLOAD_URL already defined D:\wwwroot\heavyrain\wwwroot\Application\Common\Common\function.php 第 1029 行.
NOTIC: [8] Constant UPLOAD_PATH already defined D:\wwwroot\heavyrain\wwwroot\Application\Common\Common\function.php 第 1030 行.
SQL: SELECT `id`,`name`,`title`,`pid`,`sort`,`list_row`,`meta_title`,`keywords`,`description`,`template_index`,`template_lists`,`template_detail`,`template_edit`,`model`,`model_sub`,`type`,`link_id`,`allow_publish`,`display`,`reply`,`check`,`reply_model`,`extend`,`create_time`,`update_time`,`status`,`icon`,`groups` FROM `hr_category` WHERE `id` = 41 LIMIT 1   [ RunTime:0.0005s ]
SQL: SELECT `id`,`name`,`pid`,`title`,`link_id` FROM `hr_category` WHERE `status` = 1 ORDER BY sort  [ RunTime:0.0008s ]
SQL: SELECT `id`,`uid`,`name`,`title`,`category_id`,`group_id`,`description`,`root`,`pid`,`model_id`,`type`,`position`,`link_id`,`cover_id`,`display`,`deadline`,`attach`,`view`,`comment`,`extend`,`level`,`create_time`,`update_time`,`status` FROM `hr_document` WHERE `status` = 1 AND `pid` = 0 AND `category_id` = 41 AND `create_time` < 1517112213 AND ( deadline = 0 OR deadline > 1517112213 ) ORDER BY `level` DESC,`id` DESC LIMIT 0,5   [ RunTime:0.0010s ]
SQL: SELECT * FROM `hr_picture` WHERE `status` = 1 AND `id` = 48 LIMIT 1   [ RunTime:0.0005s ]
SQL: SELECT * FROM `hr_picture` WHERE `status` = 1 AND `id` = 49 LIMIT 1   [ RunTime:0.0006s ]
SQL: SELECT * FROM `hr_picture` WHERE `status` = 1 AND `id` = 50 LIMIT 1   [ RunTime:0.0006s ]
SQL: SELECT * FROM `hr_picture` WHERE `status` = 1 AND `id` = 51 LIMIT 1   [ RunTime:0.0005s ]
SQL: SELECT * FROM `hr_picture` WHERE `status` = 1 AND `id` = 52 LIMIT 1   [ RunTime:0.0004s ]
SQL: SELECT `id`,`name`,`title`,`pid`,`sort`,`list_row`,`meta_title`,`keywords`,`description`,`template_index`,`template_lists`,`template_detail`,`template_edit`,`model`,`model_sub`,`type`,`link_id`,`allow_publish`,`display`,`reply`,`check`,`reply_model`,`extend`,`create_time`,`update_time`,`status`,`icon`,`groups` FROM `hr_category` WHERE `id` = 43 LIMIT 1   [ RunTime:0.0008s ]
SQL: SELECT `id`,`name`,`pid`,`title`,`link_id` FROM `hr_category` WHERE `status` = 1 ORDER BY sort  [ RunTime:0.0007s ]
SQL: SELECT `id`,`uid`,`name`,`title`,`category_id`,`group_id`,`description`,`root`,`pid`,`model_id`,`type`,`position`,`link_id`,`cover_id`,`display`,`deadline`,`attach`,`view`,`comment`,`extend`,`level`,`create_time`,`update_time`,`status` FROM `hr_document` WHERE `status` = 1 AND `pid` = 0 AND `category_id` = 43 AND `create_time` < 1517112213 AND ( deadline = 0 OR deadline > 1517112213 ) ORDER BY `level` DESC,`id` DESC LIMIT 0,8   [ RunTime:0.0007s ]
INFO: Run Behavior\ParseTemplateBehavior [ RunTime:0.045068s ]
INFO: [ view_parse ] --END-- [ RunTime:0.006963s ]
INFO: [ view_filter ] --START--
INFO: Run Behavior\WriteHtmlCacheBehavior [ RunTime:0.000057s ]
INFO: [ view_filter ] --END-- [ RunTime:-0.037058s ]
INFO: [ app_end ] --START--
INFO: Run Behavior\ShowPageTraceBehavior [ RunTime:0.001715s ]
INFO: [ app_end ] --END-- [ RunTime:0.001859s ]

[ 2018-01-28T12:34:04+08:00 ] 127.0.0.1 /
INFO: [ app_init ] --START--
INFO: Run Behavior\BuildLiteBehavior [ RunTime:0.000112s ]
INFO: Run Common\Behavior\InitHookBehavior [ RunTime:0.005308s ]
INFO: [ app_init ] --END-- [ RunTime:0.006759s ]
INFO: [ app_begin ] --START--
INFO: Run Behavior\ReadHtmlCacheBehavior [ RunTime:0.001438s ]
INFO: [ app_begin ] --END-- [ RunTime:0.001585s ]
SQL: SHOW COLUMNS FROM `hr_config` [ RunTime:0.0044s ]
SQL: SELECT `type`,`name`,`value` FROM `hr_config` WHERE `status` = 1  [ RunTime:0.0024s ]
SQL: SHOW COLUMNS FROM `hr_category` [ RunTime:0.0040s ]
SQL: SELECT `id`,`name`,`title`,`pid`,`sort`,`list_row`,`meta_title`,`keywords`,`description`,`template_index`,`template_lists`,`template_detail`,`template_edit`,`model`,`model_sub`,`type`,`link_id`,`allow_publish`,`display`,`reply`,`check`,`reply_model`,`extend`,`create_time`,`update_time`,`status`,`icon`,`groups` FROM `hr_category` WHERE `status` = 1 ORDER BY sort  [ RunTime:0.0006s ]
SQL: SHOW COLUMNS FROM `hr_document` [ RunTime:0.0038s ]
SQL: SELECT `id`,`uid`,`name`,`title`,`category_id`,`group_id`,`description`,`root`,`pid`,`model_id`,`type`,`position`,`link_id`,`cover_id`,`display`,`deadline`,`attach`,`view`,`comment`,`extend`,`level`,`create_time`,`update_time`,`status` FROM `hr_document` WHERE `status` = 1 AND `pid` = 0 AND `create_time` < 1517114044 AND ( deadline = 0 OR deadline > 1517114044 ) ORDER BY `id` DESC  [ RunTime:0.0021s ]
INFO: [ view_parse ] --START--
INFO: [ template_filter ] --START--
INFO: Run Behavior\ContentReplaceBehavior [ RunTime:0.000285s ]
INFO: [ template_filter ] --END-- [ RunTime:0.000527s ]
INFO: [ Silder ] --START--
SQL: SHOW COLUMNS FROM `hr_addons` [ RunTime:0.0037s ]
SQL: SELECT `config` FROM `hr_addons` WHERE `name` = 'Silder' AND `status` = 1 LIMIT 1   [ RunTime:0.0006s ]
SQL: SHOW COLUMNS FROM `hr_silder` [ RunTime:0.0042s ]
SQL: SELECT * FROM `hr_silder` WHERE `status` = 1 ORDER BY priorityr asc  [ RunTime:0.0006s ]
SQL: SHOW COLUMNS FROM `hr_picture` [ RunTime:0.0039s ]
SQL: SELECT `path` FROM `hr_picture` WHERE `id` = 18 LIMIT 1   [ RunTime:0.0008s ]
INFO: [ view_parse ] --START--
INFO: [ template_filter ] --START--
INFO: Run Behavior\ContentReplaceBehavior [ RunTime:0.000064s ]
INFO: [ template_filter ] --END-- [ RunTime:-0.027569s ]
INFO: Run Behavior\ParseTemplateBehavior [ RunTime:0.005505s ]
INFO: [ view_parse ] --END-- [ RunTime:0.005614s ]
INFO: [ view_filter ] --START--
INFO: Run Behavior\WriteHtmlCacheBehavior [ RunTime:0.000705s ]
INFO: [ view_filter ] --END-- [ RunTime:0.000787s ]
INFO: Run Addons\Silder\SilderAddon [ RunTime:0.027288s ]
INFO: [ Silder ] --END-- [ RunTime:0.027423s ]
SQL: SELECT `id`,`name`,`title`,`pid`,`sort`,`list_row`,`meta_title`,`keywords`,`description`,`template_index`,`template_lists`,`template_detail`,`template_edit`,`model`,`model_sub`,`type`,`link_id`,`allow_publish`,`display`,`reply`,`check`,`reply_model`,`extend`,`create_time`,`update_time`,`status`,`icon`,`groups` FROM `hr_category` WHERE `id` = 39 LIMIT 1   [ RunTime:0.0007s ]
SQL: SELECT `id`,`name`,`pid`,`title`,`link_id` FROM `hr_category` WHERE `status` = 1 ORDER BY sort  [ RunTime:0.0005s ]
SQL: SELECT `id`,`uid`,`name`,`title`,`category_id`,`group_id`,`description`,`root`,`pid`,`model_id`,`type`,`position`,`link_id`,`cover_id`,`display`,`deadline`,`attach`,`view`,`comment`,`extend`,`level`,`create_time`,`update_time`,`status` FROM `hr_document` WHERE `status` = 1 AND `pid` = 0 AND `category_id` = 39 AND `create_time` < 1517114044 AND ( deadline = 0 OR deadline > 1517114044 ) ORDER BY `level` DESC,`id` DESC LIMIT 0,6   [ RunTime:0.0009s ]
SQL: SHOW COLUMNS FROM `hr_picture` [ RunTime:0.0041s ]
SQL: SELECT * FROM `hr_picture` WHERE `status` = 1 AND `id` = 111 LIMIT 1   [ RunTime:0.0011s ]
SQL: SELECT * FROM `hr_picture` WHERE `status` = 1 AND `id` = 110 LIMIT 1   [ RunTime:0.0005s ]
NOTIC: [8] Constant UPLOAD_URL already defined D:\wwwroot\heavyrain\wwwroot\Application\Common\Common\function.php 第 1029 行.
NOTIC: [8] Constant UPLOAD_PATH already defined D:\wwwroot\heavyrain\wwwroot\Application\Common\Common\function.php 第 1030 行.
SQL: SELECT * FROM `hr_picture` WHERE `status` = 1 AND `id` = 109 LIMIT 1   [ RunTime:0.0004s ]
NOTIC: [8] Constant UPLOAD_URL already defined D:\wwwroot\heavyrain\wwwroot\Application\Common\Common\function.php 第 1029 行.
NOTIC: [8] Constant UPLOAD_PATH already defined D:\wwwroot\heavyrain\wwwroot\Application\Common\Common\function.php 第 1030 行.
SQL: SELECT * FROM `hr_picture` WHERE `status` = 1 AND `id` = 108 LIMIT 1   [ RunTime:0.0004s ]
NOTIC: [8] Constant UPLOAD_URL already defined D:\wwwroot\heavyrain\wwwroot\Application\Common\Common\function.php 第 1029 行.
NOTIC: [8] Constant UPLOAD_PATH already defined D:\wwwroot\heavyrain\wwwroot\Application\Common\Common\function.php 第 1030 行.
SQL: SELECT * FROM `hr_picture` WHERE `status` = 1 AND `id` = 107 LIMIT 1   [ RunTime:0.0004s ]
NOTIC: [8] Constant UPLOAD_URL already defined D:\wwwroot\heavyrain\wwwroot\Application\Common\Common\function.php 第 1029 行.
NOTIC: [8] Constant UPLOAD_PATH already defined D:\wwwroot\heavyrain\wwwroot\Application\Common\Common\function.php 第 1030 行.
SQL: SELECT * FROM `hr_picture` WHERE `status` = 1 AND `id` = 106 LIMIT 1   [ RunTime:0.0004s ]
NOTIC: [8] Constant UPLOAD_URL already defined D:\wwwroot\heavyrain\wwwroot\Application\Common\Common\function.php 第 1029 行.
NOTIC: [8] Constant UPLOAD_PATH already defined D:\wwwroot\heavyrain\wwwroot\Application\Common\Common\function.php 第 1030 行.
SQL: SELECT `id`,`name`,`title`,`pid`,`sort`,`list_row`,`meta_title`,`keywords`,`description`,`template_index`,`template_lists`,`template_detail`,`template_edit`,`model`,`model_sub`,`type`,`link_id`,`allow_publish`,`display`,`reply`,`check`,`reply_model`,`extend`,`create_time`,`update_time`,`status`,`icon`,`groups` FROM `hr_category` WHERE `id` = 41 LIMIT 1   [ RunTime:0.0006s ]
SQL: SELECT `id`,`name`,`pid`,`title`,`link_id` FROM `hr_category` WHERE `status` = 1 ORDER BY sort  [ RunTime:0.0015s ]
SQL: SELECT `id`,`uid`,`name`,`title`,`category_id`,`group_id`,`description`,`root`,`pid`,`model_id`,`type`,`position`,`link_id`,`cover_id`,`display`,`deadline`,`attach`,`view`,`comment`,`extend`,`level`,`create_time`,`update_time`,`status` FROM `hr_document` WHERE `status` = 1 AND `pid` = 0 AND `category_id` = 41 AND `create_time` < 1517114044 AND ( deadline = 0 OR deadline > 1517114044 ) ORDER BY `level` DESC,`id` DESC LIMIT 0,5   [ RunTime:0.0008s ]
SQL: SELECT * FROM `hr_picture` WHERE `status` = 1 AND `id` = 48 LIMIT 1   [ RunTime:0.0006s ]
SQL: SELECT * FROM `hr_picture` WHERE `status` = 1 AND `id` = 49 LIMIT 1   [ RunTime:0.0005s ]
SQL: SELECT * FROM `hr_picture` WHERE `status` = 1 AND `id` = 50 LIMIT 1   [ RunTime:0.0005s ]
SQL: SELECT * FROM `hr_picture` WHERE `status` = 1 AND `id` = 51 LIMIT 1   [ RunTime:0.0005s ]
SQL: SELECT * FROM `hr_picture` WHERE `status` = 1 AND `id` = 52 LIMIT 1   [ RunTime:0.0005s ]
SQL: SELECT `id`,`name`,`title`,`pid`,`sort`,`list_row`,`meta_title`,`keywords`,`description`,`template_index`,`template_lists`,`template_detail`,`template_edit`,`model`,`model_sub`,`type`,`link_id`,`allow_publish`,`display`,`reply`,`check`,`reply_model`,`extend`,`create_time`,`update_time`,`status`,`icon`,`groups` FROM `hr_category` WHERE `id` = 43 LIMIT 1   [ RunTime:0.0006s ]
SQL: SELECT `id`,`name`,`pid`,`title`,`link_id` FROM `hr_category` WHERE `status` = 1 ORDER BY sort  [ RunTime:0.0005s ]
SQL: SELECT `id`,`uid`,`name`,`title`,`category_id`,`group_id`,`description`,`root`,`pid`,`model_id`,`type`,`position`,`link_id`,`cover_id`,`display`,`deadline`,`attach`,`view`,`comment`,`extend`,`level`,`create_time`,`update_time`,`status` FROM `hr_document` WHERE `status` = 1 AND `pid` = 0 AND `category_id` = 43 AND `create_time` < 1517114044 AND ( deadline = 0 OR deadline > 1517114044 ) ORDER BY `level` DESC,`id` DESC LIMIT 0,8   [ RunTime:0.0007s ]
INFO: Run Behavior\ParseTemplateBehavior [ RunTime:0.035454s ]
INFO: [ view_parse ] --END-- [ RunTime:0.005614s ]
INFO: [ view_filter ] --START--
INFO: Run Behavior\WriteHtmlCacheBehavior [ RunTime:0.000031s ]
INFO: [ view_filter ] --END-- [ RunTime:-0.029142s ]
INFO: [ app_end ] --START--
INFO: Run Behavior\ShowPageTraceBehavior [ RunTime:0.001624s ]
INFO: [ app_end ] --END-- [ RunTime:0.001723s ]

[ 2018-01-28T17:19:06+08:00 ] 203.208.60.162 /index.php?s=/Home/Article/detail/id/43.html
INFO: [ app_init ] --START--
INFO: Run Behavior\BuildLiteBehavior [ RunTime:0.000037s ]
INFO: Run Common\Behavior\InitHookBehavior [ RunTime:0.003773s ]
INFO: [ app_init ] --END-- [ RunTime:0.004736s ]
INFO: [ app_begin ] --START--
INFO: Run Behavior\ReadHtmlCacheBehavior [ RunTime:0.001042s ]
INFO: [ app_begin ] --END-- [ RunTime:0.001144s ]
SQL: SHOW COLUMNS FROM `hr_config` [ RunTime:0.0045s ]
SQL: SELECT `type`,`name`,`value` FROM `hr_config` WHERE `status` = 1  [ RunTime:0.0006s ]
SQL: SHOW COLUMNS FROM `hr_document` [ RunTime:0.0043s ]
SQL: SELECT `id`,`uid`,`name`,`title`,`category_id`,`group_id`,`description`,`root`,`pid`,`model_id`,`type`,`position`,`link_id`,`cover_id`,`display`,`deadline`,`attach`,`view`,`comment`,`extend`,`level`,`create_time`,`update_time`,`status` FROM `hr_document` WHERE `id` = 43 LIMIT 1   [ RunTime:0.0013s ]
SQL: SHOW COLUMNS FROM `hr_document_article` [ RunTime:0.0103s ]
SQL: SELECT `id`,`parse`,`content`,`template`,`bookmark` FROM `hr_document_article` WHERE `id` = 43 LIMIT 1   [ RunTime:0.0021s ]
SQL: SHOW COLUMNS FROM `hr_category` [ RunTime:0.0051s ]
SQL: SELECT `id`,`name`,`title`,`pid`,`sort`,`list_row`,`meta_title`,`keywords`,`description`,`template_index`,`template_lists`,`template_detail`,`template_edit`,`model`,`model_sub`,`type`,`link_id`,`allow_publish`,`display`,`reply`,`check`,`reply_model`,`extend`,`create_time`,`update_time`,`status`,`icon`,`groups` FROM `hr_category` WHERE `id` = 41 LIMIT 1   [ RunTime:0.0007s ]
NOTIC: [8] Undefined index: content_en D:\wwwroot\heavyrain\wwwroot\Application\Home\Controller\ArticleController.class.php 第 81 行.
SQL: UPDATE `hr_document` SET `view`=view+1 WHERE `id` = 43 [ RunTime:0.0006s ]
INFO: [ view_parse ] --START--
INFO: [ template_filter ] --START--
INFO: Run Behavior\ContentReplaceBehavior [ RunTime:0.000156s ]
INFO: [ template_filter ] --END-- [ RunTime:0.000275s ]
SQL: SHOW COLUMNS FROM `hr_picture` [ RunTime:0.0040s ]
SQL: SELECT * FROM `hr_picture` WHERE `status` = 1 AND `id` = 48 LIMIT 1   [ RunTime:0.0010s ]
INFO: Run Behavior\ParseTemplateBehavior [ RunTime:0.051487s ]
INFO: [ view_parse ] --END-- [ RunTime:0.051599s ]
INFO: [ view_filter ] --START--
INFO: Run Behavior\WriteHtmlCacheBehavior [ RunTime:0.000773s ]
INFO: [ view_filter ] --END-- [ RunTime:0.000882s ]
INFO: [ app_end ] --START--
INFO: Run Behavior\ShowPageTraceBehavior [ RunTime:0.001368s ]
INFO: [ app_end ] --END-- [ RunTime:0.001488s ]

[ 2018-01-28T19:28:17+08:00 ] 203.208.60.161 /index.php?s=/Home/Article/detail/id/26.html
INFO: [ app_init ] --START--
INFO: Run Behavior\BuildLiteBehavior [ RunTime:0.000055s ]
INFO: Run Common\Behavior\InitHookBehavior [ RunTime:0.005638s ]
INFO: [ app_init ] --END-- [ RunTime:0.006723s ]
INFO: [ app_begin ] --START--
INFO: Run Behavior\ReadHtmlCacheBehavior [ RunTime:0.001635s ]
INFO: [ app_begin ] --END-- [ RunTime:0.001795s ]
SQL: SHOW COLUMNS FROM `hr_config` [ RunTime:0.0065s ]
SQL: SELECT `type`,`name`,`value` FROM `hr_config` WHERE `status` = 1  [ RunTime:0.0010s ]
SQL: SHOW COLUMNS FROM `hr_document` [ RunTime:0.0073s ]
SQL: SELECT `id`,`uid`,`name`,`title`,`category_id`,`group_id`,`description`,`root`,`pid`,`model_id`,`type`,`position`,`link_id`,`cover_id`,`display`,`deadline`,`attach`,`view`,`comment`,`extend`,`level`,`create_time`,`update_time`,`status` FROM `hr_document` WHERE `id` = 26 LIMIT 1   [ RunTime:0.0016s ]
SQL: SHOW COLUMNS FROM `hr_document_speakers` [ RunTime:0.0056s ]
SQL: SELECT `id`,`honor`,`content`,`title_en`,`content_en` FROM `hr_document_speakers` WHERE `id` = 26 LIMIT 1   [ RunTime:0.0011s ]
SQL: SHOW COLUMNS FROM `hr_category` [ RunTime:0.0043s ]
SQL: SELECT `id`,`name`,`title`,`pid`,`sort`,`list_row`,`meta_title`,`keywords`,`description`,`template_index`,`template_lists`,`template_detail`,`template_edit`,`model`,`model_sub`,`type`,`link_id`,`allow_publish`,`display`,`reply`,`check`,`reply_model`,`extend`,`create_time`,`update_time`,`status`,`icon`,`groups` FROM `hr_category` WHERE `id` = 39 LIMIT 1   [ RunTime:0.0010s ]
SQL: UPDATE `hr_document` SET `view`=view+1 WHERE `id` = 26 [ RunTime:0.0006s ]
INFO: [ view_parse ] --START--
INFO: [ template_filter ] --START--
INFO: Run Behavior\ContentReplaceBehavior [ RunTime:0.000231s ]
INFO: [ template_filter ] --END-- [ RunTime:0.000367s ]
SQL: SHOW COLUMNS FROM `hr_picture` [ RunTime:0.0049s ]
SQL: SELECT * FROM `hr_picture` WHERE `status` = 1 AND `id` = 30 LIMIT 1   [ RunTime:0.0010s ]
INFO: Run Behavior\ParseTemplateBehavior [ RunTime:0.062122s ]
INFO: [ view_parse ] --END-- [ RunTime:0.062233s ]
INFO: [ view_filter ] --START--
INFO: Run Behavior\WriteHtmlCacheBehavior [ RunTime:0.001115s ]
INFO: [ view_filter ] --END-- [ RunTime:0.001315s ]
INFO: [ app_end ] --START--
INFO: Run Behavior\ShowPageTraceBehavior [ RunTime:0.001689s ]
INFO: [ app_end ] --END-- [ RunTime:0.001830s ]

[ 2018-01-28T19:33:28+08:00 ] 203.208.60.161 /index.php?s=/Home/Article/detail/id/75.html
INFO: [ app_init ] --START--
INFO: Run Behavior\BuildLiteBehavior [ RunTime:0.000054s ]
INFO: Run Common\Behavior\InitHookBehavior [ RunTime:0.002137s ]
INFO: [ app_init ] --END-- [ RunTime:0.002747s ]
INFO: [ app_begin ] --START--
INFO: Run Behavior\ReadHtmlCacheBehavior [ RunTime:0.000399s ]
INFO: [ app_begin ] --END-- [ RunTime:0.000513s ]
SQL: SHOW COLUMNS FROM `hr_config` [ RunTime:0.0036s ]
SQL: SELECT `type`,`name`,`value` FROM `hr_config` WHERE `status` = 1  [ RunTime:0.0015s ]
SQL: SHOW COLUMNS FROM `hr_document` [ RunTime:0.0041s ]
SQL: SELECT `id`,`uid`,`name`,`title`,`category_id`,`group_id`,`description`,`root`,`pid`,`model_id`,`type`,`position`,`link_id`,`cover_id`,`display`,`deadline`,`attach`,`view`,`comment`,`extend`,`level`,`create_time`,`update_time`,`status` FROM `hr_document` WHERE `id` = 75 LIMIT 1   [ RunTime:0.0010s ]
SQL: SHOW COLUMNS FROM `hr_document_speakers` [ RunTime:0.0046s ]
SQL: SELECT `id`,`honor`,`content`,`title_en`,`content_en` FROM `hr_document_speakers` WHERE `id` = 75 LIMIT 1   [ RunTime:0.0005s ]
SQL: SHOW COLUMNS FROM `hr_category` [ RunTime:0.0038s ]
SQL: SELECT `id`,`name`,`title`,`pid`,`sort`,`list_row`,`meta_title`,`keywords`,`description`,`template_index`,`template_lists`,`template_detail`,`template_edit`,`model`,`model_sub`,`type`,`link_id`,`allow_publish`,`display`,`reply`,`check`,`reply_model`,`extend`,`create_time`,`update_time`,`status`,`icon`,`groups` FROM `hr_category` WHERE `id` = 39 LIMIT 1   [ RunTime:0.0005s ]
SQL: UPDATE `hr_document` SET `view`=view+1 WHERE `id` = 75 [ RunTime:0.0004s ]
INFO: [ view_parse ] --START--
INFO: [ template_filter ] --START--
INFO: Run Behavior\ContentReplaceBehavior [ RunTime:0.000173s ]
INFO: [ template_filter ] --END-- [ RunTime:0.000288s ]
SQL: SHOW COLUMNS FROM `hr_picture` [ RunTime:0.0071s ]
SQL: SELECT * FROM `hr_picture` WHERE `status` = 1 AND `id` = 102 LIMIT 1   [ RunTime:0.0006s ]
INFO: Run Behavior\ParseTemplateBehavior [ RunTime:0.024149s ]
INFO: [ view_parse ] --END-- [ RunTime:0.024255s ]
INFO: [ view_filter ] --START--
INFO: Run Behavior\WriteHtmlCacheBehavior [ RunTime:0.000587s ]
INFO: [ view_filter ] --END-- [ RunTime:0.000702s ]
INFO: [ app_end ] --START--
INFO: Run Behavior\ShowPageTraceBehavior [ RunTime:0.000445s ]
INFO: [ app_end ] --END-- [ RunTime:0.000533s ]

[ 2018-01-28T20:49:48+08:00 ] 203.208.60.163 /index.php?s=/Home/Article/detail/id/41.html
INFO: [ app_init ] --START--
INFO: Run Behavior\BuildLiteBehavior [ RunTime:0.000065s ]
INFO: Run Common\Behavior\InitHookBehavior [ RunTime:0.005035s ]
INFO: [ app_init ] --END-- [ RunTime:0.006547s ]
INFO: [ app_begin ] --START--
INFO: Run Behavior\ReadHtmlCacheBehavior [ RunTime:0.001523s ]
INFO: [ app_begin ] --END-- [ RunTime:0.001688s ]
SQL: SHOW COLUMNS FROM `hr_config` [ RunTime:0.0135s ]
SQL: SELECT `type`,`name`,`value` FROM `hr_config` WHERE `status` = 1  [ RunTime:0.0007s ]
SQL: SHOW COLUMNS FROM `hr_document` [ RunTime:0.0073s ]
SQL: SELECT `id`,`uid`,`name`,`title`,`category_id`,`group_id`,`description`,`root`,`pid`,`model_id`,`type`,`position`,`link_id`,`cover_id`,`display`,`deadline`,`attach`,`view`,`comment`,`extend`,`level`,`create_time`,`update_time`,`status` FROM `hr_document` WHERE `id` = 41 LIMIT 1   [ RunTime:0.0019s ]
SQL: SHOW COLUMNS FROM `hr_document_article` [ RunTime:0.0059s ]
SQL: SELECT `id`,`parse`,`content`,`template`,`bookmark` FROM `hr_document_article` WHERE `id` = 41 LIMIT 1   [ RunTime:0.0010s ]
SQL: SHOW COLUMNS FROM `hr_category` [ RunTime:0.0052s ]
SQL: SELECT `id`,`name`,`title`,`pid`,`sort`,`list_row`,`meta_title`,`keywords`,`description`,`template_index`,`template_lists`,`template_detail`,`template_edit`,`model`,`model_sub`,`type`,`link_id`,`allow_publish`,`display`,`reply`,`check`,`reply_model`,`extend`,`create_time`,`update_time`,`status`,`icon`,`groups` FROM `hr_category` WHERE `id` = 41 LIMIT 1   [ RunTime:0.0069s ]
NOTIC: [8] Undefined index: content_en D:\wwwroot\heavyrain\wwwroot\Application\Home\Controller\ArticleController.class.php 第 81 行.
SQL: UPDATE `hr_document` SET `view`=view+1 WHERE `id` = 41 [ RunTime:0.0006s ]
INFO: [ view_parse ] --START--
INFO: [ template_filter ] --START--
INFO: Run Behavior\ContentReplaceBehavior [ RunTime:0.000228s ]
INFO: [ template_filter ] --END-- [ RunTime:0.000392s ]
SQL: SHOW COLUMNS FROM `hr_picture` [ RunTime:0.0042s ]
SQL: SELECT * FROM `hr_picture` WHERE `status` = 1 AND `id` = 50 LIMIT 1   [ RunTime:0.0011s ]
INFO: Run Behavior\ParseTemplateBehavior [ RunTime:0.054574s ]
INFO: [ view_parse ] --END-- [ RunTime:0.054690s ]
INFO: [ view_filter ] --START--
INFO: Run Behavior\WriteHtmlCacheBehavior [ RunTime:0.001099s ]
INFO: [ view_filter ] --END-- [ RunTime:0.001228s ]
INFO: [ app_end ] --START--
INFO: Run Behavior\ShowPageTraceBehavior [ RunTime:0.001637s ]
INFO: [ app_end ] --END-- [ RunTime:0.001798s ]

[ 2018-01-28T23:02:15+08:00 ] 203.208.60.159 /index.php?s=/Home/Article/detail/id/49.html
INFO: [ app_init ] --START--
INFO: Run Behavior\BuildLiteBehavior [ RunTime:0.000036s ]
INFO: Run Common\Behavior\InitHookBehavior [ RunTime:0.004409s ]
INFO: [ app_init ] --END-- [ RunTime:0.005519s ]
INFO: [ app_begin ] --START--
INFO: Run Behavior\ReadHtmlCacheBehavior [ RunTime:0.001357s ]
INFO: [ app_begin ] --END-- [ RunTime:0.001501s ]
SQL: SHOW COLUMNS FROM `hr_config` [ RunTime:0.0048s ]
SQL: SELECT `type`,`name`,`value` FROM `hr_config` WHERE `status` = 1  [ RunTime:0.0006s ]
SQL: SHOW COLUMNS FROM `hr_document` [ RunTime:0.0039s ]
SQL: SELECT `id`,`uid`,`name`,`title`,`category_id`,`group_id`,`description`,`root`,`pid`,`model_id`,`type`,`position`,`link_id`,`cover_id`,`display`,`deadline`,`attach`,`view`,`comment`,`extend`,`level`,`create_time`,`update_time`,`status` FROM `hr_document` WHERE `id` = 49 LIMIT 1   [ RunTime:0.0016s ]
SQL: SHOW COLUMNS FROM `hr_document_speakers` [ RunTime:0.0043s ]
SQL: SELECT `id`,`honor`,`content`,`title_en`,`content_en` FROM `hr_document_speakers` WHERE `id` = 49 LIMIT 1   [ RunTime:0.0006s ]
SQL: SHOW COLUMNS FROM `hr_category` [ RunTime:0.0049s ]
SQL: SELECT `id`,`name`,`title`,`pid`,`sort`,`list_row`,`meta_title`,`keywords`,`description`,`template_index`,`template_lists`,`template_detail`,`template_edit`,`model`,`model_sub`,`type`,`link_id`,`allow_publish`,`display`,`reply`,`check`,`reply_model`,`extend`,`create_time`,`update_time`,`status`,`icon`,`groups` FROM `hr_category` WHERE `id` = 39 LIMIT 1   [ RunTime:0.0006s ]
SQL: UPDATE `hr_document` SET `view`=view+1 WHERE `id` = 49 [ RunTime:0.0004s ]
INFO: [ view_parse ] --START--
INFO: [ template_filter ] --START--
INFO: Run Behavior\ContentReplaceBehavior [ RunTime:0.000172s ]
INFO: [ template_filter ] --END-- [ RunTime:0.000284s ]
SQL: SHOW COLUMNS FROM `hr_picture` [ RunTime:0.0051s ]
SQL: SELECT * FROM `hr_picture` WHERE `status` = 1 AND `id` = 76 LIMIT 1   [ RunTime:0.0012s ]
INFO: Run Behavior\ParseTemplateBehavior [ RunTime:0.046688s ]
INFO: [ view_parse ] --END-- [ RunTime:0.046778s ]
INFO: [ view_filter ] --START--
INFO: Run Behavior\WriteHtmlCacheBehavior [ RunTime:0.000911s ]
INFO: [ view_filter ] --END-- [ RunTime:0.000998s ]
INFO: [ app_end ] --START--
INFO: Run Behavior\ShowPageTraceBehavior [ RunTime:0.001281s ]
INFO: [ app_end ] --END-- [ RunTime:0.001394s ]

